[COT 2023-12-12 21:1m:45] 76561199407766611: Set GodMode To true [guid=spMEkRl42onhFHdF_u42e0T03x2sj347kUc600NXdGA=]
[COT 2023-12-12 21:1m:45] 76561199407766611: Set cannot be targeted by AI to true [guid=spMEkRl42onhFHdF_u42e0T03x2sj347kUc600NXdGA=]
[COT 2023-12-12 21:1m:45] 76561199407766611: Set UnlimitedStamina To true [guid=spMEkRl42onhFHdF_u42e0T03x2sj347kUc600NXdGA=]
[COT 2023-12-12 21:1m:46] 76561199407766611: Set UnlimitedAmmo To true [guid=spMEkRl42onhFHdF_u42e0T03x2sj347kUc600NXdGA=]
[COT 2023-12-12 21:1m:47] 76561199407766611: Healed [guid=spMEkRl42onhFHdF_u42e0T03x2sj347kUc600NXdGA=]
[COT 2023-12-12 21:2m:1s] 76561199407766611: Teleported to position <6735.416504, 15.057609, 11367.262695>
[COT 2023-12-12 21:2m:3s] 76561199407766611: Entered the Free Camera
[COT 2023-12-12 21:2m:35] 76561199407766611: Left the Free Camera
[COT 2023-12-12 21:2m:46] 76561199407766611: Spawned Entity Barrel (Barrel_Green<e10a81c0>, 200000, 1300, 512) at <6727.193848, 51.132401, 11382.631836>
[COT 2023-12-12 21:2m:54] 76561199407766611: Spawned Entity Barrel (Barrel_Green<2fcf0c90>, 0, 1300, 512) at <6725.733887, 51.133530, 11383.957031>
[COT 2023-12-12 21:2m:54] 76561199407766611: Spawned Entity Barrel (Barrel_Green<2f946f90>, 0, 1300, 512) at <6726.004395, 51.317528, 11383.781250>
[COT 2023-12-12 21:2m:58] 76561199407766611: Deleted Entity BarrelHoles_Green:9495 at <6725.909180, 51.093391, 11382.576172>
[COT 2023-12-12 21:3m:1s] 76561199407766611: Deleted Entity Barrel_Green:9977 at <6727.193848, 51.123600, 11382.631836>
[COT 2023-12-12 21:3m:53] 76561199407766611: Spawned Entity Barrel (Barrel_Red<2f945160>, 200000, 1300, 512) at <6725.270020, 51.133884, 11385.364258>
[COT 2023-12-12 21:5m:14] 76561199407766611: Spawned Entity SNAFU Rusty PKP (Snafu_PKP_Black_GUN<353b360>, 100, 200, 0) at <6726.356445, 51.132961, 11383.780273>
[COT 2023-12-12 21:5m:51] 76561199407766611: Spawned Entity PKP 250rnd Mag (Snafu_PKP_250RND_Mag<4137c560>, 250, 100, 0) at <6726.356445, 51.132961, 11383.780273>
[COT 2023-12-12 21:5m:52] 76561199407766611: Spawned Entity PKP 250rnd Mag (Snafu_PKP_250RND_Mag<41396090>, 250, 100, 0) at <6726.356445, 51.132961, 11383.780273>
[COT 2023-12-12 21:5m:52] 76561199407766611: Spawned Entity PKP 250rnd Mag (Snafu_PKP_250RND_Mag<3b59d610>, 250, 100, 0) at <6726.356445, 51.132961, 11383.780273>
[COT 2023-12-12 21:5m:52] 76561199407766611: Spawned Entity PKP 250rnd Mag (Snafu_PKP_250RND_Mag<3b57db40>, 250, 100, 0) at <6726.356445, 51.132961, 11383.780273>
[COT 2023-12-12 21:5m:57] 76561199407766611: Spawned Entity PKP & PKM Bipod (SNAFU_PKPBIPOD_Base<3b58dd70>, 250, 100, 0) at <6726.356445, 51.132961, 11383.780273>
[COT 2023-12-12 21:7m:14] 76561199407766611: Spawned Entity Ghillie Suit (GhillieSuit_Mossy<32ebc960>, 100, 50, 0) at <6726.356445, 51.132961, 11383.780273>
[COT 2023-12-12 21:7m:17] 76561199407766611: Spawned Entity Ghillie Hood (GhillieHood_Mossy<32e9d820>, 100, 50, 0) at <6726.356445, 51.132961, 11383.780273>
[COT 2023-12-12 21:7m:22] 76561199407766611: Spawned Entity Ghillie Rifle Wrap (GhillieAtt_ColorBase<32ea07f0>, 100, 300, 0) at <6726.356445, 51.132961, 11383.780273>
[COT 2023-12-12 21:7m:46] 76561199407766611: Spawned Entity Bandage (BandageDressing<3f324010>, 4, 50, 0) at <6726.356445, 51.132961, 11383.780273>
[COT 2023-12-12 21:7m:46] 76561199407766611: Spawned Entity Bandage (BandageDressing<3289b440>, 4, 50, 0) at <6726.356445, 51.132961, 11383.780273>
[COT 2023-12-12 21:7m:46] 76561199407766611: Spawned Entity Bandage (BandageDressing<328a00c0>, 4, 50, 0) at <6726.356445, 51.132961, 11383.780273>
[COT 2023-12-12 21:7m:46] 76561199407766611: Spawned Entity Bandage (BandageDressing<3287d620>, 4, 50, 0) at <6726.356445, 51.132961, 11383.780273>
[COT 2023-12-12 21:7m:47] 76561199407766611: Spawned Entity Bandage (BandageDressing<251d21f0>, 4, 50, 0) at <6726.356445, 51.132961, 11383.780273>
[COT 2023-12-12 21:8m:19] 76561199407766611: Spawned Entity 40mm Smoke Grenade (Ammo_40mm_Smoke_Red<2f957530>, 1, 50, 0) at <6726.356445, 51.132961, 11383.780273>
[COT 2023-12-12 21:8m:19] 76561199407766611: Spawned Entity 40mm Smoke Grenade (Ammo_40mm_Smoke_Red<2f957f40>, 1, 50, 0) at <6726.356445, 51.132961, 11383.780273>
[COT 2023-12-12 21:8m:21] 76561199407766611: Spawned Entity 40mm Smoke Grenade (Ammo_40mm_Smoke_Green<2f95b190>, 1, 50, 0) at <6726.356445, 51.132961, 11383.780273>
[COT 2023-12-12 21:8m:21] 76561199407766611: Spawned Entity 40mm Smoke Grenade (Ammo_40mm_Smoke_Green<2f958950>, 1, 50, 0) at <6726.356445, 51.132961, 11383.780273>
[COT 2023-12-12 21:8m:23] 76561199407766611: Spawned Entity 40mm Smoke Grenade (Ammo_40mm_Smoke_White<2f959360>, 1, 50, 0) at <6726.356445, 51.132961, 11383.780273>
[COT 2023-12-12 21:8m:23] 76561199407766611: Spawned Entity 40mm Smoke Grenade (Ammo_40mm_Smoke_White<2f959d70>, 1, 50, 0) at <6726.356445, 51.132961, 11383.780273>
[COT 2023-12-12 21:8m:25] 76561199407766611: Spawned Entity 40mm Smoke Grenade (Ammo_40mm_Smoke_Black<2f95bba0>, 1, 50, 0) at <6726.356445, 51.132961, 11383.780273>
[COT 2023-12-12 21:8m:25] 76561199407766611: Spawned Entity 40mm Smoke Grenade (Ammo_40mm_Smoke_Black<2f954cf0>, 1, 50, 0) at <6726.356445, 51.132961, 11383.780273>
[COT 2023-12-12 21:10:17] 76561199407766611: Spawned Entity Signal Pistol (Flaregun<1e26bae0>, 20, 150, 0) at <6726.622559, 51.132771, 11383.041992>
[COT 2023-12-12 21:10:20] 76561199407766611: Spawned Entity Flare (Ammo_Flare<396378e0>, 20, 100, 0) at <6726.622559, 51.132771, 11383.041992>
[COT 2023-12-12 21:10:22] 76561199407766611: Spawned Entity Flare (Ammo_Flare<3dd13c70>, 20, 100, 0) at <6726.622559, 51.132771, 11383.041992>
[COT 2023-12-12 21:10:24] 76561199407766611: Spawned Entity Flare (Ammo_Flare<3dd162b0>, 20, 100, 0) at <6726.622559, 51.132771, 11383.041992>
[COT 2023-12-12 21:10:25] 76561199407766611: Spawned Entity Flare (Ammo_Flare<3dd32420>, 20, 100, 0) at <6726.622559, 51.132771, 11383.041992>
[COT 2023-12-12 21:18:48] 76561199407766611: Entered the Free Camera
[COT 2023-12-12 21:18:50] 76561199407766611: Left the Free Camera
[COT 2023-12-12 21:18:57] 76561199407766611: Spawned Entity PKP 250rnd Mag (Snafu_PKP_250RND_Mag<38f0a0c0>, 250, 100, 0) at <6693.762695, 15.000012, 11186.805664>
[COT 2023-12-12 21:19:47] 76561199407766611: Entered the Free Camera
[COT 2023-12-12 21:19:49] 76561199407766611: Left the Free Camera
[COT 2023-12-12 21:20:34] 76561199407766611: Spawned Entity  (ExplosionTest<305c76f0>, 100, 0, 0) at <6699.432617, 15.074098, 11196.387695>
