[COT 2023-12-26 14:56:30] 76561199407766611: Teleported to position <3908.596436, 5.626187, 10083.148438>
[COT 2023-12-26 14:57:40] 76561199407766611: Set GodMode To true [guid=spMEkRl42onhFHdF_u42e0T03x2sj347kUc600NXdGA=]
[COT 2023-12-26 14:57:41] 76561199407766611: Set UnlimitedStamina To true [guid=spMEkRl42onhFHdF_u42e0T03x2sj347kUc600NXdGA=]
[COT 2023-12-26 14:57:42] 76561199407766611: Set UnlimitedAmmo To true [guid=spMEkRl42onhFHdF_u42e0T03x2sj347kUc600NXdGA=]
[COT 2023-12-26 15:7m:33] 76561199407766611: Deleted Entity dzn_assaultbag_winter:4573 at <3996.010010, 4.096362, 10183.274414>
[COT 2023-12-26 15:16:34] 76561199407766611: Spawned Entity ADMIN GEAR-DOC-TOP (DOC_ADMIN_DOC_TOP<afeea2d0>, 100, 50, 0) at <3999.616211, 2.375925, 10181.781250>
[COT 2023-12-26 15:16:38] 76561199407766611: Spawned Entity ADMIN GEAR-DOC-BOTTOM (DOC_ADMIN_DOC_BOTTOM<afef3240>, 100, 50, 0) at <3999.730225, 2.558505, 10181.727539>
[COT 2023-12-26 15:17:0s] 76561199407766611: Stripped [guid=spMEkRl42onhFHdF_u42e0T03x2sj347kUc600NXdGA=]
[COT 2023-12-26 15:17:32] 76561199407766611: Healed [guid=spMEkRl42onhFHdF_u42e0T03x2sj347kUc600NXdGA=]
[COT 2023-12-26 15:17:41] 76561199407766611: Teleported to position <3969.242188, 2.830005, 10315.164063>
[COT 2023-12-26 15:18:23] 76561199407766611: Teleported to position <6733.781250, 15.098215, 11365.819336>
[COT 2023-12-26 15:19:59] 76561199407766611: Spawned Entity Cow Jacket 1 (DOC_BOMBERJACKET_COW1<a0b62c20>, 100, 100, 0) at <6726.322266, 51.133072, 11381.549805>
[COT 2023-12-26 15:20:47] 76561199407766611: Healed [guid=spMEkRl42onhFHdF_u42e0T03x2sj347kUc600NXdGA=]
[COT 2023-12-26 15:23:34] 76561199407766611: Spawned Entity 6-M7 Frag Grenade (M67Grenade<c180aa30>, 100, 50, 0) at <6760.865234, 14.305480, 11250.650391>
[COT 2023-12-26 15:23:34] 76561199407766611: Spawned Entity 6-M7 Frag Grenade (M67Grenade<c1834250>, 100, 50, 0) at <6760.832031, 14.399033, 11250.620117>
[COT 2023-12-26 15:23:34] 76561199407766611: Spawned Entity 6-M7 Frag Grenade (M67Grenade<fc065e10>, 100, 50, 0) at <6760.798828, 14.491298, 11250.588867>
[COT 2023-12-26 15:23:34] 76561199407766611: Spawned Entity 6-M7 Frag Grenade (M67Grenade<fc068650>, 100, 50, 0) at <6760.765625, 14.583839, 11250.557617>
[COT 2023-12-26 15:25:31] 76561199407766611: Teleported to position <5223.132813, 31.115501, 8591.591797>
[COT 2023-12-26 15:26:16] 76561199407766611: Teleported to position <4934.330566, 50.159142, 8061.358398>
[COT 2023-12-26 15:27:22] 76561199407766611: Spawned Entity Smith & Wesson Model 629 (SNAFUSWM629<fcdb97d0>, 100, 200, 0) at <4903.700684, 51.378349, 8025.610352>
[COT 2023-12-26 15:27:36] 76561199407766611: Spawned Entity 500 SW Ammo (Ammunition_Base<c0f3aa60>, 40, 100, 0) at <4903.965332, 51.499229, 8025.884766>
[COT 2023-12-26 15:27:36] 76561199407766611: Spawned Entity 500 SW Ammo (Ammunition_Base<c0f44360>, 40, 100, 0) at <4903.970703, 51.522388, 8025.879883>
[COT 2023-12-26 15:27:37] 76561199407766611: Spawned Entity 500 SW Ammo (Ammunition_Base<c0f46010>, 40, 100, 0) at <4903.977051, 51.550682, 8025.873047>
[COT 2023-12-26 15:27:37] 76561199407766611: Spawned Entity 500 SW Ammo (Ammunition_Base<c0f41d20>, 40, 100, 0) at <4903.981934, 51.575958, 8025.866699>
[COT 2023-12-26 15:27:37] 76561199407766611: Spawned Entity 500 SW Ammo (Ammunition_Base<c0f49970>, 40, 100, 0) at <4903.986816, 51.598389, 8025.861816>
[COT 2023-12-26 15:28:20] 76561199407766611: Spawned Entity Model 500 Competitor (SNAFUMagnum500<2cd6aa0>, 100, 200, 0) at <4903.441406, 51.378349, 8025.912109>
[COT 2023-12-26 15:29:19] 76561199407766611: Healed [guid=spMEkRl42onhFHdF_u42e0T03x2sj347kUc600NXdGA=]
[COT 2023-12-26 15:29:36] 76561199407766611: Teleported to position <6858.238770, 15.418208, 11218.190430>
[COT 2023-12-26 15:32:49] 76561199407766611: Spawned Entity  (ExplosionTest<bcc39eb0>, 100, -1, 0) at <6794.430664, 16.232006, 11268.480469>
[COT 2023-12-26 15:32:52] 76561199407766611: Spawned Entity  (ExplosionTest<bcc373e0>, 100, -1, 0) at <6794.274902, 15.746441, 11267.424805>
[COT 2023-12-26 15:32:56] 76561199407766611: Spawned Entity  (ExplosionTest<bcc36b50>, 100, -1, 0) at <6795.280273, 16.237890, 11268.036133>
[COT 2023-12-26 15:32:56] 76561199407766611: Spawned Entity  (ExplosionTest<bcc38500>, 100, -1, 0) at <6795.280273, 16.239536, 11268.035156>
[COT 2023-12-26 15:32:59] 76561199407766611: Spawned Entity  (ExplosionTest<bcc65cd0>, 100, -1, 0) at <6795.240234, 16.415432, 11267.844727>
[COT 2023-12-26 15:32:59] 76561199407766611: Spawned Entity  (ExplosionTest<bcc61850>, 100, -1, 0) at <6795.240234, 16.415169, 11267.844727>
[COT 2023-12-26 15:33:0s] 76561199407766611: Spawned Entity  (ExplosionTest<bcc6d4b0>, 100, -1, 0) at <6795.240234, 16.414736, 11267.844727>
[COT 2023-12-26 15:33:54] 76561199407766611: Entered the Free Camera
[COT 2023-12-26 15:34:11] 76561199407766611: Left the Free Camera
[COT 2023-12-26 15:35:3s] 76561199407766611: Teleported to position <5274.121094, 269.886200, 7197.505371>
[COT 2023-12-26 15:35:36] 76561199407766611: Teleported to position <5269.993652, 268.125885, 7203.727539>
