[COT 2023-10-22 22:1m:56] 76561198036774377: Teleported to position <7264.638672, 238.657639, 7056.250000>
[COT 2023-10-22 22:4m:50] 76561198036774377: Teleported to position <8167.081543, 15.160000, 10895.241211>
[COT 2023-10-22 22:8m:49] 76561198036774377: Teleported to position <8270.411133, 15.000000, 10559.619141>
[COT 2023-10-22 22:21:33] 76561198036774377: Healed [guid=mBNlxASsPlOcry0dpDl8K-WgHNR5WMCMmoJ9NhpU4FY=]
[COT 2023-10-22 22:37:2s] 76561198036774377: Healed [guid=mBNlxASsPlOcry0dpDl8K-WgHNR5WMCMmoJ9NhpU4FY=]
[COT 2023-10-22 23:49:12] 76561198036774377: Spawned Entity Fireplace (Fireplace<ace9a350>, 100, 100, 0) at <9008.751953, 5.117601, 9972.198242>
[COT 2023-10-22 23:49:25] 76561198036774377: Spawned Entity Short Stick (WoodenStick<ec407cd0>, 5, 50, 0) at <9009.012695, 5.347353, 9971.996094>
[COT 2023-10-22 23:49:25] 76561198036774377: Spawned Entity Short Stick (WoodenStick<74e732f0>, 5, 50, 0) at <9009.072266, 5.399091, 9971.950195>
[COT 2023-10-22 23:50:22] 76561198036774377: Spawned Entity Fishing Bait (Bait<e2576e10>, 100, 30, 0) at <9009.410156, 5.075080, 9970.986328>
[COT 2023-10-23 0h:13:57] 76561198036774377: Spawned Entity Short Stick (WoodenStick<ea6a7130>, 5, 50, 0) at <9008.973633, 5.225143, 9971.611328>
[COT 2023-10-23 0h:13:58] 76561198036774377: Spawned Entity Short Stick (WoodenStick<ea6bb650>, 5, 50, 0) at <9009.019531, 5.259793, 9971.615234>
[COT 2023-10-23 0h:47:53] 76561198036774377: Teleported to position <6473.913574, 0.597175, 8554.103516>
[COT 2023-10-23 0h:48:46] 76561198036774377: Healed [guid=mBNlxASsPlOcry0dpDl8K-WgHNR5WMCMmoJ9NhpU4FY=]
[COT 2023-10-23 0h:49:24] 76561198036774377: Teleported to position <5989.429688, 16.793043, 6666.607422>
[COT 2023-10-23 0h:49:32] 76561198036774377: Entered the Free Camera
[COT 2023-10-23 0h:49:48] 76561198036774377: Left the Free Camera
[COT 2023-10-23 0h:52:2s] 76561198036774377: Teleported to position <6489.762695, 2.769497, 8530.180664>
[COT 2023-10-23 0h:53:20] 76561198036774377: Spawned Entity Fire Barrel (BarrelHoles_Red<d9103280>, 100, 900, 0) at <6509.727051, 3.355994, 8524.268555>
[COT 2023-10-23 2h:1m:2s] 76561198036774377: Healed [guid=mBNlxASsPlOcry0dpDl8K-WgHNR5WMCMmoJ9NhpU4FY=]
[COT 2023-10-23 2h:1m:5s] 76561198036774377: Healed [guid=eZvdqnhxQZeB4Wvp7ko5cFy79bCUMACrCdUKq6S9F3w=]
[COT 2023-10-23 2h:3m:9s] 76561198036774377: Bleeding stopped [guid=mBNlxASsPlOcry0dpDl8K-WgHNR5WMCMmoJ9NhpU4FY=]
[COT 2023-10-23 2h:4m:13] 76561198036774377: Healed [guid=mBNlxASsPlOcry0dpDl8K-WgHNR5WMCMmoJ9NhpU4FY=]
[COT 2023-10-23 2h:5m:23] 76561198036774377: Bleeding stopped [guid=mBNlxASsPlOcry0dpDl8K-WgHNR5WMCMmoJ9NhpU4FY=]
[COT 2023-10-23 2h:6m:6s] 76561198036774377: Healed [guid=mBNlxASsPlOcry0dpDl8K-WgHNR5WMCMmoJ9NhpU4FY=]
[COT 2023-10-23 2h:7m:9s] 76561198036774377: Healed [guid=mBNlxASsPlOcry0dpDl8K-WgHNR5WMCMmoJ9NhpU4FY=]
[COT 2023-10-23 2h:8m:35] 76561198036774377: Spawned Entity 6-M7 Frag Grenade (M67Grenade<e53be0d0>, 100, 50, 0) at <4834.366699, 17.024595, 10860.405273>
[COT 2023-10-23 2h:8m:35] 76561198036774377: Spawned Entity 6-M7 Frag Grenade (M67Grenade<e53cc840>, 100, 50, 0) at <4834.366699, 17.024595, 10860.405273>
[COT 2023-10-23 2h:8m:35] 76561198036774377: Spawned Entity 6-M7 Frag Grenade (M67Grenade<e53c81d0>, 100, 50, 0) at <4834.366699, 17.024595, 10860.405273>
[COT 2023-10-23 2h:9m:51] 76561198036774377: Spawned Entity M60 (SNAFU_M60<eace3400>, 100, 300, 0) at <4835.229004, 17.158548, 10859.392578>
[COT 2023-10-23 2h:9m:53] 76561198036774377: Spawned Entity 100rd M60 Ammo Belt (SNAFU_M60_100rdMag<f0020cf0>, 100, 100, 0) at <4835.229004, 17.158558, 10859.392578>
