[COT 2023-11-17 0h:54:5s] 76561199108250772: Set GodMode To true [guid=OAdpPkJP2Ps_W7h2ttR1bK23ekHCzrxw0mDT3zqLMdU=]
[COT 2023-11-17 0h:54:5s] 76561199108250772: Set cannot be targeted by AI to true [guid=OAdpPkJP2Ps_W7h2ttR1bK23ekHCzrxw0mDT3zqLMdU=]
[COT 2023-11-17 0h:54:6s] 76561199108250772: Set UnlimitedStamina To true [guid=OAdpPkJP2Ps_W7h2ttR1bK23ekHCzrxw0mDT3zqLMdU=]
[COT 2023-11-17 0h:54:6s] 76561199108250772: Set UnlimitedAmmo To true [guid=OAdpPkJP2Ps_W7h2ttR1bK23ekHCzrxw0mDT3zqLMdU=]
[COT 2023-11-17 0h:54:20] 76561199108250772: Teleported to position <5498.797363, 40.112774, 10812.587891>
[COT 2023-11-17 0h:54:23] 76561199108250772: Entered the Free Camera
[COT 2023-11-17 0h:54:33] 76561199108250772: Left the Free Camera
[COT 2023-11-17 1h:36:9s] 76561199108250772: Healed [guid=OAdpPkJP2Ps_W7h2ttR1bK23ekHCzrxw0mDT3zqLMdU=]
[COT 2023-11-17 3h:3m:37] 76561199108250772: Healed [guid=OAdpPkJP2Ps_W7h2ttR1bK23ekHCzrxw0mDT3zqLMdU=]
[COT 2023-11-17 3h:20:45] 76561199407766611: Teleported to position <8148.483887, 15.160148, 10893.842773>
[COT 2023-11-17 3h:21:11] 76561199407766611: Stripped [guid=spMEkRl42onhFHdF_u42e0T03x2sj347kUc600NXdGA=]
[COT 2023-11-17 3h:21:13] 76561199407766611: Set GodMode To true [guid=spMEkRl42onhFHdF_u42e0T03x2sj347kUc600NXdGA=]
[COT 2023-11-17 3h:21:13] 76561199407766611: Set Invisibility To 1 [guid=spMEkRl42onhFHdF_u42e0T03x2sj347kUc600NXdGA=]
[COT 2023-11-17 3h:21:14] 76561199407766611: Set UnlimitedStamina To true [guid=spMEkRl42onhFHdF_u42e0T03x2sj347kUc600NXdGA=]
[COT 2023-11-17 3h:21:15] 76561199407766611: Set UnlimitedAmmo To true [guid=spMEkRl42onhFHdF_u42e0T03x2sj347kUc600NXdGA=]
[COT 2023-11-17 3h:21:20] 76561199407766611: Healed [guid=spMEkRl42onhFHdF_u42e0T03x2sj347kUc600NXdGA=]
[COT 2023-11-17 3h:21:48] 76561199407766611: Spawned Entity Tactical Gloves (TacticalGloves_ColorBase<3eb98450>, 100, 165, 0) at <8091.864258, 15.220001, 10874.645508>
[COT 2023-11-17 3h:21:52] 76561199407766611: Spawned Entity Balaclava (Balaclava3Holes_ColorBase<3eb98de0>, 100, 100, 0) at <8091.968262, 15.343904, 10874.796875>
[COT 2023-11-17 3h:22:7s] 76561199407766611: Spawned Entity MVS Combat Pants - Midnight Camo (BDUPants<2b7cf560>, 100, 100, 0) at <8092.054688, 15.446910, 10874.922852>
[COT 2023-11-17 3h:22:10] 76561199407766611: Spawned Entity MVS Combat Shirt - Midnight Camo (TacticalShirt_ColorBase<3e3b6830>, 100, 100, 0) at <8092.184570, 15.601662, 10875.112305>
[COT 2023-11-17 3h:22:37] 76561199407766611: Healed [guid=spMEkRl42onhFHdF_u42e0T03x2sj347kUc600NXdGA=]
[COT 2023-11-17 3h:22:40] 76561199407766611: Set Freeze To true [guid=spMEkRl42onhFHdF_u42e0T03x2sj347kUc600NXdGA=]
[COT 2023-11-17 3h:22:40] 76561199407766611: Set Freeze To false [guid=spMEkRl42onhFHdF_u42e0T03x2sj347kUc600NXdGA=]
[COT 2023-11-17 3h:23:41] 76561199407766611: Set GodMode To true [guid=spMEkRl42onhFHdF_u42e0T03x2sj347kUc600NXdGA=]
[COT 2023-11-17 3h:23:42] 76561199407766611: Set UnlimitedStamina To true [guid=spMEkRl42onhFHdF_u42e0T03x2sj347kUc600NXdGA=]
[COT 2023-11-17 3h:23:43] 76561199407766611: Set UnlimitedAmmo To true [guid=spMEkRl42onhFHdF_u42e0T03x2sj347kUc600NXdGA=]
[COT 2023-11-17 3h:23:43] 76561199407766611: Set Invisibility To 1 [guid=spMEkRl42onhFHdF_u42e0T03x2sj347kUc600NXdGA=]
[COT 2023-11-17 3h:23:45] 76561199407766611: Set cannot be targeted by AI to false [guid=spMEkRl42onhFHdF_u42e0T03x2sj347kUc600NXdGA=]
[COT 2023-11-17 3h:23:45] 76561199407766611: Set cannot be targeted by AI to true [guid=spMEkRl42onhFHdF_u42e0T03x2sj347kUc600NXdGA=]
[COT 2023-11-17 3h:24:7s] 76561199407766611: Spawned Entity Medieval Boots (MedievalBoots<33878020>, 100, 150, 0) at <8091.435547, 15.220000, 10874.883789>
[COT 2023-11-17 3h:24:22] 76561199407766611: Deleted Entity MedievalBoots:04538 at <8091.435547, 15.226074, 10874.883789>
[COT 2023-11-17 3h:24:33] 76561199407766611: Spawned Entity Hunter Boots (CombatBoots_Black<35116600>, 100, 160, 0) at <8092.262207, 15.232468, 10875.225586>
[COT 2023-11-17 3h:25:58] 76561199407766611: Set GodMode To true [guid=spMEkRl42onhFHdF_u42e0T03x2sj347kUc600NXdGA=]
[COT 2023-11-17 3h:25:58] 76561199407766611: Set Invisibility To 1 [guid=spMEkRl42onhFHdF_u42e0T03x2sj347kUc600NXdGA=]
[COT 2023-11-17 3h:25:59] 76561199407766611: Set UnlimitedAmmo To true [guid=spMEkRl42onhFHdF_u42e0T03x2sj347kUc600NXdGA=]
[COT 2023-11-17 3h:52:35] 76561199108250772: Healed [guid=OAdpPkJP2Ps_W7h2ttR1bK23ekHCzrxw0mDT3zqLMdU=]
[COT 2023-11-17 3h:52:40] 76561199108250772: Set the date to 2011/12/29 12:0
[COT 2023-11-17 3h:52:41] 76561199108250772: Set rain to 0 0 0
[COT 2023-11-17 3h:52:41] 76561199108250772: Set storm to 0 0.8 4000
[COT 2023-11-17 3h:52:41] 76561199108250772: Set fog to 0 0 0
[COT 2023-11-17 3h:52:41] 76561199108250772: Set overcast to 0 0 0
[COT 2023-11-17 3h:52:41] 76561199108250772: Set wind to 0 0 1
[COT 2023-11-17 4h:23:34] 76561199108250772: Set the date to 2011/12/29 12:0
[COT 2023-11-17 4h:23:35] 76561199108250772: Set rain to 0 0 0
[COT 2023-11-17 4h:23:35] 76561199108250772: Set storm to 0 0.8 4000
[COT 2023-11-17 4h:23:35] 76561199108250772: Set fog to 0 0 0
[COT 2023-11-17 4h:23:35] 76561199108250772: Set overcast to 0 0 0
[COT 2023-11-17 4h:23:35] 76561199108250772: Set wind to 0 0 1
[COT 2023-11-17 4h:39:7s] 76561199108250772: Set the date to 2011/12/29 12:0
[COT 2023-11-17 4h:39:8s] 76561199108250772: Set rain to 0 0 0
[COT 2023-11-17 4h:39:8s] 76561199108250772: Set storm to 0 0.8 4000
[COT 2023-11-17 4h:39:8s] 76561199108250772: Set fog to 0 0 0
[COT 2023-11-17 4h:39:8s] 76561199108250772: Set overcast to 0 0 0
[COT 2023-11-17 4h:39:8s] 76561199108250772: Set wind to 0 0 1
[COT 2023-11-17 4h:39:16] 76561199108250772: Set Invisibility To 1 [guid=OAdpPkJP2Ps_W7h2ttR1bK23ekHCzrxw0mDT3zqLMdU=]
[COT 2023-11-17 4h:39:25] 76561199108250772: Entered the Free Camera
[COT 2023-11-17 4h:39:35] 76561199108250772: Spawned vehicle Ada 4x4 (OffroadHatchback) at <5561.157227, 16.149464, 10660.741211>
[COT 2023-11-17 4h:39:37] 76561199108250772: Left the Free Camera
[COT 2023-11-17 4h:39:41] 76561199108250772: Entered the Free Camera
[COT 2023-11-17 4h:39:41] 76561199108250772: Left the Free Camera
[COT 2023-11-17 4h:39:51] 76561199108250772: Entered the Free Camera
[COT 2023-11-17 4h:40:2s] 76561199108250772: Left the Free Camera
[COT 2023-11-17 4h:40:52] 76561199108250772: Set GodMode To true [guid=OAdpPkJP2Ps_W7h2ttR1bK23ekHCzrxw0mDT3zqLMdU=]
[COT 2023-11-17 4h:40:52] 76561199108250772: Set Invisibility To 1 [guid=OAdpPkJP2Ps_W7h2ttR1bK23ekHCzrxw0mDT3zqLMdU=]
[COT 2023-11-17 4h:40:53] 76561199108250772: Set cannot be targeted by AI to true [guid=OAdpPkJP2Ps_W7h2ttR1bK23ekHCzrxw0mDT3zqLMdU=]
[COT 2023-11-17 4h:40:53] 76561199108250772: Set UnlimitedStamina To true [guid=OAdpPkJP2Ps_W7h2ttR1bK23ekHCzrxw0mDT3zqLMdU=]
[COT 2023-11-17 4h:40:53] 76561199108250772: Set UnlimitedAmmo To true [guid=OAdpPkJP2Ps_W7h2ttR1bK23ekHCzrxw0mDT3zqLMdU=]
[COT 2023-11-17 4h:41:5s] 76561199108250772: Entered the Free Camera
[COT 2023-11-17 4h:41:10] 76561199108250772: Left the Free Camera
[COT 2023-11-17 4h:44:34] 76561199108250772: Set GodMode To true [guid=OAdpPkJP2Ps_W7h2ttR1bK23ekHCzrxw0mDT3zqLMdU=]
[COT 2023-11-17 4h:44:34] 76561199108250772: Set Invisibility To 1 [guid=OAdpPkJP2Ps_W7h2ttR1bK23ekHCzrxw0mDT3zqLMdU=]
[COT 2023-11-17 4h:44:35] 76561199108250772: Set cannot be targeted by AI to true [guid=OAdpPkJP2Ps_W7h2ttR1bK23ekHCzrxw0mDT3zqLMdU=]
[COT 2023-11-17 4h:44:36] 76561199108250772: Set UnlimitedStamina To true [guid=OAdpPkJP2Ps_W7h2ttR1bK23ekHCzrxw0mDT3zqLMdU=]
[COT 2023-11-17 4h:44:36] 76561199108250772: Set UnlimitedAmmo To true [guid=OAdpPkJP2Ps_W7h2ttR1bK23ekHCzrxw0mDT3zqLMdU=]
[COT 2023-11-17 4h:44:52] 76561199108250772: ESP: Viewing ESP
[COT 2023-11-17 4h:45:1s] 76561199108250772: ESP index=0 target=OffroadHatchback:05724 position=<5561.163574, 16.190067, 10660.747070> action=delete
[COT 2023-11-17 4h:45:1s] 76561199108250772: ESP action=delete_all count=1 attempted=1
[COT 2023-11-17 4h:46:26] 76561199108250772: Set GodMode To true [guid=OAdpPkJP2Ps_W7h2ttR1bK23ekHCzrxw0mDT3zqLMdU=]
[COT 2023-11-17 4h:46:27] 76561199108250772: Set Invisibility To 1 [guid=OAdpPkJP2Ps_W7h2ttR1bK23ekHCzrxw0mDT3zqLMdU=]
[COT 2023-11-17 4h:46:27] 76561199108250772: Set GodMode To true [guid=OAdpPkJP2Ps_W7h2ttR1bK23ekHCzrxw0mDT3zqLMdU=]
[COT 2023-11-17 4h:46:28] 76561199108250772: Set UnlimitedStamina To true [guid=OAdpPkJP2Ps_W7h2ttR1bK23ekHCzrxw0mDT3zqLMdU=]
[COT 2023-11-17 4h:46:29] 76561199108250772: Set UnlimitedAmmo To true [guid=OAdpPkJP2Ps_W7h2ttR1bK23ekHCzrxw0mDT3zqLMdU=]
[COT 2023-11-17 4h:46:51] 76561199108250772: Set UnlimitedAmmo To false [guid=OAdpPkJP2Ps_W7h2ttR1bK23ekHCzrxw0mDT3zqLMdU=]
[COT 2023-11-17 4h:46:53] 76561199108250772: Set UnlimitedStamina To false [guid=OAdpPkJP2Ps_W7h2ttR1bK23ekHCzrxw0mDT3zqLMdU=]
[COT 2023-11-17 4h:46:53] 76561199108250772: Set cannot be targeted by AI to false [guid=OAdpPkJP2Ps_W7h2ttR1bK23ekHCzrxw0mDT3zqLMdU=]
[COT 2023-11-17 4h:46:54] 76561199108250772: Set Invisibility To 0 [guid=OAdpPkJP2Ps_W7h2ttR1bK23ekHCzrxw0mDT3zqLMdU=]
[COT 2023-11-17 4h:46:54] 76561199108250772: Set GodMode To false [guid=OAdpPkJP2Ps_W7h2ttR1bK23ekHCzrxw0mDT3zqLMdU=]
[COT 2023-11-17 4h:47:6s] 76561199108250772: Set GodMode To true [guid=OAdpPkJP2Ps_W7h2ttR1bK23ekHCzrxw0mDT3zqLMdU=]
[COT 2023-11-17 4h:47:7s] 76561199108250772: Set cannot be targeted by AI to true [guid=OAdpPkJP2Ps_W7h2ttR1bK23ekHCzrxw0mDT3zqLMdU=]
[COT 2023-11-17 4h:47:8s] 76561199108250772: Set UnlimitedStamina To true [guid=OAdpPkJP2Ps_W7h2ttR1bK23ekHCzrxw0mDT3zqLMdU=]
[COT 2023-11-17 4h:47:8s] 76561199108250772: Set UnlimitedAmmo To true [guid=OAdpPkJP2Ps_W7h2ttR1bK23ekHCzrxw0mDT3zqLMdU=]
[COT 2023-11-17 4h:47:9s] 76561199108250772: Set Invisibility To 1 [guid=OAdpPkJP2Ps_W7h2ttR1bK23ekHCzrxw0mDT3zqLMdU=]
[COT 2023-11-17 4h:47:11] 76561199108250772: Set remove collision to false [guid=OAdpPkJP2Ps_W7h2ttR1bK23ekHCzrxw0mDT3zqLMdU=]
[COT 2023-11-17 4h:47:16] 76561199108250772: Set Invisibility To 0 [guid=OAdpPkJP2Ps_W7h2ttR1bK23ekHCzrxw0mDT3zqLMdU=]
[COT 2023-11-17 4h:47:38] 76561199108250772: Teleported to position <4445.771973, 2.830000, 11217.916992>
[COT 2023-11-17 4h:47:50] 76561199108250772: Healed [guid=OAdpPkJP2Ps_W7h2ttR1bK23ekHCzrxw0mDT3zqLMdU=]
[COT 2023-11-17 4h:48:8s] 76561199108250772: Spawned vehicle Gunter 2 (Hatchback_02_Blue) at <4469.384766, 2.804913, 11298.181641>
[COT 2023-11-17 4h:48:44] 76561199108250772: Entered the Free Camera
[COT 2023-11-17 4h:48:55] 76561199108250772: Left the Free Camera
[COT 2023-11-17 4h:49:20] 76561199108250772: Entered the Free Camera
[COT 2023-11-17 4h:49:28] 76561199108250772: Left the Free Camera
[COT 2023-11-17 4h:51:5s] 76561199108250772: Set GodMode To true [guid=OAdpPkJP2Ps_W7h2ttR1bK23ekHCzrxw0mDT3zqLMdU=]
[COT 2023-11-17 4h:51:6s] 76561199108250772: Set cannot be targeted by AI to true [guid=OAdpPkJP2Ps_W7h2ttR1bK23ekHCzrxw0mDT3zqLMdU=]
[COT 2023-11-17 4h:51:7s] 76561199108250772: Set UnlimitedStamina To true [guid=OAdpPkJP2Ps_W7h2ttR1bK23ekHCzrxw0mDT3zqLMdU=]
[COT 2023-11-17 4h:51:7s] 76561199108250772: Set UnlimitedAmmo To true [guid=OAdpPkJP2Ps_W7h2ttR1bK23ekHCzrxw0mDT3zqLMdU=]
[COT 2023-11-17 4h:51:9s] 76561199108250772: Repaired Transport [guid=OAdpPkJP2Ps_W7h2ttR1bK23ekHCzrxw0mDT3zqLMdU=]
[COT 2023-11-17 4h:51:10] 76561199108250772: Healed [guid=OAdpPkJP2Ps_W7h2ttR1bK23ekHCzrxw0mDT3zqLMdU=]
[COT 2023-11-17 4h:51:26] 76561199108250772: Entered the Free Camera
[COT 2023-11-17 4h:51:34] 76561199108250772: Left the Free Camera
[COT 2023-11-17 4h:51:45] 76561199108250772: Entered the Free Camera
[COT 2023-11-17 4h:51:53] 76561199108250772: Left the Free Camera
[COT 2023-11-17 4h:52:1s] 76561199108250772: Entered the Free Camera
[COT 2023-11-17 4h:52:5s] 76561199108250772: Left the Free Camera
[COT 2023-11-17 5h:45:46] 76561199108250772: Set the date to 2011/12/30 12:0
[COT 2023-11-17 5h:45:47] 76561199108250772: Set rain to 0 0 0
[COT 2023-11-17 5h:45:47] 76561199108250772: Set storm to 0 0.8 4000
[COT 2023-11-17 5h:45:47] 76561199108250772: Set fog to 0 0 0
[COT 2023-11-17 5h:45:47] 76561199108250772: Set overcast to 0 0 0
[COT 2023-11-17 5h:45:47] 76561199108250772: Set wind to 0 0 1
[COT 2023-11-17 5h:45:52] 76561199108250772: Healed [guid=OAdpPkJP2Ps_W7h2ttR1bK23ekHCzrxw0mDT3zqLMdU=]
