[COT 2023-10-24 22:3m:2s] 76561199108250772: Set GodMode To true [guid=OAdpPkJP2Ps_W7h2ttR1bK23ekHCzrxw0mDT3zqLMdU=]
[COT 2023-10-24 22:3m:3s] 76561199108250772: Set cannot be targeted by AI to true [guid=OAdpPkJP2Ps_W7h2ttR1bK23ekHCzrxw0mDT3zqLMdU=]
[COT 2023-10-24 22:3m:4s] 76561199108250772: Set UnlimitedStamina To true [guid=OAdpPkJP2Ps_W7h2ttR1bK23ekHCzrxw0mDT3zqLMdU=]
[COT 2023-10-24 22:3m:4s] 76561199108250772: Set UnlimitedAmmo To true [guid=OAdpPkJP2Ps_W7h2ttR1bK23ekHCzrxw0mDT3zqLMdU=]
[COT 2023-10-24 22:3m:17] 76561199108250772: Spawned Entity Jungle Boots (JungleBoots_Black<e5b465b0>, 100, 150, 0) at <4485.197754, 4.738629, 10000.347656>
[COT 2023-10-24 22:5m:36] 76561199108250772: Teleported to position <4539.625000, 14.990000, 11001.963867>
[COT 2023-10-24 22:5m:42] 76561199108250772: Entered the Free Camera
[COT 2023-10-24 22:5m:50] 76561199108250772: Left the Free Camera
[COT 2023-10-24 22:7m:13] 76561199108250772: Spawned Entity Barrel (Barrel_Green<e4fa5750>, 200000, 1300, 1) at <4519.194336, 15.160238, 10953.602539>
[COT 2023-10-24 22:7m:28] 76561199108250772: Spawned Entity Firewood (Firewood<f1d52e60>, 1, 500, 0) at <4519.489258, 15.160237, 10953.163086>
[COT 2023-10-24 22:7m:28] 76561199108250772: Spawned Entity Firewood (Firewood<f1d83e80>, 1, 500, 0) at <4519.609375, 15.336850, 10953.208008>
[COT 2023-10-24 22:7m:29] 76561199108250772: Spawned Entity Firewood (Firewood<f2c11f50>, 1, 500, 0) at <4519.727539, 15.513460, 10953.250000>
[COT 2023-10-24 22:7m:29] 76561199108250772: Spawned Entity Firewood (Firewood<f2c0dc60>, 1, 500, 0) at <4519.828125, 15.662529, 10953.285156>
[COT 2023-10-24 22:7m:29] 76561199108250772: Spawned Entity Firewood (Firewood<ebdbaf10>, 1, 500, 0) at <4519.952637, 15.839141, 10953.328125>
[COT 2023-10-24 22:7m:30] 76561199108250772: Spawned Entity Firewood (Firewood<ebdc34f0>, 1, 500, 0) at <4520.064941, 15.995205, 10953.367188>
[COT 2023-10-24 22:7m:30] 76561199108250772: Spawned Entity Firewood (Firewood<ed76fd40>, 1, 500, 0) at <4520.186523, 16.171818, 10953.412109>
[COT 2023-10-24 22:7m:31] 76561199108250772: Spawned Entity Firewood (Firewood<ed775ce0>, 1, 500, 0) at <4520.303223, 16.348429, 10953.457031>
[COT 2023-10-24 22:7m:31] 76561199108250772: Spawned Entity Firewood (Firewood<e9887980>, 1, 500, 0) at <4520.420898, 16.525042, 10953.501953>
[COT 2023-10-24 22:7m:32] 76561199108250772: Spawned Entity Firewood (Firewood<e988f5d0>, 1, 500, 0) at <4520.539063, 16.697515, 10953.546875>
[COT 2023-10-24 22:8m:13] 76561199108250772: Spawned Entity Paper (Paper<f00c5000>, 100, 15, 0) at <4519.580566, 15.160238, 10953.126953>
[COT 2023-10-24 22:8m:13] 76561199108250772: Spawned Entity Paper (Paper<f00c2030>, 100, 15, 0) at <4519.630859, 15.232569, 10953.146484>
[COT 2023-10-24 22:8m:14] 76561199108250772: Spawned Entity Paper (Paper<f00a3880>, 100, 15, 0) at <4519.681152, 15.304900, 10953.164063>
[COT 2023-10-24 22:8m:14] 76561199108250772: Spawned Entity Paper (Paper<f1d5c760>, 100, 15, 0) at <4519.731934, 15.377232, 10953.182617>
[COT 2023-10-24 22:8m:14] 76561199108250772: Spawned Entity Paper (Paper<f1d5d0f0>, 100, 15, 0) at <4519.782227, 15.449562, 10953.201172>
[COT 2023-10-24 22:8m:14] 76561199108250772: Spawned Entity Paper (Paper<f1d58e00>, 100, 15, 0) at <4519.833496, 15.521893, 10953.218750>
[COT 2023-10-24 22:8m:14] 76561199108250772: Spawned Entity Paper (Paper<f1d699c0>, 100, 15, 0) at <4519.884766, 15.594223, 10953.237305>
[COT 2023-10-24 22:8m:15] 76561199108250772: Spawned Entity Paper (Paper<ee187660>, 100, 15, 0) at <4519.937012, 15.666553, 10953.255859>
[COT 2023-10-24 22:8m:15] 76561199108250772: Spawned Entity Paper (Paper<ee1948c0>, 100, 15, 0) at <4519.989746, 15.738883, 10953.273438>
[COT 2023-10-24 22:8m:15] 76561199108250772: Spawned Entity Paper (Paper<ee19fe70>, 100, 15, 0) at <4520.042969, 15.811214, 10953.290039>
[COT 2023-10-24 22:9m:18] 76561199108250772: Spawned Entity IJ-70 (MakarovIJ70_Base<df75bd40>, 12, 100, 0) at <4519.797852, 15.160238, 10953.741211>
[COT 2023-10-24 22:9m:20] 76561199108250772: Spawned Entity 12rd IJ-70 Mag (Mag_IJ70_8Rnd<ed581090>, 12, 100, 0) at <4519.819824, 15.228672, 10953.733398>
[COT 2023-10-24 22:9m:20] 76561199108250772: Spawned Entity 12rd IJ-70 Mag (Mag_IJ70_8Rnd<ed58a000>, 12, 100, 0) at <4519.841309, 15.291623, 10953.723633>
[COT 2023-10-24 22:11:25] 76561199108250772: Entered the Free Camera
[COT 2023-10-24 22:11:39] 76561199108250772: Left the Free Camera
[COT 2023-10-24 22:11:53] 76561199108250772: Spawned Entity Tactical Gloves (TacticalGloves_Beige<ee1aaa90>, 100, 165, 0) at <4955.132324, 12.738906, 11287.355469>
[COT 2023-10-24 22:12:22] 76561199108250772: Spawned Entity Bandage (BandageDressing<ede69420>, 4, 50, 0) at <4954.746582, 12.757553, 11288.020508>
[COT 2023-10-24 22:14:16] 76561199108250772: Spawned Entity .308 WIN Rounds (Ammo_308Win<e9755580>, 80, 100, 0) at <4984.889648, 11.200912, 11272.475586>
