[COT 2023-11-12 4h:17:17] 76561199108250772: Set GodMode To true [guid=OAdpPkJP2Ps_W7h2ttR1bK23ekHCzrxw0mDT3zqLMdU=]
[COT 2023-11-12 4h:17:18] 76561199108250772: Set cannot be targeted by AI to true [guid=OAdpPkJP2Ps_W7h2ttR1bK23ekHCzrxw0mDT3zqLMdU=]
[COT 2023-11-12 4h:17:18] 76561199108250772: Set UnlimitedStamina To true [guid=OAdpPkJP2Ps_W7h2ttR1bK23ekHCzrxw0mDT3zqLMdU=]
[COT 2023-11-12 4h:17:19] 76561199108250772: Set UnlimitedAmmo To true [guid=OAdpPkJP2Ps_W7h2ttR1bK23ekHCzrxw0mDT3zqLMdU=]
[COT 2023-11-12 4h:17:49] 76561199108250772: Set the date to 2011/12/19 12:0
[COT 2023-11-12 4h:17:51] 76561199108250772: Set rain to 0 0 0
[COT 2023-11-12 4h:17:51] 76561199108250772: Set storm to 0 0.8 4000
[COT 2023-11-12 4h:17:51] 76561199108250772: Set fog to 0 0 0
[COT 2023-11-12 4h:17:51] 76561199108250772: Set overcast to 0 0 0
[COT 2023-11-12 4h:17:51] 76561199108250772: Set wind to 0 0 1
[COT 2023-11-12 4h:17:54] 76561199108250772: Entered the Free Camera
[COT 2023-11-12 4h:18:3s] 76561199108250772: Left the Free Camera
[COT 2023-11-12 4h:19:46] 76561199108250772: Set the date to 2011/12/19 12:0
[COT 2023-11-12 4h:19:47] 76561199108250772: Set rain to 0 0 0
[COT 2023-11-12 4h:19:47] 76561199108250772: Set storm to 0 0.8 4000
[COT 2023-11-12 4h:19:47] 76561199108250772: Set fog to 0 0 0
[COT 2023-11-12 4h:19:47] 76561199108250772: Set overcast to 0 0 0
[COT 2023-11-12 4h:19:47] 76561199108250772: Set wind to 0 0 1
[COT 2023-11-12 4h:19:58] 76561199108250772: Entered the Free Camera
[COT 2023-11-12 4h:20:9s] 76561199108250772: Left the Free Camera
[COT 2023-11-12 4h:21:37] 76561199108250772: Spawned Entity KAC PDW (SNAFU_KAC_Gun<b88d27f0>, 100, 200, 0) at <4851.398926, 16.737576, 10886.218750>
[COT 2023-11-12 4h:27:36] 76561199108250772: Set UnlimitedStamina To false [guid=OAdpPkJP2Ps_W7h2ttR1bK23ekHCzrxw0mDT3zqLMdU=]
[COT 2023-11-12 4h:27:36] 76561199108250772: Set UnlimitedStamina To true [guid=OAdpPkJP2Ps_W7h2ttR1bK23ekHCzrxw0mDT3zqLMdU=]
[COT 2023-11-12 4h:28:35] 76561199108250772: Spawned Entity Tetracycline Pills (TetracyclineAntibiotics<bcc9b000>, 12, 30, 0) at <4520.325684, 15.160237, 10954.017578>
[COT 2023-11-12 4h:28:41] 76561199108250772: Set GodMode To false [guid=OAdpPkJP2Ps_W7h2ttR1bK23ekHCzrxw0mDT3zqLMdU=]
[COT 2023-11-12 4h:28:55] 76561199108250772: Spawned Entity Firewood (Firewood<afdd27d0>, 1, 500, 0) at <4520.061035, 15.160238, 10953.820313>
[COT 2023-11-12 4h:28:55] 76561199108250772: Spawned Entity Firewood (Firewood<afddf0a0>, 1, 500, 0) at <4520.168457, 15.327413, 10953.758789>
[COT 2023-11-12 4h:28:55] 76561199108250772: Spawned Entity Firewood (Firewood<aca1ace0>, 1, 500, 0) at <4520.280273, 15.500388, 10953.695313>
[COT 2023-11-12 4h:28:55] 76561199108250772: Spawned Entity Firewood (Firewood<aca17d10>, 1, 500, 0) at <4520.386230, 15.664325, 10953.635742>
[COT 2023-11-12 4h:28:56] 76561199108250772: Spawned Entity Firewood (Firewood<bf908770>, 1, 500, 0) at <4520.480469, 15.809690, 10953.582031>
[COT 2023-11-12 4h:28:56] 76561199108250772: Spawned Entity Firewood (Firewood<bf8f2f30>, 1, 500, 0) at <4520.586426, 15.971795, 10953.521484>
[COT 2023-11-12 4h:28:56] 76561199108250772: Spawned Entity Firewood (Firewood<ba1277f0>, 1, 500, 0) at <4520.694336, 16.136200, 10953.458984>
[COT 2023-11-12 4h:34:44] 76561199108250772: Teleported [guid=Wzy9-i_cgozd3AtiPGeDiPs6j9tHWluwI6ggAhe7Q-Q=] to <4521.298340, 15.160245, 10954.998047>
[COT 2023-11-12 4h:36:58] 76561199108250772: Spawned Entity 300AC 100RND BMag Tan (SNAFU_BMAG300_Tan<c019bda0>, 100, 100, 0) at <4521.139648, 15.160238, 10953.745117>
[COT 2023-11-12 4h:37:0s] 76561199108250772: Spawned Entity 300AC 100RND BMag Tan (SNAFU_BMAG300_Tan<b6770cf0>, 100, 100, 0) at <4521.230957, 15.334770, 10953.805664>
[COT 2023-11-12 4h:37:14] 76561199108250772: Spawned Entity MVS Sling Pack - Black (MountainBag_ColorBase<b88b3da0>, 100, 300, 0) at <4520.936523, 15.160238, 10954.093750>
[COT 2023-11-12 4h:39:12] 76561199108250772: Teleported to position <6343.242188, 48.117264, 10617.163086>
[COT 2023-11-12 4h:39:28] 76561199108250772: Teleported to position <6690.810547, 20.500658, 11789.864258>
[COT 2023-11-12 4h:39:46] 76561199108250772: Teleported to position <8516.938477, 12.642661, 11294.797852>
[COT 2023-11-12 4h:39:59] 76561199108250772: Set the date to 2011/12/19 12:0
[COT 2023-11-12 4h:40:0s] 76561199108250772: Set rain to 0 0 0
[COT 2023-11-12 4h:40:0s] 76561199108250772: Set storm to 0 0.8 4000
[COT 2023-11-12 4h:40:0s] 76561199108250772: Set fog to 0 0 0
[COT 2023-11-12 4h:40:0s] 76561199108250772: Set overcast to 0 0 0
[COT 2023-11-12 4h:40:0s] 76561199108250772: Set wind to 0 0 1
[COT 2023-11-12 4h:41:35] 76561199108250772: Teleported to position <4240.122070, 15.764875, 10968.081055>
[COT 2023-11-12 4h:42:37] 76561199108250772: Teleported to position <6584.159180, 21.975346, 10838.558594>
[COT 2023-11-12 4h:42:53] 76561199108250772: Teleported [guid=Wzy9-i_cgozd3AtiPGeDiPs6j9tHWluwI6ggAhe7Q-Q=] to <6582.193848, 21.990976, 10837.674805>
[COT 2023-11-12 4h:43:19] 76561199108250772: Teleported to position <6406.004395, 23.361614, 10999.003906>
[COT 2023-11-12 4h:43:35] 76561199108250772: Teleported [guid=Wzy9-i_cgozd3AtiPGeDiPs6j9tHWluwI6ggAhe7Q-Q=] to <6400.603516, 23.478392, 10990.883789>
[COT 2023-11-12 4h:45:17] 76561199108250772: Teleported to position <8468.825195, 15.005128, 10303.044922>
[COT 2023-11-12 4h:45:25] 76561199108250772: Set GodMode To true [guid=Wzy9-i_cgozd3AtiPGeDiPs6j9tHWluwI6ggAhe7Q-Q=]
[COT 2023-11-12 4h:45:32] 76561199108250772: Teleported [guid=Wzy9-i_cgozd3AtiPGeDiPs6j9tHWluwI6ggAhe7Q-Q=] to <8482.432617, 15.057376, 10293.345703>
[COT 2023-11-12 4h:45:34] 76561199108250772: Set GodMode To false [guid=Wzy9-i_cgozd3AtiPGeDiPs6j9tHWluwI6ggAhe7Q-Q=]
[COT 2023-11-12 4h:45:58] 76561199108250772: Spawned Entity Rope (Rope<b296f700>, 100, 200, 0) at <8484.063477, 15.057423, 10293.374023>
[COT 2023-11-12 4h:45:59] 76561199108250772: Spawned Entity Rope (Rope<afdaba40>, 100, 200, 0) at <8484.036133, 15.088903, 10293.360352>
[COT 2023-11-12 4h:45:59] 76561199108250772: Spawned Entity Rope (Rope<afdb2370>, 100, 200, 0) at <8484.003906, 15.120384, 10293.347656>
[COT 2023-11-12 4h:46:7s] 76561199108250772: Spawned Entity Short Stick (WoodenStick<b9c992c0>, 5, 50, 0) at <8483.553711, 15.057423, 10293.932617>
[COT 2023-11-12 4h:46:8s] 76561199108250772: Spawned Entity Short Stick (WoodenStick<b9c9a5e0>, 5, 50, 0) at <8483.531250, 15.101055, 10293.897461>
[COT 2023-11-12 4h:46:8s] 76561199108250772: Spawned Entity Short Stick (WoodenStick<b9ca6eb0>, 5, 50, 0) at <8483.500000, 15.156691, 10293.851563>
[COT 2023-11-12 4h:47:16] 76561199108250772: ESP: Viewing ESP
[COT 2023-11-12 4h:47:20] 76561199108250772: ESP target=Fence<b84d12f0> action=built part=base required_materials=false
[COT 2023-11-12 4h:47:21] 76561199108250772: ESP target=Fence<b84d12f0> action=built part=wall_base_down required_materials=false
[COT 2023-11-12 4h:47:22] 76561199108250772: ESP target=Fence<b84d12f0> action=built part=wall_wood_down required_materials=false
[COT 2023-11-12 4h:47:24] 76561199108250772: ESP target=Fence<b84d12f0> action=built part=wall_base_up required_materials=false
[COT 2023-11-12 4h:47:25] 76561199108250772: ESP target=Fence<b84d12f0> action=built part=wall_wood_up required_materials=false
[COT 2023-11-12 4h:47:57] 76561199108250772: ESP: Clearing ESP
[COT 2023-11-12 4h:47:58] 76561199108250772: ESP: Viewing ESP
[COT 2023-11-12 4h:48:3s] 76561199108250772: ESP target=Fence<b9602c70> action=built part=base required_materials=false
[COT 2023-11-12 4h:48:6s] 76561199108250772: ESP target=Fence<b9602c70> action=built part=wall_platform required_materials=false
[COT 2023-11-12 4h:48:9s] 76561199108250772: ESP target=Fence<b9602c70> action=dismantle part=wall_platform
[COT 2023-11-12 4h:48:11] 76561199108250772: ESP target=Fence<b9602c70> action=built part=wall_platform required_materials=false
[COT 2023-11-12 4h:48:13] 76561199108250772: ESP target=Fence<b9602c70> action=dismantle part=wall_platform
[COT 2023-11-12 4h:48:19] 76561199108250772: ESP target=Fence<b9602c70> action=built part=wall_base_down required_materials=false
[COT 2023-11-12 4h:48:23] 76561199108250772: ESP target=Fence<b9602c70> action=built part=wall_wood_down required_materials=false
[COT 2023-11-12 4h:48:29] 76561199108250772: ESP target=Fence<b9602c70> action=built part=wall_base_up required_materials=false
[COT 2023-11-12 4h:48:31] 76561199108250772: ESP target=Fence<b9602c70> action=built part=wall_platform required_materials=false
[COT 2023-11-12 4h:48:36] 76561199108250772: ESP target=Fence<b9602c70> action=dismantle part=wall_platform
[COT 2023-11-12 4h:48:39] 76561199108250772: ESP target=Fence<b9602c70> action=built part=wall_wood_up required_materials=false
[COT 2023-11-12 4h:48:42] 76561199108250772: ESP target=Fence<b9602c70> action=built part=wall_gate required_materials=false
[COT 2023-11-12 4h:48:59] 76561199108250772: Spawned Entity CodeLock (CodeLock<a8ae7420>, 100, 1500, 0) at <8478.972656, 15.057423, 10296.743164>
[COT 2023-11-12 4h:49:5s] 76561199108250772: ESP: Clearing ESP
[COT 2023-11-12 4h:50:49] 76561199108250772: Spawned Entity Barbed Wire (BarbedWire<c03a6c70>, 100, 300, 0) at <8478.462891, 15.057423, 10295.729492>
[COT 2023-11-12 4h:50:56] 76561199108250772: Spawned Entity Pliers (Pliers<ba140000>, 100, 100, 0) at <8478.510742, 15.151693, 10295.674805>
[COT 2023-11-12 4h:51:20] 76561199108250772: ESP: Viewing ESP
[COT 2023-11-12 4h:51:33] 76561199108250772: ESP target=Fence<b9602c70> action=repair part=wall_wood_up
[COT 2023-11-12 4h:51:34] 76561199108250772: ESP target=Fence<b9602c70> action=repair part=wall_base_up
[COT 2023-11-12 4h:51:41] 76561199108250772: ESP: Clearing ESP
[COT 2023-11-12 4h:51:57] 76561199108250772: Spawned Entity Barbed Wire (BarbedWire<a60737d0>, 100, 300, 0) at <8485.348633, 15.057423, 10293.074219>
[COT 2023-11-12 4h:51:57] 76561199108250772: Spawned Entity Barbed Wire (BarbedWire<a6076010>, 100, 300, 0) at <8485.299805, 15.151695, 10293.164063>
[COT 2023-11-12 4h:51:58] 76561199108250772: Spawned Entity Barbed Wire (BarbedWire<a607e2e0>, 100, 300, 0) at <8485.250000, 15.245965, 10293.252930>
[COT 2023-11-12 4h:52:51] 76561199108250772: Spawned Entity Wooden Crate (WoodenCrate<ba04df50>, 5, 400, 0) at <8483.549805, 15.057424, 10294.582031>
[COT 2023-11-12 4h:52:54] 76561199108250772: Spawned Entity Wooden Crate (WoodenCrate<ba0581e0>, 5, 400, 0) at <8484.499023, 15.057423, 10294.284180>
[COT 2023-11-12 4h:52:56] 76561199108250772: Spawned Entity Wooden Crate (WoodenCrate<bccdd470>, 5, 400, 0) at <8482.733398, 15.057423, 10295.659180>
[COT 2023-11-12 4h:52:58] 76561199108250772: Spawned Entity Wooden Crate (WoodenCrate<bcce6d70>, 5, 400, 0) at <8483.903320, 15.057424, 10295.558594>
[COT 2023-11-12 4h:53:0s] 76561199108250772: Spawned Entity Wooden Crate (WoodenCrate<bccf3640>, 5, 400, 0) at <8485.172852, 15.057423, 10295.332031>
[COT 2023-11-12 4h:53:15] 76561199108250772: Spawned Entity Screwdriver (Screwdriver<ad22e070>, 100, 100, 0) at <8483.057617, 15.057424, 10293.338867>
[COT 2023-11-12 4h:53:23] 76561199108250772: Spawned Entity Hatchet (Hatchet<ad2629f0>, 100, 150, 0) at <8483.045898, 15.057424, 10293.342773>
[COT 2023-11-12 4h:53:30] 76561199108250772: Spawned Entity Hammer (Hammer<b0898950>, 100, 100, 0) at <8483.005859, 15.128129, 10293.305664>
