[COT 2023-10-27 13:5m:41] 76561199407766611: Set GodMode To true [guid=spMEkRl42onhFHdF_u42e0T03x2sj347kUc600NXdGA=]
[COT 2023-10-27 13:5m:42] 76561199407766611: Set Invisibility To 1 [guid=spMEkRl42onhFHdF_u42e0T03x2sj347kUc600NXdGA=]
[COT 2023-10-27 13:5m:42] 76561199407766611: Set UnlimitedStamina To true [guid=spMEkRl42onhFHdF_u42e0T03x2sj347kUc600NXdGA=]
[COT 2023-10-27 13:5m:43] 76561199407766611: Set UnlimitedAmmo To true [guid=spMEkRl42onhFHdF_u42e0T03x2sj347kUc600NXdGA=]
[COT 2023-10-27 13:5m:47] 76561199407766611: Healed [guid=spMEkRl42onhFHdF_u42e0T03x2sj347kUc600NXdGA=]
[COT 2023-10-27 13:5m:54] 76561199407766611: Stripped [guid=spMEkRl42onhFHdF_u42e0T03x2sj347kUc600NXdGA=]
[COT 2023-10-27 13:6m:8s] 76561199407766611: Spawned Entity MVS - Multicam Black (ModularVestSystem_Base<703e06a0>, 100, 225, 0) at <7314.648926, 232.336273, 6975.080078>
[COT 2023-10-27 13:6m:10] 76561199407766611: Spawned Entity MVS Magazine Pouch - Multicam Black (MVS_Pouch_Base<6e018460>, 100, 100, 0) at <7314.753418, 232.721207, 6974.819824>
[COT 2023-10-27 13:6m:11] 76561199407766611: Spawned Entity MVS Molle Panel - Multicam Black (MVS_Pouch_Base<6e0200b0>, 100, 100, 0) at <7314.782715, 232.828125, 6974.756348>
[COT 2023-10-27 13:6m:12] 76561199407766611: Spawned Entity MVS Raid Pouch - Multicam Black (Modular_Pouch_Base_Taco<6e040510>, 100, 100, 0) at <7314.813965, 232.935043, 6974.682617>
[COT 2023-10-27 13:6m:13] 76561199407766611: Spawned Entity MVS Admin Pouch - Multicam Black (MVS_Pouch_Base<71e88490>, 100, 100, 0) at <7314.847168, 233.037079, 6974.622559>
[COT 2023-10-27 13:6m:14] 76561199407766611: Spawned Entity MVS Heavy LMG Pouch - Multicam Black (MVS_Pouch_Base<71e943d0>, 100, 100, 0) at <7314.880859, 233.141983, 6974.551758>
[COT 2023-10-27 13:6m:15] 76561199407766611: Spawned Entity MVS Utility Pouch - Multicam Black (MVS_Pouch_Base<71e66380>, 100, 100, 0) at <7314.907715, 233.246887, 6974.481934>
[COT 2023-10-27 13:6m:16] 76561199407766611: Spawned Entity MVS Medical Pouch - Multicam Black (MVS_Pouch_Base<720f3f30>, 100, 100, 0) at <7314.932129, 233.346832, 6974.413086>
[COT 2023-10-27 13:6m:16] 76561199407766611: Spawned Entity MVS Medical Pouch - Multicam Black (MVS_Pouch_Base<72108450>, 100, 100, 0) at <7314.962402, 233.448410, 6974.339844>
[COT 2023-10-27 13:6m:17] 76561199407766611: Spawned Entity MVS Medical Pouch - Multicam Black (MVS_Pouch_Base<72119010>, 100, 100, 0) at <7314.991699, 233.549988, 6974.271484>
[COT 2023-10-27 13:6m:25] 76561199407766611: Spawned Entity MVS Warrior Helmet - Multicam Black (Mich2001Helmet<7180dc70>, 100, 100, 0) at <7315.019043, 233.651566, 6974.213379>
[COT 2023-10-27 13:6m:31] 76561199407766611: Spawned Entity MVS Compact Pack 2 - Multicam Black (MountainBag_ColorBase<6de4dac0>, 100, 300, 0) at <7315.472168, 232.401901, 6974.964844>
[COT 2023-10-27 13:6m:34] 76561199407766611: Spawned Entity MVS Combat Belt - Multicam Black (Modular_Belt_Base<64f35e00>, 100, 100, 0) at <7315.204102, 233.686050, 6974.196777>
[COT 2023-10-27 13:6m:37] 76561199407766611: Spawned Entity MVS Holster - Multicam Black (PlateCarrierHolster<64f28210>, 100, 100, 0) at <7315.194336, 233.762619, 6974.155273>
[COT 2023-10-27 13:6m:40] 76561199407766611: Spawned Entity MVS Sheath - Multicam Black (NylonKnifeSheath<6a161620>, 100, 100, 0) at <7315.189941, 233.764236, 6974.154297>
[COT 2023-10-27 13:6m:42] 76561199407766611: Spawned Entity MVS Combat Pants - Multicam Black (BDUPants<6a15b680>, 100, 100, 0) at <7315.195801, 233.766174, 6974.152344>
[COT 2023-10-27 13:6m:43] 76561199407766611: Spawned Entity MVS Combat Shirt - Multicam Black (TacticalShirt_ColorBase<6a1662a0>, 100, 100, 0) at <7315.191406, 233.767960, 6974.146484>
[COT 2023-10-27 13:7m:19] 76561199407766611: Deleted Entity MVS_Heavy_Pouch_Multicam_Black:08156 at <7314.880859, 233.143738, 6974.551758>
[COT 2023-10-27 13:7m:19] 76561199407766611: Deleted Entity TreeHard_t_PiceaAbies_2s_dark:-21471989761224959412 at <7314.981934, 241.928467, 6971.937012>
[COT 2023-10-27 13:7m:19] 76561199407766611: Deleted Entity TreeHard_t_PiceaAbies_2s_dark:-21471989761224959412 at <7314.981934, 241.928467, 6971.937012>
[COT 2023-10-27 13:7m:19] 76561199407766611: Deleted Entity MVS_Molle_Panel_Multicam_Black:05680 at <7314.782715, 232.831894, 6974.756348>
[COT 2023-10-27 13:7m:19] 76561199407766611: Deleted Entity MVS_Medical_Pouch_Multicam_Black:09922 at <7314.962402, 233.446838, 6974.339844>
[COT 2023-10-27 13:7m:20] 76561199407766611: Deleted Entity TreeHard_t_PiceaAbies_2s_dark:-21471989761224959412 at <7314.981934, 241.928467, 6971.937012>
[COT 2023-10-27 13:7m:29] 76561199407766611: Spawned Entity Jungle Boots (JungleBoots_Black<6a1599d0>, 100, 150, 0) at <7315.264160, 232.282059, 6974.429688>
[COT 2023-10-27 13:7m:35] 76561199407766611: Spawned Entity Tactical Gloves (TacticalGloves_Black<6a191320>, 100, 165, 0) at <7315.253906, 232.597717, 6974.384277>
[COT 2023-10-27 13:8m:9s] 76561199407766611: Spawned Entity MVS Balaclava - Black (BalaclavaMask_ColorBase<72108450>, 100, 100, 0) at <7315.250977, 232.266403, 6974.350586>
[COT 2023-10-27 13:8m:36] 76561199407766611: Spawned Entity GCGN M82 Barret Black (GCGN_M82_Barret<66fabb80>, 100, 200, 0) at <7315.249023, 232.267670, 6974.358887>
[COT 2023-10-27 13:8m:48] 76561199407766611: Spawned Entity Barret M95 Magazine (GCGN_M82_Mag<7193a1e0>, 10, 100, 0) at <7315.239746, 232.396835, 6974.341309>
[COT 2023-10-27 13:8m:48] 76561199407766611: Spawned Entity Barret M95 Magazine (GCGN_M82_Mag<621c2470>, 10, 100, 0) at <7315.238281, 232.440567, 6974.338867>
[COT 2023-10-27 13:9m:14] 76561199407766611: Spawned Entity 50Bmg & 408 Suppressor Black (SNAFU_50bmg_Suppressor_B<6c76c210>, 10, 20, 0) at <7315.244629, 232.484299, 6974.333008>
[COT 2023-10-27 13:9m:54] 76561199407766611: Spawned Entity SNAFU AR DMR Optic 12X (SNAFU_HuntingOptic<676116e0>, 100, 50, 0) at <7315.199707, 232.251068, 6974.297363>
[COT 2023-10-27 13:10:28] 76561199407766611: Spawned Entity SNAFU Scar-H BK (Snafu_ScarH_Black_GUN<66f793f0>, 100, 200, 0) at <7315.324707, 232.392044, 6975.000488>
[COT 2023-10-27 13:10:40] 76561199407766611: Spawned Entity Trijicon (SNAFU_Trijicon<64e80b10>, 100, 50, 0) at <7315.332031, 232.478592, 6974.878418>
[COT 2023-10-27 13:11:1s] 76561199407766611: Spawned Entity SNAFU Scar AFG BK (SNAFUScar_AFG_BK<6796f370>, 100, 100, 0) at <7315.298340, 232.379242, 6974.946289>
[COT 2023-10-27 13:11:4s] 76561199407766611: Spawned Entity Universal BK ScarH SUP (Snafu_ScarH_SIL_Black<6cbe55a0>, 100, 100, 0) at <7315.288086, 232.478195, 6974.889160>
[COT 2023-10-27 13:11:24] 76561199407766611: Teleported to position <8059.560547, 26.667923, 11067.939453>
[COT 2023-10-27 13:11:33] 76561199407766611: ESP: ESP updating
[COT 2023-10-27 13:11:37] 76561199407766611: Entered the Free Camera
[COT 2023-10-27 13:11:59] 76561199407766611: Left the Free Camera
[COT 2023-10-27 13:12:8s] 76561199407766611: Spawned Entity Firewood (Firewood<71ab7330>, 1, 500, 0) at <8059.560547, 26.667923, 11067.939453>
[COT 2023-10-27 13:12:8s] 76561199407766611: Spawned Entity Firewood (Firewood<71a86310>, 1, 500, 0) at <8059.560547, 26.667923, 11067.939453>
[COT 2023-10-27 13:12:9s] 76561199407766611: Spawned Entity Firewood (Firewood<72285e00>, 1, 500, 0) at <8059.560547, 26.667923, 11067.939453>
[COT 2023-10-27 13:12:9s] 76561199407766611: Spawned Entity Firewood (Firewood<72296030>, 1, 500, 0) at <8059.560547, 26.667923, 11067.939453>
[COT 2023-10-27 13:12:13] 76561199407766611: Spawned Entity Short Stick (WoodenStick<72298670>, 5, 50, 0) at <8059.560547, 26.667923, 11067.939453>
[COT 2023-10-27 13:12:18] 76561199407766611: Spawned Entity Rag (Rag<7225fa00>, 6, 50, 0) at <8059.560547, 26.667923, 11067.939453>
[COT 2023-10-27 13:12:26] 76561199407766611: Entered the Free Camera
[COT 2023-10-27 13:12:36] 76561199407766611: Left the Free Camera
[COT 2023-10-27 13:13:21] 76561199407766611: Spawned Entity Lighter (PetrolLighter<6a173e90>, 20, 20, 0) at <8068.888184, 70.897720, 11210.466797>
[COT 2023-10-27 13:14:19] 76561199407766611: Spawned Entity Canned Bacon (TacticalBaconCan_Opened<71b4b890>, 400, 100, 0) at <8070.014160, 70.730034, 11211.677734>
[COT 2023-10-27 13:15:35] 76561199407766611: Teleported to position <8147.782715, 15.203547, 10822.281250>
[COT 2023-10-27 13:15:42] 76561199407766611: Spawned Entity Canned Bacon (TacticalBaconCan_Opened<709c6f90>, 400, 100, 0) at <8150.633789, 15.455702, 10816.700195>
[COT 2023-10-27 13:16:0s] 76561199407766611: Spawned Entity Combat Knife (CombatKnife<5fad4cd0>, 100, 150, 0) at <8140.505371, 16.035091, 10812.146484>
[COT 2023-10-27 13:16:19] 76561199407766611: Spawned Entity Fange (FangeKnife<5faced30>, 100, 130, 0) at <8156.352539, 15.182652, 10805.209961>
[COT 2023-10-27 13:17:39] 76561199407766611: Spawned Entity USG-45 (UMP45_Base<66f80290>, 100, 250, 0) at <8149.778809, 15.350897, 10858.757813>
[COT 2023-10-27 13:17:42] 76561199407766611: Spawned Entity 25rd USG-45 Mag (Mag_UMP_25Rnd<6c8f1850>, 25, 100, 0) at <8150.634277, 15.350478, 10859.183594>
[COT 2023-10-27 13:17:50] 76561199407766611: Entered the Free Camera
[COT 2023-10-27 13:18:11] 76561199407766611: Spawned Entity Canned Bacon (TacticalBaconCan_Opened<6e412be0>, 400, 100, 0) at <8145.993164, 17.187160, 10865.998047>
[COT 2023-10-27 13:18:48] 76561199407766611: Left the Free Camera
[COT 2023-10-27 13:19:2s] 76561199407766611: Entered the Free Camera
[COT 2023-10-27 13:19:23] 76561199407766611: Left the Free Camera
[COT 2023-10-27 13:20:38] 76561199407766611: Teleported to position <6800.748535, 15.766290, 11181.372070>
[COT 2023-10-27 13:20:47] 76561199407766611: Entered the Free Camera
[COT 2023-10-27 13:20:56] 76561199407766611: Left the Free Camera
