[COT 2023-10-21 23:48:4s] 76561198036774377: Healed [guid=mBNlxASsPlOcry0dpDl8K-WgHNR5WMCMmoJ9NhpU4FY=]
[COT 2023-10-21 23:51:39] 76561198036774377: Entered the Free Camera
[COT 2023-10-21 23:51:48] 76561198036774377: Left the Free Camera
[COT 2023-10-22 0h:1m:46] 76561198036774377: Teleported to position <7829.343262, 10.258842, 7578.682617>
[COT 2023-10-22 0h:1m:51] 76561198036774377: Entered the Free Camera
[COT 2023-10-22 0h:2m:40] 76561198036774377: Set Invisibility To 1 [guid=mBNlxASsPlOcry0dpDl8K-WgHNR5WMCMmoJ9NhpU4FY=]
[COT 2023-10-22 0h:2m:41] 76561198036774377: Set GodMode To true [guid=mBNlxASsPlOcry0dpDl8K-WgHNR5WMCMmoJ9NhpU4FY=]
[COT 2023-10-22 0h:3m:2s] 76561198036774377: Teleported [guid=mBNlxASsPlOcry0dpDl8K-WgHNR5WMCMmoJ9NhpU4FY=] to <7254.000000, 238.000000, 7076.000000>
[COT 2023-10-22 0h:3m:5s] 76561198036774377: Left the Free Camera
[COT 2023-10-22 0h:3m:7s] 76561198036774377: Entered the Free Camera
[COT 2023-10-22 0h:3m:14] 76561198036774377: Left the Free Camera
[COT 2023-10-22 0h:3m:55] 76561198036774377: Set Invisibility To 0 [guid=mBNlxASsPlOcry0dpDl8K-WgHNR5WMCMmoJ9NhpU4FY=]
[COT 2023-10-22 0h:3m:56] 76561198036774377: Set cannot be targeted by AI to true [guid=mBNlxASsPlOcry0dpDl8K-WgHNR5WMCMmoJ9NhpU4FY=]
[COT 2023-10-22 0h:3m:56] 76561198036774377: Set remove collision to true [guid=mBNlxASsPlOcry0dpDl8K-WgHNR5WMCMmoJ9NhpU4FY=]
[COT 2023-10-22 0h:13:52] 76561198036774377: Healed [guid=mBNlxASsPlOcry0dpDl8K-WgHNR5WMCMmoJ9NhpU4FY=]
[COT 2023-10-22 0h:14:5s] 76561198036774377: Entered the Free Camera
[COT 2023-10-22 0h:14:13] 76561198036774377: Set Invisibility To 1 [guid=mBNlxASsPlOcry0dpDl8K-WgHNR5WMCMmoJ9NhpU4FY=]
[COT 2023-10-22 0h:14:15] 76561198036774377: Set GodMode To true [guid=mBNlxASsPlOcry0dpDl8K-WgHNR5WMCMmoJ9NhpU4FY=]
[COT 2023-10-22 0h:14:18] 76561198036774377: Healed [guid=mBNlxASsPlOcry0dpDl8K-WgHNR5WMCMmoJ9NhpU4FY=]
[COT 2023-10-22 0h:19:30] 76561198036774377: Left the Free Camera
