[COT 2024-03-11 03:12:30] 76561199108250772: Set UnlimitedAmmo To true [guid=OAdpPkJP2Ps_W7h2ttR1bK23ekHCzrxw0mDT3zqLMdU=]
[COT 2024-03-11 03:12:30] 76561199108250772: Set UnlimitedStamina To true [guid=OAdpPkJP2Ps_W7h2ttR1bK23ekHCzrxw0mDT3zqLMdU=]
[COT 2024-03-11 03:12:31] 76561199108250772: Set cannot be targeted by AI to true [guid=OAdpPkJP2Ps_W7h2ttR1bK23ekHCzrxw0mDT3zqLMdU=]
[COT 2024-03-11 03:12:32] 76561199108250772: Set UnlimitedStamina To true [guid=OAdpPkJP2Ps_W7h2ttR1bK23ekHCzrxw0mDT3zqLMdU=]
[COT 2024-03-11 03:12:33] 76561199108250772: Set GodMode To true [guid=OAdpPkJP2Ps_W7h2ttR1bK23ekHCzrxw0mDT3zqLMdU=]
[COT 2024-03-11 03:13:56] 76561199108250772: Teleported to position <7560.671387, 1.451334, 10056.722656>
[COT 2024-03-11 03:17:42] 76561199108250772: Healed [guid=qOowzXYHFyJFCnpfpXlMeaeg1Yaz6p4vnVRhOWvjkp0=]
[COT 2024-03-11 03:17:53] 76561199108250772: Healed [guid=OAdpPkJP2Ps_W7h2ttR1bK23ekHCzrxw0mDT3zqLMdU=]
[COT 2024-03-11 03:17:59] 76561199108250772: Set the date to 2011/12/8 12:0
[COT 2024-03-11 03:17:59] 76561199108250772: Set rain to 0 0 0
[COT 2024-03-11 03:17:59] 76561199108250772: Set storm to 0 0.8 4000
[COT 2024-03-11 03:17:59] 76561199108250772: Set fog to 0 0 0
[COT 2024-03-11 03:17:59] 76561199108250772: Set overcast to 0 0 0
[COT 2024-03-11 03:17:59] 76561199108250772: Set wind to 0 0 1
[COT 2024-03-11 03:19:06] 76561199108250772: Set UnlimitedStamina To true [guid=qOowzXYHFyJFCnpfpXlMeaeg1Yaz6p4vnVRhOWvjkp0=]
[COT 2024-03-11 03:19:07] 76561199108250772: Set UnlimitedAmmo To true [guid=qOowzXYHFyJFCnpfpXlMeaeg1Yaz6p4vnVRhOWvjkp0=]
[COT 2024-03-11 03:19:42] 76561199108250772: ESP: Viewing ESP
[COT 2024-03-11 03:24:56] 76561199108250772: Spawned Entity M4-A1 (M4A1_Base<25aca5f0>, 100, 200, 0) at <6791.399414, 6.327137, 9858.287109>
[COT 2024-03-11 03:36:30] 76561199108250772: Healed [guid=qOowzXYHFyJFCnpfpXlMeaeg1Yaz6p4vnVRhOWvjkp0=]
[COT 2024-03-11 03:46:46] 76561199108250772: Spawned Entity #syb_zvirus_antidot_name (InjectorBase<7ccd0a0>, 100, 100, 0) at <5971.381348, 43.599819, 8559.003906>
[COT 2024-03-11 03:47:15] 76561199108250772: Healed [guid=qOowzXYHFyJFCnpfpXlMeaeg1Yaz6p4vnVRhOWvjkp0=]
[COT 2024-03-11 03:51:29] 76561199108250772: Spawned Entity Flag Pole Kit (TerritoryFlagKit<1bbb630>, 100, 200, 0) at <6017.515137, 15.811884, 7910.229004>
[COT 2024-03-11 03:55:24] 76561199108250772: Spawned Entity Wall Kit (ExpansionWallKit<7d49a60>, 100, 100, 0) at <6019.791016, 16.341951, 7911.061523>
