[COT 2023-10-22 5h:28:38] 76561198036774377: Spawned Entity 100 US-Dollar Note (ItemBase<24077b40>, 500, 100, 0) at <6509.141602, 3.700795, 8513.583984>
[COT 2023-10-22 5h:28:38] 76561198036774377: Spawned Entity 100 US-Dollar Note (ItemBase<24075e90>, 500, 100, 0) at <6509.141602, 3.700795, 8513.583984>
[COT 2023-10-22 5h:31:5s] 76561199108250772: Teleported to position <4491.272461, 4.791603, 10006.119141>
[COT 2023-10-22 5h:31:31] 76561199108250772: ESP: Viewing ESP
[COT 2023-10-22 5h:31:39] 76561199108250772: ESP target=Fence<2edefbf0> action=built part=wall_base_up required_materials=false
[COT 2023-10-22 5h:31:42] 76561199108250772: ESP target=Fence<2edefbf0> action=built part=wall_wood_up required_materials=false
[COT 2023-10-22 5h:31:48] 76561199108250772: ESP: Clearing ESP
[COT 2023-10-22 5h:32:40] 76561199108250772: Spawned Entity 100 US-Dollar Note (ItemBase<38143330>, 500, 100, 0) at <4485.083496, 4.707373, 10001.755859>
[COT 2023-10-22 5h:32:55] 76561199108250772: Teleported to <6506.261230, 3.066479, 8527.949219> [guid=mBNlxASsPlOcry0dpDl8K-WgHNR5WMCMmoJ9NhpU4FY=]
[COT 2023-10-22 5h:34:37] 76561199108250772: Spawned Entity Cooking Pot (Pot<19966060>, 2000, 200, 1) at <6503.935059, 2.982076, 8526.559570>
[COT 2023-10-22 5h:37:54] 76561199108250772: Teleported to position <4492.450684, 4.860651, 10005.850586>
[COT 2023-10-22 5h:41:2s] 76561199108250772: Spawned Entity Fence Kit (FenceKit<305c1f30>, 100, 200, 0) at <4484.747070, 4.570719, 10006.039063>
[COT 2023-10-22 5h:41:41] 76561199108250772: ESP: Viewing ESP
[COT 2023-10-22 5h:41:47] 76561199108250772: ESP target=Fence<3473edb0> action=built part=base required_materials=false
[COT 2023-10-22 5h:41:50] 76561199108250772: ESP target=Fence<3473edb0> action=built part=wall_base_down required_materials=false
[COT 2023-10-22 5h:41:52] 76561199108250772: ESP target=Fence<3473edb0> action=built part=wall_wood_down required_materials=false
[COT 2023-10-22 5h:41:54] 76561199108250772: ESP target=Fence<3473edb0> action=built part=wall_base_up required_materials=false
[COT 2023-10-22 5h:41:57] 76561199108250772: ESP target=Fence<3473edb0> action=built part=wall_gate required_materials=false
[COT 2023-10-22 5h:41:59] 76561199108250772: ESP target=Fence<3473edb0> action=built part=wall_wood_up required_materials=false
[COT 2023-10-22 5h:42:16] 76561199108250772: ESP: Clearing ESP
