[COT 2023-10-23 20:25:2s] 76561199108250772: Set GodMode To true [guid=OAdpPkJP2Ps_W7h2ttR1bK23ekHCzrxw0mDT3zqLMdU=]
[COT 2023-10-23 20:25:2s] 76561199108250772: Set cannot be targeted by AI to true [guid=OAdpPkJP2Ps_W7h2ttR1bK23ekHCzrxw0mDT3zqLMdU=]
[COT 2023-10-23 20:25:3s] 76561199108250772: Set UnlimitedStamina To true [guid=OAdpPkJP2Ps_W7h2ttR1bK23ekHCzrxw0mDT3zqLMdU=]
[COT 2023-10-23 20:25:3s] 76561199108250772: Set UnlimitedAmmo To true [guid=OAdpPkJP2Ps_W7h2ttR1bK23ekHCzrxw0mDT3zqLMdU=]
[COT 2023-10-23 20:25:11] 76561199108250772: Entered the Free Camera
[COT 2023-10-23 20:25:23] 76561199108250772: Left the Free Camera
[COT 2023-10-23 20:25:53] 76561199108250772: Spawned Entity Identifier Patch - ADMIN (Clothing<6ae2d250>, 100, 100, 0) at <6695.723145, 20.813622, 11781.343750>
[COT 2023-10-23 20:26:12] 76561199108250772: Spawned Entity MVS - Black (ModularVestSystem_Base<6e226830>, 1000, 225, 0) at <6695.882813, 20.813622, 11781.458984>
[COT 2023-10-23 20:26:31] 76561199108250772: Spawned Entity MVS Compact Pack 1 - Black (MountainBag_ColorBase<6f992480>, 1000, 300, 0) at <6695.812988, 21.198557, 11781.301758>
[COT 2023-10-23 20:26:42] 76561199108250772: Spawned Entity MVS Facemask - Black (BalaclavaMask_ColorBase<61733dd0>, 1000, 100, 0) at <6695.806641, 21.198557, 11781.298828>
[COT 2023-10-23 20:26:58] 76561199108250772: Spawned Entity MVS Patrol Cap - Black (Clothing<617406a0>, 1000, 100, 0) at <6695.813965, 21.198557, 11781.302734>
[COT 2023-10-23 20:27:3s] 76561199108250772: Spawned Entity MVS Combat Pants - Black (BDUPants<660bea30>, 1000, 100, 0) at <6695.551270, 20.813622, 11781.463867>
[COT 2023-10-23 20:27:8s] 76561199108250772: Spawned Entity MVS Combat Shirt - Black (TacticalShirt_ColorBase<68d5d1b0>, 1000, 100, 0) at <6695.539551, 21.198557, 11781.315430>
[COT 2023-10-23 20:27:16] 76561199108250772: Spawned Entity MVS Balaclava - Black (BalaclavaMask_ColorBase<6bf53f50>, 1000, 100, 0) at <6695.531250, 21.290848, 11781.271484>
[COT 2023-10-23 20:27:50] 76561199108250772: Spawned Entity Working Gloves (WorkingGloves_Black<6ab09360>, 1000, 150, 0) at <6695.583496, 21.295715, 11781.318359>
[COT 2023-10-23 20:28:41] 76561199108250772: Spawned Entity Identifier Patch - ADMIN (Clothing<6ab20850>, 100, 100, 0) at <6698.005371, 20.813622, 11781.013672>
[COT 2023-10-23 20:28:55] 76561199108250772: Entered the Free Camera
[COT 2023-10-23 20:28:57] 76561199108250772: Left the Free Camera
[COT 2023-10-23 20:29:48] 76561199108250772: Teleported to position <4409.474609, 78.922615, 8058.957031>
[COT 2023-10-23 20:30:1s] 76561199108250772: Entered the Free Camera
[COT 2023-10-23 20:31:11] 76561199108250772: Left the Free Camera
[COT 2023-10-23 20:31:18] 76561199108250772: Entered the Free Camera
[COT 2023-10-23 20:31:45] 76561199108250772: Left the Free Camera
[COT 2023-10-23 20:31:47] 76561199108250772: Entered the Free Camera
[COT 2023-10-23 20:32:10] 76561199108250772: Left the Free Camera
[COT 2023-10-23 20:32:26] 76561199108250772: Teleported to position <4181.396973, 77.973343, 8077.525879>
[COT 2023-10-23 20:32:33] 76561199108250772: Entered the Free Camera
[COT 2023-10-23 20:32:44] 76561199108250772: Left the Free Camera
[COT 2023-10-23 20:32:57] 76561199108250772: Teleported to position <3786.199219, 151.226730, 8231.544922>
[COT 2023-10-23 20:33:10] 76561199108250772: Entered the Free Camera
[COT 2023-10-23 20:33:19] 76561199108250772: Left the Free Camera
[COT 2023-10-23 20:33:39] 76561199108250772: Teleported to position <4357.581543, 76.247292, 8039.141602>
[COT 2023-10-23 20:33:42] 76561199108250772: Entered the Free Camera
[COT 2023-10-23 20:33:53] 76561199108250772: Left the Free Camera
[COT 2023-10-23 20:34:40] 76561199108250772: ESP: Viewing ESP
[COT 2023-10-23 20:34:52] 76561199108250772: ESP: Clearing ESP
[COT 2023-10-23 20:36:31] 76561199108250772: Spawned Entity Fence Kit (FenceKit<665c3a30>, 100, 200, 0) at <4267.420898, 100.938538, 8040.038086>
[COT 2023-10-23 20:36:43] 76561199108250772: Teleported to position <4493.710938, 4.890631, 10006.100586>
[COT 2023-10-23 20:37:38] 76561199108250772: Spawned Entity Universal Mk3 BK SUP (SNAFUGevar_Suppressor_Black<5ec5c390>, 100, 200, 0) at <4485.932129, 4.756312, 10000.832031>
[COT 2023-10-23 20:37:42] 76561199108250772: Spawned Entity Gevar Mk-3 10rnd Mag (SNAFUGevar_10rdMag<6e951a80>, 10, 100, 0) at <4485.937988, 4.803928, 10000.833008>
[COT 2023-10-23 20:37:54] 76561199108250772: Spawned Entity $UNT$Long Range Scope (LongrangeOptic<6a584810>, 10, 100, 0) at <4485.949219, 4.840150, 10000.831055>
[COT 2023-10-23 20:38:38] 76561199108250772: Spawned Entity SNAFU Mosin DMR Optic 12X (SNAFU_MHuntingOptic<6a587a60>, 100, 50, 0) at <4485.184570, 4.730759, 10000.730469>
[COT 2023-10-23 20:38:53] 76561199108250772: Spawned Entity Hunting Scope (HuntingOptic<6a5815c0>, 100, 50, 0) at <4485.181152, 4.730539, 10000.736328>
[COT 2023-10-23 20:39:10] 76561199108250772: Spawned Entity Universal Legion BK SUP (SNAFU_LStandardized_Suppressor_Black<6ed8c640>, 100, 20, 0) at <4485.057617, 4.724566, 10000.811523>
[COT 2023-10-23 20:39:12] 76561199108250772: Spawned Entity AK Platform Suppressor Black (SNAFU_Normalized_Suppressor_Black<6ed8cfd0>, 100, 20, 0) at <4485.063477, 4.780859, 10000.806641>
[COT 2023-10-23 20:39:51] 76561199108250772: Spawned Entity Firewood (Firewood<665cacf0>, 1, 500, 0) at <4485.160645, 4.739170, 10000.249023>
[COT 2023-10-23 20:39:52] 76561199108250772: Spawned Entity Firewood (Firewood<700e9470>, 1, 500, 0) at <4485.216797, 4.903809, 10000.329102>
[COT 2023-10-23 20:39:52] 76561199108250772: Spawned Entity Firewood (Firewood<700f8d10>, 1, 500, 0) at <4485.276855, 5.080420, 10000.416016>
[COT 2023-10-23 20:39:52] 76561199108250772: Spawned Entity Firewood (Firewood<70100960>, 1, 500, 0) at <4485.337402, 5.256121, 10000.501953>
[COT 2023-10-23 20:39:53] 76561199108250772: Spawned Entity Firewood (Firewood<700c56b0>, 1, 500, 0) at <4485.400879, 5.433227, 10000.589844>
[COT 2023-10-23 20:40:9s] 76561199108250772: Spawned Entity Paper (Paper<6df9afd0>, 100, 15, 0) at <4485.179199, 4.727042, 10000.914063>
[COT 2023-10-23 20:40:15] 76561199108250772: Spawned Entity Lighter (PetrolLighter<6df649a0>, 20, 20, 0) at <4485.196777, 4.799374, 10000.933594>
[COT 2023-10-23 20:45:44] 76561199108250772: Set the date to 2011/12/26 12:0
[COT 2023-10-23 20:45:59] 76561199108250772: Set rain to 0 0 0
[COT 2023-10-23 20:45:59] 76561199108250772: Set storm to 0 0.8 4000
[COT 2023-10-23 20:45:59] 76561199108250772: Set fog to 0 0 0
[COT 2023-10-23 20:45:59] 76561199108250772: Set overcast to 0 0 0
[COT 2023-10-23 20:45:59] 76561199108250772: Set wind to 0 0 1
[COT 2023-10-23 20:46:6s] 76561199108250772: Entered the Free Camera
[COT 2023-10-23 20:46:18] 76561199108250772: Left the Free Camera
[COT 2023-10-23 20:49:47] 76561199108250772: Entered the Free Camera
[COT 2023-10-23 20:49:57] 76561199108250772: Left the Free Camera
[COT 2023-10-23 20:51:45] 76561198036774377: Teleported to position <4061.069092, 64.015495, 9276.421875>
[COT 2023-10-23 20:52:47] 76561198036774377: Healed [guid=mBNlxASsPlOcry0dpDl8K-WgHNR5WMCMmoJ9NhpU4FY=]
[COT 2023-10-23 20:53:2s] 76561199108250772: Entered the Free Camera
[COT 2023-10-23 20:53:14] 76561199108250772: Left the Free Camera
[COT 2023-10-23 20:53:36] 76561199108250772: Entered the Free Camera
[COT 2023-10-23 20:53:48] 76561199108250772: Left the Free Camera
[COT 2023-10-23 20:57:19] 76561199108250772: Set GodMode To false [guid=OAdpPkJP2Ps_W7h2ttR1bK23ekHCzrxw0mDT3zqLMdU=]
[COT 2023-10-23 20:58:6s] 76561199108250772: Set cannot be targeted by AI to true [guid=mBNlxASsPlOcry0dpDl8K-WgHNR5WMCMmoJ9NhpU4FY=]
[COT 2023-10-23 20:58:38] 76561199108250772: Set GodMode To true [guid=OAdpPkJP2Ps_W7h2ttR1bK23ekHCzrxw0mDT3zqLMdU=]
[COT 2023-10-23 20:58:52] 76561199108250772: Entered the Free Camera
[COT 2023-10-23 20:59:3s] 76561199108250772: Left the Free Camera
[COT 2023-10-23 21:1m:11] 76561199108250772: Teleported to position <4491.615234, 4.769167, 10007.133789>
[COT 2023-10-23 21:1m:14] 76561199108250772: Entered the Free Camera
[COT 2023-10-23 21:1m:19] 76561199108250772: Left the Free Camera
[COT 2023-10-23 21:1m:56] 76561199108250772: Spawned Entity Wooden Crate (WoodenCrate<58295d80>, 100, 400, 0) at <4484.810059, 4.702646, 10001.477539>
[COT 2023-10-23 21:1m:59] 76561199108250772: Spawned Entity Wooden Crate (WoodenCrate<5828f450>, 100, 400, 0) at <4485.242676, 4.740676, 10000.325195>
[COT 2023-10-23 21:2m:15] 76561199108250772: Spawned Entity Wooden Crate (WoodenCrate<58288190>, 100, 400, 0) at <4487.636230, 4.823678, 10000.580078>
[COT 2023-10-23 21:2m:17] 76561199108250772: Spawned Entity Wooden Crate (WoodenCrate<5829d040>, 100, 400, 0) at <4487.516113, 4.784077, 10001.481445>
[COT 2023-10-23 21:2m:19] 76561199108250772: Spawned Entity Wooden Crate (WoodenCrate<6ed5a300>, 100, 400, 0) at <4487.527344, 4.746956, 10002.673828>
[COT 2023-10-23 21:3m:2s] 76561199108250772: Spawned Entity Barrel (Barrel_Red<6ade37e0>, 200000, 1300, 1) at <4486.040039, 4.707567, 10002.731445>
[COT 2023-10-23 21:3m:31] 76561199108250772: Entered the Free Camera
[COT 2023-10-23 21:3m:40] 76561199108250772: Left the Free Camera
[COT 2023-10-23 21:3m:50] 76561198036774377: Spawned Entity Mlock-91 (Glock19_Base<6416eaf0>, 100, 150, 0) at <4049.471436, 77.298973, 9206.200195>
[COT 2023-10-23 21:3m:51] 76561199108250772: Set GodMode To false [guid=OAdpPkJP2Ps_W7h2ttR1bK23ekHCzrxw0mDT3zqLMdU=]
[COT 2023-10-23 21:3m:51] 76561199108250772: Set cannot be targeted by AI to false [guid=OAdpPkJP2Ps_W7h2ttR1bK23ekHCzrxw0mDT3zqLMdU=]
[COT 2023-10-23 21:3m:52] 76561198036774377: Spawned Entity 15rd Mlock-91 Mag (Mag_Glock_15Rnd<7038ac60>, 15, 100, 0) at <4049.471436, 77.298973, 9206.200195>
[COT 2023-10-23 21:3m:52] 76561199108250772: Set UnlimitedStamina To false [guid=OAdpPkJP2Ps_W7h2ttR1bK23ekHCzrxw0mDT3zqLMdU=]
[COT 2023-10-23 21:3m:52] 76561199108250772: Set UnlimitedAmmo To false [guid=OAdpPkJP2Ps_W7h2ttR1bK23ekHCzrxw0mDT3zqLMdU=]
[COT 2023-10-23 21:3m:54] 76561199108250772: Set UnlimitedAmmo To false [guid=OAdpPkJP2Ps_W7h2ttR1bK23ekHCzrxw0mDT3zqLMdU=]
[COT 2023-10-23 21:48:47] 76561199108250772: Healed [guid=OAdpPkJP2Ps_W7h2ttR1bK23ekHCzrxw0mDT3zqLMdU=]
