[COT 2024-02-08 03:23:01] 76561199108250772: Set GodMode To true [guid=OAdpPkJP2Ps_W7h2ttR1bK23ekHCzrxw0mDT3zqLMdU=]
[COT 2024-02-08 03:23:02] 76561199108250772: Set UnlimitedStamina To true [guid=OAdpPkJP2Ps_W7h2ttR1bK23ekHCzrxw0mDT3zqLMdU=]
[COT 2024-02-08 03:23:03] 76561199108250772: Set cannot be targeted by AI to true [guid=OAdpPkJP2Ps_W7h2ttR1bK23ekHCzrxw0mDT3zqLMdU=]
[COT 2024-02-08 03:23:03] 76561199108250772: Set UnlimitedAmmo To true [guid=OAdpPkJP2Ps_W7h2ttR1bK23ekHCzrxw0mDT3zqLMdU=]
[COT 2024-02-08 03:23:16] 76561199108250772: Spawned Entity ADMIN GEAR-BLUE-TOP (DOC_ADMIN_BLUE_TOP<f40312d0>, 100, 70, 0) at <5801.458496, 7.346401, 11630.912109>
[COT 2024-02-08 03:23:20] 76561199108250772: Spawned Entity ADMIN GEAR-BLUE-BOTTOM (DOC_ADMIN_BLUE_BOTTOM<f401ac60>, 100, 130, 0) at <5801.457520, 7.523565, 11630.815430>
[COT 2024-02-08 03:25:02] 76561199108250772: Teleported to position <6782.200684, 14.900000, 11277.354492>
[COT 2024-02-08 03:25:05] 76561199108250772: Entered the Free Camera
[COT 2024-02-08 03:25:10] 76561199108250772: Left the Free Camera
[COT 2024-02-08 03:25:35] 76561199108250772: Spawned Entity Firewood (Firewood<20afa8f0>, 1, 500, 0) at <6818.422363, 15.910345, 11205.909180>
[COT 2024-02-08 03:25:36] 76561199108250772: Spawned Entity Firewood (Firewood<20afb480>, 1, 500, 0) at <6818.314453, 16.045284, 11205.941406>
[COT 2024-02-08 03:25:36] 76561199108250772: Spawned Entity Firewood (Firewood<20af8640>, 1, 500, 0) at <6818.175781, 16.218952, 11205.983398>
[COT 2024-02-08 03:25:36] 76561199108250772: Spawned Entity Firewood (Firewood<20af5800>, 1, 500, 0) at <6818.049805, 16.375988, 11206.020508>
[COT 2024-02-08 03:25:37] 76561199108250772: Spawned Entity Firewood (Firewood<20afcba0>, 1, 500, 0) at <6817.908691, 16.552599, 11206.063477>
[COT 2024-02-08 03:25:37] 76561199108250772: Spawned Entity Firewood (Firewood<20af6390>, 1, 500, 0) at <6817.789063, 16.702278, 11206.098633>
[COT 2024-02-08 03:26:39] 76561199108250772: Spawned Entity Ski Mask (BalaclavaMask_Blue<1e974a60>, 100, 100, 0) at <6818.438965, 15.910324, 11205.689453>
[COT 2024-02-08 03:26:49] 76561199108250772: Spawned Entity Fingerless Gloves (WoolGlovesFingerless_ChristmasBlue<1e973340>, 100, 100, 0) at <6818.397949, 16.049629, 11205.708008>
[COT 2024-02-08 03:27:01] 76561199108250772: Spawned Entity Paper (Paper<1e969160>, 10, 15, 0) at <6818.683594, 15.910007, 11205.511719>
[COT 2024-02-08 03:27:07] 76561199108250772: Spawned Entity Lighter (PetrolLighter<1e985450>, 20, 20, 0) at <6818.659180, 15.962992, 11205.525391>
[COT 2024-02-08 03:28:41] 76561199108250772: Spawned Entity #syb_ibuprofen_name (TabletsBase<e7a03510>, 10, 50, 0) at <6819.428711, 15.909045, 11205.210938>
[COT 2024-02-08 03:29:15] 76561199108250772: Spawned Entity #syb_adepress (TabletsBase<f9781df0>, 10, 50, 0) at <6819.392578, 15.974523, 11205.219727>
[COT 2024-02-08 03:29:22] 76561199108250772: Spawned Entity Bandage (BandageDressing<f6827890>, 4, 50, 0) at <6819.345703, 16.059229, 11205.230469>
[COT 2024-02-08 03:29:34] 76561199108250772: Spawned Entity Mountain Backpack (MountainBag_Orange<f6828fb0>, 4, 60, 0) at <6819.296875, 16.147993, 11205.242188>
[COT 2024-02-08 03:29:56] 76561199108250772: Spawned Entity #syb_tetracycline_name (TabletsBase<21a03720>, 10, 50, 0) at <6819.133301, 15.909427, 11205.257813>
[COT 2024-02-08 03:29:57] 76561199108250772: Spawned Entity #syb_tetracycline_name (TabletsBase<21a04e40>, 10, 50, 0) at <6818.066406, 15.910805, 11205.989258>
[COT 2024-02-08 03:30:36] 76561199108250772: Spawned Entity Canteen (Canteen<21412c00>, 1000, 31, 512) at <6819.347656, 15.909150, 11205.480469>
[COT 2024-02-08 03:30:54] 76561199108250772: ESP: Viewing ESP
[COT 2024-02-08 03:30:59] 76561199108250772: Entered the Free Camera
[COT 2024-02-08 03:31:09] 76561199108250772: Left the Free Camera
[COT 2024-02-08 03:31:50] 76561199108250772: Spawned Entity SK 59/66 (SKS_Base<23b54070>, 100, 82, 0) at <6818.927734, 15.909692, 11205.666992>
[COT 2024-02-08 03:32:10] 76561199108250772: Spawned Entity SK 59/66 (SKS_Base<23b57f40>, 100, 157, 0) at <6818.892578, 15.909739, 11205.583008>
[COT 2024-02-08 03:32:29] 76561199108250772: Spawned Entity Sea Chest (SeaChest<f3563160>, 100, 600, 0) at <6818.300781, 15.910502, 11206.625000>
[COT 2024-02-08 03:33:09] 76561199108250772: Spawned Entity Boxed 7.62x39mm Rounds (AmmoBox_762x39_20Rnd<f5e49dd0>, 100, 100, 0) at <6818.790039, 15.909869, 11205.974609>
[COT 2024-02-08 03:33:14] 76561199108250772: Spawned Entity Matches (Matchbox<f5e4c080>, 36, 80, 0) at <6818.802246, 15.963138, 11205.967773>
[COT 2024-02-08 03:33:38] 76561199108250772: Spawned Entity Canned Tuna (TunaCan<fcd37270>, 100, 70, 0) at <6818.675781, 15.910019, 11206.051758>
[COT 2024-02-08 03:33:38] 76561199108250772: Spawned Entity Canned Tuna (TunaCan<fcd41fe0>, 100, 70, 0) at <6818.697754, 15.980080, 11206.040039>
[COT 2024-02-08 03:33:54] 76561199108250772: Spawned Entity Short Stick (WoodenStick<f942b1a0>, 5, 50, 0) at <6818.847168, 15.909797, 11205.755859>
[COT 2024-02-08 03:34:14] 76561199108250772: Spawned Entity Firewood (Firewood<e2a32370>, 1, 500, 0) at <6818.898438, 15.909730, 11206.142578>
[COT 2024-02-08 03:34:15] 76561199108250772: Spawned Entity Firewood (Firewood<e2a2bb60>, 1, 500, 0) at <6818.898438, 15.909730, 11206.142578>
[COT 2024-02-08 03:34:15] 76561199108250772: Spawned Entity Firewood (Firewood<e2a32f00>, 1, 500, 0) at <6818.919434, 16.087284, 11206.057617>
[COT 2024-02-08 03:34:29] 76561199108250772: Entered the Free Camera
[COT 2024-02-08 03:34:56] 76561199108250772: Left the Free Camera
[COT 2024-02-08 03:37:22] 76561199108250772: Teleported [guid=zAGqTPsYriY2GPUNyXnVFu41NodFc3fdA_7JOqh0_Ok=] to <6818.686035, 15.909992, 11205.502930>
[COT 2024-02-08 03:48:43] 76561199108250772: Set the date to 2011/12/12 12:0
[COT 2024-02-08 03:49:13] 76561199108250772: Spawned Entity Firewood (Firewood<fcbae320>, 1, 500, 0) at <6818.582520, 15.910138, 11205.586914>
[COT 2024-02-08 03:49:14] 76561199108250772: Spawned Entity Firewood (Firewood<fcbb2880>, 1, 500, 0) at <6818.578125, 16.086750, 11205.518555>
[COT 2024-02-08 03:49:14] 76561199108250772: Spawned Entity Firewood (Firewood<fcbad790>, 1, 500, 0) at <6818.573242, 16.263363, 11205.451172>
[COT 2024-02-08 03:49:14] 76561199108250772: Spawned Entity Firewood (Firewood<fcbb4b30>, 1, 500, 0) at <6818.568848, 16.439976, 11205.383789>
[COT 2024-02-08 03:49:52] 76561199108250772: Spawned Entity #syb_topoizomeraza_name (InjectorBase<fcbcdfe0>, 100, 100, 0) at <6820.476074, 15.907693, 11205.716797>
[COT 2024-02-08 03:49:59] 76561199108250772: Spawned Entity #syb_zvirus_antidot_name (InjectorBase<f95f6640>, 100, 100, 0) at <6820.466797, 15.978371, 11205.681641>
[COT 2024-02-08 03:50:33] 76561199108250772: Set BloodyHands To false [guid=zAGqTPsYriY2GPUNyXnVFu41NodFc3fdA_7JOqh0_Ok=]
[COT 2024-02-08 03:51:14] 76561199108250772: ESP: Clearing ESP
[COT 2024-02-08 03:53:06] 76561199108250772: Spawned Entity #syb_syringe_empty_name (SyringeEmpty<f3a61bb0>, 100, 50, 0) at <6826.372070, 15.900076, 11198.357422>
[COT 2024-02-08 03:53:13] 76561199108250772: Spawned Entity Alcoholic Tincture (DisinfectantAlcohol<f3a5ed70>, 200, 30, 0) at <6826.370117, 15.923223, 11198.349609>
[COT 2024-02-08 03:54:04] 76561199108250772: Entered the Free Camera
[COT 2024-02-08 03:54:11] 76561199108250772: Left the Free Camera
[COT 2024-02-08 03:56:22] 76561199108250772: Spawned Entity Canned Baked Beans (BakedBeansCan<fd779a50>, 400, 100, 0) at <6820.372070, 15.907827, 11206.066406>
[COT 2024-02-08 04:01:16] 76561199108250772: Spawned Entity Cooking Pot (Pot<fd7c62b0>, 2000, 200, 512) at <6819.257324, 15.909266, 11205.428711>
[COT 2024-02-08 04:02:29] 76561199108250772: ESP: Viewing ESP
[COT 2024-02-08 04:02:35] 76561199108250772: ESP index=0 target=ZmbM_ClerkFat_Grey:741 position=<6830.349121, 14.962163, 11192.844727> action=delete
[COT 2024-02-08 04:02:35] 76561199108250772: ESP index=1 target=ZmbF_MilkMaidOld_Black:501 position=<6821.078613, 15.077217, 11196.348633> action=delete
[COT 2024-02-08 04:02:35] 76561199108250772: ESP action=delete_all count=2 attempted=2
[COT 2024-02-08 04:02:53] 76561199108250772: ESP index=0 target=ZmbF_CitizenANormal_Brown:740 position=<6807.529297, 15.964418, 11206.540039> action=delete
[COT 2024-02-08 04:02:53] 76561199108250772: ESP index=1 target=ZmbF_Clerk_Normal_White:737 position=<6816.404785, 15.053194, 11198.689453> action=delete
[COT 2024-02-08 04:02:53] 76561199108250772: ESP index=2 target=ZmbF_CitizenBSkinny:605 position=<6812.443848, 15.030904, 11200.071289> action=delete
[COT 2024-02-08 04:02:53] 76561199108250772: ESP index=3 target=ZmbF_ShortSkirt_checks:585 position=<6804.412109, 15.903681, 11207.319336> action=delete
[COT 2024-02-08 04:02:53] 76561199108250772: ESP index=4 target=ZmbM_ClerkFat_Grey:581 position=<6807.159668, 15.964895, 11206.604492> action=delete
[COT 2024-02-08 04:02:53] 76561199108250772: ESP action=delete_all count=5 attempted=5
[COT 2024-02-08 04:03:08] 76561199108250772: ESP index=0 target=ZmbM_Jacket_blue:757 position=<6789.009277, 14.922089, 11154.616211> action=delete
[COT 2024-02-08 04:03:08] 76561199108250772: ESP index=1 target=ZmbM_FishermanOld_Green:752 position=<6812.956055, 15.868479, 11180.248047> action=delete
[COT 2024-02-08 04:03:08] 76561199108250772: ESP action=delete_all count=2 attempted=2
[COT 2024-02-08 04:03:19] 76561199108250772: ESP index=0 target=ZmbF_JournalistNormal_White:739 position=<6816.431641, 15.952917, 11209.821289> action=delete
[COT 2024-02-08 04:03:19] 76561199108250772: ESP index=1 target=ZmbF_Clerk_Normal_Green:598 position=<6816.930664, 15.952272, 11210.420898> action=delete
[COT 2024-02-08 04:03:19] 76561199108250772: ESP index=2 target=ZmbF_JoggerSkinny_Red:593 position=<6818.131836, 15.950722, 11208.081055> action=delete
[COT 2024-02-08 04:03:19] 76561199108250772: ESP index=3 target=ZmbM_HermitSkinny_Black:586 position=<6806.341797, 14.910001, 11213.366211> action=delete
[COT 2024-02-08 04:03:19] 76561199108250772: ESP action=delete_all count=4 attempted=4
[COT 2024-02-08 04:03:24] 76561199108250772: ESP index=0 target=ZmbM_FarmerFat_Brown:592 position=<6821.304688, 15.946622, 11209.130859> action=delete
[COT 2024-02-08 04:03:24] 76561199108250772: ESP index=1 target=ZmbF_Clerk_Normal_White:511 position=<6821.094727, 15.946894, 11205.306641> action=delete
[COT 2024-02-08 04:03:24] 76561199108250772: ESP action=delete_all count=2 attempted=2
[COT 2024-02-08 04:03:28] 76561199108250772: ESP index=0 target=ZmbM_FarmerFat_Beige:750 position=<6785.250977, 14.941230, 11157.993164> action=delete
[COT 2024-02-08 04:03:28] 76561199108250772: ESP index=1 target=ZmbF_SurvivorNormal_Red:513 position=<6782.210449, 14.982281, 11156.936523> action=delete
[COT 2024-02-08 04:03:28] 76561199108250772: ESP index=2 target=ZmbM_CommercialPilotOld_Brown:516 position=<6771.568359, 14.982265, 11166.346680> action=delete
[COT 2024-02-08 04:03:28] 76561199108250772: ESP action=delete_all count=3 attempted=3
[COT 2024-02-08 04:03:44] 76561199108250772: ESP: Clearing ESP
[COT 2024-02-08 04:05:15] 76561199108250772: Spawned Entity Multivitamin Pills (VitaminBottle<f5afd090>, 50, 50, 0) at <6818.100586, 15.910763, 11206.553711>
[COT 2024-02-08 04:06:09] 76561199108250772: Healed [guid=zAGqTPsYriY2GPUNyXnVFu41NodFc3fdA_7JOqh0_Ok=]
[COT 2024-02-08 04:08:10] 76561199108250772: Spawned Entity Firewood (Firewood<ff6bcfc0>, 1, 500, 0) at <6820.272461, 15.907956, 11206.190430>
[COT 2024-02-08 04:08:10] 76561199108250772: Spawned Entity Firewood (Firewood<ff6bdb50>, 1, 500, 0) at <6820.231934, 16.070309, 11206.069336>
[COT 2024-02-08 04:08:11] 76561199108250772: Spawned Entity Firewood (Firewood<ff6b7340>, 1, 500, 0) at <6820.190918, 16.235683, 11205.945313>
[COT 2024-02-08 04:08:11] 76561199108250772: Spawned Entity Firewood (Firewood<ff6bf270>, 1, 500, 0) at <6820.151367, 16.397207, 11205.824219>
[COT 2024-02-08 04:08:12] 76561199108250772: Spawned Entity Firewood (Firewood<ff6c20b0>, 1, 500, 0) at <6820.116211, 16.539318, 11205.718750>
[COT 2024-02-08 04:08:12] 76561199108250772: Spawned Entity Firewood (Firewood<ff6be6e0>, 1, 500, 0) at <6820.072266, 16.715931, 11205.586914>
[COT 2024-02-08 04:09:54] 76561199108250772: Spawned Entity Doc's Personal Sidearm - ADMIN EDITION (DOC_ADMIN_DOC_BOCCHIGLOCK<108492a0>, 100, 3000, 0) at <6818.200195, 15.910630, 11205.494141>
