[COT 2023-10-23 22:5m:53] 76561198036774377: Healed [guid=mBNlxASsPlOcry0dpDl8K-WgHNR5WMCMmoJ9NhpU4FY=]
[COT 2023-10-23 23:44:21] 76561198036774377: Teleported to <7944.254395, 2.510466, 10110.928711> [guid=1rtF31CY_ylaM4ZeHGABZT5SCHMlhrUezEmu1ebFzAw=]
[COT 2023-10-23 23:44:43] 76561198036774377: Spawned Entity Firewood (Firewood<df2f3450>, 1, 500, 0) at <7945.071289, 2.606295, 10109.908203>
[COT 2023-10-23 23:44:43] 76561198036774377: Spawned Entity Firewood (Firewood<df2efaf0>, 1, 500, 0) at <7945.063477, 2.782907, 10109.863281>
[COT 2023-10-23 23:44:44] 76561198036774377: Spawned Entity Firewood (Firewood<e969ea50>, 1, 500, 0) at <7945.054199, 2.959519, 10109.818359>
[COT 2023-10-23 23:44:44] 76561198036774377: Spawned Entity Firewood (Firewood<f1c52480>, 1, 500, 0) at <7945.044922, 3.136130, 10109.775391>
[COT 2023-10-23 23:44:44] 76561198036774377: Spawned Entity Firewood (Firewood<f1c2d3a0>, 1, 500, 0) at <7945.036133, 3.312742, 10109.731445>
[COT 2023-10-23 23:44:44] 76561198036774377: Spawned Entity Firewood (Firewood<efddddd0>, 1, 500, 0) at <7945.028809, 3.489353, 10109.688477>
[COT 2023-10-23 23:50:59] 76561198036774377: Healed [guid=mBNlxASsPlOcry0dpDl8K-WgHNR5WMCMmoJ9NhpU4FY=]
[COT 2023-10-23 23:52:10] 76561198036774377: Healed [guid=s6p4haLQuJyz0cTyZhAzHp_4kMp6NEX2rKfdZk6LuGI=]
[COT 2023-10-24 0h:12:30] 76561199108250772: Spawned Entity Blood Collection Kit (BloodBagEmpty<ea627050>, 500, 20, 3) at <6509.192383, 3.700858, 8514.682617>
[COT 2023-10-24 0h:13:55] 76561198036774377: Teleported [guid=1rtF31CY_ylaM4ZeHGABZT5SCHMlhrUezEmu1ebFzAw=] to <6505.591797, 3.165108, 8523.839844>
[COT 2023-10-24 0h:18:17] 76561199108250772: Spawned Entity Blood Collection Kit (BloodBagEmpty<f2169ca0>, 500, 20, 3) at <6501.614258, 2.862988, 8534.919922>
[COT 2023-10-24 0h:18:31] 76561199108250772: Spawned Entity IV Start Kit (StartKitIV<f2352fb0>, 500, 20, 0) at <6501.621094, 2.932263, 8534.911133>
[COT 2023-10-24 1h:33:0s] 76561199108250772: Spawned Entity 338 (SNAFU_Ammo_338<a0435580>, 40, 100, 0) at <7278.338867, 242.852829, 7051.329590>
[COT 2023-10-24 1h:36:53] 76561198036774377: Teleported [guid=kISAWmkIbCgOizbUx2CRjImrOxmam2iziW_16QrunjA=] to <7270.005371, 239.504990, 7062.226563>
[COT 2023-10-24 1h:45:34] 76561199108250772: Teleported [guid=Wzy9-i_cgozd3AtiPGeDiPs6j9tHWluwI6ggAhe7Q-Q=] to <7273.465820, 239.504990, 7061.684082>
[COT 2023-10-24 1h:47:0s] 76561199108250772: ESP: Viewing ESP
[COT 2023-10-24 1h:47:13] 76561199108250772: ESP: Clearing ESP
[COT 2023-10-24 1h:53:7s] 76561199108250772: Spawned Entity Anadyr province map (dzn_map_namalsk<e516a020>, 100, 100, 0) at <7272.137207, 239.504990, 7065.547852>
[COT 2023-10-24 1h:53:11] 76561199108250772: Spawned Entity Anadyr province map (dzn_map_namalsk<e517c890>, 100, 100, 0) at <7273.619141, 239.504990, 7064.079102>
[COT 2023-10-24 1h:53:14] 76561199108250772: Spawned Entity Anadyr province map (dzn_map_namalsk<f2578a30>, 100, 100, 0) at <7270.196777, 239.504990, 7060.988770>
[COT 2023-10-24 1h:53:17] 76561199108250772: Spawned Entity Anadyr province map (dzn_map_namalsk<f256f130>, 100, 100, 0) at <7271.102051, 239.504990, 7064.187500>
[COT 2023-10-24 1h:53:55] 76561199108250772: Spawned Entity Anadyr province map (dzn_map_namalsk<e3eef2f0>, 100, 100, 0) at <7269.616211, 239.504990, 7061.848633>
[COT 2023-10-24 1h:56:39] 76561199108250772: Spawned Entity Blue Collar Boys Flag (BlueCollarBoysFlag<eaaea000>, 100, 100, 0) at <7270.453125, 239.504990, 7064.898926>
[COT 2023-10-24 1h:57:45] 76561199108250772: Spawned Entity Blue Collar Boys Flag (BlueCollarBoysFlag<f21969d0>, 100, 100, 0) at <7273.307129, 239.505005, 7051.596191>
[COT 2023-10-24 1h:59:1s] 76561199108250772: Spawned Entity Short Stick (WoodenStick<ea9c8690>, 5, 50, 0) at <7274.753418, 239.504990, 7060.377930>
[COT 2023-10-24 2h:4m:32] 76561198036774377: Set rain to 0.117666 0 0
[COT 2023-10-24 2h:4m:32] 76561198036774377: Set storm to 0.0138453 0.8 4000
[COT 2023-10-24 2h:4m:32] 76561198036774377: Set fog to 0.235332 0 0
[COT 2023-10-24 2h:4m:32] 76561198036774377: Set overcast to 0.382239 0 0
[COT 2023-10-24 2h:4m:32] 76561198036774377: Set the date to 2011/12/30 3:21
[COT 2023-10-24 2h:4m:32] 76561198036774377: Set wind to 0.0375 0.0375 1
[COT 2023-10-24 2h:4m:36] 76561198036774377: Set rain to 0.117666 0 0
[COT 2023-10-24 2h:4m:36] 76561198036774377: Set storm to 0.0138453 0.8 4000
[COT 2023-10-24 2h:4m:36] 76561198036774377: Set fog to 0.235332 0 0
[COT 2023-10-24 2h:4m:36] 76561198036774377: Set overcast to 0.382239 0 0
[COT 2023-10-24 2h:4m:36] 76561198036774377: Set the date to 2011/12/30 3:50
[COT 2023-10-24 2h:4m:36] 76561198036774377: Set wind to 0.0375 0.0375 1
[COT 2023-10-24 2h:4m:40] 76561198036774377: Set rain to 0.117666 0 0
[COT 2023-10-24 2h:4m:40] 76561198036774377: Set storm to 0.0138453 0.8 4000
[COT 2023-10-24 2h:4m:40] 76561198036774377: Set fog to 0.235332 0 0
[COT 2023-10-24 2h:4m:40] 76561198036774377: Set overcast to 0.382239 0 0
[COT 2023-10-24 2h:4m:40] 76561198036774377: Set the date to 2011/12/30 4:33
[COT 2023-10-24 2h:4m:40] 76561198036774377: Set wind to 0.0375 0.0375 1
[COT 2023-10-24 2h:7m:42] 76561198036774377: Set rain to 0.0717486 0 0
[COT 2023-10-24 2h:7m:42] 76561198036774377: Set storm to 0.00514786 0.8 4000
[COT 2023-10-24 2h:7m:42] 76561198036774377: Set fog to 0.285147 0 0
[COT 2023-10-24 2h:7m:42] 76561198036774377: Set overcast to 0.39994 0 0
[COT 2023-10-24 2h:7m:42] 76561198036774377: Set the date to 2011/12/30 6:42
[COT 2023-10-24 2h:7m:42] 76561198036774377: Set wind to 1.125 1.125 1
[COT 2023-10-24 2h:17:7s] 76561199108250772: Entered the Free Camera
[COT 2023-10-24 2h:17:21] 76561199108250772: Left the Free Camera
[COT 2023-10-24 2h:25:0s] 76561199108250772: Spawned Entity Firewood (Firewood<ecbeee30>, 1, 500, 0) at <7031.016602, 53.647316, 5801.929688>
[COT 2023-10-24 2h:25:2s] 76561199108250772: Spawned Entity Firewood (Firewood<ecbef7c0>, 1, 500, 0) at <7030.906738, 53.712002, 5801.869629>
[COT 2023-10-24 2h:25:3s] 76561199108250772: Spawned Entity Firewood (Firewood<ecbeab40>, 1, 500, 0) at <7030.710449, 53.838943, 5801.761230>
[COT 2023-10-24 2h:58:37] 76561199108250772: Teleported [guid=s6p4haLQuJyz0cTyZhAzHp_4kMp6NEX2rKfdZk6LuGI=] to <5770.610840, 40.972939, 5871.970703>
[COT 2023-10-24 3h:16:3s] 76561199108250772: Spawned Entity Boxed .308 WIN Rounds (AmmoBox_308Win_20Rnd<e42c1330>, 100, 100, 0) at <4900.078613, 47.910381, 6704.637695>
[COT 2023-10-24 3h:16:57] 76561199108250772: Spawned Entity Boxed .308 WIN Rounds (AmmoBox_308Win_20Rnd<ecbe5ec0>, 100, 100, 0) at <4901.273438, 47.909798, 6704.407227>
[COT 2023-10-24 3h:19:40] 76561199108250772: Teleported [guid=kISAWmkIbCgOizbUx2CRjImrOxmam2iziW_16QrunjA=] to <4957.923340, 45.944504, 6674.580078>
[COT 2023-10-24 3h:20:59] 76561199108250772: Spawned Entity Mountain Backpack (MountainBag_ColorBase<eaabef80>, 100, 150, 0) at <4952.869629, 45.659988, 6664.702148>
[COT 2023-10-24 3h:21:6s] 76561199108250772: Teleported [guid=kISAWmkIbCgOizbUx2CRjImrOxmam2iziW_16QrunjA=] to <4954.994629, 45.829571, 6667.621582>
[COT 2023-10-24 3h:21:55] 76561199108250772: Healed [guid=n8P9_1CMnxZlUDcS-0g3aYMB1s0dwlwq3mZVCQmL1qw=]
[COT 2023-10-24 3h:21:58] 76561199108250772: Healed [guid=1rtF31CY_ylaM4ZeHGABZT5SCHMlhrUezEmu1ebFzAw=]
[COT 2023-10-24 3h:22:0s] 76561199108250772: Healed [guid=dvK0HKNESmnQBU-4dUNtgAHvVaLufTKV9EIGrom57vY=]
[COT 2023-10-24 3h:22:3s] 76561199108250772: Healed [guid=s6p4haLQuJyz0cTyZhAzHp_4kMp6NEX2rKfdZk6LuGI=]
[COT 2023-10-24 3h:22:5s] 76561199108250772: Healed [guid=kISAWmkIbCgOizbUx2CRjImrOxmam2iziW_16QrunjA=]
[COT 2023-10-24 3h:22:28] 76561199108250772: Healed [guid=OAdpPkJP2Ps_W7h2ttR1bK23ekHCzrxw0mDT3zqLMdU=]
[COT 2023-10-24 3h:23:40] 76561199108250772: Spawned Entity Firewood (Firewood<f0569910>, 1, 500, 0) at <4940.964844, 45.982224, 6677.750000>
[COT 2023-10-24 3h:23:40] 76561199108250772: Spawned Entity Firewood (Firewood<eb0242d0>, 1, 500, 0) at <4940.850098, 46.074863, 6677.767090>
[COT 2023-10-24 3h:23:40] 76561199108250772: Spawned Entity Firewood (Firewood<fa0a9640>, 1, 500, 0) at <4940.630371, 46.251408, 6677.801270>
[COT 2023-10-24 3h:23:40] 76561199108250772: Spawned Entity Firewood (Firewood<f3622ba0>, 1, 500, 0) at <4940.630371, 46.251400, 6677.800781>
[COT 2023-10-24 3h:24:41] 76561199108250772: Spawned Entity Signal Pistol (Flaregun<dc74f2c0>, 100, 150, 0) at <4941.484375, 45.978130, 6677.560059>
[COT 2023-10-24 3h:24:43] 76561199108250772: Spawned Entity Flare (Ammo_Flare<f01c5680>, 20, 100, 0) at <4941.488770, 46.032917, 6677.592773>
[COT 2023-10-24 3h:27:44] 76561199108250772: Spawned Entity Mosin 91/30 (Mosin9130<e62ce530>, 100, 250, 0) at <4940.344727, 45.985252, 6677.159668>
[COT 2023-10-24 3h:35:52] 76561199108250772: Spawned Entity Flare (Ammo_Flare<ed0ca9e0>, 20, 100, 0) at <3944.558594, 52.944645, 7466.546875>
[COT 2023-10-24 3h:35:52] 76561199108250772: Spawned Entity Flare (Ammo_Flare<ed0cbd00>, 20, 100, 0) at <3944.564941, 52.952263, 7466.551270>
[COT 2023-10-24 3h:37:40] 76561199108250772: Set GodMode To true [guid=OAdpPkJP2Ps_W7h2ttR1bK23ekHCzrxw0mDT3zqLMdU=]
[COT 2023-10-24 3h:37:45] 76561199108250772: Set Invisibility To 1 [guid=OAdpPkJP2Ps_W7h2ttR1bK23ekHCzrxw0mDT3zqLMdU=]
[COT 2023-10-24 3h:56:4s] 76561199108250772: Entered the Free Camera
[COT 2023-10-24 3h:56:26] 76561199108250772: Left the Free Camera
[COT 2023-10-24 3h:57:13] 76561199108250772: Entered the Free Camera
[COT 2023-10-24 3h:57:20] 76561199108250772: Left the Free Camera
[COT 2023-10-24 3h:57:29] 76561199108250772: Set Invisibility To 0 [guid=OAdpPkJP2Ps_W7h2ttR1bK23ekHCzrxw0mDT3zqLMdU=]
