[COT 2023-10-21 22:3m:42] 76561198036774377: Set Invisibility To 1 [guid=mBNlxASsPlOcry0dpDl8K-WgHNR5WMCMmoJ9NhpU4FY=]
[COT 2023-10-21 22:3m:42] 76561198036774377: Set GodMode To true [guid=mBNlxASsPlOcry0dpDl8K-WgHNR5WMCMmoJ9NhpU4FY=]
[COT 2023-10-21 22:3m:42] 76561198036774377: Set GodMode To false [guid=mBNlxASsPlOcry0dpDl8K-WgHNR5WMCMmoJ9NhpU4FY=]
[COT 2023-10-21 22:3m:43] 76561199108250772: Set the date to 2011/12/1 12:0
[COT 2023-10-21 22:3m:43] 76561198036774377: Set GodMode To true [guid=mBNlxASsPlOcry0dpDl8K-WgHNR5WMCMmoJ9NhpU4FY=]
[COT 2023-10-21 22:3m:45] 76561198036774377: Set UnlimitedAmmo To true [guid=mBNlxASsPlOcry0dpDl8K-WgHNR5WMCMmoJ9NhpU4FY=]
[COT 2023-10-21 22:3m:46] 76561198036774377: Set UnlimitedStamina To true [guid=mBNlxASsPlOcry0dpDl8K-WgHNR5WMCMmoJ9NhpU4FY=]
[COT 2023-10-21 22:3m:46] 76561199108250772: Entered the Free Camera
[COT 2023-10-21 22:3m:47] 76561198036774377: Healed [guid=mBNlxASsPlOcry0dpDl8K-WgHNR5WMCMmoJ9NhpU4FY=]
[COT 2023-10-21 22:4m:0s] 76561199108250772: Left the Free Camera
[COT 2023-10-21 22:4m:7s] 76561199108250772: Set GodMode To true [guid=OAdpPkJP2Ps_W7h2ttR1bK23ekHCzrxw0mDT3zqLMdU=]
[COT 2023-10-21 22:4m:8s] 76561199108250772: Set cannot be targeted by AI to true [guid=OAdpPkJP2Ps_W7h2ttR1bK23ekHCzrxw0mDT3zqLMdU=]
[COT 2023-10-21 22:4m:9s] 76561199108250772: Set UnlimitedStamina To true [guid=OAdpPkJP2Ps_W7h2ttR1bK23ekHCzrxw0mDT3zqLMdU=]
[COT 2023-10-21 22:4m:9s] 76561199108250772: Set UnlimitedAmmo To true [guid=OAdpPkJP2Ps_W7h2ttR1bK23ekHCzrxw0mDT3zqLMdU=]
[COT 2023-10-21 22:4m:12] 76561198036774377: Teleported to <4457.017578, 15.002404, 11010.486328> [guid=OAdpPkJP2Ps_W7h2ttR1bK23ekHCzrxw0mDT3zqLMdU=]
[COT 2023-10-21 22:4m:37] 76561198036774377: Spawned Entity MK II (MKII_Base<ead8a200>, 100, 120, 0) at <4460.583984, 14.989990, 11011.925781>
[COT 2023-10-21 22:4m:37] 76561198036774377: Spawned Entity MK II (MKII_Base<ead931d0>, 100, 120, 0) at <4460.488770, 15.028200, 11011.893555>
[COT 2023-10-21 22:4m:40] 76561198036774377: Spawned Entity 10rd MK II Mag (Mag_MKII_10Rnd<35629ed0>, 10, 100, 0) at <4460.375488, 15.075239, 11011.850586>
[COT 2023-10-21 22:4m:40] 76561198036774377: Spawned Entity 10rd MK II Mag (Mag_MKII_10Rnd<3562b2f0>, 10, 100, 0) at <4460.363281, 15.080024, 11011.845703>
[COT 2023-10-21 22:4m:42] 76561199108250772: Spawned Entity Hunter Pants (HunterPants_Winter<3562c710>, 100, 150, 0) at <4462.006348, 14.989950, 11013.286133>
[COT 2023-10-21 22:4m:44] 76561199108250772: Spawned Entity Hunter Jacket (HuntingJacket_Winter<3562d120>, 100, 150, 0) at <4461.900391, 15.161967, 11013.180664>
[COT 2023-10-21 22:4m:51] 76561199108250772: Spawned Entity Ski Mask (BalaclavaMask_Blue<356294c0>, 100, 100, 0) at <4461.853027, 15.287136, 11013.117188>
[COT 2023-10-21 22:5m:11] 76561199108250772: Spawned Entity Working Gloves (WorkingGloves_Black<3562db30>, 100, 150, 0) at <4462.537598, 14.989999, 11014.051758>
[COT 2023-10-21 22:5m:13] 76561198036774377: Set Invisibility To 0 [guid=mBNlxASsPlOcry0dpDl8K-WgHNR5WMCMmoJ9NhpU4FY=]
[COT 2023-10-21 22:5m:15] 76561198036774377: Set cannot be targeted by AI to true [guid=mBNlxASsPlOcry0dpDl8K-WgHNR5WMCMmoJ9NhpU4FY=]
[COT 2023-10-21 22:7m:41] 76561199108250772: Teleported to position <5761.519043, 24.087170, 9749.360352>
[COT 2023-10-21 22:8m:15] 76561199108250772: Teleported to position <4184.052734, 390.322968, 6634.622070>
[COT 2023-10-21 22:8m:28] 76561198036774377: Teleported to <4188.054199, 390.435333, 6647.750488> [guid=OAdpPkJP2Ps_W7h2ttR1bK23ekHCzrxw0mDT3zqLMdU=]
[COT 2023-10-21 22:10:17] 76561199108250772: Teleported to position <2566.166992, 144.099686, 6076.723633>
[COT 2023-10-21 22:10:24] 76561198036774377: Teleported to position <2882.526611, 290.151703, 6352.835938>
[COT 2023-10-21 22:10:27] 76561198036774377: Entered the Free Camera
[COT 2023-10-21 22:10:33] 76561199108250772: Entered the Free Camera
[COT 2023-10-21 22:10:40] 76561198036774377: Left the Free Camera
[COT 2023-10-21 22:10:46] 76561199108250772: Left the Free Camera
[COT 2023-10-21 22:10:54] 76561199108250772: Teleported to <3428.491455, 216.003143, 6737.063477> [guid=mBNlxASsPlOcry0dpDl8K-WgHNR5WMCMmoJ9NhpU4FY=]
[COT 2023-10-21 22:12:28] 76561198036774377: ESP: Viewing ESP
[COT 2023-10-21 22:12:50] 76561199108250772: ESP: Viewing ESP
[COT 2023-10-21 22:13:9s] 76561199108250772: Teleported to position <1215.758423, 2.000000, 11844.291992>
[COT 2023-10-21 22:13:14] 76561199108250772: ESP: Clearing ESP
[COT 2023-10-21 22:13:14] 76561199108250772: ESP: Viewing ESP
[COT 2023-10-21 22:13:48] 76561199108250772: Teleported to position <11944.473633, 2.420382, 12022.605469>
[COT 2023-10-21 22:13:53] 76561199108250772: ESP: Clearing ESP
[COT 2023-10-21 22:13:53] 76561199108250772: ESP: Viewing ESP
[COT 2023-10-21 22:13:58] 76561199108250772: ESP: Clearing ESP
[COT 2023-10-21 22:13:59] 76561199108250772: ESP: Viewing ESP
[COT 2023-10-21 22:14:1s] 76561199108250772: ESP: Clearing ESP
[COT 2023-10-21 22:14:1s] 76561199108250772: ESP: Viewing ESP
[COT 2023-10-21 22:14:11] 76561199108250772: Entered the Free Camera
