[COT 2023-10-22 4h:41:58] 76561199108250772: Teleported to position <6488.777832, 8.679298, 8860.136719>
[COT 2023-10-22 4h:42:10] 76561199108250772: Entered the Free Camera
[COT 2023-10-22 4h:42:28] 76561199108250772: Left the Free Camera
[COT 2023-10-22 4h:51:7s] 76561199108250772: Teleported to position <8168.166992, 15.025544, 10912.620117>
[COT 2023-10-22 4h:51:8s] 76561199108250772: Teleported to position <8168.166992, 15.025544, 10912.620117>
[COT 2023-10-22 4h:51:16] 76561199108250772: Entered the Free Camera
[COT 2023-10-22 4h:51:38] 76561199108250772: Left the Free Camera
[COT 2023-10-22 4h:51:47] 76561199108250772: Entered the Free Camera
[COT 2023-10-22 4h:51:54] 76561199108250772: Left the Free Camera
[COT 2023-10-22 4h:52:48] 76561199108250772: Entered the Free Camera
[COT 2023-10-22 4h:53:12] 76561199108250772: Left the Free Camera
[COT 2023-10-22 4h:54:4s] 76561199108250772: Teleported to position <4478.877441, 4.398684, 10005.541992>
[COT 2023-10-22 4h:54:31] 76561199108250772: Spawned Entity Fence Kit (FenceKit<34919d80>, 100, 200, 0) at <4485.403320, 4.696977, 10002.583008>
[COT 2023-10-22 4h:54:57] 76561199108250772: ESP: Viewing ESP
[COT 2023-10-22 4h:55:2s] 76561199108250772: ESP target=Fence<37a3db80> action=built part=base required_materials=false
[COT 2023-10-22 4h:55:3s] 76561199108250772: ESP target=Fence<37a3db80> action=built part=wall_base_down required_materials=false
[COT 2023-10-22 4h:55:6s] 76561199108250772: ESP target=Fence<37a3db80> action=built part=wall_base_up required_materials=false
[COT 2023-10-22 4h:55:8s] 76561199108250772: ESP target=Fence<37a3db80> action=built part=wall_wood_down required_materials=false
[COT 2023-10-22 4h:55:10] 76561199108250772: ESP target=Fence<37a3db80> action=built part=wall_gate required_materials=false
[COT 2023-10-22 4h:55:12] 76561199108250772: ESP target=Fence<37a3db80> action=built part=wall_wood_up required_materials=false
[COT 2023-10-22 4h:55:29] 76561199108250772: ESP: Clearing ESP
[COT 2023-10-22 4h:55:39] 76561199108250772: Spawned Entity CodeLock (CodeLock<37e03970>, 100, 1500, 0) at <4485.389648, 4.708984, 10002.199219>
[COT 2023-10-22 4h:56:29] 76561199108250772: ESP: Viewing ESP
[COT 2023-10-22 4h:57:19] 76561199108250772: ESP: Clearing ESP
