[COT 2023-10-22 11:39:3s] 76561198036774377: Spawned Entity 100 US-Dollar Note (ItemBase<a5a382a0>, 500, 100, 0) at <6509.090820, 3.700797, 8513.353516>
[COT 2023-10-22 11:39:3s] 76561198036774377: Spawned Entity 100 US-Dollar Note (ItemBase<a5a36f80>, 500, 100, 0) at <6509.090820, 3.700797, 8513.353516>
[COT 2023-10-22 11:39:3s] 76561198036774377: Spawned Entity 100 US-Dollar Note (ItemBase<a5a37910>, 500, 100, 0) at <6509.090820, 3.700797, 8513.353516>
[COT 2023-10-22 11:39:3s] 76561198036774377: Spawned Entity 100 US-Dollar Note (ItemBase<a5a38c30>, 500, 100, 0) at <6509.090820, 3.700797, 8513.353516>
[COT 2023-10-22 11:39:4s] 76561198036774377: Spawned Entity 100 US-Dollar Note (ItemBase<a5a395c0>, 500, 100, 0) at <6509.090820, 3.700797, 8513.353516>
[COT 2023-10-22 11:39:4s] 76561198036774377: Spawned Entity 100 US-Dollar Note (ItemBase<a5a3a8e0>, 500, 100, 0) at <6509.090820, 3.700797, 8513.353516>
[COT 2023-10-22 11:39:4s] 76561198036774377: Spawned Entity 100 US-Dollar Note (ItemBase<a5a34940>, 500, 100, 0) at <6509.090820, 3.700797, 8513.353516>
[COT 2023-10-22 11:39:4s] 76561198036774377: Spawned Entity 100 US-Dollar Note (ItemBase<a5a3bc00>, 500, 100, 0) at <6509.090820, 3.700797, 8513.353516>
[COT 2023-10-22 11:39:4s] 76561198036774377: Spawned Entity 100 US-Dollar Note (ItemBase<a5a352d0>, 500, 100, 0) at <6509.090820, 3.700797, 8513.353516>
[COT 2023-10-22 11:39:4s] 76561198036774377: Spawned Entity 100 US-Dollar Note (ItemBase<a5a3c590>, 500, 100, 0) at <6509.090820, 3.700797, 8513.353516>
[COT 2023-10-22 11:39:4s] 76561198036774377: Spawned Entity 100 US-Dollar Note (ItemBase<a5a35c60>, 500, 100, 0) at <6509.090820, 3.700797, 8513.353516>
[COT 2023-10-22 11:39:5s] 76561198036774377: Spawned Entity 100 US-Dollar Note (ItemBase<a5a43850>, 500, 100, 0) at <6509.090820, 3.700797, 8513.353516>
[COT 2023-10-22 11:39:5s] 76561198036774377: Spawned Entity 100 US-Dollar Note (ItemBase<a5a3d8b0>, 500, 100, 0) at <6509.090820, 3.700797, 8513.353516>
[COT 2023-10-22 11:39:5s] 76561198036774377: Spawned Entity 100 US-Dollar Note (ItemBase<a5a3ebd0>, 500, 100, 0) at <6509.090820, 3.700797, 8513.353516>
[COT 2023-10-22 11:39:5s] 76561198036774377: Spawned Entity 100 US-Dollar Note (ItemBase<a5a3f560>, 500, 100, 0) at <6509.090820, 3.700797, 8513.353516>
[COT 2023-10-22 11:39:5s] 76561198036774377: Spawned Entity 100 US-Dollar Note (ItemBase<a5a3fef0>, 500, 100, 0) at <6509.090820, 3.700797, 8513.353516>
[COT 2023-10-22 11:39:5s] 76561198036774377: Spawned Entity 100 US-Dollar Note (ItemBase<a5a40880>, 500, 100, 0) at <6509.090820, 3.700797, 8513.353516>
[COT 2023-10-22 11:39:6s] 76561198036774377: Spawned Entity 100 US-Dollar Note (ItemBase<a5a3cf20>, 500, 100, 0) at <6509.090820, 3.700797, 8513.353516>
[COT 2023-10-22 11:39:6s] 76561198036774377: Spawned Entity 100 US-Dollar Note (ItemBase<a5a42530>, 500, 100, 0) at <6509.090820, 3.700797, 8513.353516>
[COT 2023-10-22 11:47:46] 76561198036774377: Teleported to position <6467.972656, 0.581642, 8555.923828>
[COT 2023-10-22 11:47:50] 76561198036774377: Entered the Free Camera
[COT 2023-10-22 11:47:55] 76561198036774377: Left the Free Camera
[COT 2023-10-22 11:54:32] 76561198036774377: Teleported to position <3561.925049, 181.407547, 7949.511719>
[COT 2023-10-22 11:54:36] 76561198036774377: Entered the Free Camera
[COT 2023-10-22 11:54:44] 76561198036774377: Set rain to 1 0 0
[COT 2023-10-22 11:54:44] 76561198036774377: Set storm to 1 0.8 4000
[COT 2023-10-22 11:54:44] 76561198036774377: Set fog to 0.901575 0 0
[COT 2023-10-22 11:54:44] 76561198036774377: Set overcast to 0.850394 0 0
[COT 2023-10-22 11:54:44] 76561198036774377: Set the date to 2011/12/7 8:38
[COT 2023-10-22 11:54:44] 76561198036774377: Set wind to 16.5884 16.5884 1
[COT 2023-10-22 11:55:16] 76561198036774377: Teleported to position <2995.892822, 313.709198, 6482.603516>
[COT 2023-10-22 11:55:19] 76561198036774377: Left the Free Camera
[COT 2023-10-22 11:57:6s] 76561198036774377: Teleported to position <2976.701416, 314.812958, 6477.963379>
[COT 2023-10-22 11:57:14] 76561198036774377: Teleported to position <3174.926514, 270.383698, 6604.144531>
[COT 2023-10-22 11:57:19] 76561198036774377: Entered the Free Camera
[COT 2023-10-22 11:57:37] 76561198036774377: Left the Free Camera
[COT 2023-10-22 11:58:58] 76561198036774377: Teleported to position <6489.272461, 2.458408, 8533.502930>
[COT 2023-10-22 12:35:2s] 76561198036774377: Teleported to position <4081.264404, 70.309998, 9239.552734>
[COT 2023-10-22 12:35:42] 76561198036774377: Healed [guid=mBNlxASsPlOcry0dpDl8K-WgHNR5WMCMmoJ9NhpU4FY=]
[COT 2023-10-22 12:36:16] 76561198036774377: Spawned Entity Canopy Tent (PartyTent_Lunapark<acc90fd0>, 100, 1400, 0) at <4053.222168, 77.267891, 9250.339844>
[COT 2023-10-22 12:37:29] 76561198036774377: Spawned Entity MDAR Carbine Black (SNAFUMDARCAR_Black<b1c4a820>, 100, 200, 0) at <4056.801270, 70.309998, 9234.394531>
[COT 2023-10-22 12:37:37] 76561198036774377: Entered the Free Camera
[COT 2023-10-22 12:39:29] 76561198036774377: Teleported to position <8367.686523, 15.000000, 10739.879883>
[COT 2023-10-22 12:39:32] 76561198036774377: Left the Free Camera
[COT 2023-10-22 12:42:1s] 76561198036774377: Spawned Entity Large Tent (LargeTent<b26dc4a0>, 100, 2000, 0) at <8361.208984, 14.999993, 10758.133789>
[COT 2023-10-22 12:42:9s] 76561198036774377: Spawned Entity Large Tent (LargeTent<b26e0100>, 100, 2000, 0) at <8359.202148, 14.999989, 10758.670898>
[COT 2023-10-22 12:43:19] 76561198036774377: Spawned Entity Boxed Nails (NailBox<ac80e8d0>, 100, 80, 0) at <8362.442383, 15.068055, 10757.601563>
[COT 2023-10-22 12:43:19] 76561198036774377: Spawned Entity Boxed Nails (NailBox<ac810580>, 100, 80, 0) at <8362.352539, 15.177138, 10757.649414>
[COT 2023-10-22 12:43:20] 76561198036774377: Spawned Entity Boxed Nails (NailBox<ba2ebc90>, 100, 80, 0) at <8362.251953, 15.301601, 10757.698242>
[COT 2023-10-22 12:43:20] 76561198036774377: Spawned Entity Boxed Nails (NailBox<ba2ad080>, 100, 80, 0) at <8362.146484, 15.430403, 10757.750000>
[COT 2023-10-22 12:43:25] 76561198036774377: Spawned Entity Sledgehammer (SledgeHammer<b80913a0>, 100, 300, 0) at <8362.043945, 15.558783, 10757.807617>
[COT 2023-10-22 12:43:27] 76561198036774377: Spawned Entity Hammer (Hammer<b80cec90>, 100, 100, 0) at <8361.958008, 15.661091, 10757.850586>
[COT 2023-10-22 12:43:28] 76561198036774377: Spawned Entity Hammer (Hammer<b99e1220>, 100, 100, 0) at <8361.879883, 15.757030, 10757.884766>
[COT 2023-10-22 12:43:34] 76561198036774377: Spawned Entity Hacksaw (Hacksaw<9f28f980>, 100, 100, 0) at <8361.800781, 15.853480, 10757.932617>
[COT 2023-10-22 12:43:34] 76561198036774377: Spawned Entity Hacksaw (Hacksaw<9f269f10>, 100, 100, 0) at <8361.741211, 15.926029, 10757.960938>
[COT 2023-10-22 12:43:36] 76561198036774377: Spawned Entity Hand Saw (HandSaw<9f296c40>, 100, 100, 0) at <8361.679688, 15.996315, 10757.990234>
[COT 2023-10-22 12:43:36] 76561198036774377: Spawned Entity Hand Saw (HandSaw<b6060530>, 100, 100, 0) at <8361.629883, 16.057270, 10758.016602>
[COT 2023-10-22 12:43:43] 76561198036774377: Spawned Entity Pickaxe (Pickaxe<b605def0>, 100, 250, 0) at <8361.621094, 16.117453, 10757.970703>
[COT 2023-10-22 12:43:45] 76561198036774377: Spawned Entity Firefighter Axe (FirefighterAxe<b6059c00>, 100, 250, 0) at <8361.528320, 16.210421, 10758.037109>
[COT 2023-10-22 12:43:47] 76561198036774377: Spawned Entity Splitting Axe (WoodAxe<b606a7c0>, 100, 250, 0) at <8361.431641, 16.306963, 10758.126953>
[COT 2023-10-22 12:44:23] 76561198036774377: Entered the Free Camera
[COT 2023-10-22 12:45:14] 76561198036774377: Left the Free Camera
[COT 2023-10-22 12:45:29] 76561198036774377: Teleported to position <7640.447266, 41.888050, 7412.638672>
[COT 2023-10-22 12:46:16] 76561198036774377: Spawned Entity Medium Tent (MediumTent_Orange<b8b24360>, 100, 600, 0) at <7636.901367, 42.041862, 7464.440430>
[COT 2023-10-22 12:46:49] 76561198036774377: Spawned Entity SNAFU RSASS Wood (SNAFURSASS_Wood_GUN<b1c51c50>, 100, 300, 0) at <7636.562012, 42.078373, 7464.957031>
[COT 2023-10-22 12:48:20] 76561198036774377: Teleported to position <6492.648438, 2.671045, 8532.296875>
