[COT 2023-10-21 21:52:0s] 76561198036774377: Teleported to position <6509.372559, 3.451112, 8491.299805>
[COT 2023-10-21 21:52:13] 76561198036774377: Set GodMode To true [guid=mBNlxASsPlOcry0dpDl8K-WgHNR5WMCMmoJ9NhpU4FY=]
[COT 2023-10-21 21:52:13] 76561198036774377: Set Invisibility To 1 [guid=mBNlxASsPlOcry0dpDl8K-WgHNR5WMCMmoJ9NhpU4FY=]
[COT 2023-10-21 21:52:16] 76561198036774377: Healed [guid=mBNlxASsPlOcry0dpDl8K-WgHNR5WMCMmoJ9NhpU4FY=]
[COT 2023-10-21 21:52:19] 76561198036774377: Entered the Free Camera
[COT 2023-10-21 21:52:29] 76561198036774377: Left the Free Camera
[COT 2023-10-21 21:52:41] 76561198036774377: Spawned Entity Anadyr province map (ChernarusMap<97aee360>, 100, 50, 0) on 76561198036774377
[COT 2023-10-21 21:57:31] 76561199108250772: Set GodMode To true [guid=OAdpPkJP2Ps_W7h2ttR1bK23ekHCzrxw0mDT3zqLMdU=]
[COT 2023-10-21 21:57:32] 76561199108250772: Set cannot be targeted by AI to true [guid=OAdpPkJP2Ps_W7h2ttR1bK23ekHCzrxw0mDT3zqLMdU=]
[COT 2023-10-21 21:57:33] 76561199108250772: Set UnlimitedStamina To true [guid=OAdpPkJP2Ps_W7h2ttR1bK23ekHCzrxw0mDT3zqLMdU=]
[COT 2023-10-21 21:57:33] 76561199108250772: Set UnlimitedAmmo To true [guid=OAdpPkJP2Ps_W7h2ttR1bK23ekHCzrxw0mDT3zqLMdU=]
[COT 2023-10-21 21:57:36] 76561199108250772: Entered the Free Camera
[COT 2023-10-21 21:57:41] 76561199108250772: Left the Free Camera
[COT 2023-10-21 21:57:45] 76561199108250772: Set the date to 2011/12/1 12:0
[COT 2023-10-21 21:57:46] 76561199108250772: Entered the Free Camera
[COT 2023-10-21 21:58:6s] 76561199108250772: Left the Free Camera
[COT 2023-10-21 21:58:17] 76561199108250772: Spawned Entity Sea Chest (SeaChest<97afa2a0>, 100, 600, 0) at <4955.081543, 11.491878, 11273.361328>
[COT 2023-10-21 21:58:27] 76561199108250772: Spawned Entity Multivitamin Pills (VitaminBottle<97aed040>, 50, 50, 0) at <4954.454102, 11.492407, 11273.066406>
[COT 2023-10-21 21:58:32] 76561199108250772: Spawned Entity Heat Pack (Heatpack<97af09a0>, 50, 30, 0) at <4954.406738, 11.582815, 11273.127930>
[COT 2023-10-21 21:58:33] 76561199108250772: Spawned Entity Heat Pack (Heatpack<97aeaa00>, 50, 30, 0) at <4954.396973, 11.602378, 11273.142578>
[COT 2023-10-21 21:58:42] 76561199108250772: Spawned Entity Canned Tuna (TunaCan<97afac30>, 250, 70, 0) at <4954.403320, 11.602378, 11273.152344>
[COT 2023-10-21 21:58:43] 76561199108250772: Spawned Entity Canned Tuna (TunaCan<97af4c90>, 250, 70, 0) at <4954.369141, 11.673051, 11273.201172>
[COT 2023-10-21 21:58:49] 76561199108250772: Spawned Entity Canteen (Canteen<97b46720>, 1000, 100, 1) at <4954.338379, 11.741861, 11273.245117>
[COT 2023-10-21 21:59:34] 76561199108250772: Spawned Entity Tactical Gloves (TacticalGloves_Beige<97aeb390>, 1000, 165, 0) at <4953.464844, 11.493244, 11275.526367>
[COT 2023-10-21 21:59:54] 76561199108250772: Spawned Entity Hunter Jacket (HuntingJacket_Winter<97afd270>, 100, 150, 0) at <4953.465332, 11.493243, 11275.515625>
[COT 2023-10-21 21:59:57] 76561199108250772: Spawned Entity Hunter Pants (HunterPants_Winter<97af72d0>, 100, 150, 0) at <4952.862305, 11.493754, 11275.638672>
[COT 2023-10-21 22:0m:23] 76561199108250772: Spawned Entity Ski Mask (BalaclavaMask_Blue<97b04530>, 100, 100, 0) at <4952.952148, 11.493677, 11275.994141>
[COT 2023-10-21 22:1m:1s] 76561198036774377: Spawned Entity Campfire (FBF_Fireplace<7c252130>, 100, 100, 0) on 76561198036774377 at <6505.041504, 2.955869, 8526.347656>
