[COT 2023-11-18 18:3m:52] 76561199108250772: Set GodMode To true [guid=OAdpPkJP2Ps_W7h2ttR1bK23ekHCzrxw0mDT3zqLMdU=]
[COT 2023-11-18 18:3m:53] 76561199108250772: Set cannot be targeted by AI to true [guid=OAdpPkJP2Ps_W7h2ttR1bK23ekHCzrxw0mDT3zqLMdU=]
[COT 2023-11-18 18:3m:54] 76561199108250772: Set UnlimitedStamina To true [guid=OAdpPkJP2Ps_W7h2ttR1bK23ekHCzrxw0mDT3zqLMdU=]
[COT 2023-11-18 18:3m:55] 76561199108250772: Set UnlimitedAmmo To true [guid=OAdpPkJP2Ps_W7h2ttR1bK23ekHCzrxw0mDT3zqLMdU=]
[COT 2023-11-18 18:3m:59] 76561199108250772: Entered the Free Camera
[COT 2023-11-18 18:4m:11] 76561199108250772: Left the Free Camera
[COT 2023-11-18 18:4m:31] 76561199108250772: Teleported to position <3818.779297, 7.475198, 9225.831055>
[COT 2023-11-18 18:4m:46] 76561199108250772: Entered the Free Camera
[COT 2023-11-18 18:4m:49] 76561199108250772: Left the Free Camera
[COT 2023-11-18 18:5m:25] 76561199108250772: Spawned Entity Flag (Flag_Pirates<bd0c9e30>, 100, 100, 0) at <3835.775146, 7.082585, 9235.333008>
[COT 2023-11-18 18:5m:27] 76561199108250772: Entered the Free Camera
[COT 2023-11-18 18:5m:31] 76561199108250772: Left the Free Camera
[COT 2023-11-18 18:6m:31] 76561199108250772: Teleported to position <4179.067383, 390.358612, 6611.965820>
[COT 2023-11-18 18:7m:7s] 76561199108250772: Healed [guid=OAdpPkJP2Ps_W7h2ttR1bK23ekHCzrxw0mDT3zqLMdU=]
[COT 2023-11-18 18:8m:7s] 76561199108250772: Spawned Entity Snafu Scar-H 100rnd drum mag Tan (SNAFU_ScarH_100RND_Mag_Tan<c27abdd0>, 100, 100, 0) at <4222.192383, 390.821167, 6613.385254>
[COT 2023-11-18 18:8m:31] 76561199108250772: Spawned Entity SNAFU Scar-H DKMC (Snafu_ScarH_DKMC_GUN<9e625f50>, 100, 200, 0) at <4221.383301, 390.820190, 6613.272949>
[COT 2023-11-18 18:8m:50] 76561199108250772: Teleported to position <4546.453125, 15.031342, 10944.457031>
[COT 2023-11-18 18:14:20] 76561199108250772: Entered the Free Camera
[COT 2023-11-18 18:14:25] 76561199108250772: Left the Free Camera
[COT 2023-11-18 18:14:45] 76561199108250772: Spawned Entity Barrel (Barrel_Blue<b0d6e400>, 200000, 1300, 512) at <4837.052246, 13.604583, 10836.984375>
[COT 2023-11-18 18:15:2s] 76561199108250772: Spawned Entity MVS Sling Pack - Black (MountainBag_ColorBase<bca38d40>, 100, 300, 0) at <4837.405273, 13.604582, 10837.773438>
[COT 2023-11-18 18:15:16] 76561199108250772: Spawned Entity Tactical Gloves (TacticalGloves_Black<be53d280>, 100, 165, 0) at <4837.345215, 13.604582, 10837.829102>
[COT 2023-11-18 18:15:51] 76561199108250772: Spawned Entity MVS Combat Belt - Multicam Black (Modular_Belt_Base<baa34910>, 1000, 100, 0) at <4836.834961, 13.604583, 10837.535156>
[COT 2023-11-18 18:15:58] 76561199108250772: Spawned Entity MVS Sheath - Black (NylonKnifeSheath<baa3a8b0>, 1000, 100, 0) at <4836.904785, 13.729996, 10837.580078>
[COT 2023-11-18 18:16:4s] 76561199108250772: Spawned Entity MVS Balaclava - Black (BalaclavaMask_ColorBase<b0bc8fd0>, 1000, 100, 0) at <4836.911133, 13.729997, 10837.578125>
[COT 2023-11-18 18:16:11] 76561199108250772: Spawned Entity MVS Combat Pants - Black (BDUPants<b3f97d40>, 1000, 100, 0) at <4836.907715, 13.729996, 10837.578125>
[COT 2023-11-18 18:17:1s] 76561199108250772: Spawned Entity MVS Combat Shirt - Black (TacticalShirt_ColorBase<bca3d9c0>, 1000, 100, 0) at <4837.114746, 14.114931, 10837.715820>
[COT 2023-11-18 18:17:27] 76561199108250772: Spawned Entity Fire Barrel (BarrelHoles_Red<b2be7d70>, 100, 900, 0) at <4839.254883, 13.722763, 10838.132813>
[COT 2023-11-18 18:17:38] 76561199108250772: Spawned Entity Sea Chest (SeaChest<c0e3d9d0>, 100, 600, 0) at <4838.661621, 13.722763, 10837.134766>
[COT 2023-11-18 18:18:4s] 76561199108250772: Spawned Entity Sea Chest (SeaChest<bada6920>, 100, 600, 0) at <4839.851563, 13.722763, 10839.185547>
[COT 2023-11-18 18:18:12] 76561199108250772: Spawned Entity Lock Pick (Lockpick<baf8eda0>, 100, 125, 0) at <4839.490723, 13.604583, 10840.630859>
[COT 2023-11-18 18:18:31] 76561199108250772: Spawned Entity Firewood (Firewood<bea4b760>, 1, 500, 0) at <4839.347656, 13.604583, 10839.470703>
[COT 2023-11-18 18:18:32] 76561199108250772: Spawned Entity Firewood (Firewood<bea5b990>, 1, 500, 0) at <4839.255859, 13.781194, 10839.494141>
[COT 2023-11-18 18:18:33] 76561199108250772: Spawned Entity Firewood (Firewood<bea38560>, 1, 500, 0) at <4839.159180, 13.953244, 10839.518555>
[COT 2023-11-18 18:18:47] 76561199108250772: Spawned Entity Paper (Paper<c0c16c30>, 100, 15, 0) at <4839.190430, 13.604583, 10839.448242>
[COT 2023-11-18 18:18:54] 76561199108250772: Spawned Entity Lighter (PetrolLighter<c0c28180>, 20, 20, 0) at <4839.166992, 13.676914, 10839.458008>
[COT 2023-11-18 18:19:11] 76561199108250772: Spawned Entity SK 59/66 (SKS_Base<aa510ce0>, 100, 300, 0) at <4837.806641, 15.179747, 10837.920898>
[COT 2023-11-18 18:19:35] 76561199108250772: Spawned Entity Boxed 7.62x39mm Tracer Rounds (AmmoBox_762x39Tracer_20Rnd<c26645f0>, 5, 100, 0) at <4837.916016, 15.122770, 10837.615234>
[COT 2023-11-18 18:19:36] 76561199108250772: Spawned Entity Boxed 7.62x39mm Tracer Rounds (AmmoBox_762x39Tracer_20Rnd<c266e880>, 5, 100, 0) at <4837.920410, 15.124444, 10837.615234>
[COT 2023-11-18 18:19:51] 76561199108250772: Spawned Entity Tetracycline Pills (TetracyclineAntibiotics<bc3b36a0>, 12, 30, 0) at <4837.786133, 13.827865, 10837.378906>
[COT 2023-11-18 18:19:57] 76561199108250772: Spawned Entity Multivitamin Pills (VitaminBottle<bc3b40b0>, 50, 50, 0) at <4837.745605, 13.896585, 10837.402344>
[COT 2023-11-18 18:20:5s] 76561199108250772: Spawned Entity MVS Canteen - Black (Canteen<c0adfd00>, 1000, 100, 512) at <4837.686523, 13.986718, 10837.447266>
[COT 2023-11-18 18:20:20] 76561199108250772: Spawned Entity Hunting Knife (HuntingKnife<b92142d0>, 5, 130, 0) at <4837.673340, 14.153053, 10837.750000>
[COT 2023-11-18 18:20:32] 76561199108250772: Spawned Entity Canned Bacon (TacticalBaconCan<c0afd5f0>, 400, 100, 0) at <4837.644531, 14.533922, 10837.805664>
[COT 2023-11-18 18:20:50] 76561199108250772: Teleported to position <4414.893555, 14.990000, 10742.103516>
[COT 2023-11-18 18:21:33] 76561199108250772: Healed [guid=OAdpPkJP2Ps_W7h2ttR1bK23ekHCzrxw0mDT3zqLMdU=]
[COT 2023-11-18 18:22:1s] 76561199108250772: Spawned Entity Barrel (Barrel_Red<c17bb620>, 200000, 1300, 512) at <4418.149902, 15.013531, 10736.301758>
[COT 2023-11-18 18:22:24] 76561199108250772: Healed [guid=OAdpPkJP2Ps_W7h2ttR1bK23ekHCzrxw0mDT3zqLMdU=]
[COT 2023-11-18 18:22:37] 76561199108250772: Spawned Entity 40mm Explosive Grenade (Ammo_40mm_Explosive<bc2b94b0>, 1, 50, 0) at <4418.888184, 15.013531, 10736.698242>
[COT 2023-11-18 18:22:38] 76561199108250772: Spawned Entity 40mm Explosive Grenade (Ammo_40mm_Explosive<bc2c8d50>, 1, 50, 0) at <4418.906250, 15.059818, 10736.688477>
[COT 2023-11-18 18:22:38] 76561199108250772: Spawned Entity 40mm Explosive Grenade (Ammo_40mm_Explosive<beda1f50>, 1, 50, 0) at <4418.922363, 15.093971, 10736.675781>
[COT 2023-11-18 18:22:57] 76561199108250772: Teleported to position <6233.333008, 16.900000, 11791.900391>
[COT 2023-11-18 18:23:12] 76561199108250772: Spawned Entity Barrel (Barrel_Green<bcbda7d0>, 200000, 1300, 512) at <6214.666504, 16.900000, 11781.324219>
[COT 2023-11-18 18:23:22] 76561199108250772: Spawned Entity Boxed Nails (NailBox<bcb73c60>, 100, 80, 0) at <6214.512695, 16.899965, 11780.842773>
[COT 2023-11-18 18:23:23] 76561199108250772: Spawned Entity Boxed Nails (NailBox<bcb953e0>, 100, 80, 0) at <6214.616211, 17.081671, 11780.801758>
[COT 2023-11-18 18:23:24] 76561199108250772: Spawned Entity Boxed Nails (NailBox<bcb76c30>, 100, 80, 0) at <6214.714844, 17.248186, 11780.762695>
[COT 2023-11-18 18:23:24] 76561199108250772: Spawned Entity Boxed Nails (NailBox<c267c470>, 100, 80, 0) at <6214.816406, 17.423573, 11780.719727>
[COT 2023-11-18 18:23:39] 76561199108250772: Spawned Entity Hammer (Hammer<c267a7c0>, 100, 100, 0) at <6214.470703, 16.900032, 11780.860352>
[COT 2023-11-18 18:23:39] 76561199108250772: Spawned Entity Hammer (Hammer<bea21070>, 100, 100, 0) at <6214.513184, 16.996750, 11780.846680>
[COT 2023-11-18 18:23:40] 76561199108250772: Spawned Entity Hammer (Hammer<bea3e500>, 100, 100, 0) at <6214.560059, 17.093376, 11780.832031>
[COT 2023-11-18 18:23:42] 76561199108250772: Spawned Entity Hammer (Hammer<beff73a0>, 100, 100, 0) at <6214.610352, 17.189735, 11780.813477>
[COT 2023-11-18 18:23:43] 76561199108250772: Spawned Entity Sledgehammer (SledgeHammer<c0c13c60>, 100, 300, 0) at <6214.659668, 17.286837, 11780.798828>
[COT 2023-11-18 18:23:44] 76561199108250772: Spawned Entity Sledgehammer (SledgeHammer<c0c3f670>, 100, 300, 0) at <6214.717773, 17.403780, 11780.787109>
[COT 2023-11-18 18:24:15] 76561199108250772: Spawned Entity Hand Saw (HandSaw<bc611e90>, 100, 100, 0) at <6214.920410, 16.900000, 11780.659180>
[COT 2023-11-18 18:24:15] 76561199108250772: Spawned Entity Hand Saw (HandSaw<bb6b7040>, 100, 100, 0) at <6214.940430, 16.960182, 11780.657227>
[COT 2023-11-18 18:24:21] 76561199108250772: Spawned Entity Sharpening Stone (Whetstone<bb6c55c0>, 100, 50, 0) at <6214.966797, 17.020374, 11780.660156>
[COT 2023-11-18 18:24:21] 76561199108250772: Spawned Entity Sharpening Stone (Whetstone<bb6d4e60>, 100, 50, 0) at <6214.988770, 17.077545, 11780.660156>
[COT 2023-11-18 18:24:39] 76561199108250772: Spawned Entity MVS Rucksack - Black (MountainBag_ColorBase<bad2c620>, 100, 300, 0) at <6215.337891, 16.900000, 11780.760742>
[COT 2023-11-18 18:24:58] 76561199108250772: Spawned Entity Sea Chest (SeaChest<bad4dda0>, 100, 600, 0) at <6214.597168, 17.286583, 11780.422852>
[COT 2023-11-18 18:25:21] 76561199108250772: Spawned Entity Mad Monk Kvass (SodaCan_ColorBase<9eb25300>, 300, 30, 0) at <6215.001953, 16.899998, 11781.256836>
[COT 2023-11-18 18:25:25] 76561199108250772: Spawned Entity Powdered Milk (PowderedMilk<9eb25d10>, 200, 20, 0) at <6215.059082, 17.060205, 11781.248047>
[COT 2023-11-18 18:25:28] 76561199108250772: Spawned Entity Honey (Honey<9eb2e9f0>, 400, 40, 0) at <6215.083496, 17.131289, 11781.231445>
[COT 2023-11-18 18:26:50] 76561199108250772: Spawned Entity Heat Pack (Heatpack<c0fae360>, 100, 30, 0) at <6215.522461, 16.900000, 11781.169922>
[COT 2023-11-18 18:26:51] 76561199108250772: Spawned Entity Heat Pack (Heatpack<c0fb5fb0>, 100, 30, 0) at <6215.520020, 16.900000, 11781.169922>
[COT 2023-11-18 18:26:51] 76561199108250772: Spawned Entity Heat Pack (Heatpack<c3071010>, 100, 30, 0) at <6215.527832, 16.929102, 11781.170898>
[COT 2023-11-18 18:26:51] 76561199108250772: Spawned Entity Heat Pack (Heatpack<c3088500>, 100, 30, 0) at <6215.530273, 16.929102, 11781.173828>
[COT 2023-11-18 18:26:52] 76561199108250772: Spawned Entity Heat Pack (Heatpack<805dbd0>, 100, 30, 0) at <6215.533203, 16.929104, 11781.173828>
[COT 2023-11-18 18:26:52] 76561199108250772: Spawned Entity Heat Pack (Heatpack<80687f0>, 100, 30, 0) at <6215.535645, 16.929104, 11781.173828>
[COT 2023-11-18 18:27:11] 76561199108250772: Teleported to position <6826.869141, 7.479912, 11844.452148>
[COT 2023-11-18 18:27:20] 76561199108250772: Entered the Free Camera
[COT 2023-11-18 18:27:27] 76561199108250772: Left the Free Camera
[COT 2023-11-18 18:27:40] 76561199108250772: Healed [guid=OAdpPkJP2Ps_W7h2ttR1bK23ekHCzrxw0mDT3zqLMdU=]
[COT 2023-11-18 18:27:58] 76561199108250772: Spawned Entity Lock Pick (Lockpick<8060210>, 100, 125, 0) at <6695.211426, 20.813623, 11782.538086>
[COT 2023-11-18 18:28:12] 76561199108250772: Spawned Entity Lock Pick (Lockpick<bc4444d0>, 100, 125, 0) at <6698.520996, 20.506605, 11784.556641>
[COT 2023-11-18 18:28:41] 76561199108250772: Spawned Entity Barrel (Barrel_Yellow<b9b603f0>, 200000, 1300, 512) at <6695.153809, 20.830538, 11782.535156>
[COT 2023-11-18 18:28:54] 76561199108250772: Spawned Entity Human Steak (HumanSteakMeat<adcda740>, 150, 50, 1) at <6695.430176, 20.813622, 11781.990234>
[COT 2023-11-18 18:28:55] 76561199108250772: Spawned Entity Human Steak (HumanSteakMeat<adcd42a0>, 150, 50, 1) at <6695.448242, 20.903275, 11781.977539>
[COT 2023-11-18 18:28:55] 76561199108250772: Spawned Entity Human Steak (HumanSteakMeat<adcd56c0>, 150, 50, 1) at <6695.470703, 20.992928, 11781.964844>
[COT 2023-11-18 18:28:55] 76561199108250772: Spawned Entity Human Steak (HumanSteakMeat<adcd6ae0>, 150, 50, 1) at <6695.496582, 21.082579, 11781.948242>
[COT 2023-11-18 18:28:56] 76561199108250772: Spawned Entity Human Steak (HumanSteakMeat<adce3e30>, 150, 50, 1) at <6695.526367, 21.172234, 11781.931641>
[COT 2023-11-18 18:28:56] 76561199108250772: Spawned Entity Human Steak (HumanSteakMeat<adcc0ab0>, 150, 50, 1) at <6695.551270, 21.261889, 11781.917969>
[COT 2023-11-18 18:28:57] 76561199108250772: Spawned Entity Human Steak (HumanSteakMeat<bc3a6350>, 150, 50, 1) at <6695.573242, 21.351542, 11781.908203>
[COT 2023-11-18 18:28:57] 76561199108250772: Spawned Entity Human Steak (HumanSteakMeat<bc39f4a0>, 150, 50, 1) at <6695.593750, 21.441193, 11781.898438>
[COT 2023-11-18 18:28:57] 76561199108250772: Spawned Entity Human Steak (HumanSteakMeat<bc3a8180>, 150, 50, 1) at <6695.614746, 21.530848, 11781.888672>
[COT 2023-11-18 18:28:58] 76561199108250772: Spawned Entity Human Steak (HumanSteakMeat<bc3b68f0>, 150, 50, 1) at <6695.639648, 21.620501, 11781.877930>
[COT 2023-11-18 18:28:58] 76561199108250772: Spawned Entity Human Steak (HumanSteakMeat<bc3b7d10>, 150, 50, 1) at <6695.666016, 21.710152, 11781.863281>
[COT 2023-11-18 18:28:58] 76561199108250772: Spawned Entity Human Steak (HumanSteakMeat<bc3b0e60>, 150, 50, 1) at <6695.689941, 21.799807, 11781.849609>
[COT 2023-11-18 18:28:59] 76561199108250772: Spawned Entity Human Steak (HumanSteakMeat<c10b4080>, 150, 50, 1) at <6695.713379, 21.889462, 11781.839844>
[COT 2023-11-18 18:28:59] 76561199108250772: Spawned Entity Human Steak (HumanSteakMeat<c10b9100>, 150, 50, 1) at <6695.736328, 21.979115, 11781.833008>
[COT 2023-11-18 18:29:0s] 76561199108250772: Spawned Entity Human Steak (HumanSteakMeat<c10d55d0>, 150, 50, 1) at <6695.759277, 22.068768, 11781.822266>
[COT 2023-11-18 18:30:5s] 76561199108250772: Spawned Entity Fire Barrel (BarrelHoles_Red<b2be71e0>, 100, 900, 0) at <6695.456543, 20.813622, 11780.075195>
[COT 2023-11-18 18:30:14] 76561199108250772: Spawned Entity Sea Chest (SeaChest<bd0d10f0>, 100, 600, 0) at <6697.374512, 21.663425, 11779.840820>
[COT 2023-11-18 18:30:24] 76561199108250772: Spawned Entity Firewood (Firewood<bd0da9f0>, 1, 500, 0) at <6695.879395, 20.813622, 11780.556641>
[COT 2023-11-18 18:30:24] 76561199108250772: Spawned Entity Firewood (Firewood<bd0b5910>, 1, 500, 0) at <6695.874512, 20.990232, 11780.604492>
[COT 2023-11-18 18:30:24] 76561199108250772: Spawned Entity Firewood (Firewood<c26853e0>, 1, 500, 0) at <6695.875000, 20.990234, 11780.605469>
[COT 2023-11-18 18:30:24] 76561199108250772: Spawned Entity Firewood (Firewood<c268a9f0>, 1, 500, 0) at <6695.871094, 21.166845, 11780.652344>
[COT 2023-11-18 18:30:24] 76561199108250772: Spawned Entity Firewood (Firewood<c2692fd0>, 1, 500, 0) at <6695.866211, 21.343458, 11780.699219>
[COT 2023-11-18 18:30:25] 76561199108250772: Spawned Entity Firewood (Firewood<80720f0>, 1, 500, 0) at <6695.861328, 21.520069, 11780.745117>
[COT 2023-11-18 18:30:46] 76561199108250772: Spawned Entity Short Stick (WoodenStick<806ae30>, 5, 50, 0) at <6695.976563, 20.813622, 11780.513672>
[COT 2023-11-18 18:30:47] 76561199108250772: Spawned Entity Short Stick (WoodenStick<806d470>, 5, 50, 0) at <6695.962891, 20.883209, 11780.528320>
[COT 2023-11-18 18:31:28] 76561199108250772: Spawned Entity Paper (Paper<c293bf90>, 100, 15, 0) at <6696.865723, 21.663427, 11779.664063>
[COT 2023-11-18 18:31:36] 76561199108250772: Spawned Entity Lighter (PetrolLighter<c2938fc0>, 20, 20, 0) at <6696.808105, 21.735760, 11779.741211>
[COT 2023-11-18 18:32:1s] 76561199108250772: Spawned Entity Canned Bacon (TacticalBaconCan<bb07d860>, 100, 100, 0) at <6697.855469, 21.663425, 11779.967773>
[COT 2023-11-18 18:32:1s] 76561199108250772: Spawned Entity Canned Bacon (TacticalBaconCan<f302af60>, 100, 100, 0) at <6697.833984, 21.709993, 11780.062500>
[COT 2023-11-18 18:32:7s] 76561199108250772: Spawned Entity Plastic Bottle (WaterBottle<f3032820>, 1000, 50, 512) at <6697.791504, 21.781363, 11780.211914>
[COT 2023-11-18 18:32:22] 76561199108250772: Spawned Entity Kukri (KukriKnife<bb3f2b50>, 100, 150, 0) at <6697.913574, 21.663427, 11779.915039>
[COT 2023-11-18 18:32:37] 76561199108250772: Spawned Entity Leather Backpack (LeatherSack_Black<baf62a00>, 100, 200, 0) at <6698.033203, 21.663427, 11779.851563>
[COT 2023-11-18 18:32:53] 76561199108250772: Spawned Entity Fishing Rod (FishingRod<c2caa890>, 100, 150, 0) at <6697.990723, 21.663425, 11780.053711>
[COT 2023-11-18 18:33:6s] 76561199108250772: Spawned Entity Fishing Hook (Hook<ade7f450>, 100, 30, 0) at <6697.974121, 21.750826, 11780.126953>
[COT 2023-11-18 18:33:7s] 76561199108250772: Spawned Entity Fishing Hook (Hook<b042d3b0>, 100, 30, 0) at <6697.976563, 21.792370, 11780.175781>
[COT 2023-11-18 18:33:25] 76561199108250772: Spawned Entity Working Gloves (WorkingGloves_Yellow<b95491a0>, 100, 150, 0) at <6697.919434, 21.663425, 11780.041992>
[COT 2023-11-18 18:33:37] 76561199108250772: Spawned Entity Sewing Kit (SewingKit<bce3db40>, 100, 50, 0) at <6698.032715, 21.663425, 11779.893555>
[COT 2023-11-18 18:33:58] 76561199108250772: Spawned Entity MVS Combat Pants - Black (BDUPants<bce4c0c0>, 100, 100, 0) at <6697.869629, 21.663427, 11780.032227>
[COT 2023-11-18 18:34:24] 76561199108250772: Spawned Entity Heat Pack (Heatpack<c2660c90>, 100, 30, 0) at <6697.828125, 21.663425, 11779.882813>
[COT 2023-11-18 18:34:25] 76561199108250772: Spawned Entity Heat Pack (Heatpack<bb6dd440>, 100, 30, 0) at <6697.829590, 21.663425, 11779.881836>
[COT 2023-11-18 18:34:25] 76561199108250772: Spawned Entity Heat Pack (Heatpack<bb6efcb0>, 100, 30, 0) at <6697.833008, 21.692528, 11779.906250>
[COT 2023-11-18 18:34:26] 76561199108250772: Spawned Entity Heat Pack (Heatpack<b0b98940>, 100, 30, 0) at <6697.836914, 21.712090, 11779.926758>
[COT 2023-11-18 18:34:26] 76561199108250772: Spawned Entity Heat Pack (Heatpack<b920c680>, 100, 30, 0) at <6697.836426, 21.712090, 11779.926758>
[COT 2023-11-18 18:34:27] 76561199108250772: Spawned Entity Heat Pack (Heatpack<b953ef10>, 100, 30, 0) at <6697.834473, 21.712090, 11779.922852>
[COT 2023-11-18 18:34:52] 76561199108250772: Entered the Free Camera
[COT 2023-11-18 18:34:59] 76561199108250772: Left the Free Camera
[COT 2023-11-18 18:35:12] 76561199108250772: Healed [guid=OAdpPkJP2Ps_W7h2ttR1bK23ekHCzrxw0mDT3zqLMdU=]
[COT 2023-11-18 18:35:28] 76561199108250772: Healed [guid=OAdpPkJP2Ps_W7h2ttR1bK23ekHCzrxw0mDT3zqLMdU=]
[COT 2023-11-18 18:35:43] 76561199108250772: Healed [guid=OAdpPkJP2Ps_W7h2ttR1bK23ekHCzrxw0mDT3zqLMdU=]
[COT 2023-11-18 18:35:54] 76561199108250772: Spawned Entity Sea Chest (SeaChest<c14bb090>, 100, 600, 0) at <6809.304199, 16.051968, 11675.427734>
[COT 2023-11-18 18:36:55] 76561199108250772: Spawned Entity Pistol Suppressor (PistolSuppressor<b9233da0>, 100, 15, 0) at <6809.273438, 16.051968, 11674.922852>
[COT 2023-11-18 18:37:6s] 76561199108250772: Spawned Entity Boxed 9x19mm Rounds (AmmoBox_9x19_25rnd<b92350c0>, 100, 100, 0) at <6809.243164, 16.076141, 11674.928711>
[COT 2023-11-18 18:37:7s] 76561199108250772: Spawned Entity Boxed 9x19mm Rounds (AmmoBox_9x19_25rnd<b921eef0>, 100, 100, 0) at <6809.199219, 16.117832, 11674.926758>
[COT 2023-11-18 18:41:15] 76561199108250772: Spawned Entity 300AC AR15 BK (SNAFU_AR15SPRBK<9e608eb0>, 30, 200, 0) at <6809.335449, 16.051968, 11674.818359>
[COT 2023-11-18 18:42:15] 76561199108250772: Entered the Free Camera
[COT 2023-11-18 18:42:18] 76561199108250772: Left the Free Camera
[COT 2023-11-18 18:43:34] 76561199108250772: Spawned Entity MVS Rucksack - Snow (MountainBag_ColorBase<bcb8c470>, 100, 300, 0) at <6775.643066, 34.319973, 11401.030273>
[COT 2023-11-18 18:43:45] 76561199108250772: Spawned Entity Kukri (KukriKnife<bcb84820>, 100, 150, 0) at <6776.174805, 34.319977, 11401.138672>
[COT 2023-11-18 18:43:51] 76561199108250772: Spawned Entity Canned Bacon (TacticalBaconCan<b3298680>, 100, 100, 0) at <6776.211914, 34.383961, 11401.192383>
[COT 2023-11-18 18:43:52] 76561199108250772: Spawned Entity Canned Bacon (TacticalBaconCan<b329e110>, 100, 100, 0) at <6776.248535, 34.493732, 11401.279297>
[COT 2023-11-18 18:45:5s] 76561199108250772: Entered the Free Camera
[COT 2023-11-18 18:45:11] 76561199108250772: Left the Free Camera
[COT 2023-11-18 18:45:51] 76561199108250772: Entered the Free Camera
[COT 2023-11-18 18:46:2s] 76561199108250772: Left the Free Camera
[COT 2023-11-18 18:46:3s] 76561199108250772: Entered the Free Camera
[COT 2023-11-18 18:46:37] 76561199108250772: Left the Free Camera
[COT 2023-11-18 18:47:7s] 76561199108250772: Set the date to 2011/12/7 12:0
[COT 2023-11-18 18:47:7s] 76561199108250772: Set rain to 0 0 0
[COT 2023-11-18 18:47:7s] 76561199108250772: Set storm to 0 0.8 4000
[COT 2023-11-18 18:47:7s] 76561199108250772: Set fog to 0 0 0
[COT 2023-11-18 18:47:7s] 76561199108250772: Set overcast to 0 0 0
[COT 2023-11-18 18:47:7s] 76561199108250772: Set wind to 0 0 1
[COT 2023-11-18 18:47:55] 76561199108250772: Spawned Entity Barrel (Barrel_Green<b32a63e0>, 200000, 1300, 512) at <6985.595703, 43.221806, 11288.390625>
[COT 2023-11-18 18:47:59] 76561199108250772: Spawned Entity Barrel (Barrel_Blue<b32a1d70>, 200000, 1300, 512) at <6985.355469, 43.221764, 11287.263672>
[COT 2023-11-18 18:48:3s] 76561199108250772: Spawned Entity Barrel (Barrel_Red<b32a45b0>, 200000, 1300, 512) at <6985.294434, 43.222111, 11286.133789>
[COT 2023-11-18 18:48:6s] 76561199108250772: Spawned Entity Barrel (Barrel_Yellow<b32a2780>, 200000, 1300, 512) at <6984.958984, 43.221928, 11284.865234>
[COT 2023-11-18 18:48:23] 76561199108250772: Spawned Entity Canteen (Canteen<b32a3ba0>, 1000, 100, 512) at <6985.421875, 43.221153, 11289.058594>
[COT 2023-11-18 18:48:23] 76561199108250772: Spawned Entity Canteen (Canteen<b32a59d0>, 1000, 100, 512) at <6985.360352, 43.490719, 11289.049805>
[COT 2023-11-18 18:48:23] 76561199108250772: Spawned Entity Canteen (Canteen<c2b3af30>, 1000, 100, 512) at <6985.298828, 43.757359, 11289.041992>
[COT 2023-11-18 18:48:35] 76561199108250772: Spawned Entity Powdered Milk (PowderedMilk<c2b372d0>, 200, 20, 0) at <6985.457031, 43.221241, 11289.027344>
[COT 2023-11-18 18:48:36] 76561199108250772: Spawned Entity Powdered Milk (PowderedMilk<c2b3ffb0>, 200, 20, 0) at <6985.433594, 43.291130, 11289.032227>
[COT 2023-11-18 18:48:43] 76561199108250772: Spawned Entity Strawberry Jam (Marmalade<c2b4a0b0>, 400, 40, 0) at <6985.792480, 43.221931, 11289.096680>
[COT 2023-11-18 18:48:43] 76561199108250772: Spawned Entity Strawberry Jam (Marmalade<c2b51970>, 400, 40, 0) at <6985.716797, 43.366199, 11289.094727>
[COT 2023-11-18 18:48:48] 76561199108250772: Spawned Entity Canned Bacon (TacticalBaconCan<c2b52380>, 400, 100, 0) at <6985.646484, 43.513031, 11289.077148>
[COT 2023-11-18 18:48:48] 76561199108250772: Spawned Entity Canned Bacon (TacticalBaconCan<c2b63330>, 400, 100, 0) at <6985.570801, 43.657448, 11289.074219>
[COT 2023-11-18 18:48:54] 76561199108250772: Spawned Entity Canned Tuna (TunaCan<c2b5c480>, 250, 70, 0) at <6984.951172, 43.220451, 11288.335938>
[COT 2023-11-18 18:48:54] 76561199108250772: Spawned Entity Canned Tuna (TunaCan<c2b60af0>, 250, 70, 0) at <6984.946777, 43.290508, 11288.355469>
[COT 2023-11-18 18:48:55] 76561199108250772: Spawned Entity Canned Tuna (TunaCan<c2b6e850>, 250, 70, 0) at <6984.940918, 43.360565, 11288.377930>
[COT 2023-11-18 18:49:0s] 76561199108250772: Spawned Entity Dog Food Can (DogFoodCan<be629a90>, 250, 70, 0) at <6984.941406, 43.430626, 11288.401367>
[COT 2023-11-18 18:49:0s] 76561199108250772: Spawned Entity Dog Food Can (DogFoodCan<be633180>, 250, 70, 0) at <6984.935059, 43.550510, 11288.441406>
[COT 2023-11-18 18:49:0s] 76561199108250772: Spawned Entity Dog Food Can (DogFoodCan<be6363d0>, 250, 70, 0) at <6984.928711, 43.670395, 11288.479492>
[COT 2023-11-18 18:49:0s] 76561199108250772: Spawned Entity Dog Food Can (DogFoodCan<be643720>, 250, 70, 0) at <6984.921875, 43.790279, 11288.515625>
[COT 2023-11-18 18:49:37] 76561199108250772: Spawned Entity Multivitamin Pills (VitaminBottle<be650060>, 50, 50, 0) at <6985.325684, 43.220921, 11289.118164>
[COT 2023-11-18 18:49:38] 76561199108250772: Spawned Entity Multivitamin Pills (VitaminBottle<be65a160>, 50, 50, 0) at <6985.257813, 43.362415, 11289.131836>
[COT 2023-11-18 18:49:39] 76561199108250772: Spawned Entity Multivitamin Pills (VitaminBottle<be656500>, 50, 50, 0) at <6985.187500, 43.503681, 11289.150391>
[COT 2023-11-18 18:49:44] 76561199108250772: Spawned Entity Tetracycline Pills (TetracyclineAntibiotics<a91d45a0>, 12, 30, 0) at <6985.125488, 43.645546, 11289.164063>
[COT 2023-11-18 18:49:44] 76561199108250772: Spawned Entity Tetracycline Pills (TetracyclineAntibiotics<a91dd280>, 12, 30, 0) at <6985.094727, 43.714264, 11289.166016>
[COT 2023-11-18 18:49:44] 76561199108250772: Spawned Entity Tetracycline Pills (TetracyclineAntibiotics<a91b62a0>, 12, 30, 0) at <6985.063965, 43.782982, 11289.170898>
[COT 2023-11-18 18:50:14] 76561199108250772: Spawned Entity Fange (FangeKnife<bc603910>, 100, 130, 0) at <6985.561035, 43.221405, 11289.167969>
[COT 2023-11-18 18:50:15] 76561199108250772: Spawned Entity Fange (FangeKnife<bc455a20>, 100, 130, 0) at <6985.533203, 43.294247, 11289.173828>
[COT 2023-11-18 18:50:15] 76561199108250772: Spawned Entity Fange (FangeKnife<bc4457f0>, 100, 130, 0) at <6985.509766, 43.365768, 11289.180664>
[COT 2023-11-18 18:50:38] 76561199108250772: Spawned Entity Matches (Matchbox<bad444a0>, 100, 80, 0) at <6985.385742, 43.221073, 11289.068359>
[COT 2023-11-18 18:50:39] 76561199108250772: Spawned Entity Matches (Matchbox<bcb6dcc0>, 100, 80, 0) at <6985.327637, 43.377346, 11289.100586>
[COT 2023-11-18 18:50:39] 76561199108250772: Spawned Entity Matches (Matchbox<bcb74f80>, 100, 80, 0) at <6985.270020, 43.529408, 11289.132813>
[COT 2023-11-18 18:50:46] 76561199108250772: Spawned Entity Heat Pack (Heatpack<bcb88180>, 100, 30, 0) at <6985.812012, 43.222042, 11288.930664>
[COT 2023-11-18 18:50:46] 76561199108250772: Spawned Entity Heat Pack (Heatpack<bcba2fd0>, 100, 30, 0) at <6985.795898, 43.251144, 11288.935547>
[COT 2023-11-18 18:50:46] 76561199108250772: Spawned Entity Heat Pack (Heatpack<b479da60>, 100, 30, 0) at <6985.796875, 43.251144, 11288.931641>
[COT 2023-11-18 18:51:9s] 76561199108250772: Spawned Entity Working Gloves (WorkingGloves_Black<bb113820>, 100, 150, 0) at <6985.168457, 43.220612, 11289.055664>
[COT 2023-11-18 18:51:10] 76561199108250772: Spawned Entity Working Gloves (WorkingGloves_Black<bb111b70>, 100, 150, 0) at <6985.145996, 43.312893, 11289.072266>
[COT 2023-11-18 18:51:10] 76561199108250772: Spawned Entity Working Gloves (WorkingGloves_Black<bc6ee910>, 100, 150, 0) at <6985.129883, 43.380764, 11289.084961>
[COT 2023-11-18 18:51:45] 76561199108250772: Spawned Entity Buck (Animal_CapraHircus<c17e4430>, 100, 120, 0) at <6946.195313, 16.069613, 11298.745117>
[COT 2023-11-18 18:51:52] 76561199108250772: Spawned Entity  (ExplosionTest<2128a50>, 100, 0, 0) at <6946.881836, 16.643028, 11298.630859>
[COT 2023-11-18 18:51:53] 76561199108250772: Spawned Entity  (ExplosionTest<21292e0>, 100, 0, 0) at <6946.190918, 16.069954, 11298.753906>
[COT 2023-11-18 18:51:54] 76561199108250772: Spawned Entity  (ExplosionTest<2130ac0>, 100, 0, 0) at <6946.197754, 16.069290, 11298.750000>
[COT 2023-11-18 18:52:12] 76561199108250772: Spawned Entity Pipsi Cola (SodaCan_ColorBase<c10b9b10>, 300, 30, 0) at <6985.572754, 43.221550, 11288.878906>
[COT 2023-11-18 18:52:12] 76561199108250772: Spawned Entity Pipsi Cola (SodaCan_ColorBase<c10c96a0>, 300, 30, 0) at <6985.501953, 43.326256, 11288.905273>
[COT 2023-11-18 18:52:13] 76561199108250772: Spawned Entity Pipsi Cola (SodaCan_ColorBase<c10c6e60>, 300, 30, 0) at <6985.432617, 43.422966, 11288.934570>
[COT 2023-11-18 18:52:32] 76561199108250772: Spawned Entity Codeine Pills (PainkillerTablets<c10c7870>, 12, 30, 0) at <6985.362305, 43.516857, 11288.968750>
[COT 2023-11-18 18:52:33] 76561199108250772: Spawned Entity Codeine Pills (PainkillerTablets<c10dd8a0>, 12, 30, 0) at <6985.324707, 43.583351, 11288.975586>
[COT 2023-11-18 18:52:36] 76561199108250772: Spawned Entity Chlorine Tablets (PurificationTablets<bcbd6b70>, 10, 30, 0) at <6985.274414, 43.653786, 11288.990234>
[COT 2023-11-18 18:52:36] 76561199108250772: Spawned Entity Chlorine Tablets (PurificationTablets<bcbe7b20>, 10, 30, 0) at <6985.223145, 43.724525, 11289.010742>
[COT 2023-11-18 18:53:33] 76561199108250772: Spawned Entity KA-74 (AK74<bd0728e0>, 100, 250, 0) at <6984.661621, 43.220119, 11287.649414>
[COT 2023-11-18 18:53:34] 76561199108250772: Spawned Entity KA-74 (AK74<bd06b4b0>, 100, 250, 0) at <6984.633301, 43.291924, 11287.651367>
[COT 2023-11-18 18:53:35] 76561199108250772: Spawned Entity KA-74 (AK74<bd077d60>, 100, 250, 0) at <6984.622559, 43.362930, 11287.650391>
[COT 2023-11-18 18:53:37] 76561199108250772: Spawned Entity KA-74 (AK74<bd081140>, 100, 250, 0) at <6984.590332, 43.426086, 11287.662109>
[COT 2023-11-18 18:54:12] 76561199108250772: Spawned Entity 45rd KA-74 Mag (Mag_AK74_45Rnd<b4cfacd0>, 45, 100, 0) at <6984.240723, 43.219219, 11287.648438>
[COT 2023-11-18 18:54:13] 76561199108250772: Spawned Entity 45rd KA-74 Mag (Mag_AK74_45Rnd<b4d210d0>, 45, 100, 0) at <6984.207520, 43.291725, 11287.661133>
[COT 2023-11-18 18:54:14] 76561199108250772: Spawned Entity 45rd KA-74 Mag (Mag_AK74_45Rnd<b99be330>, 45, 100, 0) at <6984.184082, 43.373772, 11287.663086>
[COT 2023-11-18 18:54:42] 76561199108250772: Spawned Entity Boxed 5.45x39mm Tracer Rounds (Box_Base<b9bf6100>, 100, 100, 0) at <6984.674316, 43.220184, 11287.567383>
[COT 2023-11-18 18:54:43] 76561199108250772: Spawned Entity Boxed 5.45x39mm Tracer Rounds (Box_Base<b9c09c90>, 100, 100, 0) at <6984.658691, 43.244640, 11287.575195>
[COT 2023-11-18 18:54:43] 76561199108250772: Spawned Entity Boxed 5.45x39mm Tracer Rounds (Box_Base<b4cf56c0>, 100, 100, 0) at <6984.656250, 43.249458, 11287.576172>
[COT 2023-11-18 18:54:44] 76561199108250772: Spawned Entity Boxed 5.45x39mm Tracer Rounds (Box_Base<b4cf7370>, 100, 100, 0) at <6984.650879, 43.261410, 11287.573242>
[COT 2023-11-18 18:54:44] 76561199108250772: Spawned Entity Boxed 5.45x39mm Tracer Rounds (Box_Base<b4d11830>, 100, 100, 0) at <6984.639160, 43.286648, 11287.574219>
[COT 2023-11-18 18:54:44] 76561199108250772: Spawned Entity Boxed 5.45x39mm Tracer Rounds (Box_Base<b3fa2960>, 100, 100, 0) at <6984.631836, 43.301716, 11287.574219>
[COT 2023-11-18 18:54:45] 76561199108250772: Spawned Entity Boxed 5.45x39mm Tracer Rounds (Box_Base<b9224500>, 100, 100, 0) at <6984.628906, 43.303631, 11287.574219>
[COT 2023-11-18 18:54:45] 76561199108250772: Spawned Entity Boxed 5.45x39mm Tracer Rounds (Box_Base<bd0d4a50>, 100, 100, 0) at <6984.613770, 43.328087, 11287.579102>
[COT 2023-11-18 18:54:46] 76561199108250772: Spawned Entity Boxed 5.45x39mm Tracer Rounds (Box_Base<bd0d0760>, 100, 100, 0) at <6984.598633, 43.352543, 11287.585938>
[COT 2023-11-18 18:54:46] 76561199108250772: Spawned Entity Boxed 5.45x39mm Tracer Rounds (Box_Base<bd0ac9a0>, 100, 100, 0) at <6984.597168, 43.354218, 11287.585938>
[COT 2023-11-18 18:54:46] 76561199108250772: Spawned Entity Boxed 5.45x39mm Tracer Rounds (Box_Base<be545860>, 100, 100, 0) at <6984.594238, 43.366512, 11287.585938>
[COT 2023-11-18 18:54:47] 76561199108250772: Spawned Entity Boxed 5.45x39mm Tracer Rounds (Box_Base<be54cb20>, 100, 100, 0) at <6984.585449, 43.391750, 11287.590820>
[COT 2023-11-18 18:54:47] 76561199108250772: Spawned Entity Boxed 5.45x39mm Tracer Rounds (Box_Base<bb0fa680>, 100, 100, 0) at <6984.583984, 43.397045, 11287.590820>
[COT 2023-11-18 18:54:47] 76561199108250772: Spawned Entity Boxed 5.45x39mm Tracer Rounds (Box_Base<bb1154d0>, 100, 100, 0) at <6984.568359, 43.421501, 11287.596680>
[COT 2023-11-18 18:54:48] 76561199108250772: Spawned Entity Boxed 5.45x39mm Tracer Rounds (Box_Base<bb1184a0>, 100, 100, 0) at <6984.549805, 43.446739, 11287.606445>
[COT 2023-11-18 18:54:48] 76561199108250772: Spawned Entity Boxed 5.45x39mm Tracer Rounds (Box_Base<b0ba2240>, 100, 100, 0) at <6984.545898, 43.446739, 11287.610352>
[COT 2023-11-18 18:54:48] 76561199108250772: Spawned Entity Boxed 5.45x39mm Tracer Rounds (Box_Base<b0bb3790>, 100, 100, 0) at <6984.532715, 43.471977, 11287.613281>
[COT 2023-11-18 18:54:49] 76561199108250772: Spawned Entity Boxed 5.45x39mm Tracer Rounds (Box_Base<a09d3090>, 100, 100, 0) at <6984.530762, 43.482868, 11287.610352>
[COT 2023-11-18 18:54:49] 76561199108250772: Spawned Entity Boxed 5.45x39mm Tracer Rounds (Box_Base<a09ca120>, 100, 100, 0) at <6984.521973, 43.507324, 11287.611328>
[COT 2023-11-18 18:54:49] 76561199108250772: Spawned Entity Boxed 5.45x39mm Tracer Rounds (Box_Base<bedbf3e0>, 100, 100, 0) at <6984.510254, 43.532562, 11287.613281>
[COT 2023-11-18 18:58:33] 76561199108250772: Spawned Entity MVS Heavy - Black (ModularVestSystem_Heavy<c0fb2fe0>, 1000, 300, 0) at <6984.298340, 43.219837, 11286.465820>
[COT 2023-11-18 18:58:42] 76561199108250772: Spawned Entity MVS Magazine Pouch - Black (MVS_Pouch_Base<c0e2f450>, 1000, 100, 0) at <6984.156738, 43.604771, 11286.517578>
[COT 2023-11-18 18:58:47] 76561199108250772: Spawned Entity MVS Molle Panel - Black (MVS_Pouch_Base<c0e383c0>, 1000, 100, 0) at <6985.000000, 43.221264, 11286.652344>
[COT 2023-11-18 18:58:58] 76561199108250772: Spawned Entity MVS Combat Pants - Black (BDUPants<ae56e610>, 1000, 100, 0) at <6984.909180, 43.328182, 11286.662109>
[COT 2023-11-18 18:59:4s] 76561199108250772: Spawned Entity MVS Combat Shirt - Black (TacticalShirt_ColorBase<a115bdf0>, 1000, 100, 0) at <6984.670410, 43.618916, 11286.682617>
[COT 2023-11-18 18:59:31] 76561199108250772: Spawned Entity Sewing Kit (SewingKit<a92aecc0>, 100, 50, 0) at <6984.669922, 43.220703, 11286.292969>
[COT 2023-11-18 18:59:31] 76561199108250772: Spawned Entity Sewing Kit (SewingKit<a92ac680>, 100, 50, 0) at <6984.662109, 43.259544, 11286.296875>
[COT 2023-11-18 18:59:33] 76561199108250772: Spawned Entity Leather Sewing Kit (LeatherSewingKit<a92b98e0>, 100, 100, 0) at <6984.657715, 43.298386, 11286.295898>
[COT 2023-11-18 18:59:33] 76561199108250772: Spawned Entity Leather Sewing Kit (LeatherSewingKit<a92c31e0>, 100, 100, 0) at <6984.639160, 43.385460, 11286.304688>
[COT 2023-11-18 19:0m:1s] 76561199108250772: Spawned Entity Splitting Axe (WoodAxe<bc60a240>, 100, 250, 0) at <6983.676758, 43.220528, 11285.248047>
[COT 2023-11-18 19:0m:35] 76561199108250772: Spawned Entity Paper (Paper<c27a8470>, 100, 15, 0) at <6985.059082, 43.220501, 11288.753906>
[COT 2023-11-18 19:0m:35] 76561199108250772: Spawned Entity Paper (Paper<c27af730>, 100, 15, 0) at <6985.038086, 43.292835, 11288.755859>
[COT 2023-11-18 19:0m:42] 76561199108250772: Spawned Entity Lighter (PetrolLighter<b9bfe6e0>, 20, 20, 0) at <6985.032227, 43.365162, 11288.750977>
[COT 2023-11-18 19:0m:42] 76561199108250772: Spawned Entity Lighter (PetrolLighter<b9bf90d0>, 20, 20, 0) at <6985.023438, 43.377186, 11288.753906>
[COT 2023-11-18 19:1m:0s] 76561199108250772: Spawned Entity Firewood (Firewood<be534310>, 1, 500, 0) at <6984.243164, 43.220009, 11285.776367>
[COT 2023-11-18 19:1m:0s] 76561199108250772: Spawned Entity Firewood (Firewood<be52f690>, 1, 500, 0) at <6984.203613, 43.396618, 11285.816406>
[COT 2023-11-18 19:1m:1s] 76561199108250772: Spawned Entity Firewood (Firewood<be531cd0>, 1, 500, 0) at <6984.165039, 43.573227, 11285.858398>
[COT 2023-11-18 19:1m:1s] 76561199108250772: Spawned Entity Firewood (Firewood<be53a2b0>, 1, 500, 0) at <6984.124512, 43.749836, 11285.902344>
[COT 2023-11-18 19:1m:1s] 76561199108250772: Spawned Entity Firewood (Firewood<b9208390>, 1, 500, 0) at <6984.084473, 43.926445, 11285.946289>
[COT 2023-11-18 19:1m:2s] 76561199108250772: Spawned Entity Firewood (Firewood<b920a9d0>, 1, 500, 0) at <6984.046387, 44.103054, 11285.993164>
[COT 2023-11-18 19:1m:19] 76561199108250772: Healed [guid=OAdpPkJP2Ps_W7h2ttR1bK23ekHCzrxw0mDT3zqLMdU=]
[COT 2023-11-18 19:1m:36] 76561199108250772: Spawned Entity Flag Pole Kit (TerritoryFlagKit<b9208390>, 100, 200, 0) at <6988.115723, 45.709648, 11285.891602>
[COT 2023-11-18 19:1m:56] 76561199108250772: ESP: Viewing ESP
[COT 2023-11-18 19:1m:59] 76561199108250772: ESP target=TerritoryFlag<c2b41de0> action=built part=base required_materials=false
[COT 2023-11-18 19:2m:0s] 76561199108250772: ESP target=TerritoryFlag<c2b41de0> action=built part=support required_materials=false
[COT 2023-11-18 19:2m:1s] 76561199108250772: ESP target=TerritoryFlag<c2b41de0> action=built part=pole required_materials=false
[COT 2023-11-18 19:2m:4s] 76561199108250772: ESP: Clearing ESP
[COT 2023-11-18 19:2m:32] 76561199108250772: Spawned Entity Flag (Flag_Cannibals<b479f710>, 100, 100, 0) at <6986.757813, 45.709648, 11287.261719>
[COT 2023-11-18 19:2m:51] 76561199108250772: Set the date to 2011/12/7 12:0
[COT 2023-11-18 19:2m:52] 76561199108250772: Set rain to 0 0 0
[COT 2023-11-18 19:2m:52] 76561199108250772: Set storm to 0 0.8 4000
[COT 2023-11-18 19:2m:52] 76561199108250772: Set fog to 0 0 0
[COT 2023-11-18 19:2m:52] 76561199108250772: Set overcast to 0 0 0
[COT 2023-11-18 19:2m:52] 76561199108250772: Set wind to 0 0 1
[COT 2023-11-18 19:4m:16] 76561199108250772: Spawned Entity  (ExplosionTest<ba5e9300>, 100, 0, 0) at <6891.396973, 15.277384, 11357.887695>
[COT 2023-11-18 19:4m:23] 76561199108250772: Spawned Entity  (ExplosionTest<ba5eacb0>, 100, 0, 0) at <6903.922363, 15.815548, 11356.809570>
[COT 2023-11-18 19:4m:28] 76561199108250772: Spawned Entity  (ExplosionTest<ba5e3d60>, 100, 0, 0) at <6835.092285, 15.160015, 11376.091797>
[COT 2023-11-18 19:4m:33] 76561199108250772: Spawned Entity  (ExplosionTest<ba5e45f0>, 100, 0, 0) at <6820.984863, 15.159975, 11383.715820>
[COT 2023-11-18 19:4m:46] 76561199108250772: Spawned Entity  (ExplosionTest<ba5e4e80>, 100, 0, 0) at <6861.382813, 15.349346, 11355.130859>
[COT 2023-11-18 19:4m:52] 76561199108250772: Spawned Entity  (ExplosionTest<ba5eb540>, 100, 0, 0) at <6842.507813, 17.812557, 11335.339844>
[COT 2023-11-18 19:4m:57] 76561199108250772: Spawned Entity  (ExplosionTest<ba5ebdd0>, 100, 0, 0) at <6828.886719, 15.627076, 11323.844727>
[COT 2023-11-18 19:5m:3s] 76561199108250772: Spawned Entity  (ExplosionTest<ba5ec660>, 100, 0, 0) at <6830.408691, 15.214418, 11324.533203>
[COT 2023-11-18 19:5m:5s] 76561199108250772: Spawned Entity  (ExplosionTest<ba5e5710>, 100, 0, 0) at <6830.405762, 15.214348, 11324.537109>
[COT 2023-11-18 19:5m:6s] 76561199108250772: Spawned Entity  (ExplosionTest<ba5ecef0>, 100, 0, 0) at <6830.405762, 15.214354, 11324.538086>
[COT 2023-11-18 19:5m:6s] 76561199108250772: Spawned Entity  (ExplosionTest<ba5e5fa0>, 100, 0, 0) at <6830.406250, 15.214354, 11324.540039>
[COT 2023-11-18 19:5m:6s] 76561199108250772: Spawned Entity  (ExplosionTest<ba5f0ae0>, 100, 0, 0) at <6830.407227, 15.214396, 11324.539063>
[COT 2023-11-18 19:5m:11] 76561199108250772: Spawned Entity  (ExplosionTest<ba5f3e40>, 100, 0, 0) at <6830.402832, 15.214279, 11324.537109>
[COT 2023-11-18 19:5m:13] 76561199108250772: Spawned Entity  (ExplosionTest<ba5f35b0>, 100, 0, 0) at <6830.406250, 15.214378, 11324.539063>
[COT 2023-11-18 19:5m:15] 76561199108250772: Spawned Entity  (ExplosionTest<ba5f4f60>, 100, 0, 0) at <6830.410645, 15.214500, 11324.532227>
[COT 2023-11-18 19:5m:17] 76561199108250772: Spawned Entity  (ExplosionTest<ba5f57f0>, 100, 0, 0) at <6830.407715, 15.214376, 11324.534180>
[COT 2023-11-18 19:5m:20] 76561199108250772: Spawned Entity  (ExplosionTest<ba5ee8a0>, 100, 0, 0) at <6830.405762, 15.214340, 11324.536133>
[COT 2023-11-18 19:5m:20] 76561199108250772: Spawned Entity  (ExplosionTest<ba5fa500>, 100, 0, 0) at <6830.406250, 15.214375, 11324.539063>
[COT 2023-11-18 19:5m:20] 76561199108250772: Spawned Entity  (ExplosionTest<ba5fbeb0>, 100, 0, 0) at <6830.407227, 15.214396, 11324.539063>
[COT 2023-11-18 19:5m:20] 76561199108250772: Spawned Entity  (ExplosionTest<ba5fc740>, 100, 0, 0) at <6830.407227, 15.214403, 11324.539063>
[COT 2023-11-18 19:5m:21] 76561199108250772: Spawned Entity  (ExplosionTest<ba5f93e0>, 100, 0, 0) at <6830.406738, 15.214384, 11324.539063>
[COT 2023-11-18 19:5m:21] 76561199108250772: Spawned Entity  (ExplosionTest<ba5f7a30>, 100, 0, 0) at <6830.407227, 15.214369, 11324.538086>
[COT 2023-11-18 19:5m:21] 76561199108250772: Spawned Entity  (ExplosionTest<ba5f6080>, 100, 0, 0) at <6830.406250, 15.214369, 11324.536133>
[COT 2023-11-18 19:5m:27] 76561199108250772: Spawned Entity  (ExplosionTest<ba5fcfd0>, 100, 0, 0) at <6848.628906, 15.250263, 11290.131836>
[COT 2023-11-18 19:5m:27] 76561199108250772: Spawned Entity  (ExplosionTest<ba5f6910>, 100, 0, 0) at <6848.628906, 15.250267, 11290.131836>
[COT 2023-11-18 19:5m:36] 76561199108250772: Spawned Entity  (ExplosionTest<ba5f8b50>, 100, 0, 0) at <6813.850098, 15.870070, 11377.860352>
[COT 2023-11-18 19:5m:36] 76561199108250772: Spawned Entity  (ExplosionTest<ba5fad90>, 100, 0, 0) at <6813.852539, 15.870588, 11377.860352>
[COT 2023-11-18 19:5m:41] 76561199108250772: Spawned Entity  (ExplosionTest<ba5f82c0>, 100, 0, 0) at <6806.314941, 15.397633, 11374.174805>
[COT 2023-11-18 19:5m:43] 76561199108250772: Spawned Entity  (ExplosionTest<ba5fb620>, 100, 0, 0) at <6806.030762, 15.324997, 11374.182617>
[COT 2023-11-18 19:5m:48] 76561199108250772: Spawned Entity  (ExplosionTest<ba5f71a0>, 100, 0, 0) at <6851.300293, 17.750538, 11383.997070>
[COT 2023-11-18 19:6m:7s] 76561199108250772: Spawned Entity  (ExplosionTest<ba5fd860>, 100, 0, 0) at <6871.035645, 16.312889, 11343.998047>
[COT 2023-11-18 19:6m:13] 76561199108250772: Spawned Entity  (ExplosionTest<ba5fe0f0>, 100, 0, 0) at <6829.541016, 15.154886, 11337.183594>
[COT 2023-11-18 19:6m:15] 76561199108250772: Spawned Entity  (ExplosionTest<ba5fe980>, 100, 0, 0) at <6829.534668, 15.154879, 11337.183594>
[COT 2023-11-18 19:6m:17] 76561199108250772: Spawned Entity  (ExplosionTest<ba5ff210>, 100, 0, 0) at <6829.536133, 15.154926, 11337.186523>
[COT 2023-11-18 19:6m:17] 76561199108250772: Spawned Entity  (ExplosionTest<ba600330>, 100, 0, 0) at <6829.536133, 15.154940, 11337.186523>
[COT 2023-11-18 19:6m:18] 76561199108250772: Spawned Entity  (ExplosionTest<ba5ffaa0>, 100, 0, 0) at <6830.316406, 15.431635, 11337.628906>
[COT 2023-11-18 19:6m:18] 76561199108250772: Spawned Entity  (ExplosionTest<ba600bc0>, 100, 0, 0) at <6830.324707, 15.434908, 11337.633789>
[COT 2023-11-18 19:6m:19] 76561199108250772: Spawned Entity  (ExplosionTest<ba5f9c70>, 100, 0, 0) at <6830.326660, 15.435472, 11337.634766>
[COT 2023-11-18 19:6m:19] 76561199108250772: Spawned Entity  (ExplosionTest<ba601450>, 100, 0, 0) at <6830.456055, 15.481554, 11337.709961>
[COT 2023-11-18 19:6m:20] 76561199108250772: Spawned Entity  (ExplosionTest<ba5c4cc0>, 100, 0, 0) at <6830.474121, 15.487774, 11337.719727>
[COT 2023-11-18 19:6m:20] 76561199108250772: Spawned Entity  (ExplosionTest<ba5c4430>, 100, 0, 0) at <6830.474121, 15.487661, 11337.719727>
[COT 2023-11-18 19:6m:20] 76561199108250772: Spawned Entity  (ExplosionTest<ba5c6f00>, 100, 0, 0) at <6829.541016, 15.154869, 11337.182617>
[COT 2023-11-18 19:6m:21] 76561199108250772: Spawned Entity  (ExplosionTest<ba5c8020>, 100, 0, 0) at <6829.541016, 15.154886, 11337.183594>
[COT 2023-11-18 19:6m:24] 76561199108250772: Spawned Entity  (ExplosionTest<ba5c5550>, 100, 0, 0) at <6824.262207, 15.211657, 11307.017578>
[COT 2023-11-18 19:6m:25] 76561199108250772: Spawned Entity  (ExplosionTest<ba5c1960>, 100, 0, 0) at <6824.262695, 15.211668, 11307.018555>
[COT 2023-11-18 19:6m:30] 76561199108250772: Spawned Entity  (ExplosionTest<ba5c7790>, 100, 0, 0) at <6826.597168, 15.104870, 11328.917969>
[COT 2023-11-18 19:6m:30] 76561199108250772: Spawned Entity  (ExplosionTest<ba5c10d0>, 100, 0, 0) at <6826.597168, 15.104855, 11328.917969>
[COT 2023-11-18 19:6m:37] 76561199108250772: Spawned Entity  (ExplosionTest<ba5c5de0>, 100, 0, 0) at <6849.300781, 15.266655, 11294.482422>
[COT 2023-11-18 19:6m:37] 76561199108250772: Spawned Entity  (ExplosionTest<ba5c21f0>, 100, 0, 0) at <6849.299805, 15.266655, 11294.481445>
[COT 2023-11-18 19:6m:37] 76561199108250772: Spawned Entity  (ExplosionTest<ba5c99d0>, 100, 0, 0) at <6849.299805, 15.266638, 11294.482422>
[COT 2023-11-18 19:6m:55] 76561199108250772: Set cannot be targeted by AI to true [guid=OAdpPkJP2Ps_W7h2ttR1bK23ekHCzrxw0mDT3zqLMdU=]
[COT 2023-11-18 19:6m:57] 76561199108250772: Set UnlimitedStamina To true [guid=OAdpPkJP2Ps_W7h2ttR1bK23ekHCzrxw0mDT3zqLMdU=]
[COT 2023-11-18 19:6m:58] 76561199108250772: Set UnlimitedAmmo To true [guid=OAdpPkJP2Ps_W7h2ttR1bK23ekHCzrxw0mDT3zqLMdU=]
[COT 2023-11-18 19:6m:59] 76561199108250772: Set UnlimitedAmmo To true [guid=OAdpPkJP2Ps_W7h2ttR1bK23ekHCzrxw0mDT3zqLMdU=]
[COT 2023-11-18 19:7m:12] 76561199108250772: Spawned Entity  (ExplosionTest<ba5c3310>, 100, 0, 0) at <6864.233398, 16.458698, 11361.817383>
[COT 2023-11-18 19:7m:18] 76561199108250772: Spawned Entity  (ExplosionTest<ba5c2a80>, 100, 0, 0) at <6817.520996, 15.192932, 11397.516602>
[COT 2023-11-18 19:7m:18] 76561199108250772: Spawned Entity  (ExplosionTest<ba5ca260>, 100, 0, 0) at <6817.520996, 15.192945, 11397.516602>
[COT 2023-11-18 19:7m:25] 76561199108250772: Spawned Entity  (ExplosionTest<ba5caaf0>, 100, 0, 0) at <6812.744141, 15.159986, 11395.945313>
[COT 2023-11-18 19:7m:25] 76561199108250772: Spawned Entity  (ExplosionTest<ba5c3ba0>, 100, 0, 0) at <6812.745117, 15.159983, 11395.945313>
[COT 2023-11-18 19:7m:29] 76561199108250772: Spawned Entity  (ExplosionTest<ba5cb380>, 100, 0, 0) at <6837.493652, 15.270714, 11408.166016>
[COT 2023-11-18 19:7m:30] 76561199108250772: Spawned Entity  (ExplosionTest<ba5c6670>, 100, 0, 0) at <6837.492676, 15.270710, 11408.166016>
[COT 2023-11-18 19:7m:49] 76561199108250772: Spawned Entity  (ExplosionTest<ba5cbc10>, 100, 0, 0) at <6866.965332, 15.361479, 11320.991211>
[COT 2023-11-18 19:7m:54] 76561199108250772: Spawned Entity  (ExplosionTest<ba5cc4a0>, 100, 0, 0) at <6858.938965, 15.276211, 11298.811523>
[COT 2023-11-18 19:7m:54] 76561199108250772: Spawned Entity  (ExplosionTest<ba5c88b0>, 100, 0, 0) at <6858.938477, 15.276211, 11298.811523>
[COT 2023-11-18 19:8m:2s] 76561199108250772: Spawned Entity  (ExplosionTest<ba5ccd30>, 100, 0, 0) at <6850.639648, 15.823092, 11281.223633>
[COT 2023-11-18 19:8m:2s] 76561199108250772: Spawned Entity  (ExplosionTest<ba5cd5c0>, 100, 0, 0) at <6850.677246, 15.842496, 11281.299805>
[COT 2023-11-18 19:8m:8s] 76561199108250772: Spawned Entity  (ExplosionTest<ba5cde50>, 100, 0, 0) at <6779.250977, 15.616343, 11267.250977>
[COT 2023-11-18 19:8m:8s] 76561199108250772: Spawned Entity  (ExplosionTest<ba5ce6e0>, 100, 0, 0) at <6779.250000, 15.616576, 11267.251953>
[COT 2023-11-18 19:9m:27] 76561199108250772: Entered the Free Camera
[COT 2023-11-18 19:9m:38] 76561199108250772: Left the Free Camera
[COT 2023-11-18 19:9m:49] 76561199108250772: Healed [guid=OAdpPkJP2Ps_W7h2ttR1bK23ekHCzrxw0mDT3zqLMdU=]
[COT 2023-11-18 19:11:10] 76561199108250772: Entered the Free Camera
[COT 2023-11-18 19:11:22] 76561199108250772: Left the Free Camera
[COT 2023-11-18 19:12:17] 76561199108250772: Spawned Entity Rope (Rope<c278b970>, 100, 200, 0) at <7266.202637, 8.640886, 11068.128906>
[COT 2023-11-18 19:12:24] 76561199108250772: Spawned Entity Short Stick (WoodenStick<bedc0700>, 5, 50, 0) at <7266.201172, 8.672367, 11068.126953>
[COT 2023-11-18 19:13:17] 76561199108250772: ESP: Viewing ESP
[COT 2023-11-18 19:13:20] 76561199108250772: ESP target=Fence<b9b40cd0> action=built part=base required_materials=false
[COT 2023-11-18 19:13:21] 76561199108250772: ESP target=Fence<b9b40cd0> action=built part=wall_base_down required_materials=false
[COT 2023-11-18 19:13:22] 76561199108250772: ESP target=Fence<b9b40cd0> action=built part=wall_wood_down required_materials=false
[COT 2023-11-18 19:13:23] 76561199108250772: ESP target=Fence<b9b40cd0> action=built part=wall_base_up required_materials=false
[COT 2023-11-18 19:13:25] 76561199108250772: ESP target=Fence<b9b40cd0> action=built part=wall_wood_up required_materials=false
[COT 2023-11-18 19:13:26] 76561199108250772: ESP target=Fence<b9b40cd0> action=built part=wall_gate required_materials=false
[COT 2023-11-18 19:13:46] 76561199108250772: ESP index=0 target=Fence:04272 position=<7270.659180, 8.710579, 11065.571289> action=delete
[COT 2023-11-18 19:13:46] 76561199108250772: ESP action=delete_all count=1 attempted=1
[COT 2023-11-18 19:13:59] 76561199108250772: Spawned Entity Fence Kit (FenceKit<c2e3ddd0>, 100, 200, 0) at <7267.742188, 8.669542, 11067.409180>
[COT 2023-11-18 19:14:28] 76561199108250772: ESP: Clearing ESP
[COT 2023-11-18 19:14:28] 76561199108250772: ESP: Viewing ESP
[COT 2023-11-18 19:14:32] 76561199108250772: ESP target=Fence<b93deea0> action=built part=base required_materials=false
[COT 2023-11-18 19:14:33] 76561199108250772: ESP target=Fence<b93deea0> action=built part=wall_base_down required_materials=false
[COT 2023-11-18 19:14:35] 76561199108250772: ESP target=Fence<b93deea0> action=built part=wall_wood_down required_materials=false
[COT 2023-11-18 19:14:36] 76561199108250772: ESP target=Fence<b93deea0> action=built part=wall_base_up required_materials=false
[COT 2023-11-18 19:14:38] 76561199108250772: ESP target=Fence<b93deea0> action=built part=wall_wood_up required_materials=false
[COT 2023-11-18 19:14:39] 76561199108250772: ESP target=Fence<b93deea0> action=built part=wall_gate required_materials=false
[COT 2023-11-18 19:14:41] 76561199108250772: ESP: Clearing ESP
[COT 2023-11-18 19:15:2s] 76561199108250772: Spawned Entity 3-Dial Combination Lock (CombinationLock<c295e0a0>, 100, 1500, 0) at <7273.169922, 8.754015, 11063.452148>
[COT 2023-11-18 19:15:29] 76561199108250772: Spawned Entity 4-Dial Combination Lock (CombinationLock4<c266fba0>, 100, 1500, 0) at <7275.597656, 8.766586, 11063.177734>
[COT 2023-11-18 19:16:26] 76561199108250772: ESP: Viewing ESP
[COT 2023-11-18 19:16:29] 76561199108250772: ESP target=Fence<b9400e00> action=built part=base required_materials=false
[COT 2023-11-18 19:16:30] 76561199108250772: ESP target=Fence<b9400e00> action=built part=wall_base_down required_materials=false
[COT 2023-11-18 19:16:33] 76561199108250772: ESP target=Fence<b9400e00> action=built part=wall_wood_down required_materials=false
[COT 2023-11-18 19:16:34] 76561199108250772: ESP target=Fence<b9400e00> action=built part=wall_base_up required_materials=false
[COT 2023-11-18 19:16:35] 76561199108250772: ESP target=Fence<b9400e00> action=built part=wall_wood_up required_materials=false
[COT 2023-11-18 19:16:39] 76561199108250772: ESP: Clearing ESP
[COT 2023-11-18 19:16:57] 76561199108250772: ESP: Viewing ESP
[COT 2023-11-18 19:17:0s] 76561199108250772: ESP target=Fence<b3273ee0> action=built part=base required_materials=false
[COT 2023-11-18 19:17:1s] 76561199108250772: ESP target=Fence<b3273ee0> action=built part=wall_base_down required_materials=false
[COT 2023-11-18 19:17:2s] 76561199108250772: ESP target=Fence<b3273ee0> action=built part=wall_wood_down required_materials=false
[COT 2023-11-18 19:17:3s] 76561199108250772: ESP target=Fence<b3273ee0> action=built part=wall_base_up required_materials=false
[COT 2023-11-18 19:17:4s] 76561199108250772: ESP target=Fence<b3273ee0> action=built part=wall_wood_up required_materials=false
[COT 2023-11-18 19:17:6s] 76561199108250772: ESP: Clearing ESP
[COT 2023-11-18 19:17:17] 76561199108250772: Spawned Entity Fire Barrel (BarrelHoles_Red<b2bea020>, 100, 900, 0) at <7269.302734, 8.764828, 11064.919922>
[COT 2023-11-18 19:17:35] 76561199108250772: Spawned Entity Firewood (Firewood<c265d330>, 1, 500, 0) at <7268.628906, 8.769925, 11065.052734>
[COT 2023-11-18 19:17:36] 76561199108250772: Spawned Entity Firewood (Firewood<c2667f50>, 1, 500, 0) at <7268.599609, 8.947300, 11065.148438>
[COT 2023-11-18 19:17:36] 76561199108250772: Spawned Entity Firewood (Firewood<bc5f79d0>, 1, 500, 0) at <7268.567383, 9.123913, 11065.242188>
[COT 2023-11-18 19:17:36] 76561199108250772: Spawned Entity Firewood (Firewood<bc6263b0>, 1, 500, 0) at <7268.537598, 9.300525, 11065.334961>
[COT 2023-11-18 19:17:37] 76561199108250772: Spawned Entity Firewood (Firewood<8061530>, 1, 500, 0) at <7268.507813, 9.477136, 11065.431641>
[COT 2023-11-18 19:17:37] 76561199108250772: Spawned Entity Firewood (Firewood<8072a80>, 1, 500, 0) at <7268.477051, 9.653747, 11065.530273>
[COT 2023-11-18 19:17:54] 76561199108250772: Spawned Entity Paper (Paper<bf031330>, 100, 15, 0) at <7268.319824, 8.753627, 11065.440430>
[COT 2023-11-18 19:17:59] 76561199108250772: Spawned Entity Lighter (PetrolLighter<baa2c330>, 20, 20, 0) at <7268.311035, 8.825956, 11065.463867>
[COT 2023-11-18 19:18:19] 76561199108250772: Spawned Entity Multivitamin Pills (VitaminBottle<bb06d2c0>, 50, 50, 0) at <7268.777832, 8.714195, 11066.326172>
[COT 2023-11-18 19:19:4s] 76561199108250772: Spawned Entity Wooden Crate (WoodenCrate<bedb8120>, 5, 400, 0) at <7267.423828, 8.715858, 11066.348633>
[COT 2023-11-18 19:19:9s] 76561199108250772: Entered the Free Camera
[COT 2023-11-18 19:19:17] 76561199108250772: Left the Free Camera
[COT 2023-11-18 19:19:24] 76561199108250772: Spawned Entity Wooden Crate (WoodenCrate<bb122730>, 100, 400, 0) at <7266.971680, 8.692423, 11066.907227>
[COT 2023-11-18 19:19:26] 76561199108250772: Spawned Entity Wooden Crate (WoodenCrate<bb12f990>, 100, 400, 0) at <7268.114746, 8.683438, 11067.073242>
[COT 2023-11-18 19:19:28] 76561199108250772: Spawned Entity Wooden Crate (WoodenCrate<bb10fec0>, 100, 400, 0) at <7268.705078, 8.699538, 11066.680664>
[COT 2023-11-18 19:19:31] 76561199108250772: Spawned Entity Wooden Crate (WoodenCrate<c14972d0>, 100, 400, 0) at <7268.986328, 8.716922, 11066.169922>
[COT 2023-11-18 19:19:37] 76561199108250772: Entered the Free Camera
[COT 2023-11-18 19:19:55] 76561199108250772: Left the Free Camera
[COT 2023-11-18 19:20:2s] 76561199108250772: Entered the Free Camera
[COT 2023-11-18 19:20:10] 76561199108250772: Left the Free Camera
[COT 2023-11-18 19:20:17] 76561199108250772: Entered the Free Camera
[COT 2023-11-18 19:20:23] 76561199108250772: Left the Free Camera
[COT 2023-11-18 19:20:26] 76561199108250772: Entered the Free Camera
[COT 2023-11-18 19:20:33] 76561199108250772: Left the Free Camera
[COT 2023-11-18 19:20:58] 76561199108250772: Spawned Entity Boxed Nails (NailBox<c2cc6a00>, 100, 80, 0) at <7265.909180, 8.646750, 11069.443359>
[COT 2023-11-18 19:20:58] 76561199108250772: Spawned Entity Boxed Nails (NailBox<bd188130>, 100, 80, 0) at <7266.002930, 8.833961, 11069.360352>
[COT 2023-11-18 19:20:59] 76561199108250772: Spawned Entity Boxed Nails (NailBox<bd19e300>, 100, 80, 0) at <7266.083496, 8.992773, 11069.286133>
[COT 2023-11-18 19:21:1s] 76561199108250772: Spawned Entity Boxed Nails (NailBox<bedbfd70>, 100, 80, 0) at <7265.443359, 8.656651, 11069.641602>
[COT 2023-11-18 19:21:1s] 76561199108250772: Spawned Entity Boxed Nails (NailBox<bed91390>, 100, 80, 0) at <7265.525391, 8.758319, 11069.571289>
[COT 2023-11-18 19:21:2s] 76561199108250772: Spawned Entity Boxed Nails (NailBox<bb3fbac0>, 100, 80, 0) at <7265.619629, 8.874163, 11069.493164>
[COT 2023-11-18 19:27:32] 76561199108250772: Teleported to position <7276.093262, 8.856512, 11068.673828>
[COT 2023-11-18 19:27:35] 76561199108250772: Entered the Free Camera
[COT 2023-11-18 19:27:37] 76561199108250772: Entered the Free Camera
[COT 2023-11-18 19:27:41] 76561199108250772: Left the Free Camera
[COT 2023-11-18 19:29:50] 76561199108250772: Entered the Free Camera
[COT 2023-11-18 19:29:58] 76561199108250772: Left the Free Camera
[COT 2023-11-18 19:31:0s] 76561199108250772: Spawned Entity MVS Combat Pants - Black (BDUPants<bce24010>, 100, 100, 0) at <7266.355957, 8.702811, 11066.689453>
[COT 2023-11-18 19:31:7s] 76561199108250772: Spawned Entity MVS Combat Shirt - Black (TacticalShirt_ColorBase<bad52090>, 100, 100, 0) at <7266.497559, 9.087747, 11066.573242>
[COT 2023-11-18 19:33:43] 76561199108250772: Spawned Entity MVS Combat Belt - Black (Modular_Belt_Base<bc2bd7a0>, 1000, 100, 0) at <7266.671875, 8.683392, 11067.127930>
[COT 2023-11-18 19:33:48] 76561199108250772: Spawned Entity MVS Holster - Black (PlateCarrierHolster<bc2b7800>, 1000, 100, 0) at <7266.728027, 8.808805, 11067.105469>
[COT 2023-11-18 19:33:52] 76561199108250772: Spawned Entity MVS Sheath - Black (NylonKnifeSheath<bc2c4a60>, 1000, 100, 0) at <7266.760742, 8.886470, 11067.076172>
[COT 2023-11-18 19:34:3s] 76561199108250772: Spawned Entity MVS Balaclava - Black (BalaclavaMask_ColorBase<bc29f980>, 1000, 100, 0) at <7266.764648, 8.886470, 11067.083008>
[COT 2023-11-18 19:34:15] 76561199108250772: Spawned Entity MVS Patrol Cap - Black (Clothing<bc2a0ca0>, 1000, 100, 0) at <7266.759766, 8.886470, 11067.080078>
[COT 2023-11-18 19:37:7s] 76561199108250772: Spawned Entity Identifier Patch - ADMIN (Clothing<bed9ac90>, 100, 100, 0) at <7269.312012, 8.719533, 11065.964844>
[COT 2023-11-18 19:37:44] 76561199108250772: ESP: Viewing ESP
[COT 2023-11-18 19:37:46] 76561199108250772: ESP index=0 target=SurvivorM_Lewis:01 position=<7269.523438, 8.791574, 11064.500977> action=delete
[COT 2023-11-18 19:37:46] 76561199108250772: ESP action=delete_all count=1 attempted=1
[COT 2023-11-18 19:37:48] 76561199108250772: ESP: Clearing ESP
[COT 2023-11-18 19:40:51] 76561199108250772: Spawned Entity Firewood (Firewood<bca32410>, 1, 500, 0) at <7268.880859, 8.741545, 11065.646484>
[COT 2023-11-18 19:40:52] 76561199108250772: Spawned Entity Firewood (Firewood<bca2c470>, 1, 500, 0) at <7268.850586, 8.918157, 11065.658203>
[COT 2023-11-18 19:40:52] 76561199108250772: Spawned Entity Firewood (Firewood<bca3a9f0>, 1, 500, 0) at <7268.828125, 9.094769, 11065.661133>
[COT 2023-11-18 19:41:34] 76561199108250772: Spawned Entity MVS Sling Pack - Black (MountainBag_ColorBase<bca10300>, 100, 300, 0) at <7269.029297, 8.729051, 11065.870117>
[COT 2023-11-18 19:43:34] 76561199108250772: Set rain to 0 0 0
[COT 2023-11-18 19:43:34] 76561199108250772: Set storm to 0 0.8 4000
[COT 2023-11-18 19:43:34] 76561199108250772: Set fog to 0 0 0
[COT 2023-11-18 19:43:34] 76561199108250772: Set overcast to 0 0 0
[COT 2023-11-18 19:43:34] 76561199108250772: Set wind to 0 0 1
[COT 2023-11-18 19:43:35] 76561199108250772: Set the date to 2011/12/7 12:0
[COT 2023-11-18 19:44:49] 76561199108250772: Spawned Entity Working Gloves (WorkingGloves_Black<c2e344d0>, 100, 150, 0) at <7268.919922, 8.703076, 11066.520508>
[COT 2023-11-18 19:47:2s] 76561199108250772: Healed [guid=OAdpPkJP2Ps_W7h2ttR1bK23ekHCzrxw0mDT3zqLMdU=]
[COT 2023-11-18 19:47:10] 76561199108250772: Set GodMode To true [guid=OAdpPkJP2Ps_W7h2ttR1bK23ekHCzrxw0mDT3zqLMdU=]
[COT 2023-11-18 19:47:10] 76561199108250772: Set cannot be targeted by AI to true [guid=OAdpPkJP2Ps_W7h2ttR1bK23ekHCzrxw0mDT3zqLMdU=]
[COT 2023-11-18 19:47:11] 76561199108250772: Set UnlimitedStamina To true [guid=OAdpPkJP2Ps_W7h2ttR1bK23ekHCzrxw0mDT3zqLMdU=]
[COT 2023-11-18 19:47:11] 76561199108250772: Set UnlimitedAmmo To true [guid=OAdpPkJP2Ps_W7h2ttR1bK23ekHCzrxw0mDT3zqLMdU=]
[COT 2023-11-18 19:52:47] 76561199108250772: Entered the Free Camera
[COT 2023-11-18 19:53:3s] 76561199108250772: Left the Free Camera
[COT 2023-11-18 19:53:11] 76561199108250772: Spawned Entity Flag Pole Kit (TerritoryFlagKit<bea576a0>, 100, 200, 0) at <7265.246094, 9.235806, 11063.434570>
[COT 2023-11-18 19:53:36] 76561199108250772: ESP: Viewing ESP
[COT 2023-11-18 19:53:40] 76561199108250772: ESP target=TerritoryFlag<bd47bf90> action=built part=base required_materials=false
[COT 2023-11-18 19:53:42] 76561199108250772: ESP target=TerritoryFlag<bd47bf90> action=built part=support required_materials=false
[COT 2023-11-18 19:53:43] 76561199108250772: ESP target=TerritoryFlag<bd47bf90> action=built part=pole required_materials=false
[COT 2023-11-18 19:53:45] 76561199108250772: ESP: Clearing ESP
[COT 2023-11-18 19:53:58] 76561199108250772: Spawned Entity Flag (Flag_Bear<ae56efa0>, 100, 100, 0) at <7267.308105, 9.138119, 11062.351563>
[COT 2023-11-18 19:54:42] 76561199108250772: Spawned Entity Fishing Rod (FishingRod<b99df120>, 100, 150, 0) at <7272.336426, 8.838935, 11070.053711>
[COT 2023-11-18 19:54:48] 76561199108250772: Spawned Entity Fishing Hook (Hook<c2944570>, 100, 30, 0) at <7272.319336, 8.940858, 11070.030273>
[COT 2023-11-18 19:55:48] 76561199108250772: Entered the Free Camera
[COT 2023-11-18 19:55:51] 76561199108250772: Left the Free Camera
[COT 2023-11-18 19:56:2s] 76561199108250772: Spawned Entity Firewood (Firewood<c30a0d10>, 1, 500, 0) at <7268.781250, 8.743813, 11065.638672>
[COT 2023-11-18 19:56:3s] 76561199108250772: Spawned Entity Firewood (Firewood<c309ad70>, 1, 500, 0) at <7268.742676, 8.920424, 11065.629883>
[COT 2023-11-18 19:56:3s] 76561199108250772: Spawned Entity Firewood (Firewood<c30a3350>, 1, 500, 0) at <7268.705078, 9.097034, 11065.623047>
[COT 2023-11-18 19:56:20] 76561199108250772: Spawned Entity Jungle Boots (JungleBoots_Black<bce55030>, 100, 150, 0) at <7269.239258, 8.721870, 11065.943359>
[COT 2023-11-18 19:56:34] 76561199108250772: Spawned Entity Hunting Knife (HuntingKnife<bce4e700>, 100, 130, 0) at <7269.583984, 8.720596, 11065.819336>
[COT 2023-11-18 19:57:18] 76561199108250772: Spawned Entity Cooking Pot (Pot<bd481010>, 2000, 200, 512) at <7269.504883, 8.726398, 11065.719727>
[COT 2023-11-18 19:57:52] 76561199108250772: Spawned Entity Hunting Knife (HuntingKnife<b0405300>, 100, 130, 0) at <7265.113770, 8.697472, 11066.860352>
[COT 2023-11-18 20:0m:22] 76561199108250772: Set the date to 2011/12/7 12:0
[COT 2023-11-18 20:0m:22] 76561199108250772: Set rain to 0 0 0
[COT 2023-11-18 20:0m:22] 76561199108250772: Set storm to 0 0.8 4000
[COT 2023-11-18 20:0m:22] 76561199108250772: Set fog to 0 0 0
[COT 2023-11-18 20:0m:22] 76561199108250772: Set overcast to 0 0 0
[COT 2023-11-18 20:0m:22] 76561199108250772: Set wind to 0 0 1
[COT 2023-11-18 20:0m:49] 76561199108250772: Healed [guid=OAdpPkJP2Ps_W7h2ttR1bK23ekHCzrxw0mDT3zqLMdU=]
[COT 2023-11-18 20:1m:55] 76561199108250772: Set GodMode To true [guid=OAdpPkJP2Ps_W7h2ttR1bK23ekHCzrxw0mDT3zqLMdU=]
[COT 2023-11-18 20:1m:56] 76561199108250772: Set cannot be targeted by AI to true [guid=OAdpPkJP2Ps_W7h2ttR1bK23ekHCzrxw0mDT3zqLMdU=]
[COT 2023-11-18 20:1m:56] 76561199108250772: Set UnlimitedStamina To true [guid=OAdpPkJP2Ps_W7h2ttR1bK23ekHCzrxw0mDT3zqLMdU=]
[COT 2023-11-18 20:1m:57] 76561199108250772: Set UnlimitedAmmo To true [guid=OAdpPkJP2Ps_W7h2ttR1bK23ekHCzrxw0mDT3zqLMdU=]
[COT 2023-11-18 20:2m:3s] 76561199108250772: Teleported to position <7287.525391, 45.480000, 10549.458984>
[COT 2023-11-18 20:2m:19] 76561199108250772: Entered the Free Camera
[COT 2023-11-18 20:2m:29] 76561199108250772: Left the Free Camera
[COT 2023-11-18 20:2m:43] 76561199108250772: Spawned Entity  (ExplosionTest<ba5eacb0>, 100, 0, 0) at <7298.544434, 45.480003, 10525.735352>
[COT 2023-11-18 20:2m:50] 76561199108250772: Spawned Entity  (ExplosionTest<ba5e3d60>, 100, 0, 0) at <7297.850586, 46.152382, 10531.075195>
[COT 2023-11-18 20:2m:52] 76561199108250772: Spawned Entity  (ExplosionTest<ba5e5710>, 100, 0, 0) at <7297.164551, 45.480003, 10531.366211>
[COT 2023-11-18 20:5m:36] 76561199108250772: Entered the Free Camera
[COT 2023-11-18 20:5m:58] 76561199108250772: Left the Free Camera
[COT 2023-11-18 20:13:10] 76561199108250772: Teleported to position <5690.772461, 21.643986, 10053.574219>
[COT 2023-11-18 20:13:30] 76561199108250772: Set cannot be targeted by AI to false [guid=OAdpPkJP2Ps_W7h2ttR1bK23ekHCzrxw0mDT3zqLMdU=]
[COT 2023-11-18 20:29:0s] 76561199108250772: Set the date to 2011/12/7 12:0
[COT 2023-11-18 20:29:1s] 76561199108250772: Set rain to 0 0 0
[COT 2023-11-18 20:29:1s] 76561199108250772: Set storm to 0 0.8 4000
[COT 2023-11-18 20:29:1s] 76561199108250772: Set fog to 0 0 0
[COT 2023-11-18 20:29:1s] 76561199108250772: Set overcast to 0 0 0
[COT 2023-11-18 20:29:1s] 76561199108250772: Set wind to 0 0 1
[COT 2023-11-18 20:30:10] 76561199108250772: Teleported to position <5212.422363, 73.919716, 9005.821289>
[COT 2023-11-18 20:31:26] 76561199108250772: Entered the Free Camera
[COT 2023-11-18 20:31:39] 76561199108250772: Left the Free Camera
[COT 2023-11-18 20:33:21] 76561199108250772: Healed [guid=OAdpPkJP2Ps_W7h2ttR1bK23ekHCzrxw0mDT3zqLMdU=]
[COT 2023-11-18 20:33:50] 76561199108250772: Spawned Entity Firewood (Firewood<c181fc40>, 1, 500, 0) at <6346.819336, 20.967293, 9396.606445>
[COT 2023-11-18 20:33:50] 76561199108250772: Spawned Entity Firewood (Firewood<be565cc0>, 1, 500, 0) at <6346.737305, 21.143906, 9396.440430>
[COT 2023-11-18 20:33:51] 76561199108250772: Spawned Entity Firewood (Firewood<be568c90>, 1, 500, 0) at <6346.668457, 21.293694, 9396.300781>
[COT 2023-11-18 20:33:51] 76561199108250772: Spawned Entity Firewood (Firewood<be541f00>, 1, 500, 0) at <6346.592773, 21.460533, 9396.143555>
[COT 2023-11-18 20:33:51] 76561199108250772: Spawned Entity Firewood (Firewood<bad368b0>, 1, 500, 0) at <6346.535645, 21.585535, 9396.025391>
[COT 2023-11-18 20:33:52] 76561199108250772: Spawned Entity Firewood (Firewood<bad589c0>, 1, 500, 0) at <6346.484375, 21.694572, 9395.922852>
[COT 2023-11-18 20:34:0s] 76561199108250772: Spawned Entity Firewood (Firewood<c0fe19c0>, 1, 500, 0) at <6347.404297, 20.966888, 9397.410156>
[COT 2023-11-18 20:34:1s] 76561199108250772: Spawned Entity Firewood (Firewood<c0fe6fd0>, 1, 500, 0) at <6347.314941, 21.143499, 9397.243164>
[COT 2023-11-18 20:34:1s] 76561199108250772: Spawned Entity Firewood (Firewood<c0fbac30>, 1, 500, 0) at <6347.262695, 21.249615, 9397.140625>
[COT 2023-11-18 20:34:2s] 76561199108250772: Spawned Entity Firewood (Firewood<a92c0210>, 1, 500, 0) at <6347.175293, 21.426226, 9396.974609>
[COT 2023-11-18 20:34:2s] 76561199108250772: Spawned Entity Firewood (Firewood<a92cc150>, 1, 500, 0) at <6347.087402, 21.602837, 9396.812500>
[COT 2023-11-18 20:34:2s] 76561199108250772: Spawned Entity Firewood (Firewood<a92e6fa0>, 1, 500, 0) at <6347.001465, 21.780146, 9396.648438>
[COT 2023-11-18 20:34:40] 76561199108250772: Spawned Entity Paper (Paper<c2661620>, 100, 15, 0) at <6345.408691, 20.968267, 9396.416992>
