[COT 2023-11-23 19:45:0s] 76561199108250772: Set GodMode To true [guid=OAdpPkJP2Ps_W7h2ttR1bK23ekHCzrxw0mDT3zqLMdU=]
[COT 2023-11-23 19:45:1s] 76561199108250772: Set cannot be targeted by AI to true [guid=OAdpPkJP2Ps_W7h2ttR1bK23ekHCzrxw0mDT3zqLMdU=]
[COT 2023-11-23 19:45:1s] 76561199108250772: Set UnlimitedStamina To true [guid=OAdpPkJP2Ps_W7h2ttR1bK23ekHCzrxw0mDT3zqLMdU=]
[COT 2023-11-23 19:45:2s] 76561199108250772: Set UnlimitedAmmo To true [guid=OAdpPkJP2Ps_W7h2ttR1bK23ekHCzrxw0mDT3zqLMdU=]
[COT 2023-11-23 19:45:4s] 76561199108250772: Healed [guid=OAdpPkJP2Ps_W7h2ttR1bK23ekHCzrxw0mDT3zqLMdU=]
[COT 2023-11-23 19:45:13] 76561199108250772: Teleported to position <4498.907715, 15.156018, 11017.082031>
[COT 2023-11-23 19:45:17] 76561199108250772: Set the date to 2011/12/12 12:0
[COT 2023-11-23 19:45:18] 76561199108250772: Set rain to 0 0 0
[COT 2023-11-23 19:45:18] 76561199108250772: Set storm to 0 0.8 4000
[COT 2023-11-23 19:45:18] 76561199108250772: Set fog to 0 0 0
[COT 2023-11-23 19:45:18] 76561199108250772: Set overcast to 0 0 0
[COT 2023-11-23 19:45:18] 76561199108250772: Set wind to 0 0 1
[COT 2023-11-23 19:45:39] 76561199108250772: Spawned Entity Fire Barrel (BarrelHoles_Blue<a8c505d0>, 200000, 900, 0) at <4519.182617, 14.924746, 11046.642578>
[COT 2023-11-23 19:47:15] 76561199108250772: Spawned Entity Sea Chest (SeaChest<b2e24500>, 100, 600, 0) at <4519.362305, 14.924746, 11044.081055>
[COT 2023-11-23 19:48:14] 76561199108250772: Spawned Entity MVS Combat Pants - Black (BDUPants<bdd19320>, 100, 100, 0) at <4518.797363, 14.924746, 11043.450195>
[COT 2023-11-23 19:48:19] 76561199108250772: Spawned Entity MVS Combat Shirt - Black (TacticalShirt_ColorBase<bdd1a640>, 100, 100, 0) at <4518.692871, 15.205963, 11043.619141>
[COT 2023-11-23 19:48:37] 76561199108250772: Spawned Entity Boxed .308 WIN Tracer Rounds (Box_Base<c4e012a0>, 2, 100, 0) at <4518.716797, 14.924746, 11044.252930>
[COT 2023-11-23 19:48:37] 76561199108250772: Spawned Entity Boxed .308 WIN Tracer Rounds (Box_Base<c4e0ee90>, 2, 100, 0) at <4518.707520, 14.954170, 11044.264648>
[COT 2023-11-23 19:48:37] 76561199108250772: Spawned Entity Boxed .308 WIN Tracer Rounds (Box_Base<c4e1ca80>, 2, 100, 0) at <4518.697266, 14.983894, 11044.277344>
[COT 2023-11-23 19:48:38] 76561199108250772: Spawned Entity Boxed .308 WIN Tracer Rounds (Box_Base<c451c320>, 2, 100, 0) at <4518.684082, 15.013319, 11044.291992>
[COT 2023-11-23 19:48:38] 76561199108250772: Spawned Entity Boxed .308 WIN Tracer Rounds (Box_Base<c452b230>, 2, 100, 0) at <4518.673828, 15.042744, 11044.308594>
[COT 2023-11-23 19:48:58] 76561199108250772: Spawned Entity MVS Sling Pack - Black (MountainBag_ColorBase<c3fe63d0>, 100, 300, 0) at <4518.674805, 14.924746, 11044.093750>
[COT 2023-11-23 19:49:10] 76561199108250772: Spawned Entity Hunting Knife (HuntingKnife<c3fee9b0>, 100, 130, 0) at <4518.543945, 14.924746, 11043.969727>
[COT 2023-11-23 19:49:16] 76561199108250772: Spawned Entity Multivitamin Pills (VitaminBottle<b2c4f6a0>, 50, 50, 0) at <4518.534668, 14.978047, 11043.991211>
[COT 2023-11-23 19:49:23] 76561199108250772: Spawned Entity Tetracycline Pills (TetracyclineAntibiotics<b2c4ec90>, 12, 30, 0) at <4518.515625, 15.125515, 11044.055664>
[COT 2023-11-23 19:49:28] 76561199108250772: Spawned Entity Sharpening Stone (Whetstone<b12fc1e0>, 100, 50, 0) at <4518.513184, 15.194234, 11044.088867>
[COT 2023-11-23 19:50:28] 76561199108250772: Spawned Entity Agram 2000 (SNAFU_Agram_GUN<60bdf2a0>, 100, 200, 0) at <4519.841309, 15.160237, 10953.640625>
[COT 2023-11-23 19:50:31] 76561199108250772: Spawned Entity Agram 2000 (SNAFU_Agram_GUN<60be08c0>, 32, 200, 0) at <4519.909180, 15.249581, 10953.642578>
[COT 2023-11-23 19:50:32] 76561199108250772: Spawned Entity Agram 32Rnd Mag (SNAFU_Agram_32rnd_Mag<c2cbb6e0>, 32, 200, 0) at <4519.974609, 15.334349, 10953.642578>
[COT 2023-11-23 19:50:33] 76561199108250772: Spawned Entity Agram 32Rnd Mag (SNAFU_Agram_32rnd_Mag<c2c90660>, 32, 200, 0) at <4520.030762, 15.406734, 10953.644531>
[COT 2023-11-23 19:50:34] 76561199108250772: Spawned Entity Agram 32Rnd Mag (SNAFU_Agram_32rnd_Mag<c2ca2ed0>, 32, 200, 0) at <4520.083496, 15.479036, 10953.645508>
[COT 2023-11-23 19:50:34] 76561199108250772: Spawned Entity Agram 32Rnd Mag (SNAFU_Agram_32rnd_Mag<c2622c30>, 32, 200, 0) at <4520.133789, 15.551387, 10953.647461>
[COT 2023-11-23 19:50:35] 76561199108250772: Spawned Entity Agram 32Rnd Mag (SNAFU_Agram_32rnd_Mag<c26235c0>, 32, 200, 0) at <4520.189941, 15.623830, 10953.650391>
[COT 2023-11-23 19:50:36] 76561199108250772: Spawned Entity Universal Agram SUP BK (ItemSuppressor<bdd090f0>, 32, 20, 0) at <4520.245605, 15.691984, 10953.651367>
[COT 2023-11-23 19:50:37] 76561199108250772: Spawned Entity Universal Agram SUP BK (ItemSuppressor<bdce2cf0>, 32, 20, 0) at <4520.273926, 15.732178, 10953.651367>
[COT 2023-11-23 19:50:37] 76561199108250772: Spawned Entity Universal Agram SUP BK (ItemSuppressor<b951dda0>, 32, 20, 0) at <4520.304199, 15.774334, 10953.653320>
[COT 2023-11-23 19:50:43] 76561199108250772: Spawned Entity Gun Cleaning Kit (WeaponCleaningKit<c47c0f60>, 100, 100, 0) at <4520.338379, 15.817671, 10953.653320>
[COT 2023-11-23 19:50:44] 76561199108250772: Spawned Entity Gun Cleaning Kit (WeaponCleaningKit<bdb481b0>, 100, 100, 0) at <4520.417969, 15.920822, 10953.654297>
[COT 2023-11-23 19:51:27] 76561199108250772: Spawned Entity Boxed 9x19mm Rounds (AmmoBox_9x19_25rnd<b337c550>, 10, 100, 0) at <4519.990723, 15.160238, 10953.722656>
[COT 2023-11-23 19:51:27] 76561199108250772: Spawned Entity Boxed 9x19mm Rounds (AmmoBox_9x19_25rnd<b337e200>, 10, 100, 0) at <4520.004395, 15.202613, 10953.720703>
[COT 2023-11-23 19:51:28] 76561199108250772: Spawned Entity Boxed 9x19mm Rounds (AmmoBox_9x19_25rnd<b3380840>, 10, 100, 0) at <4520.022461, 15.244987, 10953.716797>
[COT 2023-11-23 19:51:28] 76561199108250772: Spawned Entity Boxed 9x19mm Rounds (AmmoBox_9x19_25rnd<b337feb0>, 10, 100, 0) at <4520.038574, 15.286678, 10953.714844>
[COT 2023-11-23 19:51:29] 76561199108250772: Spawned Entity Boxed 9x19mm Rounds (AmmoBox_9x19_25rnd<b337eb90>, 10, 100, 0) at <4520.041992, 15.328370, 10953.718750>
[COT 2023-11-23 19:51:29] 76561199108250772: Spawned Entity Boxed 9x19mm Rounds (AmmoBox_9x19_25rnd<b337a8a0>, 10, 100, 0) at <4520.052734, 15.370745, 10953.718750>
[COT 2023-11-23 19:51:30] 76561199108250772: Spawned Entity Boxed 9x19mm Rounds (AmmoBox_9x19_25rnd<b33824f0>, 10, 100, 0) at <4520.068359, 15.412436, 10953.716797>
[COT 2023-11-23 19:51:31] 76561199108250772: Spawned Entity Boxed 9x19mm Rounds (AmmoBox_9x19_25rnd<b3382e80>, 10, 100, 0) at <4520.079102, 15.454128, 10953.715820>
[COT 2023-11-23 19:51:31] 76561199108250772: Spawned Entity Boxed 9x19mm Rounds (AmmoBox_9x19_25rnd<b3383810>, 10, 100, 0) at <4520.088867, 15.496504, 10953.721680>
[COT 2023-11-23 19:51:31] 76561199108250772: Spawned Entity Boxed 9x19mm Rounds (AmmoBox_9x19_25rnd<b337d870>, 10, 100, 0) at <4520.099121, 15.538196, 10953.723633>
[COT 2023-11-23 19:51:54] 76561199108250772: Spawned Entity Firewood (Firewood<b3392720>, 1, 500, 0) at <4519.944336, 15.160238, 10953.677734>
[COT 2023-11-23 19:51:54] 76561199108250772: Spawned Entity Firewood (Firewood<b33930b0>, 1, 500, 0) at <4520.008301, 15.336849, 10953.677734>
[COT 2023-11-23 19:51:55] 76561199108250772: Spawned Entity Firewood (Firewood<b338c780>, 1, 500, 0) at <4520.066895, 15.513461, 10953.680664>
[COT 2023-11-23 19:51:56] 76561199108250772: Spawned Entity Firewood (Firewood<b3397d30>, 1, 500, 0) at <4520.123535, 15.690072, 10953.680664>
[COT 2023-11-23 19:51:56] 76561199108250772: Spawned Entity Firewood (Firewood<b339a370>, 1, 500, 0) at <4520.190430, 15.866685, 10953.678711>
[COT 2023-11-23 19:51:56] 76561199108250772: Spawned Entity Firewood (Firewood<b3393a40>, 1, 500, 0) at <4520.259277, 16.043297, 10953.677734>
[COT 2023-11-23 19:52:24] 76561199108250772: Spawned Entity Paper (Paper<b33a75d0>, 100, 15, 0) at <4519.869629, 15.160238, 10953.683594>
[COT 2023-11-23 19:52:34] 76561199108250772: Spawned Entity Lighter (PetrolLighter<b33acbe0>, 20, 20, 0) at <4519.881836, 15.232570, 10953.682617>
[COT 2023-11-23 19:52:35] 76561199108250772: Spawned Entity Lighter (PetrolLighter<b33adf00>, 20, 20, 0) at <4519.888672, 15.244596, 10953.681641>
[COT 2023-11-23 19:52:40] 76561199108250772: Spawned Entity Canned Bacon (TacticalBaconCan<b2c61a70>, 20, 100, 0) at <4519.888672, 15.256502, 10953.681641>
[COT 2023-11-23 19:52:41] 76561199108250772: Spawned Entity Canned Bacon (TacticalBaconCan<b2c5abc0>, 20, 100, 0) at <4519.900391, 15.372279, 10953.686523>
[COT 2023-11-23 19:52:41] 76561199108250772: Spawned Entity Canned Bacon (TacticalBaconCan<b2c62480>, 20, 100, 0) at <4519.918457, 15.489963, 10953.691406>
[COT 2023-11-23 19:52:42] 76561199108250772: Spawned Entity Canned Bacon (TacticalBaconCan<b2c62e90>, 20, 100, 0) at <4519.937988, 15.605426, 10953.693359>
[COT 2023-11-23 19:53:20] 76561199108250772: Spawned Entity Anadyr province map (ChernarusMap<c332c3c0>, 100, 50, 0) at <4520.082031, 15.160238, 10953.816406>
