[COT 2023-10-30 14:4m:19] 76561199407766611: Entered the Free Camera
[COT 2023-10-30 14:4m:30] 76561199407766611: Left the Free Camera
[COT 2023-10-30 14:4m:36] 76561199407766611: Set GodMode To true [guid=spMEkRl42onhFHdF_u42e0T03x2sj347kUc600NXdGA=]
[COT 2023-10-30 14:4m:36] 76561199407766611: Set Invisibility To 1 [guid=spMEkRl42onhFHdF_u42e0T03x2sj347kUc600NXdGA=]
[COT 2023-10-30 14:4m:37] 76561199407766611: Set UnlimitedStamina To true [guid=spMEkRl42onhFHdF_u42e0T03x2sj347kUc600NXdGA=]
[COT 2023-10-30 14:4m:37] 76561199407766611: Set UnlimitedAmmo To true [guid=spMEkRl42onhFHdF_u42e0T03x2sj347kUc600NXdGA=]
[COT 2023-10-30 14:4m:40] 76561199407766611: Healed [guid=spMEkRl42onhFHdF_u42e0T03x2sj347kUc600NXdGA=]
[COT 2023-10-30 14:7m:5s] 76561199407766611: Spawned Entity Wooden Log (WoodenLog<a6d0fe30>, 1, 500, 0) at <6847.372559, 15.872946, 11235.792969>
[COT 2023-10-30 14:7m:5s] 76561199407766611: Spawned Entity Wooden Log (WoodenLog<bdb5f0b0>, 1, 500, 0) at <6847.270508, 16.087416, 11235.803711>
[COT 2023-10-30 14:8m:24] 76561199407766611: Spawned Entity Nails (Nail<c5642fb0>, 99, 80, 0) at <6846.948730, 15.898409, 11236.346680>
[COT 2023-10-30 14:8m:24] 76561199407766611: Spawned Entity Nails (Nail<c6b1dea0>, 99, 80, 0) at <6846.929199, 15.973216, 11236.329102>
[COT 2023-10-30 14:8m:24] 76561199407766611: Spawned Entity Nails (Nail<c5855420>, 99, 80, 0) at <6846.908203, 16.048021, 11236.311523>
[COT 2023-10-30 14:8m:31] 76561199407766611: Spawned Entity Plank (WoodenPlank<c5855db0>, 10, 100, 0) at <6846.379883, 15.874214, 11235.901367>
[COT 2023-10-30 14:8m:31] 76561199407766611: Spawned Entity Plank (WoodenPlank<c583df30>, 10, 100, 0) at <6846.379883, 15.874214, 11235.901367>
[COT 2023-10-30 14:8m:31] 76561199407766611: Spawned Entity Plank (WoodenPlank<be28b350>, 10, 100, 0) at <6846.379883, 15.874214, 11235.901367>
[COT 2023-10-30 14:8m:31] 76561199407766611: Spawned Entity Plank (WoodenPlank<be2602d0>, 10, 100, 0) at <6846.379883, 15.874214, 11235.901367>
[COT 2023-10-30 14:8m:32] 76561199407766611: Spawned Entity Plank (WoodenPlank<c5934390>, 10, 100, 0) at <6846.379883, 15.874214, 11235.901367>
[COT 2023-10-30 14:8m:32] 76561199407766611: Spawned Entity Plank (WoodenPlank<c594dec0>, 10, 100, 0) at <6846.379883, 15.874214, 11235.901367>
[COT 2023-10-30 14:8m:32] 76561199407766611: Spawned Entity Plank (WoodenPlank<bdb501a0>, 10, 100, 0) at <6846.379883, 15.874214, 11235.901367>
[COT 2023-10-30 14:8m:32] 76561199407766611: Spawned Entity Plank (WoodenPlank<bdb4b520>, 10, 100, 0) at <6846.379883, 15.874214, 11235.901367>
[COT 2023-10-30 14:8m:32] 76561199407766611: Spawned Entity Plank (WoodenPlank<baa73360>, 10, 100, 0) at <6846.379883, 15.874214, 11235.901367>
[COT 2023-10-30 14:8m:33] 76561199407766611: Spawned Entity Plank (WoodenPlank<baa8eb40>, 10, 100, 0) at <6846.379883, 15.874214, 11235.901367>
[COT 2023-10-30 14:8m:34] 76561199407766611: Spawned Entity Plank (WoodenPlank<c52976b0>, 10, 100, 0) at <6846.379883, 15.874214, 11235.901367>
[COT 2023-10-30 14:8m:34] 76561199407766611: Spawned Entity Plank (WoodenPlank<c52c99f0>, 10, 100, 0) at <6846.379883, 15.874214, 11235.901367>
[COT 2023-10-30 14:9m:24] 76561199407766611: Entered the Free Camera
[COT 2023-10-30 14:9m:47] 76561199407766611: Left the Free Camera
[COT 2023-10-30 14:10:37] 76561199407766611: Spawned Entity Wooden Log (WoodenLog<bdb438d0>, 1, 500, 0) at <6838.041016, 15.885000, 11221.056641>
[COT 2023-10-30 14:10:37] 76561199407766611: Spawned Entity Wooden Log (WoodenLog<c0573ba0>, 1, 500, 0) at <6838.041016, 15.885000, 11221.056641>
[COT 2023-10-30 14:10:38] 76561199407766611: Spawned Entity Wooden Log (WoodenLog<c058b090>, 1, 500, 0) at <6838.041016, 15.885000, 11221.056641>
[COT 2023-10-30 14:10:38] 76561199407766611: Spawned Entity Wooden Log (WoodenLog<c52b4b40>, 1, 500, 0) at <6838.041016, 15.885000, 11221.056641>
[COT 2023-10-30 14:12:20] 76561199407766611: Spawned Entity Wooden Log (WoodenLog<c0573ba0>, 1, 500, 0) at <6835.644043, 15.887987, 11215.392578>
[COT 2023-10-30 14:12:20] 76561199407766611: Spawned Entity Wooden Log (WoodenLog<c058b090>, 1, 500, 0) at <6835.644043, 15.887987, 11215.392578>
[COT 2023-10-30 14:12:20] 76561199407766611: Spawned Entity Wooden Log (WoodenLog<c0597960>, 1, 500, 0) at <6835.644043, 15.887987, 11215.392578>
[COT 2023-10-30 14:12:21] 76561199407766611: Spawned Entity Wooden Log (WoodenLog<bb3b1a80>, 1, 500, 0) at <6835.644043, 15.887987, 11215.392578>
[COT 2023-10-30 14:13:39] 76561199407766611: Spawned Entity Wooden Log (WoodenLog<be28f640>, 1, 500, 0) at <6833.292969, 15.891134, 11210.029297>
[COT 2023-10-30 14:13:39] 76561199407766611: Spawned Entity Wooden Log (WoodenLog<be28a9c0>, 1, 500, 0) at <6833.292969, 15.891134, 11210.029297>
[COT 2023-10-30 14:26:51] 76561199407766611: Spawned Entity Rope (Rope<c4d52620>, 100, 200, 0) at <6824.053711, 22.644434, 11202.168945>
[COT 2023-10-30 14:26:51] 76561199407766611: Spawned Entity Rope (Rope<b47e1050>, 100, 200, 0) at <6824.053711, 22.644434, 11202.168945>
[COT 2023-10-30 14:26:51] 76561199407766611: Spawned Entity Rope (Rope<b47db0b0>, 100, 200, 0) at <6824.053711, 22.644434, 11202.168945>
[COT 2023-10-30 14:26:56] 76561199407766611: Spawned Entity Short Stick (WoodenStick<c0802680>, 5, 50, 0) at <6824.053711, 22.644434, 11202.168945>
[COT 2023-10-30 14:26:57] 76561199407766611: Spawned Entity Long Stick (LongWoodenStick<c0817ec0>, 1, 100, 0) at <6824.053711, 22.644434, 11202.168945>
[COT 2023-10-30 14:26:57] 76561199407766611: Spawned Entity Long Stick (LongWoodenStick<c0839fd0>, 1, 100, 0) at <6824.053711, 22.644434, 11202.168945>
[COT 2023-10-30 14:26:57] 76561199407766611: Spawned Entity Long Stick (LongWoodenStick<c6b04d00>, 1, 100, 0) at <6824.053711, 22.644434, 11202.168945>
[COT 2023-10-30 14:27:10] 76561199407766611: Healed [guid=spMEkRl42onhFHdF_u42e0T03x2sj347kUc600NXdGA=]
[COT 2023-10-30 14:28:36] 76561199407766611: Spawned Entity Wooden Log (WoodenLog<c4d143a0>, 1, 500, 0) at <6823.603516, 22.644995, 11198.055664>
[COT 2023-10-30 14:28:36] 76561199407766611: Spawned Entity Wooden Log (WoodenLog<c4d48390>, 1, 500, 0) at <6823.603516, 22.644995, 11198.055664>
[COT 2023-10-30 14:28:36] 76561199407766611: Spawned Entity Wooden Log (WoodenLog<c67c3730>, 1, 500, 0) at <6823.603516, 22.644995, 11198.055664>
[COT 2023-10-30 14:28:37] 76561199407766611: Spawned Entity Wooden Log (WoodenLog<c67b3500>, 1, 500, 0) at <6823.603516, 22.644995, 11198.055664>
[COT 2023-10-30 14:29:27] 76561199407766611: Spawned Entity Plank (WoodenPlank<c03e5c90>, 10, 100, 0) at <6823.603516, 22.644995, 11198.055664>
[COT 2023-10-30 14:29:27] 76561199407766611: Spawned Entity Plank (WoodenPlank<c2ae1560>, 10, 100, 0) at <6823.603516, 22.644995, 11198.055664>
[COT 2023-10-30 14:29:27] 76561199407766611: Spawned Entity Plank (WoodenPlank<c09a3e00>, 10, 100, 0) at <6823.603516, 22.644995, 11198.055664>
[COT 2023-10-30 14:29:27] 76561199407766611: Spawned Entity Plank (WoodenPlank<c09aea20>, 10, 100, 0) at <6823.603516, 22.644995, 11198.055664>
[COT 2023-10-30 14:29:27] 76561199407766611: Spawned Entity Plank (WoodenPlank<c09b7000>, 10, 100, 0) at <6823.603516, 22.644995, 11198.055664>
[COT 2023-10-30 14:29:28] 76561199407766611: Spawned Entity Plank (WoodenPlank<c3898cc0>, 10, 100, 0) at <6823.603516, 22.644995, 11198.055664>
[COT 2023-10-30 14:29:28] 76561199407766611: Spawned Entity Plank (WoodenPlank<c389c620>, 10, 100, 0) at <6823.603516, 22.644995, 11198.055664>
[COT 2023-10-30 14:29:28] 76561199407766611: Spawned Entity Plank (WoodenPlank<c518e8b0>, 10, 100, 0) at <6823.603516, 22.644995, 11198.055664>
[COT 2023-10-30 14:29:28] 76561199407766611: Spawned Entity Plank (WoodenPlank<c518af50>, 10, 100, 0) at <6823.603516, 22.644995, 11198.055664>
[COT 2023-10-30 14:29:29] 76561199407766611: Spawned Entity Plank (WoodenPlank<c52c00f0>, 10, 100, 0) at <6823.603516, 22.644995, 11198.055664>
[COT 2023-10-30 14:29:29] 76561199407766611: Spawned Entity Plank (WoodenPlank<c52c99f0>, 10, 100, 0) at <6823.603516, 22.644995, 11198.055664>
[COT 2023-10-30 14:29:29] 76561199407766611: Spawned Entity Plank (WoodenPlank<c529c330>, 10, 100, 0) at <6823.603516, 22.644995, 11198.055664>
[COT 2023-10-30 14:29:29] 76561199407766611: Spawned Entity Plank (WoodenPlank<c529ccc0>, 10, 100, 0) at <6823.603516, 22.644995, 11198.055664>
[COT 2023-10-30 14:29:29] 76561199407766611: Spawned Entity Plank (WoodenPlank<c5296390>, 10, 100, 0) at <6823.603516, 22.644995, 11198.055664>
[COT 2023-10-30 14:29:29] 76561199407766611: Spawned Entity Plank (WoodenPlank<c52a6f50>, 10, 100, 0) at <6823.603516, 22.644995, 11198.055664>
[COT 2023-10-30 14:29:29] 76561199407766611: Spawned Entity Plank (WoodenPlank<c3642a80>, 10, 100, 0) at <6823.603516, 22.644995, 11198.055664>
[COT 2023-10-30 14:29:30] 76561199407766611: Spawned Entity Plank (WoodenPlank<c364e9c0>, 10, 100, 0) at <6823.603516, 22.644995, 11198.055664>
[COT 2023-10-30 14:29:30] 76561199407766611: Spawned Entity Plank (WoodenPlank<c3623940>, 10, 100, 0) at <6823.603516, 22.644995, 11198.055664>
[COT 2023-10-30 14:29:30] 76561199407766611: Spawned Entity Plank (WoodenPlank<c33ad130>, 10, 100, 0) at <6823.603516, 22.644995, 11198.055664>
[COT 2023-10-30 14:29:30] 76561199407766611: Spawned Entity Plank (WoodenPlank<c33876c0>, 10, 100, 0) at <6823.603516, 22.644995, 11198.055664>
[COT 2023-10-30 14:32:31] 76561199407766611: Spawned Entity Hand Saw (HandSaw<c33a54e0>, 100, 100, 0) at <6827.324219, 22.640184, 11197.858398>
[COT 2023-10-30 14:32:32] 76561199407766611: Spawned Entity Hacksaw (Hacksaw<c529e970>, 100, 100, 0) at <6827.324219, 22.640184, 11197.858398>
[COT 2023-10-30 14:37:36] 76561199407766611: Spawned Entity Wooden Log (WoodenLog<bb6c0770>, 1, 500, 0) at <6828.390625, 22.638817, 11199.658203>
[COT 2023-10-30 14:37:37] 76561199407766611: Spawned Entity Wooden Log (WoodenLog<badaa5a0>, 1, 500, 0) at <6828.390625, 22.638817, 11199.658203>
[COT 2023-10-30 14:38:30] 76561199407766611: Spawned Entity Wooden Log (WoodenLog<c2b05320>, 1, 500, 0) at <6826.767090, 25.372091, 11197.772461>
[COT 2023-10-30 14:38:30] 76561199407766611: Spawned Entity Wooden Log (WoodenLog<c2aed4a0>, 1, 500, 0) at <6826.767090, 25.372091, 11197.772461>
[COT 2023-10-30 14:38:30] 76561199407766611: Spawned Entity Wooden Log (WoodenLog<abf584a0>, 1, 500, 0) at <6826.767090, 25.372091, 11197.772461>
[COT 2023-10-30 14:38:31] 76561199407766611: Spawned Entity Wooden Log (WoodenLog<abf6a380>, 1, 500, 0) at <6826.767090, 25.372091, 11197.772461>
[COT 2023-10-30 14:39:8s] 76561199407766611: Healed [guid=spMEkRl42onhFHdF_u42e0T03x2sj347kUc600NXdGA=]
[COT 2023-10-30 14:41:33] 76561199407766611: Spawned Entity Sheet Metal (MetalPlate<b6e9c540>, 10, 100, 0) at <6826.840332, 25.372091, 11197.309570>
[COT 2023-10-30 14:43:32] 76561199407766611: Deleted Entity land_vor_apartment_long_1:-21470269441132504238 at <6793.370117, 24.533588, 11155.386719>
[COT 2023-10-30 14:43:33] 76561199407766611: Deleted Entity land_vor_apartment_long_1:-21470269441132504238 at <6793.370117, 24.533588, 11155.386719>
[COT 2023-10-30 14:43:33] 76561199407766611: Deleted Entity land_vor_apartment_long_1:-21470269441132504238 at <6793.370117, 24.533588, 11155.386719>
[COT 2023-10-30 14:43:33] 76561199407766611: Deleted Entity land_vor_apartment_long_1:-21470269441132504238 at <6793.370117, 24.533588, 11155.386719>
[COT 2023-10-30 14:43:33] 76561199407766611: Deleted Entity land_vor_apartment_long_1:-21470269441132504238 at <6793.370117, 24.533588, 11155.386719>
[COT 2023-10-30 14:43:34] 76561199407766611: Deleted Entity land_vor_apartment_long_1:-21470269441132504238 at <6793.370117, 24.533588, 11155.386719>
[COT 2023-10-30 14:43:37] 76561199407766611: Deleted Entity land_vor_apartment_long_1:-21470269441132504238 at <6793.370117, 24.533588, 11155.386719>
[COT 2023-10-30 14:43:37] 76561199407766611: Deleted Entity land_vor_apartment_long_1:-21470269441132504238 at <6793.370117, 24.533588, 11155.386719>
[COT 2023-10-30 14:43:37] 76561199407766611: Deleted Entity land_vor_apartment_long_1:-21470269441132504238 at <6793.370117, 24.533588, 11155.386719>
[COT 2023-10-30 14:43:37] 76561199407766611: Deleted Entity land_vor_apartment_long_1:-21470269441132504238 at <6793.370117, 24.533588, 11155.386719>
[COT 2023-10-30 14:48:47] 76561199407766611: Spawned Entity Wooden Log (WoodenLog<b666f070>, 1, 500, 0) at <6793.739746, 19.348160, 11210.259766>
[COT 2023-10-30 14:48:47] 76561199407766611: Spawned Entity Wooden Log (WoodenLog<b666ad80>, 1, 500, 0) at <6793.739746, 19.348160, 11210.259766>
[COT 2023-10-30 14:50:18] 76561199407766611: Spawned Entity Barbed Wire (BarbedWire<c3623940>, 100, 300, 0) at <6793.739746, 19.348160, 11210.259766>
[COT 2023-10-30 14:50:18] 76561199407766611: Spawned Entity Barbed Wire (BarbedWire<c3620970>, 100, 300, 0) at <6793.739746, 19.442297, 11210.259766>
[COT 2023-10-30 14:50:18] 76561199407766611: Spawned Entity Barbed Wire (BarbedWire<c3624c60>, 100, 300, 0) at <6793.739746, 19.536467, 11210.259766>
[COT 2023-10-30 14:50:18] 76561199407766611: Spawned Entity Barbed Wire (BarbedWire<c3621300>, 100, 300, 0) at <6793.739746, 19.630610, 11210.259766>
[COT 2023-10-30 14:50:39] 76561199407766611: Entered the Free Camera
[COT 2023-10-30 14:51:5s] 76561199407766611: Left the Free Camera
[COT 2023-10-30 14:51:6s] 76561199407766611: Entered the Free Camera
[COT 2023-10-30 14:51:37] 76561199407766611: Left the Free Camera
[COT 2023-10-30 14:54:5s] 76561199407766611: Spawned Entity Wooden Log (WoodenLog<a6d18da0>, 1, 500, 0) at <6793.379395, 23.776592, 11210.735352>
[COT 2023-10-30 14:54:5s] 76561199407766611: Spawned Entity Wooden Log (WoodenLog<c679acf0>, 1, 500, 0) at <6793.379395, 23.776592, 11210.735352>
[COT 2023-10-30 14:56:20] 76561199407766611: Healed [guid=spMEkRl42onhFHdF_u42e0T03x2sj347kUc600NXdGA=]
[COT 2023-10-30 14:56:26] 76561199407766611: Spawned Entity Wooden Log (WoodenLog<c67bce00>, 1, 500, 0) at <6789.666992, 23.776587, 11212.642578>
[COT 2023-10-30 14:56:26] 76561199407766611: Spawned Entity Wooden Log (WoodenLog<c67cd9c0>, 1, 500, 0) at <6789.666992, 23.776587, 11212.642578>
[COT 2023-10-30 14:56:50] 76561199407766611: Entered the Free Camera
[COT 2023-10-30 14:57:2s] 76561199407766611: Left the Free Camera
[COT 2023-10-30 14:58:10] 76561199407766611: Spawned Entity Barbed Wire (BarbedWire<c55092b0>, 100, 300, 0) at <6789.528809, 23.776594, 11212.684570>
[COT 2023-10-30 14:58:10] 76561199407766611: Spawned Entity Barbed Wire (BarbedWire<c2d38fe0>, 100, 300, 0) at <6789.534668, 23.870808, 11212.696289>
[COT 2023-10-30 14:58:10] 76561199407766611: Spawned Entity Barbed Wire (BarbedWire<c6f4e680>, 100, 300, 0) at <6789.535156, 23.965061, 11212.696289>
[COT 2023-10-30 14:58:11] 76561199407766611: Spawned Entity Barbed Wire (BarbedWire<c6f4ad20>, 100, 300, 0) at <6789.534668, 24.059166, 11212.696289>
[COT 2023-10-30 14:58:11] 76561199407766611: Spawned Entity Barbed Wire (BarbedWire<c53903a0>, 100, 300, 0) at <6789.534668, 24.153385, 11212.696289>
[COT 2023-10-30 14:58:12] 76561199407766611: Spawned Entity Barbed Wire (BarbedWire<c53929e0>, 100, 300, 0) at <6789.534668, 24.247654, 11212.696289>
[COT 2023-10-30 14:59:45] 76561199407766611: Spawned Entity Fence Kit (FenceKit<c6b1d510>, 100, 200, 0) at <6784.550781, 23.770609, 11215.258789>
[COT 2023-10-30 14:59:45] 76561199407766611: Spawned Entity Fence Kit (FenceKit<c6b1cb80>, 100, 200, 0) at <6784.550781, 23.770609, 11215.258789>
[COT 2023-10-30 14:59:45] 76561199407766611: Spawned Entity Fence Kit (FenceKit<c6b25af0>, 100, 200, 0) at <6784.550781, 23.770609, 11215.258789>
[COT 2023-10-30 14:59:46] 76561199407766611: Spawned Entity Fence Kit (FenceKit<c6b2c420>, 100, 200, 0) at <6784.550781, 23.770609, 11215.258789>
[COT 2023-10-30 15:2m:10] 76561199407766611: Spawned Entity Wooden Log (WoodenLog<c6b115d0>, 1, 500, 0) at <6786.627930, 23.770554, 11214.223633>
[COT 2023-10-30 15:2m:10] 76561199407766611: Spawned Entity Wooden Log (WoodenLog<b39f2f90>, 1, 500, 0) at <6786.627930, 23.770554, 11214.223633>
[COT 2023-10-30 15:9m:44] 76561199407766611: Spawned Entity Wooden Log (WoodenLog<c6b04d00>, 1, 500, 0) at <6818.362305, 25.274220, 11253.484375>
[COT 2023-10-30 15:9m:44] 76561199407766611: Spawned Entity Wooden Log (WoodenLog<c6b0c950>, 1, 500, 0) at <6818.533203, 25.488937, 11253.283203>
[COT 2023-10-30 15:9m:46] 76561199407766611: Spawned Entity Wooden Log (WoodenLog<c6b247d0>, 1, 500, 0) at <6820.436035, 25.649677, 11252.447266>
[COT 2023-10-30 15:9m:47] 76561199407766611: Spawned Entity Wooden Log (WoodenLog<c6b1dea0>, 1, 500, 0) at <6820.345215, 25.862936, 11252.367188>
[COT 2023-10-30 15:12:7s] 76561199407766611: Set the date to 2011/12/20 12:0
[COT 2023-10-30 15:12:8s] 76561199407766611: Set rain to 0.138595 0 0
[COT 2023-10-30 15:12:8s] 76561199407766611: Set storm to 0.0192086 0.8 4000
[COT 2023-10-30 15:12:8s] 76561199407766611: Set fog to 0.435028 0 0
[COT 2023-10-30 15:12:8s] 76561199407766611: Set overcast to 0.929195 0 0
[COT 2023-10-30 15:12:8s] 76561199407766611: Set the date to 2011/12/20 12:0
[COT 2023-10-30 15:12:8s] 76561199407766611: Set wind to 0.0375 0.0375 1
[COT 2023-10-30 15:12:10] 76561199407766611: Set rain to 0 0 0
[COT 2023-10-30 15:12:10] 76561199407766611: Set storm to 0 0.8 4000
[COT 2023-10-30 15:12:10] 76561199407766611: Set fog to 0 0 0
[COT 2023-10-30 15:12:10] 76561199407766611: Set overcast to 0 0 0
[COT 2023-10-30 15:12:10] 76561199407766611: Set wind to 0 0 1
[COT 2023-10-30 15:12:11] 76561199407766611: Set rain to 0 0 0
[COT 2023-10-30 15:12:11] 76561199407766611: Set storm to 0 0.8 4000
[COT 2023-10-30 15:12:11] 76561199407766611: Set fog to 0 0 0
[COT 2023-10-30 15:12:11] 76561199407766611: Set overcast to 0 0 0
[COT 2023-10-30 15:12:11] 76561199407766611: Set the date to 2011/12/20 12:0
[COT 2023-10-30 15:12:11] 76561199407766611: Set wind to 0 0 1
[COT 2023-10-30 15:14:29] 76561199407766611: Spawned Entity Wooden Log (WoodenLog<c6b26e10>, 1, 500, 0) at <6846.502441, 22.076597, 11236.949219>
[COT 2023-10-30 15:14:30] 76561199407766611: Spawned Entity Wooden Log (WoodenLog<c6b3c650>, 1, 500, 0) at <6846.445801, 22.291317, 11237.069336>
[COT 2023-10-30 15:14:41] 76561199407766611: Spawned Entity Barbed Wire (BarbedWire<c6b26e10>, 100, 300, 0) at <6846.518555, 22.076578, 11237.071289>
[COT 2023-10-30 15:14:41] 76561199407766611: Spawned Entity Barbed Wire (BarbedWire<c6b25160>, 100, 300, 0) at <6846.496094, 22.170849, 11237.124023>
[COT 2023-10-30 15:17:17] 76561199407766611: Spawned Entity Barrel (Barrel_Red<b6645310>, 200000, 1300, 1) at <6832.244629, 18.995018, 11237.873047>
[COT 2023-10-30 15:17:32] 76561199407766611: Spawned Entity Snipex Alligator (SNAFUAlligator<5546710>, 100, 300, 0) at <6831.709473, 18.995710, 11237.657227>
[COT 2023-10-30 15:17:34] 76561199407766611: Spawned Entity Alligator 5rnd Mag (SNAFUAlligator_5rdMag<bde7eac0>, 5, 200, 0) at <6831.702148, 19.257252, 11237.780273>
[COT 2023-10-30 15:17:58] 76561199407766611: Spawned Entity SNAFU Hunting DMR Optic 12X (SNAFU_HHuntingOptic<bbd572d0>, 100, 50, 0) at <6831.702148, 18.995720, 11237.644531>
[COT 2023-10-30 15:18:12] 76561199407766611: Spawned Entity Lock Pick (Lockpick<c2bee010>, 100, 125, 0) at <6831.507813, 18.995968, 11241.776367>
[COT 2023-10-30 15:18:20] 76561199407766611: Healed [guid=spMEkRl42onhFHdF_u42e0T03x2sj347kUc600NXdGA=]
[COT 2023-10-30 15:19:0s] 76561199407766611: Spawned Entity Wooden Log (WoodenLog<c2ad2650>, 1, 500, 0) at <6831.191406, 18.996380, 11240.791016>
[COT 2023-10-30 15:19:0s] 76561199407766611: Spawned Entity Wooden Log (WoodenLog<c2aee7c0>, 1, 500, 0) at <6831.197754, 19.104267, 11240.669922>
[COT 2023-10-30 15:21:17] 76561199407766611: Entered the Free Camera
[COT 2023-10-30 15:21:34] 76561199407766611: Left the Free Camera
[COT 2023-10-30 15:21:45] 76561199407766611: Spawned Entity Sea Chest (SeaChest<c6b204e0>, 100, 600, 0) at <6805.475098, 16.696054, 11247.512695>
[COT 2023-10-30 15:22:7s] 76561199407766611: Spawned Entity Boxed Nails (NailBox<c53a2c10>, 100, 80, 0) at <6808.769531, 16.792109, 11247.372070>
[COT 2023-10-30 15:22:7s] 76561199407766611: Spawned Entity Boxed Nails (NailBox<c53c0a30>, 100, 80, 0) at <6808.664063, 16.973198, 11247.413086>
[COT 2023-10-30 15:22:7s] 76561199407766611: Spawned Entity Boxed Nails (NailBox<c582d370>, 100, 80, 0) at <6808.570313, 17.135248, 11247.450195>
[COT 2023-10-30 15:22:7s] 76561199407766611: Spawned Entity Boxed Nails (NailBox<c58392b0>, 100, 80, 0) at <6808.461426, 17.324165, 11247.492188>
[COT 2023-10-30 15:22:8s] 76561199407766611: Spawned Entity Boxed Nails (NailBox<c5846510>, 100, 80, 0) at <6808.364746, 17.492573, 11247.528320>
[COT 2023-10-30 15:22:49] 76561199407766611: Spawned Entity Plank (WoodenPlank<c55181c0>, 10, 100, 0) at <6808.492188, 15.923175, 11247.354492>
[COT 2023-10-30 15:23:11] 76561199407766611: Spawned Entity Plank (WoodenPlank<c52a1940>, 10, 100, 0) at <6808.532715, 15.923122, 11247.318359>
[COT 2023-10-30 15:23:17] 76561199407766611: Entered the Free Camera
[COT 2023-10-30 15:23:35] 76561199407766611: Left the Free Camera
[COT 2023-10-30 15:25:10] 76561199407766611: Spawned Entity Plank (WoodenPlank<acbeb440>, 10, 100, 0) at <6799.254883, 15.935109, 11222.316406>
[COT 2023-10-30 15:25:10] 76561199407766611: Spawned Entity Plank (WoodenPlank<acbc6360>, 10, 100, 0) at <6799.242188, 16.084440, 11222.202148>
[COT 2023-10-30 15:25:17] 76561199407766611: Spawned Entity Wooden Log (WoodenLog<b71b2880>, 1, 500, 0) at <6798.999512, 15.935415, 11220.924805>
[COT 2023-10-30 15:25:17] 76561199407766611: Spawned Entity Wooden Log (WoodenLog<b71aef20>, 1, 500, 0) at <6798.999512, 15.935415, 11220.924805>
[COT 2023-10-30 15:25:22] 76561199407766611: Spawned Entity Nails (Nail<b71c4760>, 99, 80, 0) at <6798.999512, 15.935415, 11220.924805>
[COT 2023-10-30 15:25:26] 76561199407766611: Spawned Entity Hammer (Hammer<b308e240>, 99, 100, 0) at <6798.999512, 15.935415, 11220.924805>
[COT 2023-10-30 15:25:31] 76561199407766611: Spawned Entity Shovel (Shovel<c6601660>, 99, 200, 0) at <6798.999512, 15.935415, 11220.924805>
[COT 2023-10-30 15:26:15] 76561199407766611: Spawned Entity Metal Wire (MetalWire<c69384e0>, 100, 500, 0) at <6798.999512, 15.935415, 11220.924805>
[COT 2023-10-30 15:26:21] 76561199407766611: Spawned Entity CodeLock (CodeLock<c51b3990>, 100, 1500, 0) at <6798.999512, 15.935415, 11220.924805>
[COT 2023-10-30 15:27:45] 76561199407766611: Entered the Free Camera
[COT 2023-10-30 15:28:27] 76561199407766611: Left the Free Camera
[COT 2023-10-30 15:29:2s] 76561199407766611: Teleported to position <5869.839355, 14.907075, 9809.712891>
[COT 2023-10-30 15:29:9s] 76561199407766611: Entered the Free Camera
[COT 2023-10-30 15:29:42] 76561199407766611: Left the Free Camera
[COT 2023-10-30 15:30:0s] 76561199407766611: Set GodMode To false [guid=spMEkRl42onhFHdF_u42e0T03x2sj347kUc600NXdGA=]
[COT 2023-10-30 15:30:2s] 76561199407766611: Set GodMode To true [guid=spMEkRl42onhFHdF_u42e0T03x2sj347kUc600NXdGA=]
[COT 2023-10-30 15:30:13] 76561199407766611: Teleported to position <4946.252441, 49.607178, 8038.407715>
[COT 2023-10-30 15:30:42] 76561199407766611: Entered the Free Camera
[COT 2023-10-30 15:32:37] 76561199407766611: Left the Free Camera
[COT 2023-10-30 15:33:22] 76561199407766611: Teleported to position <7049.349121, 40.000000, 5817.023438>
[COT 2023-10-30 15:33:35] 76561199407766611: Entered the Free Camera
[COT 2023-10-30 15:34:19] 76561199407766611: Teleported to position <4696.845703, 23.523323, 8941.616211>
[COT 2023-10-30 15:34:23] 76561199407766611: Left the Free Camera
[COT 2023-10-30 15:35:12] 76561199407766611: Entered the Free Camera
[COT 2023-10-30 15:35:36] 76561199407766611: Left the Free Camera
[COT 2023-10-30 15:35:49] 76561199407766611: Teleported to position <5148.671387, 49.604462, 9356.744141>
[COT 2023-10-30 15:36:0s] 76561199407766611: Entered the Free Camera
[COT 2023-10-30 15:36:5s] 76561199407766611: Left the Free Camera
[COT 2023-10-30 15:36:11] 76561199407766611: Teleported to position <5657.499023, 21.694738, 9425.268555>
[COT 2023-10-30 15:36:43] 76561199407766611: Entered the Free Camera
[COT 2023-10-30 15:36:59] 76561199407766611: Left the Free Camera
[COT 2023-10-30 15:37:8s] 76561199407766611: Teleported to position <5604.074707, 33.455452, 9218.526367>
[COT 2023-10-30 15:37:44] 76561199407766611: Teleported to position <5512.961426, 116.357628, 8150.267090>
[COT 2023-10-30 15:38:10] 76561199407766611: Entered the Free Camera
[COT 2023-10-30 15:38:37] 76561199407766611: Left the Free Camera
[COT 2023-10-30 15:42:48] 76561199407766611: Deleted Entity land_ari_p2_1:-2147151872713148835 at <4280.796875, 85.163986, 8122.321289>
[COT 2023-10-30 15:42:51] 76561199407766611: Deleted Entity Hammer:04773 at <4298.598633, 78.228691, 8126.628906>
[COT 2023-10-30 15:42:51] 76561199407766611: Deleted Entity land_ari_p2_1:-2147151872713148835 at <4280.796875, 85.163986, 8122.321289>
[COT 2023-10-30 15:42:51] 76561199407766611: Deleted Entity WoodenPlank:04713 at <4299.207031, 78.291794, 8126.628906>
[COT 2023-10-30 15:42:51] 76561199407766611: Deleted Entity SNAFUM96_5rdMag:04898 at <4298.589355, 78.224808, 8126.628906>
[COT 2023-10-30 15:42:52] 76561199407766611: Deleted Entity GCGN_Ammo_3006:04599 at <4298.528320, 78.206612, 8126.628906>
[COT 2023-10-30 15:42:52] 76561199407766611: Deleted Entity GCGN_M82_Mag:010062 at <4298.602539, 78.232887, 8126.628906>
[COT 2023-10-30 15:42:52] 76561199407766611: Deleted Entity land_ari_p2_1:-2147151872713148835 at <4280.796875, 85.163986, 8122.321289>
[COT 2023-10-30 15:42:53] 76561199407766611: Deleted Entity land_ari_p2_1:-2147151872713148835 at <4280.796875, 85.163986, 8122.321289>
[COT 2023-10-30 15:42:54] 76561199407766611: Deleted Entity land_ari_p2_1:-2147151872713148835 at <4280.796875, 85.163986, 8122.321289>
[COT 2023-10-30 15:42:54] 76561199407766611: Deleted Entity Nail:05058 at <4298.605469, 78.224213, 8126.628906>
[COT 2023-10-30 15:42:55] 76561199407766611: Deleted Entity land_ari_p2_1:-2147151872713148835 at <4280.796875, 85.163986, 8122.321289>
[COT 2023-10-30 15:42:59] 76561199407766611: Deleted Entity land_ari_p2_1:-2147151872713148835 at <4280.796875, 85.163986, 8122.321289>
[COT 2023-10-30 15:42:59] 76561199407766611: Deleted Entity Shovel:010565 at <4298.664063, 78.231323, 8126.628906>
[COT 2023-10-30 15:43:0s] 76561199407766611: Deleted Entity land_ari_p2_1:-2147151872713148835 at <4280.796875, 85.163986, 8122.321289>
[COT 2023-10-30 15:43:1s] 76561199407766611: Deleted Entity land_ari_p2_1:-2147151872713148835 at <4280.796875, 85.163986, 8122.321289>
[COT 2023-10-30 15:43:1s] 76561199407766611: Deleted Entity land_ari_p2_1:-2147151872713148835 at <4280.796875, 85.163986, 8122.321289>
[COT 2023-10-30 15:43:59] 76561199407766611: Spawned Entity Canned Peaches (PeachesCan_Opened<c4d3c450>, 400, 100, 0) at <4308.266602, 86.012993, 8122.356445>
[COT 2023-10-30 15:44:0s] 76561199407766611: Spawned Entity Canned Bacon (TacticalBaconCan_Opened<baaa0090>, 400, 100, 0) at <4308.266602, 86.012993, 8122.356445>
[COT 2023-10-30 15:44:0s] 76561199407766611: Spawned Entity Canned Bacon (TacticalBaconCan_Opened<baaaacb0>, 400, 100, 0) at <4308.266602, 86.012993, 8122.356445>
[COT 2023-10-30 15:44:1s] 76561199407766611: Spawned Entity Canned Bacon (TacticalBaconCan_Opened<baa729d0>, 400, 100, 0) at <4308.266602, 86.012993, 8122.356445>
[COT 2023-10-30 15:44:1s] 76561199407766611: Spawned Entity Canned Spaghetti (SpaghettiCan_Opened<b0463590>, 400, 100, 0) at <4308.266602, 86.012993, 8122.356445>
[COT 2023-10-30 15:44:12] 76561199407766611: Spawned Entity MVS Canteen - Black (Canteen<c088e080>, 1000, 100, 1) at <4308.266602, 86.012993, 8122.356445>
[COT 2023-10-30 15:45:7s] 76561199407766611: Entered the Free Camera
[COT 2023-10-30 15:45:11] 76561199407766611: Left the Free Camera
[COT 2023-10-30 15:45:24] 76561199407766611: Spawned Entity Night Vision Goggles (NVGoggles<bb76fc40>, 100, 100, 0) at <4307.084473, 72.637421, 8073.913574>
[COT 2023-10-30 15:45:48] 76561199407766611: Entered the Free Camera
[COT 2023-10-30 15:46:10] 76561199407766611: Left the Free Camera
[COT 2023-10-30 15:46:20] 76561199407766611: Entered the Free Camera
[COT 2023-10-30 15:47:11] 76561199407766611: Left the Free Camera
[COT 2023-10-30 15:47:41] 76561199407766611: Spawned Entity Firewood (Firewood<c38847a0>, 1, 500, 0) at <4226.980469, 71.690300, 8182.773926>
[COT 2023-10-30 15:47:41] 76561199407766611: Spawned Entity Firewood (Firewood<c38817d0>, 1, 500, 0) at <4226.980469, 71.690300, 8182.773926>
[COT 2023-10-30 15:47:41] 76561199407766611: Spawned Entity Firewood (Firewood<b4ed05c0>, 1, 500, 0) at <4226.980469, 71.690300, 8182.773926>
[COT 2023-10-30 15:47:41] 76561199407766611: Spawned Entity Firewood (Firewood<b4ee24a0>, 1, 500, 0) at <4226.980469, 71.690300, 8182.773926>
[COT 2023-10-30 15:47:41] 76561199407766611: Spawned Entity Firewood (Firewood<b4ee37c0>, 1, 500, 0) at <4226.980469, 71.690300, 8182.773926>
[COT 2023-10-30 15:47:42] 76561199407766611: Spawned Entity Firewood (Firewood<b4ee7120>, 1, 500, 0) at <4226.980469, 71.690300, 8182.773926>
[COT 2023-10-30 15:47:42] 76561199407766611: Spawned Entity Firewood (Firewood<c5503310>, 1, 500, 0) at <4226.980469, 71.690300, 8182.773926>
[COT 2023-10-30 15:47:42] 76561199407766611: Spawned Entity Firewood (Firewood<c5519e70>, 1, 500, 0) at <4226.980469, 71.690300, 8182.773926>
[COT 2023-10-30 15:47:46] 76561199407766611: Spawned Entity Short Stick (WoodenStick<c5516510>, 5, 50, 0) at <4226.980469, 71.690300, 8182.773926>
[COT 2023-10-30 15:47:46] 76561199407766611: Spawned Entity Short Stick (WoodenStick<bdb44bf0>, 5, 50, 0) at <4226.980469, 71.690300, 8182.773926>
[COT 2023-10-30 15:47:52] 76561199407766611: Spawned Entity Dark Bark (Bark_Oak<b0b9bd50>, 8, 25, 0) at <4226.980469, 71.690300, 8182.773926>
[COT 2023-10-30 15:47:59] 76561199407766611: Spawned Entity Lighter (PetrolLighter<c2bdf100>, 20, 20, 0) at <4226.980469, 71.690300, 8182.773926>
[COT 2023-10-30 15:48:56] 76561199407766611: Set Invisibility To 0 [guid=spMEkRl42onhFHdF_u42e0T03x2sj347kUc600NXdGA=]
[COT 2023-10-30 15:49:52] 76561199407766611: Healed [guid=spMEkRl42onhFHdF_u42e0T03x2sj347kUc600NXdGA=]
