[COT 2023-10-28 13:10:59] 76561199407766611: Set GodMode To true [guid=spMEkRl42onhFHdF_u42e0T03x2sj347kUc600NXdGA=]
[COT 2023-10-28 13:11:0s] 76561199407766611: Set UnlimitedStamina To true [guid=spMEkRl42onhFHdF_u42e0T03x2sj347kUc600NXdGA=]
[COT 2023-10-28 13:11:1s] 76561199407766611: Set Invisibility To 1 [guid=spMEkRl42onhFHdF_u42e0T03x2sj347kUc600NXdGA=]
[COT 2023-10-28 13:11:2s] 76561199407766611: Set UnlimitedAmmo To true [guid=spMEkRl42onhFHdF_u42e0T03x2sj347kUc600NXdGA=]
[COT 2023-10-28 13:11:9s] 76561199407766611: Teleported to position <6670.536133, 15.100000, 11051.453125>
[COT 2023-10-28 13:11:33] 76561199407766611: ESP: ESP updating
[COT 2023-10-28 13:11:37] 76561199407766611: Entered the Free Camera
[COT 2023-10-28 13:11:46] 76561199407766611: Left the Free Camera
[COT 2023-10-28 13:12:7s] 76561199407766611: Entered the Free Camera
[COT 2023-10-28 13:12:51] 76561199407766611: Left the Free Camera
[COT 2023-10-28 13:13:25] 76561199407766611: Entered the Free Camera
[COT 2023-10-28 13:13:33] 76561199407766611: Left the Free Camera
[COT 2023-10-28 13:14:43] 76561199407766611: Entered the Free Camera
[COT 2023-10-28 13:15:6s] 76561199407766611: Left the Free Camera
[COT 2023-10-28 13:16:12] 76561199407766611: Spawned Entity Shovel (Shovel<fec98fa0>, 100, 200, 0) at <6758.850098, 15.258883, 11073.328125>
[COT 2023-10-28 13:17:51] 76561199407766611: Teleported to position <262.163940, 2.147217, 7179.716309>
[COT 2023-10-28 13:19:30] 76561199407766611: Spawned Entity MVS Warrior Helmet - Multicam Black (Mich2001Helmet<9a0660>, 100, 100, 0) at <265.463257, 8.033051, 7160.014160>
[COT 2023-10-28 13:19:31] 76561199407766611: Spawned Entity MVS Warrior Helmet - Multicam Black (Mich2001Helmet<9b1bb0>, 100, 100, 0) at <265.423584, 8.145237, 7160.205078>
[COT 2023-10-28 13:19:35] 76561199407766611: Spawned Entity MVS Compact Pack 2 - Multicam Black (MountainBag_ColorBase<9bab20>, 100, 300, 0) at <265.413055, 8.222314, 7160.360352>
[COT 2023-10-28 13:19:38] 76561199407766611: Spawned Entity MVS Combat Belt - Multicam Black (Modular_Belt_Base<9b71c0>, 100, 100, 0) at <265.392090, 8.234777, 7160.359375>
[COT 2023-10-28 13:19:40] 76561199407766611: Spawned Entity MVS Holster - Multicam Black (PlateCarrierHolster<9d6c90>, 100, 100, 0) at <265.357941, 8.348904, 7160.552734>
[COT 2023-10-28 13:19:44] 76561199407766611: Spawned Entity MVS Gorka Pants - Multicam Black (GorkaPants_Flat<fcfcd310>, 100, 130, 0) at <265.339050, 8.391353, 7160.617676>
[COT 2023-10-28 13:19:45] 76561199407766611: Spawned Entity MVS Combat Shirt - Multicam Black (TacticalShirt_ColorBase<fcfc69e0>, 100, 100, 0) at <265.267365, 8.585969, 7160.951172>
[COT 2023-10-28 13:20:22] 76561199407766611: Spawned Entity Assault Boots (MilitaryBoots_Black<bcaf90>, 100, 180, 0) at <262.105927, 7.576038, 7160.367188>
[COT 2023-10-28 13:20:39] 76561199407766611: Deleted Entity dzn_lehs:04947 at <262.202362, 7.707490, 7159.878418>
[COT 2023-10-28 13:20:39] 76561199407766611: Deleted Entity dzn_lehs_helmet_visor:010418 at <262.207794, 7.616510, 7159.939453>
[COT 2023-10-28 13:20:51] 76561199407766611: Deleted Entity MVS_Holster_Multicam_Black:05119 at <265.357941, 8.351068, 7160.552734>
[COT 2023-10-28 13:20:51] 76561199407766611: Deleted Entity MVS_WarriorHelmet_Multicam_Black:09356 at <265.463257, 8.033158, 7160.014160>
[COT 2023-10-28 13:22:29] 76561199407766611: Deleted Entity dzn_lehs_helmet:07724 at <262.202362, 7.638956, 7159.878418>
[COT 2023-10-28 13:22:30] 76561199407766611: Deleted Entity dzn_lehs_battery:06632 at <262.202362, 7.665754, 7159.878418>
[COT 2023-10-28 13:22:30] 76561199407766611: Deleted Entity dzn_lehs_o2tank:06267 at <262.202362, 7.666847, 7159.878418>
[COT 2023-10-28 13:22:31] 76561199407766611: Deleted Entity Battery9V:010811 at <262.202362, 7.629934, 7159.878418>
[COT 2023-10-28 13:22:31] 76561199407766611: Deleted Entity Battery9V:07779 at <262.202362, 7.629934, 7159.878418>
[COT 2023-10-28 13:22:32] 76561199407766611: Deleted Entity MVS_Compact_2_Multicam_Black:09304 at <263.181458, 7.864007, 7160.467285>
[COT 2023-10-28 13:22:33] 76561199407766611: Deleted Entity dzn_module_lantia:09689 at <263.181458, 7.802382, 7160.467285>
[COT 2023-10-28 13:22:33] 76561199407766611: Deleted Entity dzn_module_lantia:010093 at <263.181458, 7.802382, 7160.467285>
[COT 2023-10-28 13:22:33] 76561199407766611: Deleted Entity dzn_tool_watch2:08143 at <263.181458, 7.787161, 7160.467285>
[COT 2023-10-28 13:22:57] 76561199407766611: Teleported to position <7307.675293, 45.498070, 10521.382813>
