[COT 2023-10-22 2h:13:51] 76561199108250772: Spawned Entity Firewood (Firewood<1b6d42f0>, 1, 500, 0) at <6345.814941, 20.967985, 9396.507813>
[COT 2023-10-22 2h:13:52] 76561199108250772: Spawned Entity Firewood (Firewood<1b6d2640>, 1, 500, 0) at <6345.940430, 21.145163, 9396.517578>
[COT 2023-10-22 2h:13:52] 76561199108250772: Spawned Entity Firewood (Firewood<1b6cd9c0>, 1, 500, 0) at <6346.065918, 21.322472, 9396.529297>
[COT 2023-10-22 2h:14:47] 76561199108250772: Spawned Entity Paper (Paper<1b6a3c60>, 100, 15, 0) at <6346.253906, 20.967682, 9396.443359>
[COT 2023-10-22 2h:15:39] 76561199108250772: Healed [guid=OAdpPkJP2Ps_W7h2ttR1bK23ekHCzrxw0mDT3zqLMdU=]
[COT 2023-10-22 2h:16:28] 76561199108250772: Teleported to position <6336.316895, 20.870001, 9409.841797>
[COT 2023-10-22 2h:17:56] 76561199108250772: Set the date to 2011/12/2 12:0
[COT 2023-10-22 2h:18:10] 76561199108250772: Entered the Free Camera
[COT 2023-10-22 2h:18:18] 76561199108250772: Left the Free Camera
[COT 2023-10-22 2h:19:37] 76561199108250772: Entered the Free Camera
[COT 2023-10-22 2h:19:41] 76561199108250772: Left the Free Camera
[COT 2023-10-22 2h:21:25] 76561199108250772: Entered the Free Camera
[COT 2023-10-22 2h:21:30] 76561199108250772: Left the Free Camera
[COT 2023-10-22 2h:22:1s] 76561199108250772: Entered the Free Camera
[COT 2023-10-22 2h:22:35] 76561199108250772: Left the Free Camera
[COT 2023-10-22 2h:22:42] 76561199108250772: Entered the Free Camera
[COT 2023-10-22 2h:22:47] 76561199108250772: Left the Free Camera
[COT 2023-10-22 2h:24:7s] 76561198036774377: Set Invisibility To 1 [guid=mBNlxASsPlOcry0dpDl8K-WgHNR5WMCMmoJ9NhpU4FY=]
[COT 2023-10-22 2h:24:9s] 76561198036774377: Set Invisibility To 0 [guid=mBNlxASsPlOcry0dpDl8K-WgHNR5WMCMmoJ9NhpU4FY=]
[COT 2023-10-22 2h:24:10] 76561198036774377: Set cannot be targeted by AI to true [guid=mBNlxASsPlOcry0dpDl8K-WgHNR5WMCMmoJ9NhpU4FY=]
[COT 2023-10-22 2h:24:10] 76561198036774377: Set remove collision to true [guid=mBNlxASsPlOcry0dpDl8K-WgHNR5WMCMmoJ9NhpU4FY=]
[COT 2023-10-22 2h:24:11] 76561198036774377: Set GodMode To true [guid=mBNlxASsPlOcry0dpDl8K-WgHNR5WMCMmoJ9NhpU4FY=]
[COT 2023-10-22 2h:24:12] 76561198036774377: Set UnlimitedAmmo To true [guid=mBNlxASsPlOcry0dpDl8K-WgHNR5WMCMmoJ9NhpU4FY=]
[COT 2023-10-22 2h:24:12] 76561198036774377: Set UnlimitedStamina To true [guid=mBNlxASsPlOcry0dpDl8K-WgHNR5WMCMmoJ9NhpU4FY=]
[COT 2023-10-22 2h:24:14] 76561198036774377: Healed [guid=mBNlxASsPlOcry0dpDl8K-WgHNR5WMCMmoJ9NhpU4FY=]
[COT 2023-10-22 2h:24:48] 76561198036774377: Spawned Entity Patrol Jacket (dzn_gorka_up_winter<35393470>, 100, 130, 0) at <6505.589355, 3.106709, 8524.394531>
[COT 2023-10-22 2h:24:50] 76561198036774377: Spawned Entity Patrol Pants (dzn_gorka_pants_winter<353ac610>, 100, 130, 0) at <6505.589355, 3.106709, 8524.394531>
[COT 2023-10-22 2h:24:52] 76561198036774377: Spawned Entity Patrol hood (dzn_gorkahood_winter<31e8b710>, 100, 100, 0) at <6505.589355, 3.106709, 8524.394531>
[COT 2023-10-22 2h:24:54] 76561198036774377: Spawned Entity Bandana (dzn_bandana_wintercamopattern<31e929d0>, 100, 25, 0) at <6505.589355, 3.106709, 8524.394531>
[COT 2023-10-22 2h:24:56] 76561198036774377: Spawned Entity Ghillie Hood (dzn_ghilliehoodwinter<31e96cc0>, 100, 100, 0) at <6505.589355, 3.106709, 8524.394531>
[COT 2023-10-22 2h:25:0s] 76561198036774377: Spawned Entity Ghillie Rifle Wrap (GhillieAtt_ColorBase<31e9df80>, 100, 300, 0) at <6505.589355, 3.106709, 8524.394531>
[COT 2023-10-22 2h:25:2s] 76561198036774377: Spawned Entity Ghillie Shrug (dzn_ghilliebushragwinter<336c0220>, 100, 300, 0) at <6505.589355, 3.106709, 8524.394531>
[COT 2023-10-22 2h:25:3s] 76561198036774377: Spawned Entity Ghillie Cloak (dzn_ghillietopwinter<33b64620>, 100, 300, 0) at <6505.589355, 3.106709, 8524.394531>
[COT 2023-10-22 2h:25:6s] 76561198036774377: Spawned Entity Ghillie Suit (dzn_ghilliesuitwinter<2fd51110>, 100, 300, 0) at <6505.589355, 3.106709, 8524.394531>
[COT 2023-10-22 2h:25:8s] 76561198036774377: Spawned Entity Field Backpack (dzn_alicebag_wintercamo<2fd4b170>, 100, 130, 0) at <6505.589355, 3.106709, 8524.394531>
[COT 2023-10-22 2h:25:43] 76561199108250772: Entered the Free Camera
[COT 2023-10-22 2h:26:2s] 76561198036774377: Spawned Entity Jungle Boots (JungleBoots_Black<2f924a20>, 100, 150, 0) at <6505.589355, 3.106709, 8524.394531>
[COT 2023-10-22 2h:26:10] 76561199108250772: Left the Free Camera
[COT 2023-10-22 2h:26:13] 76561198036774377: Spawned Entity Combat Gloves (OMNOGloves_Gray<2f9279f0>, 100, 180, 0) at <6505.589355, 3.106709, 8524.394531>
[COT 2023-10-22 2h:26:36] 76561199108250772: Set UnlimitedAmmo To true [guid=OAdpPkJP2Ps_W7h2ttR1bK23ekHCzrxw0mDT3zqLMdU=]
[COT 2023-10-22 2h:26:37] 76561199108250772: Set UnlimitedStamina To true [guid=OAdpPkJP2Ps_W7h2ttR1bK23ekHCzrxw0mDT3zqLMdU=]
[COT 2023-10-22 2h:26:39] 76561199108250772: Set UnlimitedStamina To true [guid=OAdpPkJP2Ps_W7h2ttR1bK23ekHCzrxw0mDT3zqLMdU=]
[COT 2023-10-22 2h:26:54] 76561199108250772: Spawned Entity 60rd Standardized Mag (Mag_STANAG_60Rnd<3699eb70>, 60, 100, 0) at <4865.101563, 16.756111, 10869.647461>
[COT 2023-10-22 2h:27:18] 76561198036774377: Spawned Entity SNAFU Scar-H Snow (Snafu_ScarH_Snow_GUN<1bd91200>, 100, 200, 0) at <6505.732422, 3.094345, 8524.414063>
[COT 2023-10-22 2h:29:18] 76561199108250772: Healed [guid=OAdpPkJP2Ps_W7h2ttR1bK23ekHCzrxw0mDT3zqLMdU=]
[COT 2023-10-22 2h:34:56] 76561199108250772: Entered the Free Camera
[COT 2023-10-22 2h:35:2s] 76561199108250772: Left the Free Camera
[COT 2023-10-22 2h:35:54] 76561199108250772: Entered the Free Camera
[COT 2023-10-22 2h:36:3s] 76561199108250772: Left the Free Camera
[COT 2023-10-22 2h:36:10] 76561198036774377: Teleported to position <6510.686523, 3.415982, 8488.884766>
[COT 2023-10-22 2h:37:23] 76561198036774377: Spawned Entity M1025 (Offroad_02<740f2020>, 100, 1000, 0) at <6508.443848, 3.675712, 8513.012695>
[COT 2023-10-22 2h:38:2s] 76561199108250772: Healed [guid=OAdpPkJP2Ps_W7h2ttR1bK23ekHCzrxw0mDT3zqLMdU=]
[COT 2023-10-22 2h:38:23] 76561198036774377: Spawned Entity CarLock (CarLock<271d3020>, 100, 100, 0) at <6507.600586, 3.670428, 8512.951172>
[COT 2023-10-22 2h:39:37] 76561199108250772: Entered the Free Camera
[COT 2023-10-22 2h:39:48] 76561199108250772: Left the Free Camera
[COT 2023-10-22 2h:40:27] 76561199108250772: Entered the Free Camera
[COT 2023-10-22 2h:40:28] 76561199108250772: Left the Free Camera
[COT 2023-10-22 2h:40:30] 76561199108250772: Entered the Free Camera
[COT 2023-10-22 2h:40:41] 76561199108250772: Teleported to position <8103.969727, 15.000000, 10939.022461>
[COT 2023-10-22 2h:40:52] 76561199108250772: Left the Free Camera
[COT 2023-10-22 2h:42:6s] 76561199108250772: Spawned Entity Firewood (Firewood<353ac610>, 1, 500, 0) at <8174.750000, 15.885834, 10883.816406>
[COT 2023-10-22 2h:42:6s] 76561199108250772: Spawned Entity Firewood (Firewood<32546a10>, 1, 500, 0) at <8174.787598, 16.062447, 10883.881836>
[COT 2023-10-22 2h:42:6s] 76561199108250772: Spawned Entity Firewood (Firewood<3254c020>, 1, 500, 0) at <8174.824219, 16.239059, 10883.947266>
[COT 2023-10-22 2h:48:29] 76561199108250772: Spawned Entity Rope (Rope<217ffcb0>, 100, 200, 0) at <8172.254883, 15.880015, 10884.528320>
[COT 2023-10-22 2h:48:47] 76561199108250772: Spawned Entity Wooden Log (WoodenLog<36b9fe70>, 1, 500, 0) at <8172.258301, 15.911496, 10884.555664>
[COT 2023-10-22 2h:49:5s] 76561199108250772: Spawned Entity Short Stick (WoodenStick<317ed740>, 5, 50, 0) at <8172.434570, 15.880016, 10884.295898>
[COT 2023-10-22 2h:50:0s] 76561199108250772: Spawned Entity Shovel (Shovel<2616b0b0>, 100, 200, 0) at <8165.075195, 15.179995, 10880.122070>
[COT 2023-10-22 2h:50:15] 76561199108250772: Spawned Entity Wooden Log (WoodenLog<353a9fd0>, 1, 500, 0) at <8167.310547, 15.179985, 10879.958984>
[COT 2023-10-22 2h:50:16] 76561199108250772: Spawned Entity Wooden Log (WoodenLog<330e0aa0>, 1, 500, 0) at <8167.181641, 15.308782, 10880.002930>
[COT 2023-10-22 2h:51:0s] 76561199108250772: Spawned Entity Firewood (Firewood<3384e9e0>, 1, 500, 0) at <8174.516602, 15.885834, 10883.894531>
[COT 2023-10-22 2h:51:1s] 76561199108250772: Spawned Entity Firewood (Firewood<31aaecf0>, 1, 500, 0) at <8174.518555, 16.062447, 10883.916992>
[COT 2023-10-22 2h:51:1s] 76561199108250772: Spawned Entity Firewood (Firewood<3014f130>, 1, 500, 0) at <8174.520508, 16.239058, 10883.936523>
[COT 2023-10-22 2h:51:36] 76561199108250772: Spawned Entity Sea Chest (SeaChest<2d98ceb0>, 100, 600, 0) at <8173.426758, 15.880016, 10887.779297>
[COT 2023-10-22 2h:52:25] 76561199108250772: Healed [guid=OAdpPkJP2Ps_W7h2ttR1bK23ekHCzrxw0mDT3zqLMdU=]
[COT 2023-10-22 2h:53:24] 76561199108250772: Spawned Entity Sea Chest (SeaChest<33885010>, 100, 600, 0) at <8169.368164, 15.880015, 10883.310547>
