[COT 2023-11-2D 23:13:33] 76561199407766611: Set GodMode To true [guid=spMEkRl42onhFHdF_u42e0T03x2sj347kUc600NXdGA=]
[COT 2023-11-2D 23:13:33] 76561199407766611: Set Invisibility To 1 [guid=spMEkRl42onhFHdF_u42e0T03x2sj347kUc600NXdGA=]
[COT 2023-11-2D 23:13:34] 76561199407766611: Set UnlimitedStamina To true [guid=spMEkRl42onhFHdF_u42e0T03x2sj347kUc600NXdGA=]
[COT 2023-11-2D 23:13:34] 76561199407766611: Set UnlimitedAmmo To true [guid=spMEkRl42onhFHdF_u42e0T03x2sj347kUc600NXdGA=]
[COT 2023-11-2D 23:14:31] 76561199407766611: Entered the Free Camera
[COT 2023-11-2D 23:15:41] 76561199407766611: Left the Free Camera
[COT 2023-11-2D 23:16:3s] 76561199407766611: Teleported to position <3230.829590, 123.612602, 7540.828125>
[COT 2023-11-2D 23:16:46] 76561199407766611: Teleported to position <4685.556152, 52.571133, 9447.916992>
[COT 2023-11-2D 23:18:54] 76561199407766611: Teleported to position <4744.322754, 7.524064, 10126.460938>
[COT 2023-11-2D 23:20:25] 76561199407766611: Spawned Entity Barrel (Barrel_Red<47142db0>, 200000, 1300, 1) at <4756.296387, 7.230432, 10120.307617>
[COT 2023-11-2D 23:21:24] 76561199407766611: Teleported to position <4453.099609, 2.830000, 11228.506836>
[COT 2023-11-2D 23:23:30] 76561199407766611: Deleted Entity Land_Mil_Barracks2:-2147028992746588431 at <4453.415527, 12.724065, 11142.933594>
[COT 2023-11-2D 23:23:31] 76561199407766611: Deleted Entity Land_Mil_Barracks2:-2147028992746588431 at <4453.415527, 12.724065, 11142.933594>
[COT 2023-11-2D 23:23:31] 76561199407766611: Deleted Entity Land_Mil_Barracks2:-2147028992746588431 at <4453.415527, 12.724065, 11142.933594>
[COT 2023-11-2D 23:23:31] 76561199407766611: Deleted Entity Land_Mil_Barracks2:-2147028992746588431 at <4453.415527, 12.724065, 11142.933594>
[COT 2023-11-2D 23:23:32] 76561199407766611: Deleted Entity Land_Mil_Barracks2:-2147028992746588431 at <4453.415527, 12.724065, 11142.933594>
[COT 2023-11-2D 23:23:32] 76561199407766611: Deleted Entity Land_Mil_Barracks2:-2147028992746588431 at <4453.415527, 12.724065, 11142.933594>
[COT 2023-11-2D 23:23:32] 76561199407766611: Deleted Entity Land_Mil_Barracks2:-2147028992746588431 at <4453.415527, 12.724065, 11142.933594>
[COT 2023-11-2D 23:25:16] 76561199407766611: Spawned Entity AAC Honey Badger (SNAFUHoneyBadger_Tan<2f6648b0>, 100, 200, 0) at <4470.669434, 11.452572, 11125.069336>
[COT 2023-11-2D 23:25:20] 76561199407766611: Spawned Entity Honey Badger 30rnd Mag (SNAFUHoneyBadger_30rdMag_Tan<393caa90>, 30, 100, 0) at <4470.630859, 11.535306, 11125.189453>
[COT 2023-11-2D 23:25:21] 76561199407766611: Spawned Entity Honey Badger 30rnd Mag (SNAFUHoneyBadger_30rdMag_Tan<393d69d0>, 30, 100, 0) at <4470.594727, 11.605185, 11125.281250>
[COT 2023-11-2D 23:25:21] 76561199407766611: Spawned Entity Honey Badger 30rnd Mag (SNAFUHoneyBadger_30rdMag_Tan<439e42b0>, 30, 100, 0) at <4470.567871, 11.658005, 11125.349609>
[COT 2023-11-2D 23:25:21] 76561199407766611: Spawned Entity Honey Badger 30rnd Mag (SNAFUHoneyBadger_30rdMag_Tan<43a020d0>, 30, 100, 0) at <4470.536133, 11.719503, 11125.432617>
[COT 2023-11-2D 23:25:54] 76561199407766611: Healed [guid=spMEkRl42onhFHdF_u42e0T03x2sj347kUc600NXdGA=]
[COT 2023-11-2D 23:26:8s] 76561199407766611: Teleported to position <6593.125977, 15.040000, 11270.752930>
[COT 2023-11-2D 23:27:49] 76561199407766611: Set Invisibility To 0 [guid=spMEkRl42onhFHdF_u42e0T03x2sj347kUc600NXdGA=]
