[COT 2023-10-22 19:3m:34] 76561198036774377: Spawned Entity Anadyr province map (dzn_map_namalsk<68035010>, 40, 100, 0) at <7278.400391, 242.852829, 7051.453125>
[COT 2023-10-22 19:9m:4s] 76561198036774377: Healed [guid=mBNlxASsPlOcry0dpDl8K-WgHNR5WMCMmoJ9NhpU4FY=]
[COT 2023-10-22 19:9m:33] 76561198036774377: Spawned Entity Campfire (FBF_FireplaceIgnited<5f206a90>, 100, 100, 0) at <7271.888184, 239.773422, 7061.351563>
[COT 2023-10-22 19:9m:41] 76561198036774377: Spawned Entity Cooking Pot (Pot<642398a0>, 2000, 200, 1) at <7272.245605, 239.884460, 7061.906250>
[COT 2023-10-22 19:10:40] 76561198036774377: Entered the Free Camera
[COT 2023-10-22 19:12:46] 76561198036774377: Left the Free Camera
[COT 2023-10-22 19:34:50] 76561198036774377: Set Health To 0 [guid=mBNlxASsPlOcry0dpDl8K-WgHNR5WMCMmoJ9NhpU4FY=]
[COT 2023-10-22 19:34:52] 76561198036774377: Set Health To 0 [guid=mBNlxASsPlOcry0dpDl8K-WgHNR5WMCMmoJ9NhpU4FY=]
[COT 2023-10-22 19:34:53] 76561198036774377: Set Health To 0 [guid=mBNlxASsPlOcry0dpDl8K-WgHNR5WMCMmoJ9NhpU4FY=]
[COT 2023-10-22 19:34:53] 76561198036774377: Set Health To 0 [guid=mBNlxASsPlOcry0dpDl8K-WgHNR5WMCMmoJ9NhpU4FY=]
[COT 2023-10-22 19:34:53] 76561198036774377: Set Health To 0 [guid=mBNlxASsPlOcry0dpDl8K-WgHNR5WMCMmoJ9NhpU4FY=]
[COT 2023-10-22 19:34:56] 76561198036774377: Set Health To 9.49 [guid=mBNlxASsPlOcry0dpDl8K-WgHNR5WMCMmoJ9NhpU4FY=]
[COT 2023-10-22 19:35:0s] 76561198036774377: Set Health To 18.32 [guid=mBNlxASsPlOcry0dpDl8K-WgHNR5WMCMmoJ9NhpU4FY=]
[COT 2023-10-22 19:35:14] 76561198036774377: Entered the Free Camera
[COT 2023-10-22 19:35:28] 76561198036774377: Left the Free Camera
[COT 2023-10-22 19:35:30] 76561198036774377: Left the Free Camera
[COT 2023-10-22 21:11:17] 76561198036774377: Teleported to position <6484.966309, 1.809453, 8537.844727>
[COT 2023-10-22 21:25:16] 76561198036774377: Teleported to position <7258.497070, 238.881531, 7073.723633>
[COT 2023-10-22 21:30:18] 76561198036774377: Teleported to position <6470.209473, 0.582784, 8553.401367>
[COT 2023-10-22 21:30:20] 76561198036774377: Teleported to position <6478.209473, 1.404626, 8544.957031>
[COT 2023-10-22 21:33:49] 76561198036774377: Healed [guid=mBNlxASsPlOcry0dpDl8K-WgHNR5WMCMmoJ9NhpU4FY=]
