[COT 2023-12-7D 17:48:41] 76561199407766611: Healed [guid=spMEkRl42onhFHdF_u42e0T03x2sj347kUc600NXdGA=]
[COT 2023-12-7D 17:48:42] 76561199407766611: Set GodMode To true [guid=spMEkRl42onhFHdF_u42e0T03x2sj347kUc600NXdGA=]
[COT 2023-12-7D 17:48:43] 76561199407766611: Set cannot be targeted by AI to true [guid=spMEkRl42onhFHdF_u42e0T03x2sj347kUc600NXdGA=]
[COT 2023-12-7D 17:48:43] 76561199407766611: Set UnlimitedStamina To true [guid=spMEkRl42onhFHdF_u42e0T03x2sj347kUc600NXdGA=]
[COT 2023-12-7D 17:48:44] 76561199407766611: Set UnlimitedAmmo To true [guid=spMEkRl42onhFHdF_u42e0T03x2sj347kUc600NXdGA=]
[COT 2023-12-7D 17:49:19] 76561199407766611: Teleported to position <11950.033203, 2.000000, 7507.571289>
[COT 2023-12-7D 17:51:18] 76561199407766611: Entered the Free Camera
[COT 2023-12-7D 17:51:28] 76561199407766611: Left the Free Camera
[COT 2023-12-7D 17:51:39] 76561199407766611: Teleported to position <7277.154297, 237.963425, 7023.018066>
[COT 2023-12-7D 17:53:31] 76561199407766611: Teleported to position <4335.226563, 4.240000, 4757.374023>
[COT 2023-12-7D 17:53:50] 76561199407766611: Teleported to position <2999.767822, 311.839172, 6477.871582>
[COT 2023-12-7D 17:54:6s] 76561199407766611: Entered the Free Camera
[COT 2023-12-7D 17:54:44] 76561199407766611: Left the Free Camera
[COT 2023-12-7D 17:55:18] 76561199407766611: Spawned Entity Night Vision Goggles (NVGoggles<c4f91250>, 100, 100, 0) at <3585.174072, 51.542603, 7171.028320>
[COT 2023-12-7D 17:55:19] 76561199407766611: Spawned Entity NVG Headstrap (NVGHeadstrap<be4fa700>, 100, 200, 0) at <3585.175049, 51.642128, 7171.077637>
[COT 2023-12-7D 17:55:30] 76561199407766611: Spawned Entity 9V Battery (Battery9V<c14179a0>, 50, 20, 0) at <3585.135742, 51.821007, 7171.101563>
[COT 2023-12-7D 17:57:3s] 76561199407766611: Entered the Free Camera
[COT 2023-12-7D 17:57:32] 76561199407766611: Left the Free Camera
[COT 2023-12-7D 17:57:53] 76561199407766611: Entered the Free Camera
[COT 2023-12-7D 17:59:18] 76561199407766611: Left the Free Camera
[COT 2023-12-7D 18:0m:46] 76561199407766611: Entered the Free Camera
[COT 2023-12-7D 18:4m:21] 76561199407766611: Left the Free Camera
[COT 2023-12-7D 18:4m:55] 76561199407766611: Entered the Free Camera
[COT 2023-12-7D 18:5m:55] 76561199407766611: Left the Free Camera
[COT 2023-12-7D 18:11:28] 76561199407766611: Spawned Entity M4 UBR Stock. (SNAFU_UBR_Stock<b5265950>, 100, 200, 0) at <3229.808105, 248.391006, 6653.615234>
[COT 2023-12-7D 18:11:35] 76561199407766611: Spawned Entity PEQ1 Laser (SNAFU_PEQ1_Laser<983ee1e0>, 100, 150, 0) at <3229.808105, 248.391006, 6653.615234>
[COT 2023-12-7D 18:12:24] 76561199407766611: Spawned Entity Pictiney Light (SNAFUUniversalLight<9832a350>, 100, 200, 0) at <3229.808105, 248.391006, 6653.615234>
[COT 2023-12-7D 18:12:41] 76561199407766611: Spawned Entity Universal Flashlight (UniversalLight<bdf8cb40>, 100, 70, 0) at <3229.808105, 248.391006, 6653.615234>
[COT 2023-12-7D 18:13:3s] 76561199407766611: Spawned Entity AR/M4 SRS 15in Mlok HG (SNAFU_HGMlok<c3b23710>, 100, 200, 0) at <3229.808105, 248.391006, 6653.615234>
[COT 2023-12-7D 18:13:36] 76561199407766611: Spawned Entity AR/M4 SRS 15in Mlok HG (SNAFU_HGMlok<b56f6e90>, 100, 200, 0) at <3225.320313, 249.136459, 6655.511719>
[COT 2023-12-7D 18:13:38] 76561199407766611: Spawned Entity LVOA Rail HG (SNAFU_LVOAHG<b56f7820>, 100, 200, 0) at <3225.320313, 249.136459, 6655.511719>
[COT 2023-12-7D 18:14:12] 76561199407766611: Entered the Free Camera
[COT 2023-12-7D 18:14:37] 76561199407766611: Left the Free Camera
[COT 2023-12-7D 18:17:21] 76561199407766611: Healed [guid=spMEkRl42onhFHdF_u42e0T03x2sj347kUc600NXdGA=]
[COT 2023-12-7D 18:20:24] 76561199407766611: Spawned Entity .44 Magnum (SNAFU_Ammo_44<c4cff570>, 40, 100, 0) at <3123.883301, 293.174652, 6534.063965>
[COT 2023-12-7D 18:20:25] 76561199407766611: Spawned Entity .44 Magnum (SNAFU_Ammo_44<c4d071c0>, 40, 100, 0) at <3123.883301, 293.174652, 6534.063965>
[COT 2023-12-7D 18:20:25] 76561199407766611: Spawned Entity .44 Magnum (SNAFU_Ammo_44<b816ca10>, 40, 100, 0) at <3123.883301, 293.174652, 6534.063965>
[COT 2023-12-7D 18:24:45] 76561199407766611: Entered the Free Camera
[COT 2023-12-7D 18:24:53] 76561199407766611: Left the Free Camera
[COT 2023-12-7D 18:26:58] 76561199407766611: Teleported to position <3224.878418, 123.224892, 7536.442383>
[COT 2023-12-7D 18:27:3s] 76561199407766611: Entered the Free Camera
[COT 2023-12-7D 18:27:7s] 76561199407766611: Left the Free Camera
[COT 2023-12-7D 18:27:54] 76561199407766611: Teleported to position <6737.311523, 15.023710, 11369.777344>
[COT 2023-12-7D 18:28:8s] 76561199407766611: Spawned Entity Olga 24 (CivilianSedan<c7f70030>, 100, 1000, 0) at <6740.805176, 15.005231, 11364.200195>
[COT 2023-12-7D 18:29:7s] 76561199407766611: Entered the Free Camera
[COT 2023-12-7D 18:29:31] 76561199407766611: Left the Free Camera
[COT 2023-12-7D 18:29:47] 76561199407766611: Deleted Entity CivilianSedan:10846 at <6740.810547, 14.992613, 11364.195313>
[COT 2023-12-7D 18:30:46] 76561199407766611: Healed [guid=spMEkRl42onhFHdF_u42e0T03x2sj347kUc600NXdGA=]
