[COT 2023-11-21 3h:10:10] 76561199407766611: Teleported to position <6721.506348, 9.744888, 9776.183594>
[COT 2023-11-21 3h:10:15] 76561199407766611: Set GodMode To true [guid=spMEkRl42onhFHdF_u42e0T03x2sj347kUc600NXdGA=]
[COT 2023-11-21 3h:10:16] 76561199407766611: Set Invisibility To 1 [guid=spMEkRl42onhFHdF_u42e0T03x2sj347kUc600NXdGA=]
[COT 2023-11-21 3h:10:17] 76561199407766611: Set UnlimitedStamina To true [guid=spMEkRl42onhFHdF_u42e0T03x2sj347kUc600NXdGA=]
[COT 2023-11-21 3h:10:18] 76561199407766611: Set UnlimitedAmmo To true [guid=spMEkRl42onhFHdF_u42e0T03x2sj347kUc600NXdGA=]
[COT 2023-11-21 3h:10:37] 76561199407766611: Entered the Free Camera
[COT 2023-11-21 3h:11:13] 76561199407766611: Left the Free Camera
[COT 2023-11-21 3h:11:16] 76561199407766611: Entered the Free Camera
[COT 2023-11-21 3h:11:34] 76561199407766611: Left the Free Camera
[COT 2023-11-21 3h:13:58] 76561199407766611: Spawned Entity M200 Tan Stock (SNAFU_M200S_Tan<c20b9690>, 7, 100, 0) at <6731.458008, 51.129108, 11380.971680>
[COT 2023-11-21 3h:14:0s] 76561199407766611: Spawned Entity M200 CheyTac Tan (GCGN_M200_Tan<bb7f87b0>, 7, 300, 0) at <6731.404297, 51.213150, 11380.955078>
[COT 2023-11-21 3h:14:2s] 76561199407766611: Spawned Entity CheyTac 7 Round Mag (GCGN_M200_Mag<c0d5a250>, 7, 100, 0) at <6731.325684, 51.334129, 11380.953125>
[COT 2023-11-21 3h:14:2s] 76561199407766611: Spawned Entity CheyTac 7 Round Mag (GCGN_M200_Mag<bd17b9e0>, 7, 100, 0) at <6731.301270, 51.366917, 11380.951172>
[COT 2023-11-21 3h:14:3s] 76561199407766611: Spawned Entity CheyTac 7 Round Mag (GCGN_M200_Mag<bd5147f0>, 7, 100, 0) at <6731.280273, 51.399704, 11380.949219>
[COT 2023-11-21 3h:14:24] 76561199407766611: Spawned Entity M200 CheyTac Tan (GCGN_M200_Tan<607c6470>, 100, 300, 0) at <6731.429688, 51.129131, 11380.944336>
[COT 2023-11-21 3h:14:36] 76561199407766611: Deleted Entity GCGN_M200_Tan:08359 at <6731.429688, 51.168705, 11380.944336>
[COT 2023-11-21 3h:15:4s] 76561199407766611: Spawned Entity 50Bmg & 408 Suppressor BMC (SNAFU_50bmg_Suppressor_M<a9450c30>, 100, 20, 0) at <6731.082520, 51.129398, 11380.680664>
[COT 2023-11-21 3h:15:49] 76561199407766611: Spawned Entity SNAFU AR DMR Optic 12X (SNAFU_HuntingOptic<c21a7680>, 100, 50, 0) at <6731.080566, 51.129398, 11380.666992>
[COT 2023-11-21 3h:16:6s] 76561199407766611: Spawned Entity M84 Scope (GCGN_M84_Optic<a911a120>, 100, 200, 0) at <6731.080078, 51.129398, 11380.667969>
[COT 2023-11-21 3h:16:13] 76561199407766611: Deleted Entity SNAFU_HuntingOptic:08584 at <6731.080566, 51.164085, 11380.666992>
[COT 2023-11-21 3h:16:15] 76561199407766611: Deleted Entity GCGN_M84_Optic:010043 at <6731.080078, 51.176956, 11380.667969>
[COT 2023-11-21 3h:17:16] 76561199407766611: Spawned Entity Hunting Scope (HuntingOptic<c0d14820>, 100, 50, 0) at <6730.645508, 51.129734, 11380.741211>
[COT 2023-11-21 3h:17:48] 76561199407766611: Spawned Entity Hunter Pants (HunterPants_Brown<c0a04a10>, 100, 150, 0) at <6730.724121, 51.129673, 11380.739258>
[COT 2023-11-21 3h:18:5s] 76561199407766611: Spawned Entity Tactical Shirt (TacticalShirt_ColorBase<bede9650>, 100, 90, 0) at <6730.710449, 51.301689, 11380.733398>
[COT 2023-11-21 3h:20:35] 76561199407766611: Teleported to position <8160.562988, 15.199855, 10864.528320>
[COT 2023-11-21 3h:21:11] 76561199407766611: Spawned Entity Ski Mask (BalaclavaMask_Black<bceae240>, 100, 100, 0) at <8189.563965, 15.228514, 10849.765625>
[COT 2023-11-21 3h:21:16] 76561199407766611: Spawned Entity Jungle Boots (JungleBoots_Green<beb0ec90>, 100, 150, 0) at <8189.559570, 15.367818, 10849.723633>
[COT 2023-11-21 3h:21:35] 76561199407766611: Spawned Entity MVS Rucksack - Black (MountainBag_ColorBase<c0f220d0>, 100, 300, 0) at <8189.542480, 15.683498, 10849.613281>
[COT 2023-11-21 3h:22:19] 76561199407766611: Spawned Entity Benelli M2 (GCGN_BenelliM4<b17b2a20>, 100, 200, 0) at <8189.639160, 15.228469, 10849.875977>
[COT 2023-11-21 3h:22:46] 76561199407766611: Spawned Entity 10% Choke Black (SNAFU_Shotgunchoke_Black<bce8dde0>, 20, 100, 0) at <8189.609375, 15.228486, 10849.924805>
[COT 2023-11-21 3h:22:48] 76561199407766611: Spawned Entity 30% Choke Brown (SNAFU_Shotgunchoke_Brown<bcea5c60>, 20, 100, 0) at <8189.600586, 15.327176, 10849.882813>
[COT 2023-11-21 3h:22:50] 76561199407766611: Spawned Entity 20% Choke Blue (SNAFU_Shotgunchoke_Blue<bceafef0>, 20, 100, 0) at <8189.593262, 15.423932, 10849.836914>
[COT 2023-11-21 3h:22:53] 76561199407766611: Spawned Entity 40% Choke Green (SNAFU_Shotgunchoke_Green<bceba180>, 20, 100, 0) at <8189.589355, 15.517968, 10849.791016>
[COT 2023-11-21 3h:22:55] 76561199407766611: Spawned Entity 50% Choke Purple (SNAFU_Shotgunchoke_Purple<bb3c5970>, 20, 100, 0) at <8189.581055, 15.616539, 10849.747070>
[COT 2023-11-21 3h:22:57] 76561199407766611: Spawned Entity 60% Choke Red (SNAFU_Shotgunchoke_Red<bb3c7620>, 20, 100, 0) at <8189.573730, 15.714149, 10849.706055>
[COT 2023-11-21 3h:22:59] 76561199407766611: Spawned Entity 80% Choke Tur (SNAFU_Shotgunchoke_Tur<bb3adaf0>, 20, 100, 0) at <8189.562500, 15.829916, 10849.700195>
[COT 2023-11-21 3h:23:0s] 76561199407766611: Spawned Entity 100% Choke Yellow (SNAFU_Shotgunchoke_Yellow<bb05dc10>, 20, 100, 0) at <8189.562012, 15.831829, 10849.649414>
[COT 2023-11-21 3h:23:29] 76561199407766611: Deleted Entity SNAFU_Shotgunchoke_Black:08328 at <8189.609375, 15.222625, 10849.924805>
[COT 2023-11-21 3h:23:30] 76561199407766611: Deleted Entity SNAFU_Shotgunchoke_Brown:04892 at <8189.600586, 15.321315, 10849.882813>
[COT 2023-11-21 3h:23:31] 76561199407766611: Deleted Entity SNAFU_Shotgunchoke_Blue:04956 at <8189.593262, 15.418071, 10849.836914>
[COT 2023-11-21 3h:23:34] 76561199407766611: Deleted Entity SNAFU_Shotgunchoke_Green:04338 at <8189.589355, 15.512107, 10849.791016>
[COT 2023-11-21 3h:23:36] 76561199407766611: Deleted Entity SNAFU_Shotgunchoke_Purple:06623 at <8189.581055, 15.610678, 10849.747070>
[COT 2023-11-21 3h:23:41] 76561199407766611: Deleted Entity SNAFU_Shotgunchoke_Red:05903 at <8189.573730, 15.708288, 10849.706055>
[COT 2023-11-21 3h:23:42] 76561199407766611: Deleted Entity SNAFU_Shotgunchoke_Yellow:09397 at <8189.562012, 15.825968, 10849.649414>
[COT 2023-11-21 3h:23:58] 76561199407766611: Spawned Entity 12ga 00 Buckshots (Ammo_12gaPellets<b8482700>, 40, 100, 0) at <8189.504883, 15.228547, 10850.059570>
[COT 2023-11-21 3h:23:58] 76561199407766611: Spawned Entity 12ga 00 Buckshots (Ammo_12gaPellets<b847eda0>, 40, 100, 0) at <8189.503418, 15.293648, 10850.024414>
[COT 2023-11-21 3h:23:59] 76561199407766611: Spawned Entity 12ga 00 Buckshots (Ammo_12gaPellets<b8480a50>, 40, 100, 0) at <8189.501953, 15.358747, 10849.988281>
[COT 2023-11-21 3h:25:54] 76561199407766611: Spawned Entity Canned Bacon (TacticalBaconCan<b2930760>, 100, 100, 0) at <8190.061523, 15.228215, 10847.653320>
[COT 2023-11-21 3h:25:55] 76561199407766611: Spawned Entity Canned Bacon (TacticalBaconCan<b293b270>, 100, 100, 0) at <8190.086914, 15.345979, 10847.577148>
[COT 2023-11-21 3h:25:55] 76561199407766611: Spawned Entity Canned Bacon (TacticalBaconCan<b2938a30>, 100, 100, 0) at <8190.112793, 15.463664, 10847.501953>
[COT 2023-11-21 3h:25:55] 76561199407766611: Spawned Entity Canned Bacon (TacticalBaconCan<b293bc80>, 100, 100, 0) at <8190.141113, 15.585135, 10847.424805>
[COT 2023-11-21 3h:26:23] 76561199407766611: Spawned Entity Lighter (PetrolLighter<bb04bd30>, 20, 20, 0) at <8190.049805, 15.228223, 10847.697266>
[COT 2023-11-21 3h:26:29] 76561199407766611: Spawned Entity Rag (Rag<bb052ff0>, 6, 50, 0) at <8190.061523, 15.228214, 10847.653320>
[COT 2023-11-21 3h:26:36] 76561199407766611: Spawned Entity Bandage (BandageDressing<be748080>, 4, 50, 0) at <8190.087891, 15.348478, 10847.579102>
[COT 2023-11-21 3h:26:37] 76561199407766611: Spawned Entity Bandage (BandageDressing<be74f340>, 4, 50, 0) at <8190.107910, 15.437208, 10847.521484>
[COT 2023-11-21 3h:26:37] 76561199407766611: Spawned Entity Bandage (BandageDressing<bd51a790>, 4, 50, 0) at <8190.127930, 15.526147, 10847.462891>
[COT 2023-11-21 3h:26:43] 76561199407766611: Spawned Entity Multivitamin Pills (VitaminBottle<b293c690>, 50, 50, 0) at <8190.145020, 15.610855, 10847.408203>
[COT 2023-11-21 3h:26:48] 76561199407766611: Spawned Entity Tetracycline Pills (TetracyclineAntibiotics<b2938020>, 12, 30, 0) at <8190.171387, 15.718785, 10847.341797>
[COT 2023-11-21 3h:27:22] 76561199407766611: Deleted Entity TetracyclineAntibiotics:05181 at <8190.171387, 15.805945, 10847.341797>
[COT 2023-11-21 3h:27:34] 76561199407766611: Spawned Entity Hatchet (Hatchet<bca589e0>, 100, 150, 0) at <8190.084473, 15.228201, 10847.693359>
[COT 2023-11-21 3h:27:42] 76561199407766611: Spawned Entity Sharpening Stone (Whetstone<bb95d9d0>, 100, 50, 0) at <8190.116211, 15.289457, 10847.613281>
[COT 2023-11-21 3h:27:49] 76561199407766611: Spawned Entity Kitchen Knife (KitchenKnife<bb9609a0>, 100, 85, 0) at <8190.103027, 15.345220, 10847.648438>
[COT 2023-11-21 3h:28:48] 76561199407766611: Spawned Entity Short Stick (WoodenStick<b880fae0>, 5, 50, 0) at <8190.276367, 15.228086, 10843.324219>
[COT 2023-11-21 3h:28:48] 76561199407766611: Spawned Entity Short Stick (WoodenStick<be774420>, 5, 50, 0) at <8190.394531, 15.298084, 10843.307617>
[COT 2023-11-21 3h:28:48] 76561199407766611: Spawned Entity Short Stick (WoodenStick<be770130>, 5, 50, 0) at <8190.445801, 15.327012, 10843.300781>
[COT 2023-11-21 3h:28:51] 76561199407766611: Spawned Entity Salty Sticks (Snack_ColorBase<b2941710>, 50, 20, 0) at <8190.509277, 15.372559, 10843.341797>
[COT 2023-11-21 3h:29:2s] 76561199407766611: Spawned Entity MVS Canteen - OD (Canteen<b293f8e0>, 1000, 100, 512) at <8190.717773, 15.227822, 10843.071289>
[COT 2023-11-21 3h:29:9s] 76561199407766611: Spawned Entity Firewood (Firewood<c2840050>, 1, 500, 0) at <8190.789551, 15.298589, 10843.108398>
[COT 2023-11-21 3h:29:9s] 76561199407766611: Spawned Entity Firewood (Firewood<c28409e0>, 1, 500, 0) at <8191.008789, 15.448177, 10843.086914>
[COT 2023-11-21 3h:29:9s] 76561199407766611: Spawned Entity Firewood (Firewood<c2866450>, 1, 500, 0) at <8191.165039, 15.556431, 10843.076172>
[COT 2023-11-21 3h:29:57] 76561199407766611: Spawned Entity Firewood (Firewood<b3f7a410>, 1, 500, 0) at <8189.229492, 15.228713, 10843.218750>
[COT 2023-11-21 3h:29:57] 76561199407766611: Spawned Entity Firewood (Firewood<bca82740>, 1, 500, 0) at <8189.479980, 15.405325, 10843.202148>
[COT 2023-11-21 3h:30:7s] 76561199407766611: Spawned Entity Short Stick (WoodenStick<bca91650>, 5, 50, 0) at <8189.603027, 15.493413, 10843.198242>
[COT 2023-11-21 3h:30:45] 76561199407766611: Healed [guid=spMEkRl42onhFHdF_u42e0T03x2sj347kUc600NXdGA=]
