[COT 2023-10-30 16:52:49] 76561199108250772: Set GodMode To true [guid=OAdpPkJP2Ps_W7h2ttR1bK23ekHCzrxw0mDT3zqLMdU=]
[COT 2023-10-30 16:52:50] 76561199108250772: Set cannot be targeted by AI to true [guid=OAdpPkJP2Ps_W7h2ttR1bK23ekHCzrxw0mDT3zqLMdU=]
[COT 2023-10-30 16:52:51] 76561199108250772: Set UnlimitedStamina To true [guid=OAdpPkJP2Ps_W7h2ttR1bK23ekHCzrxw0mDT3zqLMdU=]
[COT 2023-10-30 16:52:51] 76561199108250772: Set UnlimitedAmmo To true [guid=OAdpPkJP2Ps_W7h2ttR1bK23ekHCzrxw0mDT3zqLMdU=]
[COT 2023-10-30 16:53:2s] 76561199108250772: Entered the Free Camera
[COT 2023-10-30 16:53:7s] 76561199108250772: Left the Free Camera
[COT 2023-10-30 16:53:31] 76561199108250772: Teleported to position <5252.060547, 66.137413, 8349.236328>
[COT 2023-10-30 16:53:54] 76561199108250772: Set Invisibility To 1 [guid=OAdpPkJP2Ps_W7h2ttR1bK23ekHCzrxw0mDT3zqLMdU=]
[COT 2023-10-30 16:54:1s] 76561199108250772: ESP: Viewing ESP
[COT 2023-10-30 16:54:4s] 76561199108250772: ESP: Clearing ESP
[COT 2023-10-30 16:54:4s] 76561199108250772: ESP: Viewing ESP
[COT 2023-10-30 16:54:8s] 76561199108250772: Entered the Free Camera
[COT 2023-10-30 16:54:46] 76561199108250772: Left the Free Camera
[COT 2023-10-30 16:54:46] 76561199108250772: Left the Free Camera
[COT 2023-10-30 16:55:20] 76561199108250772: Entered the Free Camera
[COT 2023-10-30 16:56:18] 76561199108250772: Left the Free Camera
[COT 2023-10-30 17:19:3s] 76561199108250772: Set GodMode To true [guid=OAdpPkJP2Ps_W7h2ttR1bK23ekHCzrxw0mDT3zqLMdU=]
[COT 2023-10-30 17:19:3s] 76561199108250772: Set Invisibility To 1 [guid=OAdpPkJP2Ps_W7h2ttR1bK23ekHCzrxw0mDT3zqLMdU=]
[COT 2023-10-30 17:19:4s] 76561199108250772: Set cannot be targeted by AI to true [guid=OAdpPkJP2Ps_W7h2ttR1bK23ekHCzrxw0mDT3zqLMdU=]
[COT 2023-10-30 17:19:4s] 76561199108250772: Set UnlimitedStamina To true [guid=OAdpPkJP2Ps_W7h2ttR1bK23ekHCzrxw0mDT3zqLMdU=]
[COT 2023-10-30 17:19:5s] 76561199108250772: Set UnlimitedAmmo To true [guid=OAdpPkJP2Ps_W7h2ttR1bK23ekHCzrxw0mDT3zqLMdU=]
[COT 2023-10-30 17:19:13] 76561199108250772: Spawned Entity Anadyr province map (ChernarusMap<c7396410>, 100, 50, 0) at <5039.662598, 59.790016, 8094.262695>
[COT 2023-10-30 17:19:55] 76561199108250772: Teleported to position <7267.619141, 238.458954, 7042.637695>
[COT 2023-10-30 17:20:17] 76561199108250772: ESP: Viewing ESP
