[COT 2023-10-28 1h:10:3s] 76561199407766611: Entered the Free Camera
[COT 2023-10-28 1h:10:20] 76561199407766611: Left the Free Camera
[COT 2023-10-28 1h:10:40] 76561199407766611: Entered the Free Camera
[COT 2023-10-28 1h:11:8s] 76561199407766611: Left the Free Camera
[COT 2023-10-28 1h:11:21] 76561199407766611: Spawned Entity Fire Barrel (BarrelHoles_Red<c8b7da90>, 100, 900, 0) at <6730.367676, 37.529942, 11380.655273>
[COT 2023-10-28 1h:18:52] 76561199407766611: Spawned Entity Bear Steak (BearSteakMeat<f0fd8020>, 500, 50, 1) at <6731.263184, 37.529251, 11381.288086>
[COT 2023-10-28 1h:18:53] 76561199407766611: Spawned Entity Bear Steak (BearSteakMeat<f0fdf8e0>, 500, 50, 1) at <6731.288086, 37.616360, 11381.246094>
[COT 2023-10-28 1h:18:53] 76561199407766611: Spawned Entity Bear Steak (BearSteakMeat<f0fd9e50>, 500, 50, 1) at <6731.313965, 37.706322, 11381.204102>
[COT 2023-10-28 1h:18:53] 76561199407766611: Spawned Entity Bear Steak (BearSteakMeat<f0fddab0>, 500, 50, 1) at <6731.339844, 37.795887, 11381.162109>
[COT 2023-10-28 1h:20:17] 76561199407766611: Healed [guid=spMEkRl42onhFHdF_u42e0T03x2sj347kUc600NXdGA=]
[COT 2023-10-28 1h:21:57] 76561199407766611: Teleported to position <8024.373535, 2.110242, 9683.883789>
[COT 2023-10-28 1h:22:11] 76561199407766611: Spawned Entity Jack-o'-lantern (PumpkinHelmet<f9ee43a0>, 100, 250, 0) at <8023.620605, 2.242793, 9683.745117>
[COT 2023-10-28 1h:23:3s] 76561199407766611: Teleported to position <454.810608, 1.462766, 5852.141602>
[COT 2023-10-28 1h:23:32] 76561199407766611: Teleported to position <11026.333008, 1029.573975, 1645.223267>
[COT 2023-10-28 1h:23:50] 76561199407766611: Set GodMode To true [guid=spMEkRl42onhFHdF_u42e0T03x2sj347kUc600NXdGA=]
[COT 2023-10-28 1h:23:51] 76561199407766611: Healed [guid=spMEkRl42onhFHdF_u42e0T03x2sj347kUc600NXdGA=]
[COT 2023-10-28 1h:23:54] 76561199407766611: Set UnlimitedStamina To true [guid=spMEkRl42onhFHdF_u42e0T03x2sj347kUc600NXdGA=]
[COT 2023-10-28 1h:23:55] 76561199407766611: Set UnlimitedAmmo To true [guid=spMEkRl42onhFHdF_u42e0T03x2sj347kUc600NXdGA=]
[COT 2023-10-28 1h:24:30] 76561199407766611: Entered the Free Camera
[COT 2023-10-28 1h:25:10] 76561199407766611: Left the Free Camera
[COT 2023-10-28 1h:27:50] 76561199407766611: Entered the Free Camera
[COT 2023-10-28 1h:28:17] 76561199407766611: Left the Free Camera
[COT 2023-10-28 1h:28:31] 76561199407766611: Teleported to position <7299.173828, 238.820313, 7013.849609>
[COT 2023-10-28 1h:29:38] 76561199407766611: Teleported to position <3003.860107, 312.514191, 6481.091309>
[COT 2023-10-28 1h:31:14] 76561199407766611: Entered the Free Camera
[COT 2023-10-28 1h:31:23] 76561199407766611: Left the Free Camera
[COT 2023-10-28 1h:31:45] 76561199407766611: Entered the Free Camera
[COT 2023-10-28 1h:32:13] 76561199407766611: Left the Free Camera
[COT 2023-10-28 1h:32:28] 76561199407766611: Spawned Entity Jack-o'-lantern (PumpkinHelmet<fa26ca90>, 100, 250, 0) at <3593.749268, 154.576706, 6705.057129>
[COT 2023-10-28 1h:37:23] 76561199407766611: Entered the Free Camera
[COT 2023-10-28 1h:38:19] 76561199407766611: Left the Free Camera
[COT 2023-10-28 1h:39:58] 76561199407766611: Entered the Free Camera
[COT 2023-10-28 1h:40:11] 76561199407766611: Left the Free Camera
[COT 2023-10-28 1h:40:19] 76561199108250772: Set GodMode To true [guid=OAdpPkJP2Ps_W7h2ttR1bK23ekHCzrxw0mDT3zqLMdU=]
[COT 2023-10-28 1h:40:20] 76561199108250772: Set cannot be targeted by AI to true [guid=OAdpPkJP2Ps_W7h2ttR1bK23ekHCzrxw0mDT3zqLMdU=]
[COT 2023-10-28 1h:40:21] 76561199108250772: Set UnlimitedAmmo To true [guid=OAdpPkJP2Ps_W7h2ttR1bK23ekHCzrxw0mDT3zqLMdU=]
[COT 2023-10-28 1h:40:22] 76561199108250772: Set UnlimitedStamina To true [guid=OAdpPkJP2Ps_W7h2ttR1bK23ekHCzrxw0mDT3zqLMdU=]
[COT 2023-10-28 1h:40:35] 76561199108250772: Teleported to position <3591.427246, 41.000000, 6704.766113>
[COT 2023-10-28 1h:40:48] 76561199108250772: Spawned Entity Road Flare (Roadflare<1ff47e0>, 20, 100, 0) at <3591.631836, 41.744953, 6703.854492>
[COT 2023-10-28 1h:40:51] 76561199407766611: Healed [guid=spMEkRl42onhFHdF_u42e0T03x2sj347kUc600NXdGA=]
[COT 2023-10-28 1h:41:9s] 76561199108250772: Teleported to <3592.561035, 170.795593, 6711.755371> [guid=spMEkRl42onhFHdF_u42e0T03x2sj347kUc600NXdGA=]
[COT 2023-10-28 1h:41:58] 76561199407766611: Spawned Entity Jack-o'-lantern (PumpkinHelmet<fc01d740>, 100, 250, 0) at <3598.572266, 170.795593, 6713.215332>
[COT 2023-10-28 1h:43:38] 76561199407766611: Set GodMode To false [guid=spMEkRl42onhFHdF_u42e0T03x2sj347kUc600NXdGA=]
[COT 2023-10-28 1h:43:47] 76561199108250772: Entered the Free Camera
[COT 2023-10-28 1h:43:53] 76561199108250772: Left the Free Camera
[COT 2023-10-28 1h:44:27] 76561199407766611: Spawned Entity PO-X Vial (Grenade_ChemGas<ffc946e0>, 100, 5, 0) at <3593.301025, 170.795593, 6703.810059>
[COT 2023-10-28 1h:44:28] 76561199407766611: Spawned Entity PO-X Vial (Grenade_ChemGas<ffc95b00>, 100, 5, 0) at <3593.326904, 170.900314, 6703.757813>
[COT 2023-10-28 1h:44:46] 76561199407766611: Set GodMode To true [guid=spMEkRl42onhFHdF_u42e0T03x2sj347kUc600NXdGA=]
[COT 2023-10-28 1h:44:49] 76561199407766611: Set Invisibility To 1 [guid=spMEkRl42onhFHdF_u42e0T03x2sj347kUc600NXdGA=]
[COT 2023-10-28 1h:44:56] 76561199407766611: ESP: Viewing ESP
[COT 2023-10-28 1h:45:21] 76561199407766611: Entered the Free Camera
[COT 2023-10-28 1h:45:35] 76561199407766611: Left the Free Camera
[COT 2023-10-28 1h:46:27] 76561199407766611: Spawned Entity NAC access card (dzn_module_card<f88d1a10>, 100, 100, 0) at <3594.697510, 145.108398, 6678.186523>
[COT 2023-10-28 1h:46:28] 76561199407766611: Spawned Entity Lantia pulsar locator (dzn_module_lantia<f88dd950>, 100, 100, 0) at <3594.701416, 145.108398, 6678.187500>
[COT 2023-10-28 1h:46:30] 76561199407766611: Spawned Entity APAC surge module (dzn_module_surge<f88dbca0>, 100, 100, 0) at <3594.464844, 145.108490, 6678.162598>
[COT 2023-10-28 1h:46:32] 76561199407766611: Spawned Entity EMAC flow controller (dzn_module_ext<f88d8cd0>, 100, 100, 0) at <3594.642578, 145.223206, 6678.217773>
[COT 2023-10-28 1h:46:33] 76561199407766611: Spawned Entity EMAC phased flow controller (dzn_module_ext2<f88d9660>, 100, 100, 0) at <3594.752197, 145.219070, 6678.222656>
[COT 2023-10-28 1h:47:6s] 76561199407766611: Entered the Free Camera
[COT 2023-10-28 1h:47:19] 76561199407766611: Left the Free Camera
[COT 2023-10-28 1h:47:45] 76561199407766611: Set Invisibility To 0 [guid=spMEkRl42onhFHdF_u42e0T03x2sj347kUc600NXdGA=]
[COT 2023-10-28 1h:48:29] 76561199108250772: Entered the Free Camera
[COT 2023-10-28 1h:48:37] 76561199108250772: Left the Free Camera
[COT 2023-10-28 1h:48:44] 76561199108250772: Teleported to <3592.229004, 140.345032, 6672.855469> [guid=spMEkRl42onhFHdF_u42e0T03x2sj347kUc600NXdGA=]
[COT 2023-10-28 1h:49:37] 76561199407766611: Spawned Entity Athena-3 Situational Report, August 2011 (dzn_athena3_august<f85afed0>, 100, 100, 0) at <3592.055908, 140.115479, 6669.618652>
[COT 2023-10-28 1h:50:32] 76561199407766611: Entered the Free Camera
[COT 2023-10-28 1h:51:7s] 76561199108250772: Teleported to position <4572.236816, 24.884352, 8809.693359>
[COT 2023-10-28 1h:51:23] 76561199108250772: Teleported to position <4492.028809, 4.988955, 10004.071289>
[COT 2023-10-28 1h:51:27] 76561199108250772: Entered the Free Camera
[COT 2023-10-28 1h:51:30] 76561199108250772: Left the Free Camera
[COT 2023-10-28 1h:52:0s] 76561199407766611: Left the Free Camera
[COT 2023-10-28 1h:53:36] 76561199407766611: Healed [guid=spMEkRl42onhFHdF_u42e0T03x2sj347kUc600NXdGA=]
[COT 2023-10-28 1h:53:52] 76561199407766611: Teleported to <4485.347656, 4.744965, 10000.967773> [guid=OAdpPkJP2Ps_W7h2ttR1bK23ekHCzrxw0mDT3zqLMdU=]
[COT 2023-10-28 1h:54:1s] 76561199407766611: Entered the Free Camera
[COT 2023-10-28 1h:54:12] 76561199108250772: Set GodMode To true [guid=OAdpPkJP2Ps_W7h2ttR1bK23ekHCzrxw0mDT3zqLMdU=]
[COT 2023-10-28 1h:54:12] 76561199108250772: Set cannot be targeted by AI to true [guid=OAdpPkJP2Ps_W7h2ttR1bK23ekHCzrxw0mDT3zqLMdU=]
[COT 2023-10-28 1h:54:13] 76561199108250772: Set UnlimitedAmmo To true [guid=OAdpPkJP2Ps_W7h2ttR1bK23ekHCzrxw0mDT3zqLMdU=]
[COT 2023-10-28 1h:54:15] 76561199108250772: Set UnlimitedStamina To true [guid=OAdpPkJP2Ps_W7h2ttR1bK23ekHCzrxw0mDT3zqLMdU=]
[COT 2023-10-28 1h:54:17] 76561199108250772: Set GodMode To false [guid=OAdpPkJP2Ps_W7h2ttR1bK23ekHCzrxw0mDT3zqLMdU=]
[COT 2023-10-28 1h:54:18] 76561199108250772: Set GodMode To true [guid=OAdpPkJP2Ps_W7h2ttR1bK23ekHCzrxw0mDT3zqLMdU=]
[COT 2023-10-28 1h:54:25] 76561199108250772: Spawned Entity Firewood (Firewood<fbe67760>, 1, 500, 0) at <4485.004883, 4.727541, 10000.554688>
[COT 2023-10-28 1h:54:25] 76561199108250772: Spawned Entity Firewood (Firewood<f4ba27d0>, 1, 500, 0) at <4484.981445, 4.886361, 10000.672852>
[COT 2023-10-28 1h:54:26] 76561199108250772: Spawned Entity Firewood (Firewood<f4baadb0>, 1, 500, 0) at <4484.960449, 5.027020, 10000.779297>
[COT 2023-10-28 1h:54:26] 76561199108250772: Spawned Entity Firewood (Firewood<f4bb03c0>, 1, 500, 0) at <4484.937012, 5.187447, 10000.900391>
[COT 2023-10-28 1h:54:26] 76561199108250772: Spawned Entity Firewood (Firewood<f4bb0d50>, 1, 500, 0) at <4484.912109, 5.356547, 10001.031250>
[COT 2023-10-28 1h:54:36] 76561199407766611: Left the Free Camera
[COT 2023-10-28 1h:54:45] 76561199108250772: Spawned Entity Paper (Paper<fea98880>, 100, 15, 0) at <4484.897949, 4.724298, 10000.518555>
[COT 2023-10-28 1h:55:29] 76561199407766611: Teleported to position <4174.406738, 386.311859, 6664.076172>
[COT 2023-10-28 1h:55:44] 76561199407766611: Entered the Free Camera
[COT 2023-10-28 1h:55:54] 76561199407766611: Left the Free Camera
[COT 2023-10-28 1h:56:22] 76561199407766611: Spawned Entity Lantia pulsar locator (dzn_module_lantia<fe938420>, 100, 100, 0) at <3594.050781, 145.108170, 6677.939941>
[COT 2023-10-28 1h:56:23] 76561199407766611: Spawned Entity Lantia pulsar locator (dzn_module_lantia<fe94a300>, 100, 100, 0) at <3594.032715, 145.226105, 6677.968262>
[COT 2023-10-28 1h:56:23] 76561199407766611: Spawned Entity APAC surge module (dzn_module_surge<fe947330>, 100, 100, 0) at <3594.015869, 145.342590, 6678.000488>
[COT 2023-10-28 1h:56:24] 76561199407766611: Spawned Entity EMAC flow controller (dzn_module_ext<fe947cc0>, 100, 100, 0) at <3594.008545, 145.408096, 6678.008301>
[COT 2023-10-28 1h:56:25] 76561199407766611: Spawned Entity EMAC phased flow controller (dzn_module_ext2<fc547e00>, 100, 100, 0) at <3594.007080, 145.458572, 6678.014160>
[COT 2023-10-28 1h:58:5s] 76561199407766611: Teleported to position <3963.587158, 2.034790, 10320.094727>
[COT 2023-10-28 1h:58:19] 76561199108250772: Teleported to position <3918.452148, 2.000000, 10274.401367>
[COT 2023-10-28 1h:59:3s] 76561199108250772: Teleported to position <3919.161133, 2.000000, 10214.491211>
[COT 2023-10-28 1h:59:10] 76561199108250772: ESP: Viewing ESP
[COT 2023-10-28 1h:59:12] 76561199407766611: Teleported to <3915.307129, 2.012500, 10222.130859> [guid=OAdpPkJP2Ps_W7h2ttR1bK23ekHCzrxw0mDT3zqLMdU=]
[COT 2023-10-28 1h:59:15] 76561199407766611: Set GodMode To true [guid=spMEkRl42onhFHdF_u42e0T03x2sj347kUc600NXdGA=]
[COT 2023-10-28 1h:59:16] 76561199407766611: Set UnlimitedStamina To true [guid=spMEkRl42onhFHdF_u42e0T03x2sj347kUc600NXdGA=]
[COT 2023-10-28 1h:59:16] 76561199407766611: Set UnlimitedAmmo To true [guid=spMEkRl42onhFHdF_u42e0T03x2sj347kUc600NXdGA=]
[COT 2023-10-28 1h:59:20] 76561199108250772: ESP: Clearing ESP
[COT 2023-10-28 1h:59:40] 76561199108250772: Teleported to position <1261.143921, 2.163840, 11796.938477>
[COT 2023-10-28 1h:59:55] 76561199108250772: ESP: Viewing ESP
[COT 2023-10-28 2h:0m:0s] 76561199108250772: ESP: Clearing ESP
[COT 2023-10-28 2h:0m:23] 76561199407766611: Teleported to <1208.906982, 2.012426, 11845.737305> [guid=OAdpPkJP2Ps_W7h2ttR1bK23ekHCzrxw0mDT3zqLMdU=]
[COT 2023-10-28 2h:0m:30] 76561199108250772: Teleported to position <12010.127930, 2.000000, 7529.261719>
[COT 2023-10-28 2h:0m:36] 76561199108250772: Entered the Free Camera
[COT 2023-10-28 2h:0m:45] 76561199108250772: Left the Free Camera
[COT 2023-10-28 2h:1m:59] 76561199108250772: Spawned Entity ABS filament (dzn_printer_filament_abs<f8b9b160>, 100, 200, 0) at <11898.076172, 12.764009, 7514.918945>
[COT 2023-10-28 2h:2m:9s] 76561199108250772: Spawned Entity TPC filament (dzn_printer_filament_tpc<f8b9c480>, 100, 200, 0) at <11897.874023, 12.764009, 7515.048340>
[COT 2023-10-28 2h:2m:24] 76561199108250772: Spawned Entity Nylon filament (dzn_printer_filament_nylon<e917d780>, 100, 200, 0) at <11898.334961, 12.764009, 7515.136719>
[COT 2023-10-28 2h:2m:51] 76561199407766611: Teleported to position <11938.397461, 0.115820, 7504.441895>
[COT 2023-10-28 2h:2m:56] 76561199108250772: Spawned Entity LEHS Mk3 Blueprint (dzn_blueprint_lehs<ffb586b0>, 100, 50, 0) at <11898.213867, 12.764009, 7514.980957>
[COT 2023-10-28 2h:3m:23] 76561199108250772: Spawned Entity NAC access card (dzn_module_card<23fa20>, 100, 100, 0) at <11898.117188, 12.764009, 7515.083008>
[COT 2023-10-28 2h:3m:24] 76561199108250772: Spawned Entity NAC access card (dzn_module_card<2403b0>, 100, 100, 0) at <11898.118164, 12.764009, 7515.082031>
[COT 2023-10-28 2h:6m:0s] 76561199108250772: Spawned Entity LEHS Mk3 battery (dzn_lehs_battery<f9f0d770>, 200, 300, 0) at <11898.569336, 12.764009, 7514.874023>
[COT 2023-10-28 2h:6m:7s] 76561199407766611: Spawned Entity LEHS Mk3 Blueprint (dzn_blueprint_lehs<f9ee9020>, 100, 50, 0) at <11897.807617, 12.764009, 7517.273926>
[COT 2023-10-28 2h:6m:11] 76561199108250772: Spawned Entity Hyper oxygenated blood (dzn_oxygenated_blood<f9ee69e0>, 100, 50, 0) at <11898.736328, 12.764009, 7514.985352>
[COT 2023-10-28 2h:6m:14] 76561199407766611: Spawned Entity ABS filament (dzn_printer_filament_abs<f9eee630>, 100, 200, 0) at <11897.831055, 12.813987, 7517.289063>
[COT 2023-10-28 2h:6m:15] 76561199407766611: Spawned Entity TPC filament (dzn_printer_filament_tpc<f9ef58f0>, 100, 200, 0) at <11897.942383, 13.066703, 7517.356934>
[COT 2023-10-28 2h:6m:16] 76561199407766611: Spawned Entity Nylon filament (dzn_printer_filament_nylon<f9ef6280>, 100, 200, 0) at <11898.057617, 13.318310, 7517.431152>
[COT 2023-10-28 2h:6m:42] 76561199108250772: Spawned Entity LEHS Mk3 O2 Tank (dzn_lehs_o2tank<f439ccf0>, 100, 150, 0) at <11898.689453, 12.764009, 7514.876953>
[COT 2023-10-28 2h:6m:51] 76561199108250772: Spawned Entity LEHS Mk3 battery (dzn_lehs_battery<ff67bc60>, 200, 300, 0) at <11898.682617, 12.764009, 7514.875977>
[COT 2023-10-28 2h:6m:52] 76561199407766611: Spawned Entity LEHS Mk3 battery (dzn_lehs_battery<ffe7c890>, 200, 300, 0) at <11893.139648, 12.764010, 7519.741699>
[COT 2023-10-28 2h:6m:53] 76561199407766611: Spawned Entity LEHS Mk3 O2 Tank (dzn_lehs_o2tank<ffe75f60>, 100, 150, 0) at <11893.145508, 12.772441, 7519.739746>
[COT 2023-10-28 2h:6m:59] 76561199407766611: Spawned Entity LEHS Mk3 Helmet visor (dzn_lehs_helmet_visor<f0c44f80>, 100, 200, 0) at <11893.274414, 12.865221, 7519.756836>
[COT 2023-10-28 2h:7m:1s] 76561199407766611: Spawned Entity LEHS Mk3 Helmet (dzn_lehs_helmet<f5a9f820>, 100, 220, 0) at <11893.384766, 12.950132, 7519.762207>
[COT 2023-10-28 2h:7m:2s] 76561199407766611: Spawned Entity LEHS Mk3 (dzn_lehs<fc5b8860>, 100, 500, 0) at <11893.503906, 13.036168, 7519.774902>
[COT 2023-10-28 2h:7m:16] 76561199407766611: Spawned Entity CodeLock (CodeLock<fc5b9c80>, 100, 1500, 0) at <11891.431641, 12.814211, 7516.592285>
[COT 2023-10-28 2h:13:37] 76561199407766611: Deleted Entity MVS_Compact_2_Multicam_Black:011120 at <11891.652344, 12.873993, 7516.467285>
[COT 2023-10-28 2h:13:38] 76561199407766611: Deleted Entity CodeLock:09990 at <11891.431641, 12.825711, 7516.592285>
[COT 2023-10-28 2h:13:38] 76561199407766611: Deleted Entity MVS_WarriorHelmet_Multicam_Black:011123 at <11891.652344, 12.774042, 7516.467285>
[COT 2023-10-28 2h:13:38] 76561199407766611: Deleted Entity MVS_CombatShirt_Multicam_Black:07362 at <11891.652344, 12.768923, 7516.467285>
[COT 2023-10-28 2h:13:38] 76561199407766611: Deleted Entity MVS_CombatPants_Multicam_Black:011100 at <11891.652344, 12.768633, 7516.467285>
[COT 2023-10-28 2h:15:0s] 76561199108250772: ESP: Viewing ESP
[COT 2023-10-28 2h:15:6s] 76561199108250772: ESP: Clearing ESP
[COT 2023-10-28 2h:15:7s] 76561199108250772: ESP: Viewing ESP
[COT 2023-10-28 2h:15:12] 76561199108250772: ESP index=0 target=MountainBag_Yellow_Camo:010764 position=<11897.899414, 12.899594, 7518.019531> action=delete
[COT 2023-10-28 2h:15:12] 76561199108250772: ESP index=1 target=MVS_CombatShirt_Black:09173 position=<11897.919922, 12.758993, 7517.552734> action=delete
[COT 2023-10-28 2h:15:12] 76561199108250772: ESP index=2 target=MVS_Cap_Multicam:07739 position=<11899.009766, 13.348006, 7518.989258> action=delete
[COT 2023-10-28 2h:15:12] 76561199108250772: ESP action=delete_all count=3 attempted=3
[COT 2023-10-28 2h:15:14] 76561199108250772: ESP index=0 target=JungleBoots_Black:07244 position=<11897.919922, 12.771255, 7517.552734> action=delete
[COT 2023-10-28 2h:15:14] 76561199108250772: ESP action=delete_all count=1 attempted=1
[COT 2023-10-28 2h:15:16] 76561199108250772: ESP index=0 target=MVS_Cap_Black:06125 position=<11897.919922, 12.760315, 7517.552734> action=delete
[COT 2023-10-28 2h:15:16] 76561199108250772: ESP action=delete_all count=1 attempted=1
[COT 2023-10-28 2h:15:19] 76561199108250772: ESP index=0 target=MVS_CombatPants_Black:09105 position=<11897.919922, 12.758703, 7517.552734> action=delete
[COT 2023-10-28 2h:15:19] 76561199108250772: ESP action=delete_all count=1 attempted=1
[COT 2023-10-28 2h:15:20] 76561199407766611: Healed [guid=spMEkRl42onhFHdF_u42e0T03x2sj347kUc600NXdGA=]
[COT 2023-10-28 2h:15:20] 76561199108250772: ESP index=0 target=HipPack_Black:08978 position=<11897.919922, 12.764857, 7517.552734> action=delete
[COT 2023-10-28 2h:15:20] 76561199108250772: ESP action=delete_all count=1 attempted=1
[COT 2023-10-28 2h:15:29] 76561199108250772: ESP: Clearing ESP
[COT 2023-10-28 2h:15:30] 76561199407766611: Set GodMode To false [guid=spMEkRl42onhFHdF_u42e0T03x2sj347kUc600NXdGA=]
[COT 2023-10-28 2h:16:17] 76561199407766611: Entered the Free Camera
[COT 2023-10-28 2h:16:28] 76561199108250772: Teleported to position <9028.590820, 9.010931, 10158.741211>
[COT 2023-10-28 2h:16:28] 76561199407766611: Left the Free Camera
[COT 2023-10-28 2h:17:7s] 76561199108250772: Spawned Entity Sea Chest (SeaChest<ebfc31e0>, 100, 600, 0) at <8980.788086, 13.042621, 9964.117188>
[COT 2023-10-28 2h:17:14] 76561199108250772: Spawned Entity Boxed Nails (NailBox<ebfc3b70>, 100, 80, 0) at <8980.803711, 13.446783, 9963.736328>
[COT 2023-10-28 2h:17:14] 76561199108250772: Spawned Entity Boxed Nails (NailBox<ebfbd240>, 100, 80, 0) at <8980.807617, 13.561119, 9963.629883>
[COT 2023-10-28 2h:17:51] 76561199108250772: Set the date to 2011/12/24 12:0
[COT 2023-10-28 2h:17:52] 76561199108250772: Set rain to 0 0 0
[COT 2023-10-28 2h:17:52] 76561199108250772: Set storm to 0 0.8 4000
[COT 2023-10-28 2h:17:52] 76561199108250772: Set fog to 0 0 0
[COT 2023-10-28 2h:17:52] 76561199108250772: Set overcast to 0 0 0
[COT 2023-10-28 2h:17:52] 76561199108250772: Set wind to 0 0 1
[COT 2023-10-28 2h:18:50] 76561199407766611: Set GodMode To true [guid=spMEkRl42onhFHdF_u42e0T03x2sj347kUc600NXdGA=]
[COT 2023-10-28 2h:18:51] 76561199407766611: Set UnlimitedStamina To true [guid=spMEkRl42onhFHdF_u42e0T03x2sj347kUc600NXdGA=]
[COT 2023-10-28 2h:18:52] 76561199407766611: Set UnlimitedAmmo To true [guid=spMEkRl42onhFHdF_u42e0T03x2sj347kUc600NXdGA=]
[COT 2023-10-28 2h:18:56] 76561199407766611: Teleported to <9089.962891, 8.321518, 10090.207031> [guid=OAdpPkJP2Ps_W7h2ttR1bK23ekHCzrxw0mDT3zqLMdU=]
[COT 2023-10-28 2h:19:13] 76561199108250772: Spawned Entity Firewood (Firewood<fe308e40>, 1, 500, 0) at <9087.368164, 8.322491, 10093.122070>
[COT 2023-10-28 2h:19:13] 76561199108250772: Spawned Entity Firewood (Firewood<fe333ec0>, 1, 500, 0) at <9087.255859, 8.494429, 10093.136719>
[COT 2023-10-28 2h:19:13] 76561199108250772: Spawned Entity Firewood (Firewood<fe330ef0>, 1, 500, 0) at <9087.153320, 8.652240, 10093.151367>
[COT 2023-10-28 2h:19:13] 76561199108250772: Spawned Entity Firewood (Firewood<fe33b180>, 1, 500, 0) at <9087.041016, 8.824639, 10093.167969>
[COT 2023-10-28 2h:19:35] 76561199108250772: Spawned Entity Paper (Paper<3506b0>, 100, 15, 0) at <9087.458984, 8.345499, 10092.837891>
[COT 2023-10-28 2h:19:35] 76561199108250772: Spawned Entity Paper (Paper<365ef0>, 100, 15, 0) at <9087.419922, 8.417829, 10092.861328>
[COT 2023-10-28 2h:19:35] 76561199108250772: Spawned Entity Paper (Paper<fe308e40>, 100, 15, 0) at <9087.381836, 8.490159, 10092.883789>
[COT 2023-10-28 2h:19:49] 76561199108250772: Spawned Entity Lighter (PetrolLighter<242060>, 20, 20, 0) at <9087.737305, 8.322364, 10093.092773>
[COT 2023-10-28 2h:20:30] 76561199108250772: Spawned Entity MVS Combat Belt - Black (Modular_Belt_Base<fe57bfe0>, 1000, 100, 0) at <9086.244141, 8.322878, 10092.599609>
[COT 2023-10-28 2h:21:8s] 76561199407766611: Entered the Free Camera
[COT 2023-10-28 2h:21:15] 76561199407766611: Left the Free Camera
[COT 2023-10-28 2h:21:17] 76561199407766611: Entered the Free Camera
[COT 2023-10-28 2h:21:24] 76561199108250772: Spawned Entity MVS Raid Pouch - Black (Modular_Pouch_Base_Taco<ff82d390>, 1000, 100, 0) at <9085.138672, 8.323260, 10093.968750>
[COT 2023-10-28 2h:21:32] 76561199108250772: Spawned Entity MVS Admin Pouch - Black (MVS_Pouch_Base<e3df0a00>, 1000, 100, 0) at <9085.473633, 8.323145, 10094.717773>
[COT 2023-10-28 2h:21:42] 76561199108250772: Spawned Entity MVS Medical Pouch - Black (MVS_Pouch_Base<f09350c0>, 1000, 100, 0) at <9085.455078, 8.428045, 10094.620117>
[COT 2023-10-28 2h:21:50] 76561199108250772: Spawned Entity MVS Utility Pouch - Black (MVS_Pouch_Base<f0917c30>, 1000, 100, 0) at <9085.428711, 8.529617, 10094.524414>
[COT 2023-10-28 2h:22:44] 76561199407766611: Left the Free Camera
[COT 2023-10-28 2h:24:5s] 76561199108250772: Spawned Entity #pda_item_name (ItemPDA<fe54a630>, 100, 50, 0) at <9087.414063, 8.322474, 10093.937500>
[COT 2023-10-28 2h:24:14] 76561199108250772: Spawned Entity 9V Battery (Battery9V<ed849a20>, 50, 20, 0) at <9087.522461, 8.322437, 10094.000977>
[COT 2023-10-28 2h:24:19] 76561199407766611: Spawned Entity Handcuffs (Handcuffs<f005ad20>, 100, 200, 0) at <9085.916016, 8.322992, 10095.462891>
[COT 2023-10-28 2h:26:43] 76561199407766611: Entered the Free Camera
[COT 2023-10-28 2h:27:12] 76561199407766611: Left the Free Camera
[COT 2023-10-28 2h:28:14] 76561199108250772: Set rain to 0 0 0
[COT 2023-10-28 2h:28:14] 76561199108250772: Set storm to 0 0.8 4000
[COT 2023-10-28 2h:28:14] 76561199108250772: Set fog to 0 0 0
[COT 2023-10-28 2h:28:14] 76561199108250772: Set overcast to 0 0 0
[COT 2023-10-28 2h:28:14] 76561199108250772: Set wind to 0 0 1
[COT 2023-10-28 2h:28:14] 76561199108250772: Set the date to 2011/12/24 12:0
[COT 2023-10-28 2h:28:29] 76561199108250772: Entered the Free Camera
[COT 2023-10-28 2h:28:37] 76561199108250772: Left the Free Camera
