[COT 2023-10-24 22:20:8s] 76561198036774377: Teleported to position <6489.464355, 2.240747, 8536.860352>
[COT 2023-10-24 22:21:45] 76561199108250772: Teleported to position <4492.750977, 5.024004, 10003.996094>
[COT 2023-10-24 22:22:43] 76561199108250772: Spawned Entity Firewood (Firewood<70811040>, 1, 500, 0) at <4485.117676, 4.731840, 10000.547852>
[COT 2023-10-24 22:22:43] 76561199108250772: Spawned Entity Firewood (Firewood<6f8ff480>, 1, 500, 0) at <4485.143066, 4.908452, 10000.594727>
[COT 2023-10-24 22:22:44] 76561199108250772: Spawned Entity Firewood (Firewood<6cdeabd0>, 1, 500, 0) at <4485.166504, 5.085261, 10000.641602>
[COT 2023-10-24 22:23:2s] 76561199108250772: Spawned Entity Paper (Paper<6cdeabd0>, 100, 15, 0) at <4484.964844, 4.727180, 10000.497070>
[COT 2023-10-24 22:23:27] 76561199108250772: Spawned Entity Plank (WoodenPlank<61dbacf0>, 10, 100, 0) at <4484.364746, 4.689200, 10001.323242>
[COT 2023-10-24 22:23:35] 76561199108250772: Spawned Entity Nails (Nail<66225660>, 99, 80, 0) at <4484.455566, 4.838529, 10001.314453>
[COT 2023-10-24 22:24:14] 76561199108250772: Set GodMode To true [guid=OAdpPkJP2Ps_W7h2ttR1bK23ekHCzrxw0mDT3zqLMdU=]
[COT 2023-10-24 22:24:15] 76561199108250772: Set cannot be targeted by AI to true [guid=OAdpPkJP2Ps_W7h2ttR1bK23ekHCzrxw0mDT3zqLMdU=]
[COT 2023-10-24 22:24:15] 76561199108250772: Set UnlimitedStamina To true [guid=OAdpPkJP2Ps_W7h2ttR1bK23ekHCzrxw0mDT3zqLMdU=]
[COT 2023-10-24 22:24:16] 76561199108250772: Set UnlimitedAmmo To true [guid=OAdpPkJP2Ps_W7h2ttR1bK23ekHCzrxw0mDT3zqLMdU=]
[COT 2023-10-24 22:25:12] 76561199108250772: Entered the Free Camera
[COT 2023-10-24 22:25:20] 76561199108250772: Left the Free Camera
[COT 2023-10-24 22:27:51] 76561199108250772: Set UnlimitedStamina To false [guid=OAdpPkJP2Ps_W7h2ttR1bK23ekHCzrxw0mDT3zqLMdU=]
[COT 2023-10-24 22:27:51] 76561199108250772: Set UnlimitedStamina To true [guid=OAdpPkJP2Ps_W7h2ttR1bK23ekHCzrxw0mDT3zqLMdU=]
[COT 2023-10-24 22:29:2s] 76561199108250772: Entered the Free Camera
[COT 2023-10-24 22:29:8s] 76561199108250772: Left the Free Camera
[COT 2023-10-24 22:29:11] 76561199108250772: Set Invisibility To 1 [guid=OAdpPkJP2Ps_W7h2ttR1bK23ekHCzrxw0mDT3zqLMdU=]
[COT 2023-10-24 22:29:21] 76561199108250772: Teleported to position <6024.368164, 30.132618, 10850.905273>
[COT 2023-10-24 22:29:27] 76561199108250772: Entered the Free Camera
[COT 2023-10-24 22:29:57] 76561199108250772: Spawned Entity Matches (Matchbox<68e51270>, 100, 80, 0) at <6039.704590, 30.350006, 10811.833984>
[COT 2023-10-24 22:30:19] 76561199108250772: Spawned Entity Bolt (Ammo_HuntingBolt<61dd0530>, 5, 120, 0) at <6036.528809, 30.349989, 10814.546875>
[COT 2023-10-24 22:31:26] 76561199108250772: Left the Free Camera
[COT 2023-10-24 22:31:49] 76561199108250772: Entered the Free Camera
[COT 2023-10-24 22:33:20] 76561199108250772: Spawned Entity Canned Bacon (TacticalBaconCan<6ee05500>, 100, 100, 0) at <6039.434570, 30.350000, 10812.801758>
[COT 2023-10-24 22:38:2s] 76561199108250772: Left the Free Camera
[COT 2023-10-24 22:38:10] 76561199108250772: Set Invisibility To 0 [guid=OAdpPkJP2Ps_W7h2ttR1bK23ekHCzrxw0mDT3zqLMdU=]
[COT 2023-10-24 22:41:53] 76561199108250772: Teleported to position <4490.426758, 4.735200, 10006.662109>
[COT 2023-10-24 22:42:18] 76561199108250772: Set cannot be targeted by AI to true [guid=OAdpPkJP2Ps_W7h2ttR1bK23ekHCzrxw0mDT3zqLMdU=]
[COT 2023-10-24 22:44:50] 76561199108250772: Spawned Entity Firewood (Firewood<6d04d920>, 1, 500, 0) at <4484.887695, 4.729570, 10000.223633>
[COT 2023-10-24 22:44:51] 76561199108250772: Spawned Entity Firewood (Firewood<6d05f800>, 1, 500, 0) at <4484.933594, 4.906049, 10000.312500>
[COT 2023-10-24 22:44:51] 76561199108250772: Spawned Entity Firewood (Firewood<6c4efba0>, 1, 500, 0) at <4484.982910, 5.082661, 10000.401367>
[COT 2023-10-24 22:44:51] 76561199108250772: Spawned Entity Firewood (Firewood<6c501a80>, 1, 500, 0) at <4485.032715, 5.259273, 10000.493164>
[COT 2023-10-24 22:44:52] 76561199108250772: Spawned Entity Firewood (Firewood<6efe1b10>, 1, 500, 0) at <4485.085938, 5.435884, 10000.586914>
[COT 2023-10-24 22:44:52] 76561199108250772: Spawned Entity Firewood (Firewood<6effc960>, 1, 500, 0) at <4485.138184, 5.612496, 10000.677734>
[COT 2023-10-24 22:45:10] 76561199108250772: Spawned Entity Paper (Paper<67ff2210>, 100, 15, 0) at <4485.037598, 4.735248, 10000.215820>
[COT 2023-10-24 22:51:53] 76561199108250772: Teleported to position <5684.791016, 51.150314, 10382.301758>
[COT 2023-10-24 22:52:23] 76561199108250772: Spawned Entity 5rd CR-527 Mag (Mag_CZ527_5rnd<71ec7590>, 5, 100, 0) at <5678.302246, 55.088882, 10377.279297>
[COT 2023-10-24 22:52:40] 76561199108250772: Spawned Entity 7.62x39mm Tracer Rounds (Ammo_762x39Tracer<66852f50>, 80, 100, 0) at <5678.283203, 55.146015, 10377.310547>
[COT 2023-10-24 22:53:52] 76561199108250772: Teleported to position <6216.302246, 7.412716, 9884.715820>
[COT 2023-10-24 22:55:1s] 76561199108250772: Spawned Entity Fence Kit (FenceKit<6f3e5a50>, 100, 200, 0) at <6218.913086, 7.405489, 9879.815430>
[COT 2023-10-24 22:55:2s] 76561199108250772: Spawned Entity Fence Kit (FenceKit<6f3ee9c0>, 100, 200, 0) at <6218.804199, 7.511715, 9879.732422>
[COT 2023-10-24 22:56:35] 76561199108250772: Spawned Entity Wooden Log (WoodenLog<6f909710>, 1, 500, 0) at <6213.356445, 7.400001, 9874.875000>
[COT 2023-10-24 22:56:36] 76561199108250772: Spawned Entity Wooden Log (WoodenLog<71d82080>, 1, 500, 0) at <6213.352051, 7.502136, 9874.990234>
[COT 2023-10-24 22:56:39] 76561199108250772: Spawned Entity Wooden Log (WoodenLog<71d8e950>, 1, 500, 0) at <6212.480469, 7.400001, 9880.491211>
[COT 2023-10-24 22:56:39] 76561199108250772: Spawned Entity Wooden Log (WoodenLog<71da11c0>, 1, 500, 0) at <6212.509277, 7.456840, 9880.373047>
[COT 2023-10-24 22:57:3s] 76561199108250772: Spawned Entity Shovel (Shovel<71eb4d20>, 100, 200, 0) at <6213.274414, 7.400019, 9876.443359>
[COT 2023-10-24 22:57:56] 76561199108250772: Spawned Entity Plank (WoodenPlank<70923a90>, 10, 100, 0) at <6211.501465, 7.399998, 9880.131836>
[COT 2023-10-24 22:58:0s] 76561199108250772: Spawned Entity Plank (WoodenPlank<5f134bb0>, 10, 100, 0) at <6211.352051, 7.521699, 9880.137695>
[COT 2023-10-24 22:58:18] 76561199108250772: Spawned Entity Nails (Nail<63bc70a0>, 99, 80, 0) at <6211.434570, 7.399976, 9879.888672>
[COT 2023-10-24 22:58:46] 76561199108250772: Spawned Entity Hammer (Hammer<6a655d30>, 100, 100, 0) at <6211.739746, 7.400000, 9878.789063>
[COT 2023-10-24 23:0m:3s] 76561199108250772: Spawned Entity Metal Wire (MetalWire<69276620>, 100, 500, 0) at <6211.247070, 7.400011, 9879.997070>
[COT 2023-10-24 23:0m:50] 76561199108250772: Spawned Entity Pliers (Pliers<6f6a8640>, 100, 100, 0) at <6211.897461, 7.400007, 9878.853516>
[COT 2023-10-24 23:1m:36] 76561199108250772: Spawned Entity Plank (WoodenPlank<70812cf0>, 10, 100, 0) at <6213.359863, 7.400013, 9875.391602>
[COT 2023-10-24 23:2m:24] 76561199108250772: Spawned Entity Plank (WoodenPlank<649e4340>, 10, 100, 0) at <6213.186523, 7.400000, 9875.426758>
[COT 2023-10-24 23:3m:12] 76561199108250772: Spawned Entity Short Stick (WoodenStick<6b531da0>, 5, 50, 0) at <6217.041992, 7.399958, 9878.548828>
[COT 2023-10-24 23:3m:17] 76561199108250772: Spawned Entity Rope (Rope<6b5089d0>, 5, 200, 0) at <6217.004395, 7.448470, 9878.530273>
[COT 2023-10-24 23:4m:4s] 76561199108250772: Spawned Entity Wooden Log (WoodenLog<7083e700>, 1, 500, 0) at <6219.671875, 7.430994, 9878.204102>
[COT 2023-10-24 23:4m:4s] 76561199108250772: Spawned Entity Wooden Log (WoodenLog<68859e00>, 1, 500, 0) at <6219.483887, 7.645711, 9878.195313>
[COT 2023-10-24 23:4m:8s] 76561199108250772: Spawned Entity Wooden Log (WoodenLog<6885fda0>, 1, 500, 0) at <6216.306152, 7.401249, 9881.640625>
[COT 2023-10-24 23:4m:9s] 76561199108250772: Spawned Entity Wooden Log (WoodenLog<6885e0f0>, 1, 500, 0) at <6216.372070, 7.461638, 9881.516602>
[COT 2023-10-24 23:5m:44] 76561199108250772: Spawned Entity Plank (WoodenPlank<6f8e0340>, 10, 100, 0) at <6218.798340, 7.401644, 9878.040039>
[COT 2023-10-24 23:6m:34] 76561199108250772: Spawned Entity Plank (WoodenPlank<705fd9c0>, 10, 100, 0) at <6218.845703, 7.403231, 9878.129883>
[COT 2023-10-24 23:6m:50] 76561199108250772: Spawned Entity Notched Plank (BF_SlottedPlank<6f908d80>, 100, 100, 0) at <6218.738281, 7.400057, 9878.013672>
[COT 2023-10-24 23:7m:13] 76561199108250772: Spawned Entity Plank (WoodenPlank<66830e40>, 10, 100, 0) at <6219.208008, 7.415400, 9877.901367>
[COT 2023-10-24 23:8m:1s] 76561199108250772: Spawned Entity Nails (Nail<70a43c60>, 99, 80, 0) at <6219.489746, 7.424852, 9878.467773>
[COT 2023-10-24 23:9m:36] 76561199108250772: ESP: Viewing ESP
[COT 2023-10-24 23:9m:39] 76561199108250772: ESP target=Fence<7064a1a0> action=built part=base required_materials=false
[COT 2023-10-24 23:9m:42] 76561199108250772: ESP target=Fence<7064a1a0> action=built part=wall_base_down required_materials=false
[COT 2023-10-24 23:9m:43] 76561199108250772: ESP target=Fence<7064a1a0> action=built part=wall_wood_down required_materials=false
[COT 2023-10-24 23:9m:45] 76561199108250772: ESP target=Fence<7064a1a0> action=built part=wall_base_up required_materials=false
[COT 2023-10-24 23:9m:47] 76561199108250772: ESP target=Fence<7064a1a0> action=built part=wall_wood_up required_materials=false
[COT 2023-10-24 23:9m:51] 76561199108250772: ESP: Clearing ESP
[COT 2023-10-24 23:10:16] 76561199108250772: ESP: Viewing ESP
[COT 2023-10-24 23:10:20] 76561199108250772: ESP target=Fence<667e7bd0> action=built part=base required_materials=false
[COT 2023-10-24 23:10:22] 76561199108250772: ESP target=Fence<667e7bd0> action=built part=wall_base_down required_materials=false
[COT 2023-10-24 23:10:23] 76561199108250772: ESP target=Fence<667e7bd0> action=built part=wall_wood_down required_materials=false
[COT 2023-10-24 23:10:25] 76561199108250772: ESP target=Fence<667e7bd0> action=built part=wall_base_up required_materials=false
[COT 2023-10-24 23:10:26] 76561199108250772: ESP target=Fence<667e7bd0> action=built part=wall_wood_up required_materials=false
[COT 2023-10-24 23:10:28] 76561199108250772: ESP: Clearing ESP
[COT 2023-10-24 23:11:0s] 76561199108250772: ESP: Viewing ESP
[COT 2023-10-24 23:11:4s] 76561199108250772: ESP target=Fence<5efaf000> action=built part=base required_materials=false
[COT 2023-10-24 23:11:6s] 76561199108250772: ESP target=Fence<5efaf000> action=built part=wall_base_down required_materials=false
[COT 2023-10-24 23:11:7s] 76561199108250772: ESP target=Fence<5efaf000> action=built part=wall_wood_down required_materials=false
[COT 2023-10-24 23:11:8s] 76561199108250772: ESP target=Fence<5efaf000> action=built part=wall_base_up required_materials=false
[COT 2023-10-24 23:11:9s] 76561199108250772: ESP target=Fence<5efaf000> action=built part=wall_wood_up required_materials=false
[COT 2023-10-24 23:11:12] 76561199108250772: ESP target=Fence<5efaf000> action=built part=wall_platform required_materials=false
[COT 2023-10-24 23:11:19] 76561199108250772: ESP: Clearing ESP
[COT 2023-10-24 23:11:46] 76561199108250772: ESP: Viewing ESP
[COT 2023-10-24 23:11:49] 76561199108250772: ESP target=Fence<5efafa10> action=built part=base required_materials=false
[COT 2023-10-24 23:11:50] 76561199108250772: ESP target=Fence<5efafa10> action=built part=wall_base_down required_materials=false
[COT 2023-10-24 23:11:52] 76561199108250772: ESP target=Fence<5efafa10> action=built part=wall_wood_down required_materials=false
[COT 2023-10-24 23:11:53] 76561199108250772: ESP target=Fence<5efafa10> action=built part=wall_base_up required_materials=false
[COT 2023-10-24 23:11:54] 76561199108250772: ESP target=Fence<5efafa10> action=built part=wall_wood_up required_materials=false
[COT 2023-10-24 23:12:0s] 76561199108250772: ESP: Clearing ESP
[COT 2023-10-24 23:12:20] 76561199108250772: ESP: Viewing ESP
[COT 2023-10-24 23:12:23] 76561199108250772: ESP target=Fence<5ef81b80> action=built part=base required_materials=false
[COT 2023-10-24 23:12:25] 76561199108250772: ESP target=Fence<5ef81b80> action=built part=wall_base_down required_materials=false
[COT 2023-10-24 23:12:26] 76561199108250772: ESP target=Fence<5ef81b80> action=built part=wall_wood_down required_materials=false
[COT 2023-10-24 23:12:27] 76561199108250772: ESP target=Fence<5ef81b80> action=built part=wall_base_up required_materials=false
[COT 2023-10-24 23:12:30] 76561199108250772: ESP target=Fence<5ef81b80> action=built part=wall_gate required_materials=false
[COT 2023-10-24 23:12:32] 76561199108250772: ESP target=Fence<5ef81b80> action=dismantle part=wall_gate
[COT 2023-10-24 23:12:35] 76561199108250772: ESP target=Fence<5ef81b80> action=built part=wall_wood_up required_materials=false
[COT 2023-10-24 23:12:38] 76561199108250772: ESP: Clearing ESP
[COT 2023-10-24 23:12:48] 76561199108250772: ESP: Viewing ESP
[COT 2023-10-24 23:12:57] 76561199108250772: ESP target=Fence<5efaf000> action=built part=wall_platform_stairs_left required_materials=false
[COT 2023-10-24 23:13:0s] 76561199108250772: ESP: Clearing ESP
[COT 2023-10-24 23:13:14] 76561199108250772: Spawned Entity Barrel (Barrel_Green<5ef84dd0>, 200000, 1300, 1) at <6217.168945, 7.402776, 9882.115234>
[COT 2023-10-24 23:13:19] 76561199108250772: Spawned Entity Barrel (Barrel_Blue<5ef857e0>, 200000, 1300, 1) at <6215.958008, 7.401868, 9881.833984>
[COT 2023-10-24 23:13:23] 76561199108250772: Spawned Entity Barrel (Barrel_Red<686b3600>, 200000, 1300, 1) at <6214.700195, 7.401403, 9881.685547>
[COT 2023-10-24 23:13:32] 76561199108250772: Spawned Entity Barrel (Barrel_Red<686ae580>, 200000, 1300, 1) at <6212.797852, 7.400000, 9874.631836>
[COT 2023-10-24 23:13:35] 76561199108250772: Spawned Entity Barrel (Barrel_Blue<686bb8d0>, 200000, 1300, 1) at <6213.946777, 7.400000, 9875.045898>
[COT 2023-10-24 23:13:39] 76561199108250772: Spawned Entity Barrel (Barrel_Green<686b7c70>, 200000, 1300, 1) at <6215.083984, 7.400000, 9875.511719>
[COT 2023-10-24 23:13:47] 76561199108250772: Spawned Entity Fire Barrel (BarrelHoles_Red<57f191f0>, 200000, 900, 0) at <6217.313965, 7.400014, 9879.705078>
[COT 2023-10-24 23:14:24] 76561199108250772: Spawned Entity Firewood (Firewood<6b33b010>, 1, 500, 0) at <6216.552734, 7.400003, 9879.879883>
[COT 2023-10-24 23:14:24] 76561199108250772: Spawned Entity Firewood (Firewood<6b33c330>, 1, 500, 0) at <6216.434082, 7.576663, 9879.822266>
[COT 2023-10-24 23:14:25] 76561199108250772: Spawned Entity Firewood (Firewood<69294dd0>, 1, 500, 0) at <6216.321777, 7.744956, 9879.767578>
[COT 2023-10-24 23:14:38] 76561199108250772: Spawned Entity Paper (Paper<69294dd0>, 100, 15, 0) at <6216.501953, 7.400000, 9879.772461>
[COT 2023-10-24 23:16:17] 76561199108250772: Entered the Free Camera
[COT 2023-10-24 23:16:48] 76561199108250772: Left the Free Camera
[COT 2023-10-24 23:16:50] 76561199108250772: Entered the Free Camera
[COT 2023-10-24 23:17:6s] 76561199108250772: Left the Free Camera
[COT 2023-10-24 23:23:6s] 76561199108250772: Spawned Entity 4-Dial Combination Lock (CombinationLock4<6232cfb0>, 100, 1500, 0) at <6213.560547, 7.400000, 9878.999023>
[COT 2023-10-24 23:23:29] 76561199108250772: Spawned Entity Hacksaw (Hacksaw<6ab799a0>, 100, 100, 0) at <6210.476074, 7.398746, 9882.033203>
[COT 2023-10-24 23:23:44] 76561199108250772: Spawned Entity Sledgehammer (SledgeHammer<6ee619d0>, 100, 300, 0) at <6211.001465, 7.398297, 9882.315430>
[COT 2023-10-24 23:24:13] 76561199108250772: Entered the Free Camera
[COT 2023-10-24 23:24:18] 76561199108250772: Left the Free Camera
[COT 2023-10-24 23:25:46] 76561199108250772: ESP: Viewing ESP
[COT 2023-10-24 23:25:50] 76561199108250772: ESP target=Fence<5ef9a3f0> action=dismantle part=base
[COT 2023-10-24 23:26:17] 76561199108250772: Spawned Entity Short Stick (WoodenStick<6c4defe0>, 5, 50, 0) at <6213.099609, 7.399936, 9878.117188>
[COT 2023-10-24 23:27:19] 76561199108250772: ESP: Clearing ESP
[COT 2023-10-24 23:27:19] 76561199108250772: ESP: Viewing ESP
[COT 2023-10-24 23:27:22] 76561199108250772: ESP target=Fence<6ee036d0> action=built part=base required_materials=false
[COT 2023-10-24 23:27:24] 76561199108250772: ESP target=Fence<6ee036d0> action=built part=wall_base_down required_materials=false
[COT 2023-10-24 23:27:25] 76561199108250772: ESP target=Fence<6ee036d0> action=built part=wall_wood_down required_materials=false
[COT 2023-10-24 23:27:27] 76561199108250772: ESP target=Fence<6ee036d0> action=built part=wall_base_up required_materials=false
[COT 2023-10-24 23:27:28] 76561199108250772: ESP target=Fence<6ee036d0> action=built part=wall_wood_up required_materials=false
[COT 2023-10-24 23:27:30] 76561199108250772: ESP target=Fence<6ee036d0> action=built part=wall_platform required_materials=false
[COT 2023-10-24 23:27:32] 76561199108250772: ESP target=Fence<6ee036d0> action=built part=wall_platform_stairs_left required_materials=false
[COT 2023-10-24 23:27:34] 76561199108250772: ESP target=Fence<6ee036d0> action=built part=wall_platform_stairs_right required_materials=false
[COT 2023-10-24 23:27:40] 76561199108250772: Entered the Free Camera
[COT 2023-10-24 23:27:49] 76561199108250772: Left the Free Camera
[COT 2023-10-24 23:27:59] 76561199108250772: ESP: Clearing ESP
[COT 2023-10-24 23:27:59] 76561199108250772: ESP: Viewing ESP
[COT 2023-10-24 23:28:5s] 76561199108250772: ESP target=Fence<6ee036d0> action=dismantle part=wall_platform
[COT 2023-10-24 23:28:7s] 76561199108250772: ESP target=Fence<6ee036d0> action=dismantle part=wall_platform_stairs_left
[COT 2023-10-24 23:28:21] 76561199108250772: ESP target=Fence<6ee036d0> action=dismantle part=wall_platform_stairs_right
[COT 2023-10-24 23:28:28] 76561199108250772: ESP: Clearing ESP
[COT 2023-10-24 23:28:36] 76561199108250772: Spawned Entity Metal Wire (MetalWire<6cd04da0>, 100, 500, 0) at <6213.275879, 7.400000, 9879.379883>
[COT 2023-10-24 23:29:19] 76561199108250772: Entered the Free Camera
[COT 2023-10-24 23:29:31] 76561199108250772: Left the Free Camera
[COT 2023-10-24 23:30:13] 76561199108250772: Spawned Entity CodeLock (CodeLock<6f3ac600>, 100, 1500, 0) at <6213.457031, 7.404668, 9882.707031>
[COT 2023-10-24 23:30:43] 76561199108250772: Entered the Free Camera
[COT 2023-10-24 23:30:49] 76561199108250772: Left the Free Camera
[COT 2023-10-24 23:31:11] 76561199108250772: Spawned Entity Firewood (Firewood<6ed0c5f0>, 1, 500, 0) at <6216.617188, 7.400004, 9880.089844>
[COT 2023-10-24 23:31:11] 76561199108250772: Spawned Entity Firewood (Firewood<6ed18ec0>, 1, 500, 0) at <6216.590332, 7.576616, 9880.017578>
[COT 2023-10-24 23:31:12] 76561199108250772: Spawned Entity Firewood (Firewood<6ed227c0>, 1, 500, 0) at <6216.561523, 7.753228, 9879.942383>
[COT 2023-10-24 23:31:12] 76561199108250772: Spawned Entity Firewood (Firewood<6d24fc30>, 1, 500, 0) at <6216.528809, 7.929840, 9879.866211>
[COT 2023-10-24 23:37:31] 76561199108250772: Teleported to position <4720.066406, 22.528934, 10617.388672>
[COT 2023-10-24 23:37:40] 76561199108250772: Entered the Free Camera
[COT 2023-10-24 23:37:52] 76561199108250772: Left the Free Camera
[COT 2023-10-24 23:38:21] 76561199108250772: Entered the Free Camera
[COT 2023-10-24 23:38:56] 76561199108250772: Healed [guid=w1t8tteGE7IGdnSHKZlKrg9336o6DxFXU54E03fvNyM=]
[COT 2023-10-24 23:39:1s] 76561199108250772: Healed [guid=w1t8tteGE7IGdnSHKZlKrg9336o6DxFXU54E03fvNyM=]
[COT 2023-10-24 23:39:5s] 76561199108250772: Left the Free Camera
[COT 2023-10-24 23:39:10] 76561199108250772: Entered the Free Camera
[COT 2023-10-24 23:39:14] 76561199108250772: Left the Free Camera
[COT 2023-10-24 23:39:24] 76561199108250772: Teleported to position <4806.611816, 13.785950, 10830.020508>
[COT 2023-10-24 23:39:31] 76561199108250772: Set cannot be targeted by AI to false [guid=OAdpPkJP2Ps_W7h2ttR1bK23ekHCzrxw0mDT3zqLMdU=]
[COT 2023-10-24 23:40:20] 76561199108250772: Spawned Entity Firewood (Firewood<6cb6b700>, 1, 500, 0) at <4784.756836, 14.009720, 10819.344727>
[COT 2023-10-24 23:40:20] 76561199108250772: Spawned Entity Firewood (Firewood<6cb6ca20>, 1, 500, 0) at <4784.754883, 14.009715, 10819.344727>
[COT 2023-10-24 23:40:21] 76561199108250772: Spawned Entity Firewood (Firewood<6cb77640>, 1, 500, 0) at <4784.751465, 14.186371, 10819.435547>
[COT 2023-10-24 23:40:21] 76561199108250772: Spawned Entity Firewood (Firewood<6f1ea790>, 1, 500, 0) at <4784.749023, 14.362983, 10819.525391>
[COT 2023-10-24 23:40:40] 76561199108250772: Spawned Entity Paper (Paper<6f1ebab0>, 100, 15, 0) at <4784.578125, 14.009234, 10819.418945>
[COT 2023-10-24 23:41:13] 76561199108250772: Spawned Entity Boxed 5.56x45mm Rounds (AmmoBox_556x45_20Rnd<711abae0>, 100, 100, 0) at <4784.853027, 14.009788, 10819.530273>
[COT 2023-10-24 23:41:19] 76561199108250772: Spawned Entity Plastic Bottle (WaterBottle<6c936160>, 1000, 50, 1) at <4784.854980, 14.029415, 10819.540039>
[COT 2023-10-24 23:41:25] 76561199108250772: Spawned Entity Tetracycline Pills (TetracyclineAntibiotics<6b23a4e0>, 12, 30, 0) at <4784.874023, 14.131105, 10819.633789>
[COT 2023-10-24 23:43:28] 76561199108250772: Set cannot be targeted by AI to true [guid=OAdpPkJP2Ps_W7h2ttR1bK23ekHCzrxw0mDT3zqLMdU=]
[COT 2023-10-24 23:43:32] 76561199108250772: Entered the Free Camera
[COT 2023-10-24 23:43:45] 76561199108250772: Left the Free Camera
[COT 2023-10-24 23:44:46] 76561199108250772: Spawned Entity Glow Stick (Chemlight_Red<68acc700>, 100, 20, 0) at <4521.375000, 23.319801, 10956.436523>
[COT 2023-10-24 23:44:46] 76561199108250772: Spawned Entity Glow Stick (Chemlight_Red<68abce60>, 100, 20, 0) at <4521.389160, 23.372271, 10956.481445>
[COT 2023-10-24 23:44:47] 76561199108250772: Spawned Entity Glow Stick (Chemlight_Red<6d078010>, 100, 20, 0) at <4521.403320, 23.424187, 10956.522461>
[COT 2023-10-24 23:45:22] 76561199108250772: Entered the Free Camera
[COT 2023-10-24 23:45:46] 76561199108250772: Left the Free Camera
[COT 2023-10-24 23:45:48] 76561199108250772: Entered the Free Camera
[COT 2023-10-24 23:45:54] 76561199108250772: Left the Free Camera
[COT 2023-10-24 23:46:12] 76561199108250772: Spawned Entity Firewood (Firewood<6eb554a0>, 1, 500, 0) at <4784.827148, 14.010039, 10819.166016>
[COT 2023-10-24 23:46:12] 76561199108250772: Spawned Entity Firewood (Firewood<6a68a6b0>, 1, 500, 0) at <4784.814941, 14.186677, 10819.268555>
[COT 2023-10-24 23:46:12] 76561199108250772: Spawned Entity Firewood (Firewood<6a659690>, 1, 500, 0) at <4784.803223, 14.361817, 10819.370117>
[COT 2023-10-24 23:46:23] 76561199108250772: Entered the Free Camera
[COT 2023-10-24 23:49:51] 76561199108250772: Left the Free Camera
[COT 2023-10-24 23:50:2s] 76561199108250772: Teleported to position <4503.543457, 15.538852, 10985.589844>
[COT 2023-10-24 23:50:19] 76561199108250772: Spawned Entity Long Torch (LongTorch<6492fd60>, 100, 100, 0) at <4523.566895, 15.068311, 10959.111328>
[COT 2023-10-24 23:50:22] 76561199108250772: Spawned Entity Long Torch (LongTorch<64942130>, 100, 100, 0) at <4523.453613, 15.060556, 10957.895508>
[COT 2023-10-24 23:50:24] 76561199108250772: Spawned Entity Long Torch (LongTorch<6493c6a0>, 100, 100, 0) at <4524.763672, 15.056201, 10957.218750>
[COT 2023-10-24 23:50:59] 76561199108250772: Spawned Entity Rag (Rag<6d06ca60>, 6, 50, 0) at <4521.826172, 15.082430, 10961.317383>
[COT 2023-10-24 23:52:13] 76561199108250772: Spawned Entity Torch (Torch<6297f290>, 100, 100, 0) at <4515.700195, 15.084131, 10958.593750>
[COT 2023-10-24 23:53:13] 76561199108250772: Spawned Entity Canned Bacon (TacticalBaconCan<6ede49c0>, 100, 100, 0) at <4519.799805, 15.160238, 10953.584961>
[COT 2023-10-24 23:53:14] 76561199108250772: Spawned Entity Canned Bacon (TacticalBaconCan<6ede5de0>, 100, 100, 0) at <4519.853027, 15.276646, 10953.581055>
[COT 2023-10-24 23:54:23] 76561199108250772: Teleported to position <4843.307617, 13.245720, 10877.247070>
[COT 2023-10-24 23:54:31] 76561199108250772: Set cannot be targeted by AI to false [guid=OAdpPkJP2Ps_W7h2ttR1bK23ekHCzrxw0mDT3zqLMdU=]
[COT 2023-10-24 23:54:56] 76561199108250772: ESP: Viewing ESP
[COT 2023-10-24 23:55:47] 76561199108250772: ESP: Clearing ESP
[COT 2023-10-24 23:55:55] 76561199108250772: ESP: Viewing ESP
[COT 2023-10-24 23:56:7s] 76561199108250772: ESP index=0 target=ZmbM_usSoldier_normal_Woodland:0694 position=<4844.010254, 13.694838, 10805.541016> action=delete
[COT 2023-10-24 23:56:7s] 76561199108250772: ESP index=1 target=ZmbM_nacSoldier_normal:0637 position=<4820.503418, 13.651901, 10822.266602> action=delete
[COT 2023-10-24 23:56:7s] 76561199108250772: ESP index=2 target=ZmbM_ruSoldier_normal_Woodland1:0696 position=<4812.680176, 13.774742, 10834.261719> action=delete
[COT 2023-10-24 23:56:7s] 76561199108250772: ESP index=3 target=ZmbM_SoldierNormal:0687 position=<4832.252930, 13.480548, 10844.047852> action=delete
[COT 2023-10-24 23:56:7s] 76561199108250772: ESP index=4 target=ZmbM_PatrolNormal_Autumn:0469 position=<4814.987305, 13.734555, 10827.291016> action=delete
[COT 2023-10-24 23:56:7s] 76561199108250772: ESP index=5 target=ZmbM_PatrolNormal_Summer:0471 position=<4850.647461, 13.270000, 10878.184570> action=delete
[COT 2023-10-24 23:56:7s] 76561199108250772: ESP index=6 target=ZmbM_usSoldier_normal_Woodland:0685 position=<4819.338379, 13.645283, 10826.772461> action=delete
[COT 2023-10-24 23:56:7s] 76561199108250772: ESP action=delete_all count=7 attempted=7
[COT 2023-10-24 23:56:13] 76561199108250772: ESP index=0 target=ZmbM_PatrolNormal_Flat:0270 position=<4815.254395, 13.733212, 10827.710938> action=delete
[COT 2023-10-24 23:56:13] 76561199108250772: ESP index=1 target=ZmbM_PatrolNormal_Flat:0689 position=<4816.128906, 13.712606, 10830.430664> action=delete
[COT 2023-10-24 23:56:13] 76561199108250772: ESP index=2 target=ZmbM_ruSoldier_normal_Woodland1:0271 position=<4813.055664, 13.801449, 10833.301758> action=delete
[COT 2023-10-24 23:56:13] 76561199108250772: ESP index=3 target=ZmbM_PatrolNormal_Flat:0691 position=<4812.928711, 13.767528, 10834.122070> action=delete
[COT 2023-10-24 23:56:13] 76561199108250772: ESP index=4 target=ZmbM_SoldierNormal:0682 position=<4792.404297, 13.830000, 10829.581055> action=delete
[COT 2023-10-24 23:56:13] 76561199108250772: ESP index=5 target=ZmbM_nacSoldier_normal:0679 position=<4819.929199, 13.644354, 10826.170898> action=delete
[COT 2023-10-24 23:56:13] 76561199108250772: ESP action=delete_all count=6 attempted=6
[COT 2023-10-24 23:56:15] 76561199108250772: ESP index=0 target=ZmbM_PatrolNormal_Flat:0673 position=<4803.144043, 13.830001, 10831.908203> action=delete
[COT 2023-10-24 23:56:15] 76561199108250772: ESP action=delete_all count=1 attempted=1
[COT 2023-10-24 23:56:29] 76561199108250772: ESP: Clearing ESP
[COT 2023-10-24 23:58:30] 76561199108250772: Teleported to position <4515.882324, 15.251256, 11016.792969>
[COT 2023-10-25 0h:4m:42] 76561199108250772: Entered the Free Camera
[COT 2023-10-25 0h:4m:51] 76561199108250772: Left the Free Camera
[COT 2023-10-25 0h:12:10] 76561199108250772: Set GodMode To true [guid=OAdpPkJP2Ps_W7h2ttR1bK23ekHCzrxw0mDT3zqLMdU=]
[COT 2023-10-25 0h:12:11] 76561199108250772: Set cannot be targeted by AI to true [guid=OAdpPkJP2Ps_W7h2ttR1bK23ekHCzrxw0mDT3zqLMdU=]
[COT 2023-10-25 0h:12:12] 76561199108250772: Set UnlimitedStamina To true [guid=OAdpPkJP2Ps_W7h2ttR1bK23ekHCzrxw0mDT3zqLMdU=]
[COT 2023-10-25 0h:12:12] 76561199108250772: Set UnlimitedAmmo To true [guid=OAdpPkJP2Ps_W7h2ttR1bK23ekHCzrxw0mDT3zqLMdU=]
[COT 2023-10-25 0h:33:5s] 76561199108250772: Set cannot be targeted by AI to false [guid=OAdpPkJP2Ps_W7h2ttR1bK23ekHCzrxw0mDT3zqLMdU=]
[COT 2023-10-25 0h:43:23] 76561199108250772: Healed [guid=OAdpPkJP2Ps_W7h2ttR1bK23ekHCzrxw0mDT3zqLMdU=]
[COT 2023-10-25 0h:44:17] 76561199108250772: Spawned Entity M4-A1 (M4A1_Base<66063d10>, 100, 200, 0) at <4481.583496, 15.137488, 10997.634766>
[COT 2023-10-25 0h:44:32] 76561199108250772: Spawned Entity Standardized Suppressor (M4_Suppressor<708f93a0>, 100, 12, 0) at <4481.693848, 15.233245, 10997.541992>
[COT 2023-10-25 0h:45:4s] 76561199108250772: Spawned Entity MVS Sling Pack - Black (MountainBag_ColorBase<6f53afe0>, 100, 300, 0) at <4481.523926, 15.137487, 10997.173828>
[COT 2023-10-25 0h:45:19] 76561199108250772: Spawned Entity Firewood (Firewood<71ec45c0>, 1, 500, 0) at <4481.431152, 15.137488, 10999.041992>
[COT 2023-10-25 0h:45:19] 76561199108250772: Spawned Entity Firewood (Firewood<71ecfb70>, 1, 500, 0) at <4481.517090, 15.314101, 10999.057617>
[COT 2023-10-25 0h:45:19] 76561199108250772: Spawned Entity Firewood (Firewood<68863700>, 1, 500, 0) at <4481.605957, 15.490740, 10999.077148>
[COT 2023-10-25 0h:45:21] 76561199108250772: Spawned Entity Firewood (Firewood<68850500>, 1, 500, 0) at <4481.740234, 15.667350, 10999.054688>
[COT 2023-10-25 0h:45:41] 76561199108250772: Spawned Entity Paper (Paper<68850500>, 100, 15, 0) at <4480.955566, 15.137488, 10998.891602>
[COT 2023-10-25 0h:49:17] 76561199108250772: Spawned Entity Anadyr province map (dzn_map_namalsk<6f1d15f0>, 40, 100, 0) at <4482.331055, 15.137488, 10998.254883>
