[COT 2024-1M-3D 3h:4m:20] 76561199108250772: Spawned Entity ADMIN GEAR-BLUE-TOP (DOC_ADMIN_BLUE_TOP<bf21e620>, 100, 70, 0) at <7203.004395, 5.223010, 11859.933594>
[COT 2024-1M-3D 3h:4m:23] 76561199108250772: Spawned Entity ADMIN GEAR-BLUE-BOTTOM (DOC_ADMIN_BLUE_BOTTOM<bf220c60>, 100, 130, 0) at <7202.848145, 5.381238, 11860.193359>
[COT 2024-1M-3D 3h:4m:46] 76561199108250772: Spawned Entity Tactical Gloves (TacticalGloves_Black<b9b87ac0>, 100, 165, 0) at <7203.143066, 5.038803, 11860.813477>
[COT 2024-1M-3D 3h:4m:59] 76561199108250772: Spawned Entity Ski Mask (BalaclavaMask_Blue<b9b867a0>, 100, 100, 0) at <7203.262207, 5.091481, 11860.613281>
[COT 2024-1M-3D 3h:5m:10] 76561199108250772: Set GodMode To true [guid=OAdpPkJP2Ps_W7h2ttR1bK23ekHCzrxw0mDT3zqLMdU=]
[COT 2024-1M-3D 3h:5m:11] 76561199108250772: Set UnlimitedAmmo To true [guid=OAdpPkJP2Ps_W7h2ttR1bK23ekHCzrxw0mDT3zqLMdU=]
[COT 2024-1M-3D 3h:5m:13] 76561199108250772: Set cannot be targeted by AI to true [guid=OAdpPkJP2Ps_W7h2ttR1bK23ekHCzrxw0mDT3zqLMdU=]
[COT 2024-1M-3D 3h:5m:13] 76561199108250772: Set UnlimitedStamina To true [guid=OAdpPkJP2Ps_W7h2ttR1bK23ekHCzrxw0mDT3zqLMdU=]
[COT 2024-1M-3D 3h:5m:44] 76561199108250772: Teleported to position <7646.356445, 15.000000, 10761.024414>
[COT 2024-1M-3D 3h:8m:37] 76561199108250772: Spawned Entity M4-A1 (M4A1_Base<b021c260>, 100, 200, 0) at <7948.400391, 36.329109, 10662.008789>
[COT 2024-1M-3D 3h:8m:37] 76561199108250772: Spawned Entity M4-A1 (M4A1_Base<b0224720>, 100, 200, 0) at <7948.418945, 36.424866, 10661.958008>
[COT 2024-1M-3D 3h:9m:0s] 76561199108250772: Spawned Entity M4-A1 (M4A1_Base<b023bf40>, 100, 200, 0) at <7940.616211, 37.564556, 10666.784180>
[COT 2024-1M-3D 3h:19:22] 76561199108250772: Spawned Entity Anadyr province map (ChernarusMap<b9b8c740>, 100, 50, 0) at <8277.892578, 14.471846, 10779.933594>
[COT 2024-1M-3D 3h:21:5s] 76561199108250772: Healed [guid=OAdpPkJP2Ps_W7h2ttR1bK23ekHCzrxw0mDT3zqLMdU=]
[COT 2024-1M-3D 3h:37:50] 76561199108250772: Healed [guid=OAdpPkJP2Ps_W7h2ttR1bK23ekHCzrxw0mDT3zqLMdU=]
[COT 2024-1M-3D 3h:38:33] 76561199108250772: Spawned Entity MVS Rucksack - Black (MountainBag_ColorBase<b05c8930>, 100, 300, 0) at <9030.409180, 9.369309, 10114.113281>
[COT 2024-1M-3D 3h:38:33] 76561199108250772: Spawned Entity MVS Rucksack - Black (MountainBag_ColorBase<bc14f220>, 100, 300, 0) at <9030.322266, 9.755895, 10113.968750>
[COT 2024-1M-3D 3h:59:29] 76561199108250772: Spawned Entity Lighter (PetrolLighter<bf36f3b0>, 20, 20, 0) at <10217.391602, 2.056503, 10361.478516>
[COT 2024-1M-3D 4h:7m:34] 76561199108250772: ESP: Viewing ESP
[COT 2024-1M-3D 4h:7m:41] 76561199108250772: ESP: Clearing ESP
[COT 2024-1M-3D 4h:7m:41] 76561199108250772: ESP: Viewing ESP
[COT 2024-1M-3D 4h:7m:46] 76561199108250772: ESP: Clearing ESP
[COT 2024-1M-3D 4h:15:8s] 76561199108250772: Healed [guid=ZOe3sxan3RBYaqdrW7TOKKwcyE6Zp6q6-Cn0p_3YDts=]
[COT 2024-1M-3D 4h:15:21] 76561199108250772: Healed [guid=OAdpPkJP2Ps_W7h2ttR1bK23ekHCzrxw0mDT3zqLMdU=]
[COT 2024-1M-3D 4h:43:17] 76561199108250772: Teleported [guid=ZOe3sxan3RBYaqdrW7TOKKwcyE6Zp6q6-Cn0p_3YDts=] to <11098.210938, 1.834314, 11507.472656>
[COT 2024-1M-3D 4h:50:0s] 76561199108250772: Spawned Entity Gun Cleaning Kit (WeaponCleaningKit<bbd841d0>, 100, 100, 0) at <10632.357422, 2.224912, 10353.722656>
[COT 2024-1M-3D 4h:52:46] 76561199108250772: Entered the Free Camera
[COT 2024-1M-3D 4h:53:17] 76561199108250772: Left the Free Camera
[COT 2024-1M-3D 4h:53:29] 76561199108250772: Teleported to position <10991.872070, 986.898560, 1590.719604>
[COT 2024-1M-3D 4h:53:51] 76561199108250772: Teleported to position <10619.473633, 4.240564, 10351.570313>
[COT 2024-1M-3D 4h:53:52] 76561199108250772: Teleported to position <10619.473633, 4.240564, 10351.570313>
[COT 2024-1M-3D 4h:58:2s] 76561199108250772: Teleported to position <8961.844727, 12.610809, 9976.494141>
[COT 2024-1M-3D 4h:58:8s] 76561199108250772: Teleported [guid=ZOe3sxan3RBYaqdrW7TOKKwcyE6Zp6q6-Cn0p_3YDts=] to <8961.844727, 12.610809, 9976.494141>
