[COT 2023-10-21 23:14:59] 76561199108250772: Set UnlimitedAmmo To true [guid=OAdpPkJP2Ps_W7h2ttR1bK23ekHCzrxw0mDT3zqLMdU=]
[COT 2023-10-21 23:15:0s] 76561199108250772: Set UnlimitedStamina To true [guid=OAdpPkJP2Ps_W7h2ttR1bK23ekHCzrxw0mDT3zqLMdU=]
[COT 2023-10-21 23:15:0s] 76561199108250772: Set cannot be targeted by AI to true [guid=OAdpPkJP2Ps_W7h2ttR1bK23ekHCzrxw0mDT3zqLMdU=]
[COT 2023-10-21 23:15:1s] 76561199108250772: Set Invisibility To 1 [guid=OAdpPkJP2Ps_W7h2ttR1bK23ekHCzrxw0mDT3zqLMdU=]
[COT 2023-10-21 23:15:7s] 76561199108250772: Set Invisibility To 0 [guid=OAdpPkJP2Ps_W7h2ttR1bK23ekHCzrxw0mDT3zqLMdU=]
[COT 2023-10-21 23:20:14] 76561199108250772: Teleported to position <8968.012695, 11.474212, 10142.199219>
[COT 2023-10-21 23:21:8s] 76561198036774377: Entered the Free Camera
[COT 2023-10-21 23:22:27] 76561199108250772: Spawned Entity Olga 24 (CivilianSedan_Wine<749e7060>, 100, 1000, 0) at <9084.744141, 7.881311, 10079.615234>
[COT 2023-10-21 23:23:53] 76561199108250772: Spawned Entity Lock Pick (Lockpick<3275e6b0>, 100, 125, 0) at <9087.520508, 8.322438, 10093.481445>
[COT 2023-10-21 23:28:58] 76561198036774377: Left the Free Camera
[COT 2023-10-21 23:29:17] 76561199108250772: Healed [guid=OAdpPkJP2Ps_W7h2ttR1bK23ekHCzrxw0mDT3zqLMdU=]
[COT 2023-10-21 23:29:23] 76561199108250772: Entered the Free Camera
[COT 2023-10-21 23:29:30] 76561199108250772: Left the Free Camera
[COT 2023-10-21 23:29:46] 76561199108250772: Entered the Free Camera
[COT 2023-10-21 23:29:57] 76561199108250772: Left the Free Camera
[COT 2023-10-21 23:30:27] 76561198036774377: Entered the Free Camera
[COT 2023-10-21 23:30:28] 76561198036774377: Left the Free Camera
[COT 2023-10-21 23:30:38] 76561198036774377: Spawned Entity Airdrop Flare (AirdropFlare<16f797c0>, 20, 100, 0) on 76561198036774377
[COT 2023-10-21 23:30:39] 76561198036774377: Spawned Entity Airdrop Flare (AirdropFlare<16f77990>, 20, 100, 0) on 76561198036774377
[COT 2023-10-21 23:30:46] 76561198036774377: Spawned Entity M16-A2 (M16A2_Base<ceee3e0>, 20, 200, 0) on 76561198036774377
[COT 2023-10-21 23:30:54] 76561198036774377: Entered the Free Camera
[COT 2023-10-21 23:31:7s] 76561198036774377: Left the Free Camera
[COT 2023-10-21 23:31:25] 76561198036774377: Entered the Free Camera
[COT 2023-10-21 23:31:29] 76561198036774377: Left the Free Camera
[COT 2023-10-21 23:36:1s] 76561198036774377: Healed [guid=mBNlxASsPlOcry0dpDl8K-WgHNR5WMCMmoJ9NhpU4FY=]
[COT 2023-10-21 23:37:5s] 76561199108250772: Set GodMode To true [guid=OAdpPkJP2Ps_W7h2ttR1bK23ekHCzrxw0mDT3zqLMdU=]
[COT 2023-10-21 23:37:6s] 76561199108250772: Set UnlimitedStamina To true [guid=OAdpPkJP2Ps_W7h2ttR1bK23ekHCzrxw0mDT3zqLMdU=]
[COT 2023-10-21 23:37:6s] 76561199108250772: Set UnlimitedAmmo To true [guid=OAdpPkJP2Ps_W7h2ttR1bK23ekHCzrxw0mDT3zqLMdU=]
[COT 2023-10-21 23:37:7s] 76561199108250772: Set cannot be targeted by AI to true [guid=OAdpPkJP2Ps_W7h2ttR1bK23ekHCzrxw0mDT3zqLMdU=]
[COT 2023-10-21 23:37:10] 76561199108250772: Entered the Free Camera
[COT 2023-10-21 23:37:20] 76561199108250772: Left the Free Camera
[COT 2023-10-21 23:37:51] 76561199108250772: Spawned Entity Mountain Backpack (MountainBag_ColorBase<345a6370>, 100, 150, 0) at <4955.414551, 11.491595, 11277.199219>
[COT 2023-10-21 23:38:13] 76561199108250772: Entered the Free Camera
[COT 2023-10-21 23:38:20] 76561199108250772: Left the Free Camera
[COT 2023-10-21 23:39:24] 76561199108250772: Spawned Entity MK II (MKII_Base<1d4914c0>, 100, 120, 0) at <4449.590332, 2.965111, 11282.311523>
