[COT 2023-10-21 22:16:56] 76561198036774377: Teleported to position <2902.184082, 295.502655, 6383.847656>
[COT 2023-10-21 22:17:5s] 76561198036774377: Set Invisibility To 1 [guid=mBNlxASsPlOcry0dpDl8K-WgHNR5WMCMmoJ9NhpU4FY=]
[COT 2023-10-21 22:17:5s] 76561198036774377: Set GodMode To true [guid=mBNlxASsPlOcry0dpDl8K-WgHNR5WMCMmoJ9NhpU4FY=]
[COT 2023-10-21 22:17:6s] 76561198036774377: Set GodMode To true [guid=mBNlxASsPlOcry0dpDl8K-WgHNR5WMCMmoJ9NhpU4FY=]
[COT 2023-10-21 22:17:7s] 76561198036774377: Set UnlimitedStamina To true [guid=mBNlxASsPlOcry0dpDl8K-WgHNR5WMCMmoJ9NhpU4FY=]
[COT 2023-10-21 22:17:8s] 76561198036774377: Set UnlimitedAmmo To true [guid=mBNlxASsPlOcry0dpDl8K-WgHNR5WMCMmoJ9NhpU4FY=]
[COT 2023-10-21 22:17:8s] 76561198036774377: Set Invisibility To 0 [guid=mBNlxASsPlOcry0dpDl8K-WgHNR5WMCMmoJ9NhpU4FY=]
[COT 2023-10-21 22:17:10] 76561198036774377: Set cannot be targeted by AI to true [guid=mBNlxASsPlOcry0dpDl8K-WgHNR5WMCMmoJ9NhpU4FY=]
[COT 2023-10-21 22:17:11] 76561198036774377: Set remove collision to true [guid=mBNlxASsPlOcry0dpDl8K-WgHNR5WMCMmoJ9NhpU4FY=]
[COT 2023-10-21 22:17:13] 76561198036774377: Healed [guid=mBNlxASsPlOcry0dpDl8K-WgHNR5WMCMmoJ9NhpU4FY=]
[COT 2023-10-21 22:17:19] 76561198036774377: Set rain to 0 0 0
[COT 2023-10-21 22:17:19] 76561198036774377: Set storm to 0 0.8 4000
[COT 2023-10-21 22:17:19] 76561198036774377: Set fog to 0 0 0
[COT 2023-10-21 22:17:19] 76561198036774377: Set overcast to 0.169291 0 0
[COT 2023-10-21 22:17:19] 76561198036774377: Set the date to 2011/12/1 5:16
[COT 2023-10-21 22:17:19] 76561198036774377: Set wind to 19.3316 19.3316 1
[COT 2023-10-21 22:17:20] 76561198036774377: Set rain to 0 0 0
[COT 2023-10-21 22:17:20] 76561198036774377: Set storm to 0 0.8 4000
[COT 2023-10-21 22:17:20] 76561198036774377: Set fog to 0 0 0
[COT 2023-10-21 22:17:20] 76561198036774377: Set overcast to 0.169291 0 0
[COT 2023-10-21 22:17:20] 76561198036774377: Set the date to 2011/12/1 7:11
[COT 2023-10-21 22:17:20] 76561198036774377: Set wind to 19.3316 19.3316 1
[COT 2023-10-21 22:17:25] 76561198036774377: Entered the Free Camera
[COT 2023-10-21 22:17:35] 76561198036774377: Left the Free Camera
[COT 2023-10-21 22:17:58] 76561199108250772: ESP: Clearing ESP
[COT 2023-10-21 22:17:59] 76561199108250772: ESP: Viewing ESP
[COT 2023-10-21 22:18:4s] 76561199108250772: Entered the Free Camera
[COT 2023-10-21 22:18:13] 76561199108250772: Left the Free Camera
[COT 2023-10-21 22:18:21] 76561199108250772: Set GodMode To true [guid=OAdpPkJP2Ps_W7h2ttR1bK23ekHCzrxw0mDT3zqLMdU=]
[COT 2023-10-21 22:18:23] 76561199108250772: Set cannot be targeted by AI to true [guid=OAdpPkJP2Ps_W7h2ttR1bK23ekHCzrxw0mDT3zqLMdU=]
[COT 2023-10-21 22:18:23] 76561199108250772: Set UnlimitedStamina To true [guid=OAdpPkJP2Ps_W7h2ttR1bK23ekHCzrxw0mDT3zqLMdU=]
[COT 2023-10-21 22:18:23] 76561199108250772: Set UnlimitedAmmo To true [guid=OAdpPkJP2Ps_W7h2ttR1bK23ekHCzrxw0mDT3zqLMdU=]
[COT 2023-10-21 22:18:27] 76561199108250772: ESP: Clearing ESP
[COT 2023-10-21 22:18:28] 76561199108250772: ESP: Viewing ESP
[COT 2023-10-21 22:18:32] 76561199108250772: ESP: Clearing ESP
[COT 2023-10-21 22:18:32] 76561199108250772: ESP: Viewing ESP
[COT 2023-10-21 22:18:40] 76561199108250772: Entered the Free Camera
[COT 2023-10-21 22:18:46] 76561199108250772: Left the Free Camera
[COT 2023-10-21 22:18:51] 76561199108250772: ESP: Clearing ESP
[COT 2023-10-21 22:18:51] 76561199108250772: ESP: Viewing ESP
[COT 2023-10-21 22:19:7s] 76561199108250772: Entered the Free Camera
[COT 2023-10-21 22:19:15] 76561199108250772: Left the Free Camera
[COT 2023-10-21 22:19:19] 76561199108250772: ESP: Clearing ESP
[COT 2023-10-21 22:19:30] 76561199108250772: Entered the Free Camera
[COT 2023-10-21 22:19:40] 76561199108250772: Left the Free Camera
[COT 2023-10-21 22:19:44] 76561199108250772: ESP: Viewing ESP
[COT 2023-10-21 22:19:44] 76561199108250772: ESP: Clearing ESP
[COT 2023-10-21 22:19:45] 76561199108250772: ESP: Viewing ESP
[COT 2023-10-21 22:19:45] 76561198036774377: Entered the Free Camera
[COT 2023-10-21 22:19:47] 76561198036774377: Left the Free Camera
[COT 2023-10-21 22:20:2s] 76561199108250772: Entered the Free Camera
[COT 2023-10-21 22:20:6s] 76561198036774377: Teleported to position <6512.621094, 3.556433, 8497.553711>
[COT 2023-10-21 22:20:10] 76561199108250772: Left the Free Camera
[COT 2023-10-21 22:20:13] 76561199108250772: Entered the Free Camera
[COT 2023-10-21 22:20:22] 76561199108250772: Left the Free Camera
[COT 2023-10-21 22:20:26] 76561199108250772: ESP: Clearing ESP
[COT 2023-10-21 22:20:26] 76561198036774377: Spawned Entity Campfire (FBF_FireplaceIgnited<b833dd00>, 100, 100, 0) at <6507.112793, 3.095854, 8523.903320>
[COT 2023-10-21 22:20:26] 76561199108250772: ESP: Viewing ESP
[COT 2023-10-21 22:20:33] 76561199108250772: Entered the Free Camera
[COT 2023-10-21 22:20:41] 76561199108250772: Left the Free Camera
[COT 2023-10-21 22:21:1s] 76561198036774377: Teleported to <4173.618164, 189.514450, 8885.934570> [guid=OAdpPkJP2Ps_W7h2ttR1bK23ekHCzrxw0mDT3zqLMdU=]
[COT 2023-10-21 22:21:7s] 76561199108250772: ESP: Clearing ESP
[COT 2023-10-21 22:21:19] 76561199108250772: Entered the Free Camera
[COT 2023-10-21 22:21:24] 76561199108250772: Left the Free Camera
[COT 2023-10-21 22:21:29] 76561198036774377: Teleported to <4019.429932, 175.049072, 8628.264648> [guid=OAdpPkJP2Ps_W7h2ttR1bK23ekHCzrxw0mDT3zqLMdU=]
[COT 2023-10-21 22:21:32] 76561199108250772: Entered the Free Camera
[COT 2023-10-21 22:21:37] 76561199108250772: Left the Free Camera
[COT 2023-10-21 22:21:43] 76561198036774377: Teleported to <3860.657715, 167.066803, 8341.640625> [guid=OAdpPkJP2Ps_W7h2ttR1bK23ekHCzrxw0mDT3zqLMdU=]
[COT 2023-10-21 22:21:51] 76561199108250772: Entered the Free Camera
[COT 2023-10-21 22:22:3s] 76561199108250772: Left the Free Camera
[COT 2023-10-21 22:22:8s] 76561198036774377: Teleported to <3200.780029, 118.125343, 7511.046875> [guid=OAdpPkJP2Ps_W7h2ttR1bK23ekHCzrxw0mDT3zqLMdU=]
[COT 2023-10-21 22:22:31] 76561199108250772: Entered the Free Camera
[COT 2023-10-21 22:22:53] 76561198036774377: Teleported to <3226.771729, 123.421944, 7497.632813> [guid=OAdpPkJP2Ps_W7h2ttR1bK23ekHCzrxw0mDT3zqLMdU=]
[COT 2023-10-21 22:22:55] 76561199108250772: Left the Free Camera
[COT 2023-10-21 22:23:8s] 76561199108250772: Spawned Entity NVG Headstrap (NVGHeadstrap<b901c990>, 100, 200, 0) at <3609.114746, 41.428555, 6566.056152>
[COT 2023-10-21 22:23:10] 76561199108250772: Spawned Entity Night Vision Goggles (NVGoggles<b3f29fd0>, 100, 100, 0) at <3609.122314, 41.521687, 6565.914063>
[COT 2023-10-21 22:23:26] 76561199108250772: Spawned Entity 9V Battery (Battery9V<a929b8b0>, 50, 20, 0) at <3609.961182, 41.906712, 6564.675781>
[COT 2023-10-21 22:23:30] 76561198036774377: Entered the Free Camera
[COT 2023-10-21 22:23:43] 76561198036774377: Left the Free Camera
[COT 2023-10-21 22:23:51] 76561199108250772: Set GodMode To false [guid=OAdpPkJP2Ps_W7h2ttR1bK23ekHCzrxw0mDT3zqLMdU=]
[COT 2023-10-21 22:24:1s] 76561199108250772: Entered the Free Camera
[COT 2023-10-21 22:24:20] 76561199108250772: Left the Free Camera
[COT 2023-10-21 22:24:29] 76561199108250772: ESP: Viewing ESP
[COT 2023-10-21 22:24:36] 76561199108250772: ESP: Clearing ESP
[COT 2023-10-21 22:24:55] 76561199108250772: Spawned Entity Working Gloves (WorkingGloves_Black<b8feccd0>, 100, 150, 0) at <4855.830566, 45.791107, 6198.254395>
[COT 2023-10-21 22:25:5s] 76561199108250772: Spawned Entity Hunter Pants (HunterPants_Winter<b8ff0930>, 100, 150, 0) at <4855.796875, 45.783447, 6198.242188>
[COT 2023-10-21 22:25:6s] 76561199108250772: Spawned Entity Hunter Jacket (HuntingJacket_Winter<b8fe9a80>, 100, 150, 0) at <4855.876465, 45.955463, 6198.252930>
[COT 2023-10-21 22:25:13] 76561199108250772: Spawned Entity Ski Mask (BalaclavaMask_Blue<b8feb8b0>, 100, 100, 0) at <4855.917480, 46.080635, 6198.265137>
[COT 2023-10-21 22:25:38] 76561199108250772: Spawned Entity M16-A2 (M16A2_Base<b441c8b0>, 100, 200, 0) at <4855.159180, 45.639523, 6198.159180>
[COT 2023-10-21 22:25:55] 76561198036774377: Teleported to position <6532.184570, 1.899865, 8477.322266>
[COT 2023-10-21 22:26:52] 76561199108250772: Teleported to position <454.655609, 1.436224, 5853.093750>
[COT 2023-10-21 22:27:10] 76561198036774377: Teleported to <455.084015, 1.471207, 5851.799316> [guid=OAdpPkJP2Ps_W7h2ttR1bK23ekHCzrxw0mDT3zqLMdU=]
[COT 2023-10-21 22:27:46] 76561198036774377: Teleported to position <6541.528320, 1.750267, 8474.944336>
[COT 2023-10-21 22:28:0s] 76561199108250772: Set GodMode To true [guid=OAdpPkJP2Ps_W7h2ttR1bK23ekHCzrxw0mDT3zqLMdU=]
[COT 2023-10-21 22:28:4s] 76561199108250772: Entered the Free Camera
[COT 2023-10-21 22:28:16] 76561199108250772: Left the Free Camera
[COT 2023-10-21 22:29:10] 76561199108250772: Teleported to position <4685.818359, 23.537308, 8931.204102>
[COT 2023-10-21 22:30:27] 76561199108250772: Entered the Free Camera
[COT 2023-10-21 22:30:35] 76561199108250772: Left the Free Camera
[COT 2023-10-21 22:30:52] 76561199108250772: Entered the Free Camera
[COT 2023-10-21 22:31:4s] 76561199108250772: Left the Free Camera
[COT 2023-10-21 22:31:17] 76561199108250772: Entered the Free Camera
[COT 2023-10-21 22:31:25] 76561199108250772: Left the Free Camera
[COT 2023-10-21 22:31:45] 76561199108250772: Spawned Entity Anadyr province map (dzn_map_namalsk<b8fe9070>, 100, 100, 0) at <5147.125488, 49.742466, 9352.401367>
[COT 2023-10-21 22:31:58] 76561199108250772: Teleported to position <6500.791992, 3.485906, 8519.630859>
[COT 2023-10-21 22:32:28] 76561199108250772: Spawned Entity Fire Barrel (BarrelHoles_Yellow<5f0bf5b0>, 100, 900, 0) at <6509.785645, 3.359321, 8523.327148>
[COT 2023-10-21 22:32:54] 76561198036774377: Spawned Entity Anadyr province map (ChernarusMap<b8ff4fa0>, 100, 50, 0) on 76561198036774377
[COT 2023-10-21 22:33:4s] 76561199108250772: Spawned Entity Hunter Pants (HunterPants_Winter<b8ff77e0>, 100, 150, 0) at <6509.262695, 3.304696, 8523.996094>
[COT 2023-10-21 22:33:5s] 76561199108250772: Spawned Entity Hunter Jacket (HuntingJacket_Winter<b8ff8c00>, 100, 150, 0) at <6509.211426, 3.476712, 8523.916016>
[COT 2023-10-21 22:33:12] 76561199108250772: Spawned Entity Ski Mask (BalaclavaMask_Beige<b8ffa020>, 100, 100, 0) at <6509.176758, 3.601882, 8523.864258>
[COT 2023-10-21 22:33:34] 76561199108250772: Spawned Entity Multivitamin Pills (VitaminBottle<b8ffc860>, 50, 50, 0) at <6509.336914, 3.311744, 8523.703125>
[COT 2023-10-21 22:33:39] 76561199108250772: Spawned Entity Canned Bacon (TacticalBaconCan<b8ff63c0>, 50, 100, 0) at <6509.304688, 3.467359, 8523.677734>
[COT 2023-10-21 22:33:43] 76561199108250772: Spawned Entity Plastic Bottle (WaterBottle<b3f485b0>, 1000, 50, 1) at <6509.262207, 3.622750, 8523.648438>
[COT 2023-10-21 22:33:44] 76561199108250772: Spawned Entity Plastic Bottle (WaterBottle<b3f43130>, 1000, 50, 1) at <6509.205566, 3.910248, 8523.594727>
[COT 2023-10-21 22:34:45] 76561199108250772: Spawned Entity Bandage (BandageDressing<a929d560>, 4, 50, 0) at <6509.361328, 3.314850, 8523.828125>
[COT 2023-10-21 22:34:45] 76561199108250772: Spawned Entity Bandage (BandageDressing<a9299c00>, 4, 50, 0) at <6509.322754, 3.404507, 8523.782227>
[COT 2023-10-21 22:36:20] 76561199108250772: Set GodMode To false [guid=OAdpPkJP2Ps_W7h2ttR1bK23ekHCzrxw0mDT3zqLMdU=]
