[COT 2023-10-21 21:15:18] 76561199108250772: Teleported to <4828.801270, 13.817019, 10864.551758> [guid=mBNlxASsPlOcry0dpDl8K-WgHNR5WMCMmoJ9NhpU4FY=]
[COT 2023-10-21 21:15:45] 76561198036774377: Healed [guid=mBNlxASsPlOcry0dpDl8K-WgHNR5WMCMmoJ9NhpU4FY=]
[COT 2023-10-21 21:15:49] 76561198036774377: Set GodMode To true [guid=mBNlxASsPlOcry0dpDl8K-WgHNR5WMCMmoJ9NhpU4FY=]
[COT 2023-10-21 21:15:51] 76561198036774377: Healed [guid=mBNlxASsPlOcry0dpDl8K-WgHNR5WMCMmoJ9NhpU4FY=]
[COT 2023-10-21 21:15:52] 76561198036774377: Healed [guid=mBNlxASsPlOcry0dpDl8K-WgHNR5WMCMmoJ9NhpU4FY=]
[COT 2023-10-21 21:15:55] 76561199108250772: Set GodMode To true [guid=OAdpPkJP2Ps_W7h2ttR1bK23ekHCzrxw0mDT3zqLMdU=]
[COT 2023-10-21 21:15:55] 76561199108250772: Set UnlimitedAmmo To true [guid=OAdpPkJP2Ps_W7h2ttR1bK23ekHCzrxw0mDT3zqLMdU=]
[COT 2023-10-21 21:15:56] 76561199108250772: Set UnlimitedStamina To true [guid=OAdpPkJP2Ps_W7h2ttR1bK23ekHCzrxw0mDT3zqLMdU=]
[COT 2023-10-21 21:15:56] 76561199108250772: Set cannot be targeted by AI to true [guid=OAdpPkJP2Ps_W7h2ttR1bK23ekHCzrxw0mDT3zqLMdU=]
[COT 2023-10-21 21:15:57] 76561199108250772: Set cannot be targeted by AI to true [guid=OAdpPkJP2Ps_W7h2ttR1bK23ekHCzrxw0mDT3zqLMdU=]
[COT 2023-10-21 21:18:8s] 76561199108250772: Teleported to position <7815.292480, 13.814957, 7560.016602>
[COT 2023-10-21 21:18:27] 76561198036774377: Teleported to position <7831.494141, 9.999014, 7587.266602>
[COT 2023-10-21 21:18:38] 76561198036774377: Entered the Free Camera
[COT 2023-10-21 21:19:12] 76561199108250772: Teleported to position <5277.617188, 269.404968, 7196.385254>
[COT 2023-10-21 21:19:20] 76561199108250772: Entered the Free Camera
[COT 2023-10-21 21:19:20] 76561198036774377: Set Invisibility To 1 [guid=mBNlxASsPlOcry0dpDl8K-WgHNR5WMCMmoJ9NhpU4FY=]
[COT 2023-10-21 21:19:23] 76561198036774377: Healed [guid=mBNlxASsPlOcry0dpDl8K-WgHNR5WMCMmoJ9NhpU4FY=]
[COT 2023-10-21 21:19:23] 76561198036774377: Healed [guid=mBNlxASsPlOcry0dpDl8K-WgHNR5WMCMmoJ9NhpU4FY=]
[COT 2023-10-21 21:19:26] 76561199108250772: Left the Free Camera
[COT 2023-10-21 21:20:3s] 76561199108250772: Entered the Free Camera
[COT 2023-10-21 21:20:18] 76561199108250772: Left the Free Camera
[COT 2023-10-21 21:20:53] 76561199108250772: Teleported to position <5277.962891, 268.938934, 7197.603027>
[COT 2023-10-21 21:21:13] 76561199108250772: Entered the Free Camera
[COT 2023-10-21 21:21:19] 76561199108250772: Left the Free Camera
[COT 2023-10-21 21:22:34] 76561199108250772: Teleported to position <5107.579590, 2.869389, 11412.912109>
[COT 2023-10-21 21:22:57] 76561198036774377: Teleported to position <4656.029297, 10.276501, 11115.065430>
[COT 2023-10-21 21:23:22] 76561199108250772: Teleported to position <4497.222168, 16.802824, 10932.424805>
[COT 2023-10-21 21:24:15] 76561198036774377: Teleported to position <8399.258789, 14.974574, 10707.308594>
[COT 2023-10-21 21:24:15] 76561199108250772: Teleported to position <8312.869141, 15.053799, 10748.599609>
[COT 2023-10-21 21:24:40] 76561199108250772: Entered the Free Camera
[COT 2023-10-21 21:24:44] 76561199108250772: Left the Free Camera
[COT 2023-10-21 21:25:18] 76561199108250772: Teleported to position <4304.796387, 4.243376, 4793.093750>
[COT 2023-10-21 21:27:0s] 76561199108250772: Teleported to position <6031.713867, 9.591640, 5684.517090>
[COT 2023-10-21 21:27:2s] 76561199108250772: Entered the Free Camera
[COT 2023-10-21 21:27:37] 76561199108250772: Teleported to position <1221.813721, 2.000000, 11844.152344>
[COT 2023-10-21 21:27:42] 76561199108250772: Left the Free Camera
[COT 2023-10-21 21:27:59] 76561199108250772: Entered the Free Camera
[COT 2023-10-21 21:28:27] 76561199108250772: Left the Free Camera
[COT 2023-10-21 21:28:53] 76561199108250772: Teleported to position <6730.400879, 14.992549, 11235.171875>
[COT 2023-10-21 21:28:58] 76561199108250772: Entered the Free Camera
[COT 2023-10-21 21:29:0s] 76561199108250772: Entered the Free Camera
[COT 2023-10-21 21:29:3s] 76561199108250772: Entered the Free Camera
[COT 2023-10-21 21:29:16] 76561199108250772: Left the Free Camera
[COT 2023-10-21 21:29:48] 76561199108250772: Teleported to position <6256.365723, 21.023470, 9354.197266>
[COT 2023-10-21 21:29:59] 76561199108250772: Teleported to position <6294.837402, 21.065147, 9372.558594>
[COT 2023-10-21 21:30:7s] 76561199108250772: Teleported to position <6326.140625, 20.464260, 9495.033203>
[COT 2023-10-21 21:30:15] 76561199108250772: Teleported to position <5864.100098, 29.127621, 9109.785156>
[COT 2023-10-21 21:30:25] 76561199108250772: Teleported to position <6246.842773, 21.024950, 9348.491211>
[COT 2023-10-21 21:30:28] 76561199108250772: Left the Free Camera
[COT 2023-10-21 21:31:19] 76561199108250772: Teleported to position <11942.495117, 2.297760, 12008.274414>
[COT 2023-10-21 21:32:2s] 76561199108250772: Spawned Entity Mountain Backpack (MountainBag_Blue<d2b0c350>, 100, 150, 0) at <11923.023438, 3.765440, 12038.127930>
[COT 2023-10-21 21:33:24] 76561199108250772: Entered the Free Camera
[COT 2023-10-21 21:33:26] 76561199108250772: Left the Free Camera
[COT 2023-10-21 21:33:34] 76561199108250772: Teleported to position <8018.671387, 2.000000, 9674.091797>
[COT 2023-10-21 21:33:49] 76561199108250772: Teleported to position <7598.687012, 72.510155, 8733.102539>
[COT 2023-10-21 21:34:13] 76561199108250772: Entered the Free Camera
[COT 2023-10-21 21:34:17] 76561199108250772: Left the Free Camera
[COT 2023-10-21 21:34:45] 76561199108250772: Teleported to position <7255.551270, 238.274368, 7039.418945>
[COT 2023-10-21 21:35:33] 76561199108250772: Spawned Entity Boxed Nails (NailBox<97b75210>, 100, 80, 0) at <7266.981445, 239.504990, 7065.952637>
[COT 2023-10-21 21:36:4s] 76561199108250772: Teleported to position <6509.899902, 3.389208, 8488.376953>
[COT 2023-10-21 21:39:35] 76561198036774377: Teleported to position <6510.709473, 3.675946, 8514.121094>
[COT 2023-10-21 21:39:39] 76561198036774377: Left the Free Camera
[COT 2023-10-21 21:39:41] 76561198036774377: Entered the Free Camera
[COT 2023-10-21 21:42:26] 76561199108250772: Teleported to position <6613.979492, 15.030000, 11342.940430>
[COT 2023-10-21 21:43:1s] 76561198036774377: Left the Free Camera
[COT 2023-10-21 21:44:12] 76561199108250772: Healed [guid=2H7391gmOSCz4VnnBebcTth-2Sm4qjaSYaboxsOPA1Q=]
[COT 2023-10-21 21:45:47] 76561199108250772: Spawned Entity AUR A1 (AugShort<8abe7920>, 100, 300, 0) at <6610.364258, 15.029984, 11366.169922>
[COT 2023-10-21 21:46:5s] 76561199108250772: Spawned Entity Mountain Backpack (MountainBag_Red<9c7e4070>, 100, 150, 0) at <6610.260742, 15.029988, 11366.187500>
[COT 2023-10-21 21:47:24] 76561199108250772: Teleported to position <3912.094971, 53.042637, 7562.702148>
[COT 2023-10-21 21:48:1s] 76561199108250772: Entered the Free Camera
[COT 2023-10-21 21:48:3s] 76561199108250772: Left the Free Camera
[COT 2023-10-21 21:48:10] 76561199108250772: Teleported to position <4492.114746, 15.847212, 10974.673828>
[COT 2023-10-21 21:48:37] 76561199108250772: Spawned Entity Sea Chest (SeaChest<9a51c7a0>, 100, 600, 0) at <4506.081543, 15.797324, 10949.311523>
[COT 2023-10-21 21:48:55] 76561199108250772: Healed [guid=OAdpPkJP2Ps_W7h2ttR1bK23ekHCzrxw0mDT3zqLMdU=]
