[COT 2023-12-20 15:16:48] 76561199407766611: Set GodMode To true [guid=spMEkRl42onhFHdF_u42e0T03x2sj347kUc600NXdGA=]
[COT 2023-12-20 15:16:49] 76561199407766611: Set UnlimitedAmmo To true [guid=spMEkRl42onhFHdF_u42e0T03x2sj347kUc600NXdGA=]
[COT 2023-12-20 15:16:50] 76561199407766611: Set UnlimitedStamina To true [guid=spMEkRl42onhFHdF_u42e0T03x2sj347kUc600NXdGA=]
[COT 2023-12-20 15:16:51] 76561199407766611: Healed [guid=spMEkRl42onhFHdF_u42e0T03x2sj347kUc600NXdGA=]
[COT 2023-12-20 15:17:20] 76561199407766611: Teleported to position <7317.974609, 45.514503, 10540.162109>
[COT 2023-12-20 15:20:46] 76561199407766611: Teleported to position <4456.958496, 2.834542, 11204.120117>
[COT 2023-12-20 15:23:4s] 76561199407766611: Teleported to position <5547.459473, 33.630085, 10338.371094>
[COT 2023-12-20 15:24:0s] 76561199407766611: Spawned Entity Plank (WoodenPlank<f1a928f0>, 10, 100, 0) at <5530.635254, 31.773575, 10347.362305>
[COT 2023-12-20 15:24:0s] 76561199407766611: Spawned Entity Plank (WoodenPlank<bc299240>, 10, 100, 0) at <5530.683105, 31.922888, 10347.355469>
[COT 2023-12-20 15:24:0s] 76561199407766611: Spawned Entity Plank (WoodenPlank<bc296c00>, 10, 100, 0) at <5530.731934, 32.072201, 10347.347656>
[COT 2023-12-20 15:24:0s] 76561199407766611: Spawned Entity Plank (WoodenPlank<bc2a5b10>, 10, 100, 0) at <5530.781250, 32.221527, 10347.338867>
[COT 2023-12-20 15:25:24] 76561199407766611: Spawned Entity Firewood (Firewood<b90b5620>, 1, 500, 0) at <5558.834961, 35.396706, 10341.116211>
[COT 2023-12-20 15:25:25] 76561199407766611: Spawned Entity Firewood (Firewood<b90c4ec0>, 1, 500, 0) at <5558.738281, 35.571896, 10341.181641>
[COT 2023-12-20 15:25:25] 76561199407766611: Spawned Entity Firewood (Firewood<ba78fa50>, 1, 500, 0) at <5558.645508, 35.745159, 10341.243164>
[COT 2023-12-20 15:25:32] 76561199407766611: Spawned Entity Short Stick (WoodenStick<ba79a670>, 5, 50, 0) at <5558.546387, 35.919628, 10341.311523>
[COT 2023-12-20 15:25:32] 76561199407766611: Spawned Entity Short Stick (WoodenStick<beb80410>, 5, 50, 0) at <5558.507813, 35.991417, 10341.336914>
[COT 2023-12-20 15:25:37] 76561199407766611: Spawned Entity Rag (Rag<b92f4d00>, 6, 50, 0) at <5558.469238, 36.063641, 10341.356445>
[COT 2023-12-20 15:26:13] 76561199407766611: Teleported to position <6781.769531, 14.950831, 11245.279297>
[COT 2023-12-20 15:26:58] 76561199407766611: Spawned Entity Barrel (Barrel_Green<ad704cc0>, 0, 1300, 2048) at <6764.690918, 20.779224, 11260.194336>
[COT 2023-12-20 15:27:52] 76561199407766611: Spawned Entity Chicken Jacket 1 (DOC_BOMBERJACKET_CHOOK1<a367e710>, 100, 100, 0) at <6764.285156, 19.532236, 11260.122070>
[COT 2023-12-20 15:27:57] 76561199407766611: Spawned Entity 42 MA Jeans (DOC_Jeans_Red42<a3677de0>, 100, 110, 0) at <6764.247070, 19.755970, 11260.086914>
[COT 2023-12-20 15:28:2s] 76561199407766611: Spawned Entity Doc's Yellow M4 Carstock (DOC_M4CARSTOCK_YELLOW<bc484c60>, 100, 200, 0) at <6764.215820, 19.941908, 11260.051758>
[COT 2023-12-20 15:28:9s] 76561199407766611: Spawned Entity Doc's Yellow M4 RIS Handguard (DOC_M4RIS_YELLOW<bc0fb160>, 100, 250, 0) at <6764.204590, 20.025034, 11260.036133>
[COT 2023-12-20 15:28:21] 76561199407766611: Spawned Entity Doc's Yellow M4 (DOC_M4_YELLOW<59cbdaa0>, 100, 1200, 0) at <6764.002930, 19.650486, 11260.043945>
[COT 2023-12-20 15:28:25] 76561199407766611: Spawned Entity Doc's Yellow Stanag69 (DOC_STANAG69_YELLOW<b9488560>, 69, 200, 0) at <6763.985352, 19.738514, 11260.035156>
[COT 2023-12-20 15:28:25] 76561199407766611: Spawned Entity Doc's Yellow Stanag69 (DOC_STANAG69_YELLOW<b94944a0>, 69, 200, 0) at <6763.973633, 19.825294, 11260.018555>
[COT 2023-12-20 15:28:25] 76561199407766611: Spawned Entity Doc's Yellow Stanag69 (DOC_STANAG69_YELLOW<b9494e30>, 69, 200, 0) at <6763.960938, 19.912075, 11260.001953>
[COT 2023-12-20 15:28:25] 76561199407766611: Spawned Entity Doc's Yellow Stanag69 (DOC_STANAG69_YELLOW<bb537080>, 69, 200, 0) at <6763.947754, 19.998539, 11259.986328>
[COT 2023-12-20 15:28:57] 76561199407766611: Spawned Entity Doc's Oilfoil Suppressor (ItemSuppressor<c0d82220>, 100, 1800, 0) at <6764.021973, 19.528879, 11260.068359>
[COT 2023-12-20 15:29:13] 76561199407766611: Spawned Entity Jungle Boots (JungleBoots_Brown<b8be6fd0>, 100, 150, 0) at <6763.992188, 19.530743, 11260.000977>
[COT 2023-12-20 15:29:19] 76561199407766611: Spawned Entity Canned Bacon (TacticalBaconCan<ad7101e0>, 100, 100, 0) at <6763.958984, 19.846422, 11259.950195>
[COT 2023-12-20 15:29:19] 76561199407766611: Spawned Entity Canned Bacon (TacticalBaconCan<ad713430>, 100, 100, 0) at <6763.943848, 19.961597, 11259.933594>
[COT 2023-12-20 15:29:23] 76561199407766611: Spawned Entity MVS Canteen - Tan (Canteen<ad712010>, 1000, 100, 512) at <6763.926758, 20.078968, 11259.924805>
[COT 2023-12-20 15:30:39] 76561199407766611: Set rain to 0 0 0
[COT 2023-12-20 15:30:39] 76561199407766611: Set storm to 0 0.8 4000
[COT 2023-12-20 15:30:39] 76561199407766611: Set fog to 0 0 0
[COT 2023-12-20 15:30:39] 76561199407766611: Set overcast to 0 0 0
[COT 2023-12-20 15:30:39] 76561199407766611: Set wind to 0 0 1
[COT 2023-12-20 15:30:53] 76561199407766611: Teleported to position <8248.018555, 15.000000, 10744.753906>
[COT 2023-12-20 15:31:15] 76561199407766611: Spawned Entity MVS Canteen - Snow (Canteen<ad711600>, 1000, 100, 512) at <8231.285156, 15.151011, 10756.844727>
[COT 2023-12-20 15:31:24] 76561199407766611: Spawned Entity Barrel (Barrel_Blue<ad70edc0>, 0, 1300, 512) at <8231.391602, 15.305812, 10756.802734>
[COT 2023-12-20 15:31:49] 76561199407766611: Spawned Entity Doc's Nightfoil M4 Carstock (M4_OEBttstck<bc296270>, 100, 200, 0) at <8231.474609, 15.151011, 10756.609375>
[COT 2023-12-20 15:31:50] 76561199407766611: Spawned Entity Doc's Nightfoil M4 Carstock (M4_OEBttstck<bc2958e0>, 100, 200, 0) at <8231.495117, 15.235429, 10756.609375>
[COT 2023-12-20 15:31:52] 76561199407766611: Spawned Entity Doc's Nightfoil M4 RIS Handguard (DOC_M4RIS_NIGHTFOIL<bcfb5250>, 100, 250, 0) at <8231.527344, 15.311068, 10756.607422>
[COT 2023-12-20 15:31:53] 76561199407766611: Spawned Entity Doc's Nightfoil Suppressor (ItemSuppressor<bcfafc40>, 100, 1800, 0) at <8231.545898, 15.374635, 10756.612305>
[COT 2023-12-20 15:31:54] 76561199407766611: Spawned Entity Doc's Nightfoil M4 (DOC_M4_NIGHTFOIL<59cbcf90>, 100, 1200, 0) at <8231.562500, 15.413847, 10756.612305>
[COT 2023-12-20 15:31:55] 76561199407766611: Spawned Entity Doc's Nightfoil Stanag69 (DOC_STANAG69_NIGHTFOIL<bcfbeb50>, 69, 200, 0) at <8231.588867, 15.509543, 10756.623047>
[COT 2023-12-20 15:31:55] 76561199407766611: Spawned Entity Doc's Nightfoil Stanag69 (DOC_STANAG69_NIGHTFOIL<bc0d7d30>, 69, 200, 0) at <8231.616211, 15.596005, 10756.626953>
[COT 2023-12-20 15:31:55] 76561199407766611: Spawned Entity Doc's Nightfoil Stanag69 (DOC_STANAG69_NIGHTFOIL<bc0e4600>, 69, 200, 0) at <8231.645508, 15.682467, 10756.630859>
[COT 2023-12-20 15:32:5s] 76561199407766611: Spawned Entity Chicken Jacket 1 (DOC_BOMBERJACKET_CHOOK1<bc0e4f90>, 69, 100, 0) at <8231.676758, 15.769249, 10756.628906>
[COT 2023-12-20 15:32:53] 76561199407766611: Spawned Entity Metal Wire (MetalWire<bca49ab0>, 100, 500, 0) at <8231.508789, 15.151011, 10756.902344>
[COT 2023-12-20 15:32:55] 76561199407766611: Spawned Entity Metal Wire (MetalWire<bca4a440>, 100, 500, 0) at <8231.530273, 15.222541, 10756.892578>
[COT 2023-12-20 15:33:0s] 76561199407766611: Spawned Entity Pliers (Pliers<bca533b0>, 100, 100, 0) at <8231.556641, 15.294071, 10756.890625>
[COT 2023-12-20 15:33:6s] 76561199407766611: Spawned Entity Plank (WoodenPlank<b692f700>, 10, 100, 0) at <8231.593750, 15.411412, 10756.873047>
[COT 2023-12-20 15:33:6s] 76561199407766611: Spawned Entity Plank (WoodenPlank<bcb99fe0>, 10, 100, 0) at <8231.641602, 15.560740, 10756.862305>
[COT 2023-12-20 15:33:6s] 76561199407766611: Spawned Entity Plank (WoodenPlank<bcb949d0>, 10, 100, 0) at <8231.687500, 15.710059, 10756.850586>
[COT 2023-12-20 15:33:11] 76561199407766611: Spawned Entity Hatchet (Hatchet<bcbbc0f0>, 10, 150, 0) at <8231.734375, 15.859372, 10756.833008>
[COT 2023-12-20 15:34:3s] 76561199407766611: Spawned Entity Land Mine (LandMineTrap<c0a05010>, 100, 70, 0) at <8241.415039, 15.000004, 10750.583984>
[COT 2023-12-20 15:34:3s] 76561199407766611: Spawned Entity Land Mine (LandMineTrap<c09fe160>, 100, 70, 0) at <8241.310547, 15.044595, 10750.577148>
[COT 2023-12-20 15:34:3s] 76561199407766611: Spawned Entity Land Mine (LandMineTrap<c0a05a20>, 100, 70, 0) at <8241.207031, 15.089238, 10750.568359>
[COT 2023-12-20 15:34:53] 76561199407766611: Entered the Free Camera
[COT 2023-12-20 15:35:19] 76561199407766611: Left the Free Camera
[COT 2023-12-20 15:35:39] 76561199407766611: Spawned Entity Sea Chest (SeaChest<bc494e90>, 100, 600, 0) at <8993.181641, 23.056818, 9951.348633>
[COT 2023-12-20 15:35:45] 76561199407766611: Spawned Entity Cow Jacket 1 (DOC_BOMBERJACKET_COW1<a3664250>, 100, 100, 0) at <8993.403320, 23.320906, 9951.482422>
[COT 2023-12-20 15:35:50] 76561199407766611: Spawned Entity Jungle Boots (JungleBoots_Brown<a367c0d0>, 100, 150, 0) at <8993.507813, 23.435476, 9951.542969>
[COT 2023-12-20 15:36:4s] 76561199407766611: Spawned Entity Canned Bacon (TacticalBaconCan<be0f8640>, 100, 100, 0) at <8993.675781, 23.635866, 9951.648438>
[COT 2023-12-20 15:36:5s] 76561199407766611: Spawned Entity Canned Bacon (TacticalBaconCan<be0fae80>, 100, 100, 0) at <8993.744141, 23.713051, 9951.688477>
[COT 2023-12-20 15:36:11] 76561199407766611: Spawned Entity Doc's Oilfoil M4 Carstock (DOC_M4CARSTOCK_OILFOIL<af676db0>, 100, 200, 0) at <8993.785156, 23.764484, 9951.716797>
[COT 2023-12-20 15:36:15] 76561199407766611: Spawned Entity Doc's Oilfoil M4 RIS Handguard (DOC_M4RIS_OILFOIL<bee91490>, 100, 250, 0) at <8993.831055, 23.822500, 9951.750000>
[COT 2023-12-20 15:36:16] 76561199407766611: Spawned Entity Doc's Oilfoil Suppressor (ItemSuppressor<beeacc70>, 100, 1800, 0) at <8993.862305, 23.858519, 9951.763672>
[COT 2023-12-20 15:36:17] 76561199407766611: Spawned Entity Doc's Oilfoil M4 (DOC_M4_OILFOIL<59cc4940>, 100, 1200, 0) at <8993.876953, 23.869074, 9951.776367>
[COT 2023-12-20 15:36:17] 76561199407766611: Spawned Entity Doc's Oilfoil Stanag69 (DOC_STANAG69_OILFOIL<bb55f130>, 69, 200, 0) at <8993.939453, 23.942747, 9951.811523>
[COT 2023-12-20 15:36:17] 76561199407766611: Spawned Entity Doc's Oilfoil Stanag69 (DOC_STANAG69_OILFOIL<bb56c390>, 69, 200, 0) at <8994.009766, 24.026602, 9951.854492>
[COT 2023-12-20 15:36:18] 76561199407766611: Spawned Entity Doc's Oilfoil Stanag69 (DOC_STANAG69_OILFOIL<bb569d50>, 69, 200, 0) at <8994.082031, 24.113506, 9951.899414>
[COT 2023-12-20 15:36:23] 76561199407766611: Spawned Entity MVS Canteen - Multicam Black (Canteen<be0f7c30>, 1000, 100, 512) at <8994.152344, 24.200237, 9951.933594>
