[COT 2023-10-22 0h:24:58] 76561198036774377: Teleported to position <6477.663574, 1.324839, 8545.418945>
[COT 2023-10-22 0h:26:52] 76561199108250772: Set UnlimitedAmmo To true [guid=OAdpPkJP2Ps_W7h2ttR1bK23ekHCzrxw0mDT3zqLMdU=]
[COT 2023-10-22 0h:26:52] 76561199108250772: Set UnlimitedStamina To true [guid=OAdpPkJP2Ps_W7h2ttR1bK23ekHCzrxw0mDT3zqLMdU=]
[COT 2023-10-22 0h:26:53] 76561199108250772: Set cannot be targeted by AI to true [guid=OAdpPkJP2Ps_W7h2ttR1bK23ekHCzrxw0mDT3zqLMdU=]
[COT 2023-10-22 0h:29:21] 76561199108250772: Spawned Entity Tactical Gloves (TacticalGloves_Beige<b0a592e0>, 100, 165, 0) at <4506.684082, 15.798666, 10947.503906>
[COT 2023-10-22 0h:32:53] 76561198036774377: Teleported to position <6321.509766, 20.590000, 9531.845703>
[COT 2023-10-22 0h:32:55] 76561199108250772: Healed [guid=OAdpPkJP2Ps_W7h2ttR1bK23ekHCzrxw0mDT3zqLMdU=]
[COT 2023-10-22 0h:35:37] 76561199108250772: Teleported to position <255.541702, 2.000000, 12538.694336>
[COT 2023-10-22 0h:43:17] 76561198036774377: Healed [guid=mBNlxASsPlOcry0dpDl8K-WgHNR5WMCMmoJ9NhpU4FY=]
[COT 2023-10-22 0h:43:41] 76561198036774377: Teleported to position <6494.051270, 2.569967, 8539.737305>
[COT 2023-10-22 0h:47:47] 76561199108250772: Spawned Entity Hunter Pants (HunterPants_Winter<b4b41c60>, 100, 150, 0) at <6222.549805, 17.147484, 11775.151367>
[COT 2023-10-22 0h:47:49] 76561199108250772: Spawned Entity Hunter Jacket (HuntingJacket_Winter<b4b50b70>, 100, 150, 0) at <6222.734863, 17.263601, 11775.237305>
[COT 2023-10-22 0h:48:9s] 76561199108250772: Spawned Entity Plastic Bottle (WaterBottle<9b159540>, 1000, 50, 1) at <6222.720703, 17.053690, 11774.775391>
[COT 2023-10-22 0h:48:11] 76561199108250772: Spawned Entity Plastic Bottle (WaterBottle<9b15e5c0>, 1000, 50, 1) at <6223.183594, 16.900000, 11775.164063>
[COT 2023-10-22 0h:48:37] 76561199108250772: Spawned Entity Plastic Bottle (WaterBottle<9b16d740>, 1000, 50, 1) at <6222.658691, 16.900000, 11776.918945>
[COT 2023-10-22 0h:55:36] 76561198036774377: Set Invisibility To 1 [guid=mBNlxASsPlOcry0dpDl8K-WgHNR5WMCMmoJ9NhpU4FY=]
[COT 2023-10-22 0h:55:36] 76561198036774377: Set GodMode To true [guid=mBNlxASsPlOcry0dpDl8K-WgHNR5WMCMmoJ9NhpU4FY=]
[COT 2023-10-22 0h:55:38] 76561198036774377: Set Invisibility To 0 [guid=mBNlxASsPlOcry0dpDl8K-WgHNR5WMCMmoJ9NhpU4FY=]
[COT 2023-10-22 0h:55:39] 76561198036774377: Set UnlimitedAmmo To true [guid=mBNlxASsPlOcry0dpDl8K-WgHNR5WMCMmoJ9NhpU4FY=]
[COT 2023-10-22 0h:55:39] 76561198036774377: Set UnlimitedStamina To true [guid=mBNlxASsPlOcry0dpDl8K-WgHNR5WMCMmoJ9NhpU4FY=]
[COT 2023-10-22 0h:57:1s] 76561199108250772: ESP: Viewing ESP
[COT 2023-10-22 0h:57:13] 76561199108250772: Entered the Free Camera
[COT 2023-10-22 0h:57:18] 76561199108250772: Left the Free Camera
[COT 2023-10-22 0h:59:52] 76561199108250772: ESP: Viewing ESP
[COT 2023-10-22 1h:0m:14] 76561199108250772: Entered the Free Camera
[COT 2023-10-22 1h:0m:26] 76561199108250772: Left the Free Camera
[COT 2023-10-22 1h:0m:33] 76561199108250772: ESP: Clearing ESP
[COT 2023-10-22 1h:0m:35] 76561199108250772: Entered the Free Camera
[COT 2023-10-22 1h:0m:43] 76561199108250772: Left the Free Camera
[COT 2023-10-22 1h:2m:35] 76561199108250772: Set the date to 2011/12/2 12:0
[COT 2023-10-22 1h:3m:26] 76561199108250772: Set GodMode To true [guid=eIqqWJeo9PPsg88zsnxkxXNDGASeaG1_7M03z1Fpaj0=]
[COT 2023-10-22 1h:3m:27] 76561199108250772: Healed [guid=eIqqWJeo9PPsg88zsnxkxXNDGASeaG1_7M03z1Fpaj0=]
[COT 2023-10-22 1h:3m:31] 76561199108250772: Set GodMode To true [guid=OAdpPkJP2Ps_W7h2ttR1bK23ekHCzrxw0mDT3zqLMdU=]
[COT 2023-10-22 1h:3m:32] 76561199108250772: Healed [guid=OAdpPkJP2Ps_W7h2ttR1bK23ekHCzrxw0mDT3zqLMdU=]
[COT 2023-10-22 1h:7m:55] 76561199108250772: Set GodMode To false [guid=OAdpPkJP2Ps_W7h2ttR1bK23ekHCzrxw0mDT3zqLMdU=]
[COT 2023-10-22 1h:8m:5s] 76561199108250772: Set GodMode To false [guid=eIqqWJeo9PPsg88zsnxkxXNDGASeaG1_7M03z1Fpaj0=]
[COT 2023-10-22 1h:15:45] 76561199108250772: Spawned Entity Short Stick (WoodenStick<ae1e0d00>, 5, 50, 0) at <6635.476563, 15.357609, 10995.944336>
[COT 2023-10-22 1h:16:34] 76561199108250772: Teleported to position <6673.291992, 15.263433, 10943.329102>
[COT 2023-10-22 1h:21:47] 76561199108250772: Set rain to 0 0 0
[COT 2023-10-22 1h:21:47] 76561199108250772: Set storm to 0 0.8 4000
[COT 2023-10-22 1h:21:47] 76561199108250772: Set fog to 0 0 0
[COT 2023-10-22 1h:21:47] 76561199108250772: Set overcast to 0 0 0
[COT 2023-10-22 1h:21:47] 76561199108250772: Set wind to 0 0 1
[COT 2023-10-22 1h:21:48] 76561199108250772: Set the date to 2011/12/2 12:0
[COT 2023-10-22 1h:27:47] 76561198036774377: Spawned vehicle Sarka 120 (Sedan_02_Grey) at <6305.455078, 12.430350, 8700.761719>
[COT 2023-10-22 1h:28:22] 76561199108250772: Teleported to position <8960.851563, 11.450000, 10049.231445>
[COT 2023-10-22 1h:29:0s] 76561199108250772: Spawned Entity MVS Combat Belt - Black (Modular_Belt_Base<b0a65220>, 100, 100, 0) at <8979.654297, 13.255013, 9963.446289>
[COT 2023-10-22 1h:30:18] 76561198036774377: Set GodMode To false [guid=mBNlxASsPlOcry0dpDl8K-WgHNR5WMCMmoJ9NhpU4FY=]
[COT 2023-10-22 1h:30:20] 76561198036774377: Set UnlimitedStamina To false [guid=mBNlxASsPlOcry0dpDl8K-WgHNR5WMCMmoJ9NhpU4FY=]
[COT 2023-10-22 1h:30:21] 76561198036774377: Set UnlimitedAmmo To false [guid=mBNlxASsPlOcry0dpDl8K-WgHNR5WMCMmoJ9NhpU4FY=]
[COT 2023-10-22 1h:30:47] 76561199108250772: Set UnlimitedStamina To true [guid=OAdpPkJP2Ps_W7h2ttR1bK23ekHCzrxw0mDT3zqLMdU=]
[COT 2023-10-22 1h:31:23] 76561199108250772: Entered the Free Camera
[COT 2023-10-22 1h:31:25] 76561199108250772: Left the Free Camera
[COT 2023-10-22 1h:31:47] 76561198036774377: Teleported [guid=mBNlxASsPlOcry0dpDl8K-WgHNR5WMCMmoJ9NhpU4FY=] to <5074.000000, 40.000000, 8172.000000>
[COT 2023-10-22 1h:32:2s] 76561198036774377: Set Invisibility To 1 [guid=mBNlxASsPlOcry0dpDl8K-WgHNR5WMCMmoJ9NhpU4FY=]
[COT 2023-10-22 1h:32:3s] 76561198036774377: Set Invisibility To 0 [guid=mBNlxASsPlOcry0dpDl8K-WgHNR5WMCMmoJ9NhpU4FY=]
[COT 2023-10-22 1h:32:4s] 76561199108250772: Teleported to position <4867.773926, 62.024170, 7844.776367>
[COT 2023-10-22 1h:32:4s] 76561198036774377: Set cannot be targeted by AI to true [guid=mBNlxASsPlOcry0dpDl8K-WgHNR5WMCMmoJ9NhpU4FY=]
[COT 2023-10-22 1h:32:4s] 76561198036774377: Set remove collision to true [guid=mBNlxASsPlOcry0dpDl8K-WgHNR5WMCMmoJ9NhpU4FY=]
[COT 2023-10-22 1h:32:5s] 76561198036774377: Set GodMode To true [guid=mBNlxASsPlOcry0dpDl8K-WgHNR5WMCMmoJ9NhpU4FY=]
[COT 2023-10-22 1h:32:6s] 76561198036774377: Set UnlimitedAmmo To true [guid=mBNlxASsPlOcry0dpDl8K-WgHNR5WMCMmoJ9NhpU4FY=]
[COT 2023-10-22 1h:32:6s] 76561198036774377: Set UnlimitedStamina To true [guid=mBNlxASsPlOcry0dpDl8K-WgHNR5WMCMmoJ9NhpU4FY=]
[COT 2023-10-22 1h:32:7s] 76561198036774377: Healed [guid=mBNlxASsPlOcry0dpDl8K-WgHNR5WMCMmoJ9NhpU4FY=]
[COT 2023-10-22 1h:32:10] 76561199108250772: Set GodMode To true [guid=OAdpPkJP2Ps_W7h2ttR1bK23ekHCzrxw0mDT3zqLMdU=]
[COT 2023-10-22 1h:32:11] 76561199108250772: Set cannot be targeted by AI to true [guid=OAdpPkJP2Ps_W7h2ttR1bK23ekHCzrxw0mDT3zqLMdU=]
[COT 2023-10-22 1h:32:13] 76561199108250772: Set UnlimitedAmmo To true [guid=OAdpPkJP2Ps_W7h2ttR1bK23ekHCzrxw0mDT3zqLMdU=]
[COT 2023-10-22 1h:32:17] 76561199108250772: Entered the Free Camera
[COT 2023-10-22 1h:32:31] 76561199108250772: Left the Free Camera
[COT 2023-10-22 1h:32:59] 76561199108250772: Spawned Entity Repeater Carbine (Repeater<b216ce70>, 100, 250, 0) at <5072.824219, 39.455185, 8176.619629>
[COT 2023-10-22 1h:36:52] 76561199108250772: Set the date to 2011/12/2 12:0
[COT 2023-10-22 1h:42:46] 76561198036774377: Teleported to position <6490.947754, 2.440808, 8534.692383>
[COT 2023-10-22 1h:45:7s] 76561199108250772: Set cannot be targeted by AI to true [guid=OAdpPkJP2Ps_W7h2ttR1bK23ekHCzrxw0mDT3zqLMdU=]
[COT 2023-10-22 1h:45:8s] 76561199108250772: Set UnlimitedAmmo To true [guid=OAdpPkJP2Ps_W7h2ttR1bK23ekHCzrxw0mDT3zqLMdU=]
[COT 2023-10-22 1h:45:8s] 76561199108250772: Set UnlimitedStamina To true [guid=OAdpPkJP2Ps_W7h2ttR1bK23ekHCzrxw0mDT3zqLMdU=]
[COT 2023-10-22 1h:45:9s] 76561199108250772: Set GodMode To true [guid=OAdpPkJP2Ps_W7h2ttR1bK23ekHCzrxw0mDT3zqLMdU=]
[COT 2023-10-22 1h:45:28] 76561199108250772: Spawned Entity Mountain Backpack (MountainBag_ColorBase<b2a92560>, 100, 150, 0) at <5060.562500, 39.134979, 8186.283691>
[COT 2023-10-22 1h:46:22] 76561199108250772: Entered the Free Camera
[COT 2023-10-22 1h:46:33] 76561199108250772: Left the Free Camera
[COT 2023-10-22 1h:46:53] 76561199108250772: Teleported to position <6503.769043, 3.560498, 8520.627930>
[COT 2023-10-22 1h:47:11] 76561199108250772: Healed [guid=OAdpPkJP2Ps_W7h2ttR1bK23ekHCzrxw0mDT3zqLMdU=]
[COT 2023-10-22 1h:50:8s] 76561199108250772: Set cannot be targeted by AI to false [guid=OAdpPkJP2Ps_W7h2ttR1bK23ekHCzrxw0mDT3zqLMdU=]
[COT 2023-10-22 1h:50:58] 76561199108250772: Spawned Entity M16-A2 (M16A2_Base<acf144c0>, 100, 200, 0) at <6395.635254, 6.543948, 8615.298828>
[COT 2023-10-22 1h:51:30] 76561199108250772: Spawned Entity .357 Rounds (Ammo_357<af52bf80>, 80, 100, 0) at <6510.070313, 3.392235, 8523.917969>
[COT 2023-10-22 1h:52:8s] 76561199108250772: Entered the Free Camera
[COT 2023-10-22 1h:52:16] 76561199108250772: Left the Free Camera
[COT 2023-10-22 1h:54:57] 76561199108250772: Healed [guid=OAdpPkJP2Ps_W7h2ttR1bK23ekHCzrxw0mDT3zqLMdU=]
[COT 2023-10-22 1h:57:59] 76561199108250772: Spawned Entity Firewood (Firewood<b5a96640>, 1, 500, 0) at <6346.498047, 20.967514, 9397.709961>
[COT 2023-10-22 1h:58:0s] 76561199108250772: Spawned Entity Firewood (Firewood<b0eda0f0>, 1, 500, 0) at <6346.598633, 21.115936, 9397.666992>
[COT 2023-10-22 1h:58:0s] 76561199108250772: Spawned Entity Firewood (Firewood<b0ed7120>, 1, 500, 0) at <6346.715332, 21.292547, 9397.619141>
[COT 2023-10-22 1h:58:26] 76561199108250772: Spawned Entity Paper (Paper<aa57e5a0>, 100, 15, 0) at <6346.123535, 20.967772, 9397.702148>
