[COT 2023-12-8D 16:6m:7s] 76561199407766611: Set GodMode To true [guid=spMEkRl42onhFHdF_u42e0T03x2sj347kUc600NXdGA=]
[COT 2023-12-8D 16:6m:7s] 76561199407766611: Set cannot be targeted by AI to true [guid=spMEkRl42onhFHdF_u42e0T03x2sj347kUc600NXdGA=]
[COT 2023-12-8D 16:6m:8s] 76561199407766611: Set UnlimitedStamina To true [guid=spMEkRl42onhFHdF_u42e0T03x2sj347kUc600NXdGA=]
[COT 2023-12-8D 16:6m:8s] 76561199407766611: Set UnlimitedAmmo To true [guid=spMEkRl42onhFHdF_u42e0T03x2sj347kUc600NXdGA=]
[COT 2023-12-8D 16:6m:38] 76561199407766611: Entered the Free Camera
[COT 2023-12-8D 16:6m:56] 76561199407766611: Set rain to 0 0 0
[COT 2023-12-8D 16:6m:56] 76561199407766611: Set storm to 0 0.8 4000
[COT 2023-12-8D 16:6m:56] 76561199407766611: Set fog to 0 0 0
[COT 2023-12-8D 16:6m:56] 76561199407766611: Set overcast to 0 0 0
[COT 2023-12-8D 16:6m:56] 76561199407766611: Set wind to 0 0 1
[COT 2023-12-8D 16:6m:58] 76561199407766611: Set the date to 2011/12/13 12:0
[COT 2023-12-8D 16:6m:59] 76561199407766611: Set rain to 0 0 0
[COT 2023-12-8D 16:6m:59] 76561199407766611: Set storm to 0 0.8 4000
[COT 2023-12-8D 16:6m:59] 76561199407766611: Set fog to 0 0 0
[COT 2023-12-8D 16:6m:59] 76561199407766611: Set overcast to 0 0 0
[COT 2023-12-8D 16:6m:59] 76561199407766611: Set the date to 2011/12/13 12:0
[COT 2023-12-8D 16:6m:59] 76561199407766611: Set wind to 0 0 1
[COT 2023-12-8D 16:7m:24] 76561199407766611: Left the Free Camera
[COT 2023-12-8D 16:7m:51] 76561199407766611: Spawned Entity GCGN M82 Barret Black (GCGN_M82_Barret<826c3240>, 100, 200, 0) at <8058.025391, 70.417786, 11203.504883>
[COT 2023-12-8D 16:8m:5s] 76561199407766611: Spawned Entity Barret M95 Magazine (GCGN_M82_Mag<b03a7690>, 10, 100, 0) at <8058.250488, 70.541809, 11203.393555>
[COT 2023-12-8D 16:8m:25] 76561199407766611: Spawned Entity SNAFU AR DMR Optic 12X (SNAFU_HuntingOptic<9f0778d0>, 10, 50, 0) at <8058.277344, 70.400757, 11203.359375>
[COT 2023-12-8D 16:8m:50] 76561199407766611: Spawned Entity 50Bmg & 408 Suppressor Black (SNAFU_50bmg_Suppressor_B<b0384260>, 50, 20, 0) at <8058.294922, 70.400276, 11203.361328>
[COT 2023-12-8D 16:13:15] 76561199407766611: Spawned Entity Medium Tent (MediumTent<b6ff5740>, 100, 600, 0) at <8081.103027, 59.527992, 11164.599609>
[COT 2023-12-8D 16:14:11] 76561199407766611: Spawned Entity Canned Bacon (TacticalBaconCan<bc6e55f0>, 100, 100, 0) at <8085.290039, 58.814945, 11163.634766>
[COT 2023-12-8D 16:14:11] 76561199407766611: Spawned Entity Canned Bacon (TacticalBaconCan<bc6be610>, 100, 100, 0) at <8085.312500, 58.932632, 11163.641602>
[COT 2023-12-8D 16:14:11] 76561199407766611: Spawned Entity Canned Bacon (TacticalBaconCan<be286e90>, 100, 100, 0) at <8085.335449, 59.049999, 11163.646484>
[COT 2023-12-8D 16:14:12] 76561199407766611: Spawned Entity Canned Bacon (TacticalBaconCan<be25ea90>, 100, 100, 0) at <8085.365234, 59.205769, 11163.652344>
[COT 2023-12-8D 16:14:20] 76561199407766611: Spawned Entity Can Opener (CanOpener<b494ff80>, 100, 20, 0) at <8085.387695, 59.361534, 11163.653320>
[COT 2023-12-8D 16:15:1s] 76561199407766611: Spawned Entity 20 Round M110 Semi-Automatic Magazine (GCGN_M110_Mag<bc9094d0>, 20, 100, 0) at <8085.395508, 59.415558, 11163.656250>
[COT 2023-12-8D 16:15:1s] 76561199407766611: Spawned Entity 20 Round M110 Semi-Automatic Magazine (GCGN_M110_Mag<bc9183e0>, 20, 100, 0) at <8085.402832, 59.454441, 11163.659180>
[COT 2023-12-8D 16:15:1s] 76561199407766611: Spawned Entity 20 Round M110 Semi-Automatic Magazine (GCGN_M110_Mag<b715d4d0>, 20, 100, 0) at <8085.411621, 59.493320, 11163.663086>
[COT 2023-12-8D 16:15:2s] 76561199407766611: Spawned Entity 20 Round M110 Semi-Automatic Magazine (GCGN_M110_Mag<b717cfa0>, 20, 100, 0) at <8085.421387, 59.532204, 11163.666016>
[COT 2023-12-8D 16:15:4s] 76561199407766611: Spawned Entity 20 Round M110 Semi-Automatic Magazine (GCGN_M110_Mag<a8eb1600>, 20, 100, 0) at <8085.437988, 59.571087, 11163.661133>
[COT 2023-12-8D 16:15:7s] 76561199407766611: Spawned Entity M110 Semi-Automatic Green (GCGN_M110_Green<826cc210>, 20, 200, 0) at <8085.431641, 59.609970, 11163.663086>
[COT 2023-12-8D 16:15:16] 76561199407766611: Spawned Entity SNAFU AR DMR Optic 12X (SNAFU_HuntingOptic<c2d1ceb0>, 20, 50, 0) at <8085.428711, 59.748447, 11163.649414>
[COT 2023-12-8D 16:17:6s] 76561199407766611: Spawned Entity M60 (SNAFU_M60<826c74a0>, 100, 300, 0) at <8084.140137, 58.589081, 11162.717773>
[COT 2023-12-8D 16:17:59] 76561199407766611: Spawned Entity SNAFU AX50 (SNAFUAX50_GUN<826c7fb0>, 100, 300, 0) at <8084.103516, 58.597534, 11162.732422>
[COT 2023-12-8D 16:18:0s] 76561199407766611: Spawned Entity SNAFU AX50 (SNAFUAX50_GUN<826c8ac0>, 100, 300, 0) at <8084.131348, 58.688522, 11162.750977>
[COT 2023-12-8D 16:18:6s] 76561199407766611: Spawned Entity SNAFUAX50 Mag (SNAFUAX50_Mag<c4595cc0>, 5, 100, 0) at <8084.157227, 58.757103, 11162.766602>
[COT 2023-12-8D 16:18:7s] 76561199407766611: Spawned Entity SNAFUAX50 Mag (SNAFUAX50_Mag<c45a9850>, 5, 100, 0) at <8084.182617, 58.834599, 11162.783203>
[COT 2023-12-8D 16:18:7s] 76561199407766611: Spawned Entity SNAFUAX50 Mag (SNAFUAX50_Mag<c0898e10>, 5, 100, 0) at <8084.207520, 58.911591, 11162.799805>
[COT 2023-12-8D 16:18:7s] 76561199407766611: Spawned Entity SNAFUAX50 Mag (SNAFUAX50_Mag<c08ad330>, 5, 100, 0) at <8084.231934, 58.989082, 11162.816406>
[COT 2023-12-8D 16:18:8s] 76561199407766611: Spawned Entity SNAFUAX50 Mag (SNAFUAX50_Mag<c08af970>, 5, 100, 0) at <8084.256348, 59.066074, 11162.832031>
[COT 2023-12-8D 16:18:30] 76561199407766611: Spawned Entity M84 Scope (GCGN_M84_Optic<c2d141d0>, 5, 200, 0) at <8084.282715, 59.143066, 11162.849609>
[COT 2023-12-8D 16:18:34] 76561199407766611: Spawned Entity SNAFU AR DMR Optic 12X (SNAFU_HuntingOptic<c2cefa30>, 5, 50, 0) at <8084.275391, 59.143066, 11162.859375>
[COT 2023-12-8D 16:18:34] 76561199407766611: Spawned Entity SNAFU AR DMR Optic 12X (SNAFU_HuntingOptic<c2cfe1a0>, 5, 50, 0) at <8084.306152, 59.233837, 11162.868164>
[COT 2023-12-8D 16:19:42] 76561199407766611: Spawned Entity 50Bmg & 408 Suppressor Woodland (SNAFU_50bmg_Suppressor_W<c31698e0>, 100, 20, 0) at <8084.326660, 59.204121, 11162.921875>
[COT 2023-12-8D 16:19:43] 76561199407766611: Spawned Entity 50Bmg & 408 Suppressor Woodland (SNAFU_50bmg_Suppressor_W<c316a270>, 100, 20, 0) at <8084.346191, 59.261822, 11162.934570>
[COT 2023-12-8D 16:19:56] 76561199407766611: Spawned Entity Old SR25 Bipod (SNAFU_Bipod<b6bdd9d0>, 100, 100, 0) at <8084.365234, 59.318111, 11162.946289>
[COT 2023-12-8D 16:19:56] 76561199407766611: Spawned Entity Old SR25 Bipod (SNAFU_Bipod<b6beb5c0>, 100, 100, 0) at <8084.417969, 59.476818, 11162.981445>
[COT 2023-12-8D 16:20:57] 76561199407766611: Spawned Entity Fange (FangeKnife<b747fba0>, 100, 130, 0) at <8084.459961, 58.753296, 11163.255859>
[COT 2023-12-8D 16:21:6s] 76561199407766611: Spawned Entity Hunter Boots (CombatBoots_Black<b7491a80>, 100, 160, 0) at <8084.492676, 58.825287, 11163.260742>
[COT 2023-12-8D 16:24:31] 76561199407766611: Teleported to position <3610.999023, 41.000000, 6524.530273>
[COT 2023-12-8D 16:24:42] 76561199407766611: Entered the Free Camera
[COT 2023-12-8D 16:24:52] 76561199407766611: Left the Free Camera
[COT 2023-12-8D 16:25:36] 76561199407766611: Spawned Entity Ada 4x4 (OffroadHatchback_Blue<beac57a0>, 100, 1000, 0) at <3707.544922, 41.365852, 6222.072754>
[COT 2023-12-8D 16:25:51] 76561199407766611: Spawned Entity Ada 4x4 (OffroadHatchback_Blue<bead1ff0>, 100, 1000, 0) at <3723.364746, 41.581306, 6210.332031>
[COT 2023-12-8D 16:26:1s] 76561199407766611: Deleted Entity OffroadHatchback_Blue:7693 at <3708.343262, 40.597328, 6222.935547>
[COT 2023-12-8D 16:29:47] 76561199407766611: Teleported to position <6734.140625, 15.105944, 11364.180664>
[COT 2023-12-8D 16:30:27] 76561199407766611: Entered the Free Camera
[COT 2023-12-8D 16:30:50] 76561199407766611: Left the Free Camera
[COT 2023-12-8D 16:31:16] 76561199407766611: Spawned Entity Barrel (Barrel_Blue<c4bd2760>, 0, 1300, 512) at <6727.712891, 51.132000, 11380.526367>
[COT 2023-12-8D 16:32:23] 76561199407766611: Spawned Entity Barret M95 Magazine (GCGN_M82_Mag<bdf1c9a0>, 10, 100, 0) at <6727.729980, 51.782181, 11380.851563>
[COT 2023-12-8D 16:33:19] 76561199407766611: Spawned Entity Fence Kit (FenceKit<b902a9b0>, 100, 200, 0) at <6732.367676, 51.128403, 11383.157227>
[COT 2023-12-8D 16:34:2s] 76561199407766611: Spawned Entity Wooden Log (WoodenLog<b9622d80>, 1, 500, 0) at <6731.981934, 51.128704, 11383.254883>
[COT 2023-12-8D 16:34:3s] 76561199407766611: Spawned Entity Wooden Log (WoodenLog<b96266e0>, 1, 500, 0) at <6732.045410, 51.343418, 11383.201172>
[COT 2023-12-8D 16:34:23] 76561199407766611: Spawned Entity Phoenix crew log ID8242 (dzn_phoenix_log_1<c061ebd0>, 1, 100, 0) at <6732.436035, 51.128349, 11380.639648>
[COT 2023-12-8D 16:34:24] 76561199407766611: Spawned Entity Personal Log: Cpt. Netanya Keitner (dzn_netanyas_log<c06271b0>, 1, 100, 0) at <6732.517578, 51.220661, 11380.669922>
[COT 2023-12-8D 16:34:25] 76561199407766611: Spawned Entity Phoenix crew log ID8522 (dzn_phoenix_log_2<bc915da0>, 1, 100, 0) at <6732.590820, 51.312973, 11380.695313>
[COT 2023-12-8D 16:34:26] 76561199407766611: Spawned Entity Phoenix crew log ID8674 (dzn_phoenix_log_3<bc9209c0>, 1, 100, 0) at <6732.680176, 51.405281, 11380.723633>
[COT 2023-12-8D 16:34:26] 76561199407766611: Spawned Entity Phoenix crew log ID8892 (dzn_phoenix_log_4<bc903530>, 1, 100, 0) at <6732.758789, 51.497593, 11380.755859>
[COT 2023-12-8D 16:34:27] 76561199407766611: Spawned Entity Phoenix crew log ID8912 (dzn_phoenix_log_5<bc8ff240>, 1, 100, 0) at <6732.830566, 51.589905, 11380.787109>
[COT 2023-12-8D 16:34:36] 76561199407766611: Spawned Entity Shovel (Shovel<bc90ce30>, 1, 200, 0) at <6731.521484, 51.129059, 11383.542969>
[COT 2023-12-8D 16:36:20] 76561199407766611: Spawned Entity Nails (Nail<bcceab00>, 99, 80, 0) at <6731.715820, 51.128910, 11383.399414>
[COT 2023-12-8D 16:36:25] 76561199407766611: Spawned Entity Plank (WoodenPlank<bccf9a10>, 10, 100, 0) at <6731.769043, 51.203987, 11383.383789>
[COT 2023-12-8D 16:36:26] 76561199407766611: Spawned Entity Plank (WoodenPlank<c0888250>, 10, 100, 0) at <6731.868652, 51.352196, 11383.337891>
[COT 2023-12-8D 16:36:31] 76561199407766611: Spawned Entity Metal Wire (MetalWire<c0e95920>, 10, 500, 0) at <6731.963379, 51.501530, 11383.291016>
[COT 2023-12-8D 16:36:35] 76561199407766611: Spawned Entity Hammer (Hammer<c0e96c40>, 10, 100, 0) at <6732.009277, 51.566330, 11383.263672>
[COT 2023-12-8D 16:36:41] 76561199407766611: Spawned Entity Pliers (Pliers<c0e9e890>, 10, 100, 0) at <6732.067871, 51.663036, 11383.244141>
[COT 2023-12-8D 16:36:49] 76561199407766611: Spawned Entity CodeLock (CodeLock<b61d8ed0>, 10, 1500, 0) at <6732.148926, 51.780376, 11383.201172>
[COT 2023-12-8D 16:38:52] 76561199407766611: Spawned Entity Firewood (Firewood<b28e45e0>, 1, 500, 0) at <6730.789551, 51.444984, 11380.965820>
[COT 2023-12-8D 16:38:53] 76561199407766611: Spawned Entity Firewood (Firewood<b28e0c80>, 1, 500, 0) at <6730.854004, 51.621593, 11380.964844>
[COT 2023-12-8D 16:38:53] 76561199407766611: Spawned Entity Firewood (Firewood<b28ee870>, 1, 500, 0) at <6730.930176, 51.798206, 11380.943359>
[COT 2023-12-8D 16:38:53] 76561199407766611: Spawned Entity Firewood (Firewood<b28e7f40>, 1, 500, 0) at <6731.007324, 51.974815, 11380.919922>
[COT 2023-12-8D 16:38:53] 76561199407766611: Spawned Entity Firewood (Firewood<b28ea580>, 1, 500, 0) at <6731.083984, 52.151421, 11380.896484>
[COT 2023-12-8D 16:38:53] 76561199407766611: Spawned Entity Firewood (Firewood<b28f5b30>, 1, 500, 0) at <6731.159668, 52.328030, 11380.872070>
[COT 2023-12-8D 16:39:0s] 76561199407766611: Spawned Entity Short Stick (WoodenStick<b28f64c0>, 5, 50, 0) at <6731.231934, 52.504635, 11380.851563>
[COT 2023-12-8D 16:39:0s] 76561199407766611: Spawned Entity Short Stick (WoodenStick<b28f8b00>, 5, 50, 0) at <6731.264160, 52.576714, 11380.841797>
[COT 2023-12-8D 16:39:0s] 76561199407766611: Spawned Entity Short Stick (WoodenStick<b28f21d0>, 5, 50, 0) at <6731.295898, 52.648796, 11380.832031>
[COT 2023-12-8D 16:39:5s] 76561199407766611: Spawned Entity Light Bark (Bark_Birch<b28fcdf0>, 8, 25, 0) at <6731.332031, 52.719555, 11380.819336>
[COT 2023-12-8D 16:39:5s] 76561199407766611: Spawned Entity Light Bark (Bark_Birch<b29040b0>, 8, 25, 0) at <6731.333984, 52.720055, 11380.819336>
[COT 2023-12-8D 16:39:6s] 76561199407766611: Spawned Entity Light Bark (Bark_Birch<b290e340>, 8, 25, 0) at <6731.333496, 52.719799, 11380.819336>
[COT 2023-12-8D 16:41:37] 76561199407766611: Teleported to position <6955.879883, 15.283104, 11517.875977>
[COT 2023-12-8D 16:41:49] 76561199407766611: Spawned Entity Olga 24 (CivilianSedan_Wine<bead4800>, 100, 1000, 0) at <6961.896973, 15.023156, 11517.877930>
[COT 2023-12-8D 16:41:56] 76561199407766611: Deleted Entity CivilianSedan_Wine:8001 at <6961.887207, 14.805324, 11517.877930>
[COT 2023-12-8D 16:42:2s] 76561199407766611: Spawned Entity Olga 24 (CivilianSedan_Wine<bead4800>, 100, 1000, 0) at <6963.686035, 15.000003, 11517.098633>
[COT 2023-12-8D 16:43:38] 76561199407766611: Entered the Free Camera
[COT 2023-12-8D 16:43:43] 76561199407766611: Left the Free Camera
