[COT 2023-10-27 18:26:1s] 76561199407766611: Teleported to position <3952.154053, 2.326702, 10363.572266>
[COT 2023-10-27 18:26:3s] 76561199407766611: Teleported to position <3947.416260, 5.754195, 10009.420898>
[COT 2023-10-27 18:27:20] 76561199407766611: Spawned Entity JJFU Nomad (SNAFU_CALI_GUN<74e25b40>, 100, 200, 0) at <3928.655518, 5.869768, 10004.957031>
[COT 2023-10-27 18:27:29] 76561199407766611: Spawned Entity Snipex Alligator (SNAFUAlligator<74e3e980>, 100, 300, 0) at <3928.595215, 5.918261, 10004.950195>
[COT 2023-10-27 18:27:30] 76561199407766611: Spawned Entity Alligator 5rnd Mag (SNAFUAlligator_5rdMag<7bb4c130>, 5, 200, 0) at <3928.204346, 6.220309, 10004.964844>
[COT 2023-10-27 18:27:30] 76561199407766611: Spawned Entity Alligator 5rnd Mag (SNAFUAlligator_5rdMag<7bb58070>, 5, 200, 0) at <3928.098877, 6.303199, 10004.967773>
[COT 2023-10-27 18:28:23] 76561199407766611: Spawned Entity $UNT$Long Range Scope (LongrangeOptic<7eef54a0>, 100, 100, 0) at <3942.138916, 9.773647, 10033.754883>
[COT 2023-10-27 18:28:30] 76561199407766611: Deleted Entity LongrangeOptic:08587 at <3942.138916, 9.782938, 10033.754883>
[COT 2023-10-27 18:28:45] 76561199407766611: Spawned Entity SNAFU AR DMR Optic 12X (SNAFU_HuntingOptic<7eef54a0>, 100, 50, 0) at <3942.171143, 9.778567, 10033.676758>
[COT 2023-10-27 18:29:6s] 76561199407766611: Entered the Free Camera
[COT 2023-10-27 18:29:37] 76561199407766611: ESP: Viewing ESP
[COT 2023-10-27 18:29:43] 76561199407766611: Left the Free Camera
[COT 2023-10-27 18:29:50] 76561199407766611: Teleported to position <1210.905151, 2.000000, 11849.348633>
[COT 2023-10-27 18:29:57] 76561199407766611: Set GodMode To true [guid=spMEkRl42onhFHdF_u42e0T03x2sj347kUc600NXdGA=]
[COT 2023-10-27 18:29:57] 76561199407766611: Set Invisibility To 1 [guid=spMEkRl42onhFHdF_u42e0T03x2sj347kUc600NXdGA=]
[COT 2023-10-27 18:29:58] 76561199407766611: Set UnlimitedStamina To true [guid=spMEkRl42onhFHdF_u42e0T03x2sj347kUc600NXdGA=]
[COT 2023-10-27 18:29:58] 76561199407766611: Set UnlimitedAmmo To true [guid=spMEkRl42onhFHdF_u42e0T03x2sj347kUc600NXdGA=]
[COT 2023-10-27 18:30:44] 76561199407766611: Teleported to position <8197.442383, 15.094093, 10813.188477>
[COT 2023-10-27 18:32:6s] 76561199407766611: Deleted Entity MVS_Combat_Vest_Multicam_Black:06437 at <7820.643066, 25.472258, 11136.391602>
[COT 2023-10-27 18:32:6s] 76561199407766611: Deleted Entity SNAFUAlligator:08871 at <7820.643066, 25.647652, 11136.391602>
[COT 2023-10-27 18:32:20] 76561199407766611: Entered the Free Camera
[COT 2023-10-27 18:35:35] 76561199407766611: Left the Free Camera
[COT 2023-10-27 18:36:51] 76561199407766611: Spawned Entity Firewood (Firewood<7545a310>, 1, 500, 0) at <8182.608398, 15.024343, 10657.606445>
[COT 2023-10-27 18:36:51] 76561199407766611: Spawned Entity Firewood (Firewood<7bd79620>, 1, 500, 0) at <8182.685059, 15.196593, 10657.661133>
[COT 2023-10-27 18:36:52] 76561199407766611: Spawned Entity Firewood (Firewood<7bd8e4d0>, 1, 500, 0) at <8182.763672, 15.373421, 10657.716797>
[COT 2023-10-27 18:36:52] 76561199407766611: Spawned Entity Firewood (Firewood<806b0cf0>, 1, 500, 0) at <8182.842285, 15.550032, 10657.772461>
[COT 2023-10-27 18:36:52] 76561199407766611: Spawned Entity Firewood (Firewood<806ac070>, 1, 500, 0) at <8182.918457, 15.721472, 10657.825195>
[COT 2023-10-27 18:36:52] 76561199407766611: Spawned Entity Firewood (Firewood<7a467610>, 1, 500, 0) at <8182.996582, 15.898084, 10657.879883>
[COT 2023-10-27 18:38:20] 76561199407766611: Spawned Entity Paper (Paper<74cb4670>, 100, 15, 0) at <8183.971680, 15.022833, 10657.134766>
[COT 2023-10-27 18:38:29] 76561199407766611: Spawned Entity Pen (Pen_Black<7f8255c0>, 100, 10, 0) at <8183.979004, 15.095163, 10657.097656>
[COT 2023-10-27 18:42:0s] 76561199407766611: Spawned Entity Paper (Paper<812b5dd0>, 100, 15, 0) at <8144.407715, 16.046774, 10866.372070>
[COT 2023-10-27 18:44:7s] 76561199407766611: Entered the Free Camera
[COT 2023-10-27 18:44:13] 76561199407766611: Left the Free Camera
[COT 2023-10-27 18:44:51] 76561199407766611: Spawned Entity Firewood (Firewood<7c4e5450>, 1, 500, 0) at <8088.566406, 15.374990, 10834.725586>
[COT 2023-10-27 18:44:51] 76561199407766611: Spawned Entity Firewood (Firewood<69fd1d70>, 1, 500, 0) at <8088.555176, 15.551601, 10834.736328>
[COT 2023-10-27 18:44:52] 76561199407766611: Spawned Entity Firewood (Firewood<7f9b2c80>, 1, 500, 0) at <8088.543945, 15.728213, 10834.748047>
[COT 2023-10-27 18:44:52] 76561199407766611: Spawned Entity Firewood (Firewood<7bd6fd20>, 1, 500, 0) at <8088.532715, 15.904825, 10834.759766>
[COT 2023-10-27 18:44:52] 76561199407766611: Spawned Entity Firewood (Firewood<70d6d1f0>, 1, 500, 0) at <8088.521484, 16.081436, 10834.770508>
[COT 2023-10-27 18:45:6s] 76561199407766611: Entered the Free Camera
[COT 2023-10-27 18:45:12] 76561199407766611: Left the Free Camera
[COT 2023-10-27 18:45:34] 76561199407766611: Spawned Entity Paper (Paper<80e69700>, 100, 15, 0) at <8164.646484, 15.812809, 10841.471680>
[COT 2023-10-27 18:45:34] 76561199407766611: Spawned Entity Paper (Paper<80e46c60>, 100, 15, 0) at <8164.652832, 15.885139, 10841.469727>
[COT 2023-10-27 18:48:10] 76561199407766611: Entered the Free Camera
[COT 2023-10-27 18:48:18] 76561199407766611: Left the Free Camera
[COT 2023-10-27 18:48:33] 76561199407766611: Entered the Free Camera
[COT 2023-10-27 18:48:48] 76561199407766611: Left the Free Camera
[COT 2023-10-27 18:49:4s] 76561199407766611: Spawned Entity Firewood (Firewood<7f81f620>, 1, 500, 0) at <8154.089844, 15.648455, 10817.449219>
[COT 2023-10-27 18:49:4s] 76561199407766611: Spawned Entity Firewood (Firewood<7c4e2480>, 1, 500, 0) at <8154.009277, 15.807688, 10817.379883>
[COT 2023-10-27 18:49:5s] 76561199407766611: Spawned Entity Firewood (Firewood<7c4eed50>, 1, 500, 0) at <8153.920410, 15.984298, 10817.303711>
[COT 2023-10-27 18:49:5s] 76561199407766611: Spawned Entity Firewood (Firewood<7c4f1d20>, 1, 500, 0) at <8153.831055, 16.160910, 10817.227539>
[COT 2023-10-27 18:49:5s] 76561199407766611: Spawned Entity Firewood (Firewood<7c4fbfb0>, 1, 500, 0) at <8153.742188, 16.337521, 10817.151367>
[COT 2023-10-27 18:49:25] 76561199407766611: Entered the Free Camera
[COT 2023-10-27 18:49:34] 76561199407766611: Left the Free Camera
[COT 2023-10-27 18:49:41] 76561199407766611: Entered the Free Camera
[COT 2023-10-27 18:50:1s] 76561199407766611: Left the Free Camera
[COT 2023-10-27 18:50:14] 76561199407766611: Spawned Entity Paper (Paper<7f1da350>, 100, 15, 0) at <8123.432129, 15.395285, 10825.307617>
[COT 2023-10-27 18:50:15] 76561199407766611: Spawned Entity Paper (Paper<7451b690>, 100, 15, 0) at <8123.494141, 15.467615, 10825.362305>
[COT 2023-10-27 18:50:15] 76561199407766611: Spawned Entity Paper (Paper<7acb0a50>, 100, 15, 0) at <8123.554199, 15.539946, 10825.416992>
[COT 2023-10-27 18:50:15] 76561199407766611: Spawned Entity Paper (Paper<6d7d2b40>, 100, 15, 0) at <8123.613770, 15.612275, 10825.472656>
[COT 2023-10-27 18:50:15] 76561199407766611: Spawned Entity Paper (Paper<7ae6d440>, 100, 15, 0) at <8123.673340, 15.684605, 10825.526367>
[COT 2023-10-27 18:50:15] 76561199407766611: Spawned Entity Paper (Paper<7a8cd5a0>, 100, 15, 0) at <8123.732910, 15.756935, 10825.581055>
[COT 2023-10-27 18:50:45] 76561199407766611: Entered the Free Camera
[COT 2023-10-27 18:51:8s] 76561199407766611: Left the Free Camera
[COT 2023-10-27 18:51:17] 76561199407766611: Spawned Entity Firewood (Firewood<75461f60>, 1, 500, 0) at <8172.727539, 15.880016, 10884.802734>
[COT 2023-10-27 18:51:17] 76561199407766611: Spawned Entity Firewood (Firewood<806d5440>, 1, 500, 0) at <8172.854980, 16.057377, 10884.783203>
[COT 2023-10-27 18:51:17] 76561199407766611: Spawned Entity Firewood (Firewood<806d8410>, 1, 500, 0) at <8172.981445, 16.233988, 10884.764648>
[COT 2023-10-27 18:51:17] 76561199407766611: Spawned Entity Firewood (Firewood<806d2e00>, 1, 500, 0) at <8173.089355, 16.385614, 10884.749023>
[COT 2023-10-27 18:51:37] 76561199407766611: Entered the Free Camera
[COT 2023-10-27 18:51:44] 76561199407766611: Left the Free Camera
[COT 2023-10-27 18:52:3s] 76561199407766611: Entered the Free Camera
[COT 2023-10-27 18:52:10] 76561199407766611: Left the Free Camera
[COT 2023-10-27 18:52:39] 76561199407766611: Entered the Free Camera
[COT 2023-10-27 18:53:38] 76561199407766611: Left the Free Camera
[COT 2023-10-27 18:56:18] 76561199407766611: Set Invisibility To 1 [guid=spMEkRl42onhFHdF_u42e0T03x2sj347kUc600NXdGA=]
[COT 2023-10-27 18:56:19] 76561199407766611: Set GodMode To true [guid=spMEkRl42onhFHdF_u42e0T03x2sj347kUc600NXdGA=]
[COT 2023-10-27 18:56:20] 76561199407766611: Set UnlimitedStamina To true [guid=spMEkRl42onhFHdF_u42e0T03x2sj347kUc600NXdGA=]
[COT 2023-10-27 18:56:20] 76561199407766611: Set UnlimitedAmmo To true [guid=spMEkRl42onhFHdF_u42e0T03x2sj347kUc600NXdGA=]
[COT 2023-10-27 18:56:26] 76561199407766611: Entered the Free Camera
[COT 2023-10-27 18:56:54] 76561199407766611: Left the Free Camera
[COT 2023-10-27 18:57:8s] 76561199407766611: Spawned Entity SN M9 (SN_M9<74e39c10>, 100, 150, 0) at <8151.562012, 15.455702, 10817.034180>
[COT 2023-10-27 18:57:9s] 76561199407766611: Spawned Entity M9 Mag (SN_M9_Mag<7bd6f390>, 15, 150, 0) at <8151.538574, 15.525353, 10816.981445>
[COT 2023-10-27 18:57:9s] 76561199407766611: Spawned Entity M9 Mag (SN_M9_Mag<7bd79620>, 15, 150, 0) at <8151.502441, 15.596334, 10816.930664>
[COT 2023-10-27 18:57:10] 76561199407766611: Spawned Entity M9 Mag (SN_M9_Mag<7bd8e4d0>, 15, 150, 0) at <8151.466309, 15.667147, 10816.881836>
[COT 2023-10-27 18:58:44] 76561199407766611: Entered the Free Camera
[COT 2023-10-27 18:59:3s] 76561199407766611: Left the Free Camera
[COT 2023-10-27 18:59:42] 76561199407766611: Entered the Free Camera
[COT 2023-10-27 19:1m:6s] 76561199407766611: Spawned Entity Hen (Animal_GallusGallusDomesticusF_Brown<7ef25b70>, 100, 15, 0) at <8164.585449, 15.196667, 10860.788086>
[COT 2023-10-27 19:2m:37] 76561199407766611: Left the Free Camera
[COT 2023-10-27 19:2m:40] 76561199407766611: Entered the Free Camera
[COT 2023-10-27 19:3m:22] 76561199407766611: Left the Free Camera
[COT 2023-10-27 19:3m:43] 76561199407766611: Entered the Free Camera
[COT 2023-10-27 19:4m:25] 76561199407766611: Left the Free Camera
[COT 2023-10-27 19:4m:29] 76561199407766611: Entered the Free Camera
[COT 2023-10-27 19:9m:14] 76561199407766611: Left the Free Camera
[COT 2023-10-27 19:11:41] 76561199407766611: Entered the Free Camera
[COT 2023-10-27 19:13:29] 76561199407766611: Left the Free Camera
[COT 2023-10-27 19:13:38] 76561199407766611: Spawned Entity Splitting Axe (WoodAxe<7fd486c0>, 100, 250, 0) at <8180.482910, 15.151759, 10899.650391>
[COT 2023-10-27 19:17:9s] 76561199407766611: Entered the Free Camera
[COT 2023-10-27 19:17:25] 76561199407766611: Deleted Entity Land_House_1W08_Brown:-21470392321359012957 at <8142.266602, 17.869881, 10867.098633>
[COT 2023-10-27 19:17:27] 76561199407766611: Left the Free Camera
[COT 2023-10-27 19:18:53] 76561199407766611: Spawned Entity Tripwire (TripwireTrap<c2cb6030>, 100, 50, 0) at <8140.687988, 15.220000, 10872.652344>
[COT 2023-10-27 19:18:53] 76561199407766611: Spawned Entity Tripwire (TripwireTrap<c2cb2b60>, 100, 50, 0) at <8140.637207, 15.797562, 10872.651367>
[COT 2023-10-27 19:19:56] 76561199407766611: Teleported to position <6869.264160, 15.297094, 11298.554688>
[COT 2023-10-27 19:20:7s] 76561199407766611: Entered the Free Camera
[COT 2023-10-27 19:20:31] 76561199407766611: Set rain to 0.45 0 0
[COT 2023-10-27 19:20:31] 76561199407766611: Set storm to 0.2025 0.8 4000
[COT 2023-10-27 19:20:31] 76561199407766611: Set fog to 0.46 0 0
[COT 2023-10-27 19:20:31] 76561199407766611: Set overcast to 0.47 0 0
[COT 2023-10-27 19:20:31] 76561199407766611: Set the date to 2011/12/20 9:51
[COT 2023-10-27 19:20:31] 76561199407766611: Set wind to 0.44 0.44 1
[COT 2023-10-27 19:21:27] 76561199407766611: Left the Free Camera
[COT 2023-10-27 19:22:8s] 76561199407766611: Entered the Free Camera
[COT 2023-10-27 19:22:14] 76561199407766611: Left the Free Camera
[COT 2023-10-27 19:22:15] 76561199407766611: Entered the Free Camera
[COT 2023-10-27 19:22:24] 76561199407766611: Left the Free Camera
[COT 2023-10-27 19:24:20] 76561199407766611: Spawned Entity Rangefinder (Rangefinder<81254eb0>, 100, 70, 0) at <6743.643066, 58.109699, 11373.930664>
[COT 2023-10-27 19:24:25] 76561199407766611: Spawned Entity 9V Battery (Battery9V<6a553fe0>, 50, 20, 0) at <6743.632324, 58.195274, 11373.888672>
