[COT 2023-10-22 17:11:21] 76561199108250772: Entered the Free Camera
[COT 2023-10-22 17:11:26] 76561199108250772: Left the Free Camera
[COT 2023-10-22 17:12:2s] 76561199108250772: Spawned Entity Motorbike Helmet (MotoHelmet_Red<dc4abb20>, 100, 60, 0) at <7960.628906, 33.812454, 10689.897461>
[COT 2023-10-22 17:12:56] 76561199108250772: Entered the Free Camera
[COT 2023-10-22 17:13:1s] 76561199108250772: Left the Free Camera
[COT 2023-10-22 17:13:20] 76561199108250772: Spawned Entity Witch Hood (WitchHood_Brown<ee74c8b0>, 100, 250, 0) at <8149.579590, 48.535961, 10762.937500>
[COT 2023-10-22 17:13:24] 76561198036774377: Spawned Entity 100 US-Dollar Note (ItemBase<eb59f140>, 500, 100, 0) at <6508.352539, 3.700762, 8513.877930>
[COT 2023-10-22 17:13:24] 76561198036774377: Spawned Entity 100 US-Dollar Note (ItemBase<eb5b3660>, 500, 100, 0) at <6508.352539, 3.700762, 8513.877930>
[COT 2023-10-22 17:13:25] 76561198036774377: Spawned Entity 100 US-Dollar Note (ItemBase<eb5cab50>, 500, 100, 0) at <6508.352539, 3.700762, 8513.877930>
[COT 2023-10-22 17:13:25] 76561198036774377: Spawned Entity 100 US-Dollar Note (ItemBase<eca03650>, 500, 100, 0) at <6508.352539, 3.700762, 8513.877930>
[COT 2023-10-22 17:13:25] 76561198036774377: Spawned Entity 100 US-Dollar Note (ItemBase<eca0f590>, 500, 100, 0) at <6508.352539, 3.700762, 8513.877930>
[COT 2023-10-22 17:13:25] 76561198036774377: Spawned Entity 100 US-Dollar Note (ItemBase<e706e330>, 500, 100, 0) at <6508.352539, 3.700762, 8513.877930>
[COT 2023-10-22 17:13:25] 76561198036774377: Spawned Entity 100 US-Dollar Note (ItemBase<e704ded0>, 500, 100, 0) at <6508.352539, 3.700762, 8513.877930>
[COT 2023-10-22 17:13:25] 76561198036774377: Spawned Entity 100 US-Dollar Note (ItemBase<eec74890>, 500, 100, 0) at <6508.352539, 3.700762, 8513.877930>
[COT 2023-10-22 17:13:25] 76561198036774377: Spawned Entity 100 US-Dollar Note (ItemBase<eec75220>, 500, 100, 0) at <6508.352539, 3.700762, 8513.877930>
[COT 2023-10-22 17:13:26] 76561198036774377: Spawned Entity 100 US-Dollar Note (ItemBase<eec76540>, 500, 100, 0) at <6508.352539, 3.700762, 8513.877930>
[COT 2023-10-22 17:13:26] 76561198036774377: Spawned Entity 100 US-Dollar Note (ItemBase<eec98fe0>, 500, 100, 0) at <6508.352539, 3.700762, 8513.877930>
[COT 2023-10-22 17:13:26] 76561198036774377: Spawned Entity 100 US-Dollar Note (ItemBase<eec9ac90>, 500, 100, 0) at <6508.352539, 3.700762, 8513.877930>
[COT 2023-10-22 17:13:26] 76561198036774377: Spawned Entity 100 US-Dollar Note (ItemBase<ed411ff0>, 500, 100, 0) at <6508.352539, 3.700762, 8513.877930>
[COT 2023-10-22 17:13:26] 76561198036774377: Spawned Entity 100 US-Dollar Note (ItemBase<ed41af60>, 500, 100, 0) at <6508.352539, 3.700762, 8513.877930>
[COT 2023-10-22 17:13:26] 76561198036774377: Spawned Entity 100 US-Dollar Note (ItemBase<ed4192b0>, 500, 100, 0) at <6508.352539, 3.700762, 8513.877930>
[COT 2023-10-22 17:13:26] 76561198036774377: Spawned Entity 100 US-Dollar Note (ItemBase<ed41e8c0>, 500, 100, 0) at <6508.352539, 3.700762, 8513.877930>
[COT 2023-10-22 17:13:27] 76561198036774377: Spawned Entity 100 US-Dollar Note (ItemBase<ed41b8f0>, 500, 100, 0) at <6508.352539, 3.700762, 8513.877930>
[COT 2023-10-22 17:13:27] 76561198036774377: Spawned Entity 100 US-Dollar Note (ItemBase<ed424860>, 500, 100, 0) at <6508.352539, 3.700762, 8513.877930>
[COT 2023-10-22 17:13:27] 76561198036774377: Spawned Entity 100 US-Dollar Note (ItemBase<ed435420>, 500, 100, 0) at <6508.352539, 3.700762, 8513.877930>
[COT 2023-10-22 17:13:27] 76561198036774377: Spawned Entity 100 US-Dollar Note (ItemBase<ed43a0a0>, 500, 100, 0) at <6508.352539, 3.700762, 8513.877930>
[COT 2023-10-22 17:13:27] 76561198036774377: Spawned Entity 100 US-Dollar Note (ItemBase<ed441cf0>, 500, 100, 0) at <6508.352539, 3.700762, 8513.877930>
[COT 2023-10-22 17:15:37] 76561199108250772: Entered the Free Camera
[COT 2023-10-22 17:15:42] 76561199108250772: Left the Free Camera
[COT 2023-10-22 17:15:48] 76561199108250772: Entered the Free Camera
[COT 2023-10-22 17:15:52] 76561199108250772: Left the Free Camera
[COT 2023-10-22 17:17:13] 76561199108250772: Spawned Entity Firewood (Firewood<eb5cab50>, 1, 500, 0) at <8073.505859, 70.730003, 11202.805664>
[COT 2023-10-22 17:17:13] 76561199108250772: Spawned Entity Firewood (Firewood<ed2d5c90>, 1, 500, 0) at <8073.472168, 70.906624, 11202.922852>
[COT 2023-10-22 17:17:13] 76561199108250772: Spawned Entity Firewood (Firewood<ed2ea1b0>, 1, 500, 0) at <8073.442383, 71.059128, 11203.024414>
[COT 2023-10-22 17:17:14] 76561199108250772: Spawned Entity Firewood (Firewood<ed2f9a50>, 1, 500, 0) at <8073.409180, 71.228340, 11203.138672>
[COT 2023-10-22 17:17:14] 76561199108250772: Spawned Entity Firewood (Firewood<ecc12800>, 1, 500, 0) at <8073.374512, 71.404297, 11203.256836>
[COT 2023-10-22 17:17:14] 76561199108250772: Spawned Entity Firewood (Firewood<ecc25a00>, 1, 500, 0) at <8073.339844, 71.580902, 11203.376953>
[COT 2023-10-22 17:20:16] 76561198036774377: Healed [guid=mBNlxASsPlOcry0dpDl8K-WgHNR5WMCMmoJ9NhpU4FY=]
[COT 2023-10-22 17:25:47] 76561198036774377: Teleported to position <3190.273926, 117.116180, 7531.446777>
[COT 2023-10-22 17:26:0s] 76561198036774377: Set Invisibility To 1 [guid=mBNlxASsPlOcry0dpDl8K-WgHNR5WMCMmoJ9NhpU4FY=]
[COT 2023-10-22 17:26:0s] 76561198036774377: Set GodMode To true [guid=mBNlxASsPlOcry0dpDl8K-WgHNR5WMCMmoJ9NhpU4FY=]
[COT 2023-10-22 17:26:3s] 76561198036774377: Healed [guid=mBNlxASsPlOcry0dpDl8K-WgHNR5WMCMmoJ9NhpU4FY=]
[COT 2023-10-22 17:26:34] 76561198036774377: Entered the Free Camera
[COT 2023-10-22 17:27:12] 76561199108250772: Spawned Entity Firewood (Firewood<ec88aa30>, 1, 500, 0) at <8073.721680, 70.730003, 11202.458984>
[COT 2023-10-22 17:27:12] 76561199108250772: Spawned Entity Firewood (Firewood<ec8870d0>, 1, 500, 0) at <8073.707031, 70.906746, 11202.574219>
[COT 2023-10-22 17:27:12] 76561199108250772: Spawned Entity Firewood (Firewood<ec86c280>, 1, 500, 0) at <8073.695801, 71.065536, 11202.677734>
[COT 2023-10-22 17:27:29] 76561199108250772: Healed [guid=OAdpPkJP2Ps_W7h2ttR1bK23ekHCzrxw0mDT3zqLMdU=]
[COT 2023-10-22 17:27:37] 76561198036774377: Left the Free Camera
[COT 2023-10-22 17:27:56] 76561199108250772: Spawned Entity Firewood (Firewood<ecc2b010>, 1, 500, 0) at <8075.183594, 70.730011, 11200.622070>
[COT 2023-10-22 17:27:57] 76561199108250772: Spawned Entity Firewood (Firewood<eeafe910>, 1, 500, 0) at <8075.057617, 70.807335, 11200.769531>
[COT 2023-10-22 17:27:57] 76561199108250772: Spawned Entity Firewood (Firewood<eeb06560>, 1, 500, 0) at <8074.972656, 70.859482, 11200.870117>
[COT 2023-10-22 17:28:3s] 76561199108250772: Spawned Entity Sea Chest (SeaChest<eeb06ef0>, 1, 600, 0) at <8074.310547, 70.728722, 11200.489258>
[COT 2023-10-22 17:28:11] 76561199108250772: Spawned Entity Paper (Paper<ee8b22e0>, 1, 15, 0) at <8073.572754, 70.724236, 11200.526367>
[COT 2023-10-22 17:28:11] 76561199108250772: Spawned Entity Paper (Paper<ee8d60a0>, 1, 15, 0) at <8073.557617, 70.792648, 11200.660156>
[COT 2023-10-22 17:28:11] 76561199108250772: Spawned Entity Paper (Paper<ee8da390>, 1, 15, 0) at <8073.540527, 70.859917, 11200.797852>
[COT 2023-10-22 17:28:12] 76561199108250772: Spawned Entity Paper (Paper<ee8dd360>, 1, 15, 0) at <8073.526367, 70.927078, 11200.940430>
[COT 2023-10-22 17:28:17] 76561199108250772: Spawned Entity Lighter (PetrolLighter<e0183fb0>, 20, 20, 0) at <8073.508789, 70.999413, 11201.077148>
[COT 2023-10-22 17:29:21] 76561199108250772: Spawned Entity Boxed 12ga Rifled Slugs (AmmoBox_12gaSlug_10Rnd<ee9c7250>, 2, 100, 0) at <8073.968262, 70.727768, 11200.682617>
[COT 2023-10-22 17:29:21] 76561199108250772: Spawned Entity Boxed 12ga Rifled Slugs (AmmoBox_12gaSlug_10Rnd<ee9c0920>, 2, 100, 0) at <8073.960938, 70.790321, 11200.696289>
[COT 2023-10-22 17:29:28] 76561199108250772: Spawned Entity Boxed 5.56x45mm Rounds (AmmoBox_556x45_20Rnd<ee9c9890>, 2, 100, 0) at <8073.704590, 70.724930, 11200.501953>
[COT 2023-10-22 17:29:28] 76561199108250772: Spawned Entity Boxed 5.56x45mm Rounds (AmmoBox_556x45_20Rnd<ee9d3190>, 2, 100, 0) at <8073.705078, 70.744553, 11200.510742>
[COT 2023-10-22 17:30:26] 76561199108250772: Spawned Entity Lock Pick (Lockpick<e7333d30>, 100, 125, 0) at <8067.010254, 70.729431, 11207.916992>
[COT 2023-10-22 17:33:42] 76561198036774377: Teleported to position <6489.693359, 2.476777, 8533.442383>
[COT 2023-10-22 17:37:6s] 76561199108250772: Spawned Entity SNAFU RSASS Wood (SNAFURSASS_Wood_GUN<e90620a0>, 100, 300, 0) at <8073.659668, 70.730026, 11203.440430>
[COT 2023-10-22 17:37:34] 76561199108250772: Spawned Entity Firewood (Firewood<eafbc890>, 1, 500, 0) at <8074.009277, 70.730003, 11203.527344>
[COT 2023-10-22 17:37:34] 76561199108250772: Spawned Entity Firewood (Firewood<ef289510>, 1, 500, 0) at <8073.917480, 70.900368, 11203.523438>
[COT 2023-10-22 17:37:50] 76561199108250772: Spawned Entity Short Stick (WoodenStick<ef289510>, 5, 50, 0) at <8074.410645, 70.730003, 11203.414063>
[COT 2023-10-22 17:37:51] 76561199108250772: Spawned Entity Short Stick (WoodenStick<ef28bb50>, 5, 50, 0) at <8074.360840, 70.794334, 11203.418945>
[COT 2023-10-22 17:40:15] 76561199108250772: Healed [guid=OAdpPkJP2Ps_W7h2ttR1bK23ekHCzrxw0mDT3zqLMdU=]
[COT 2023-10-22 17:41:50] 76561198036774377: Teleported to position <7357.387695, 45.167431, 10549.333008>
[COT 2023-10-22 17:42:40] 76561199108250772: Entered the Free Camera
[COT 2023-10-22 17:42:48] 76561199108250772: Left the Free Camera
[COT 2023-10-22 17:44:12] 76561199108250772: Set the date to 2011/12/10 12:0
[COT 2023-10-22 17:44:14] 76561199108250772: Entered the Free Camera
[COT 2023-10-22 17:44:32] 76561199108250772: Left the Free Camera
[COT 2023-10-22 17:46:48] 76561198036774377: Teleported to position <5785.834961, 16.842125, 10759.916992>
[COT 2023-10-22 17:49:3s] 76561198036774377: Healed [guid=mBNlxASsPlOcry0dpDl8K-WgHNR5WMCMmoJ9NhpU4FY=]
[COT 2023-10-22 17:51:30] 76561198036774377: Teleported to position <5224.995605, 36.625309, 8637.702148>
