[COT 2023-11-8D 0h:52:17] 76561199108250772: Set GodMode To true [guid=OAdpPkJP2Ps_W7h2ttR1bK23ekHCzrxw0mDT3zqLMdU=]
[COT 2023-11-8D 0h:52:17] 76561199108250772: Set cannot be targeted by AI to true [guid=OAdpPkJP2Ps_W7h2ttR1bK23ekHCzrxw0mDT3zqLMdU=]
[COT 2023-11-8D 0h:52:18] 76561199108250772: Set UnlimitedStamina To true [guid=OAdpPkJP2Ps_W7h2ttR1bK23ekHCzrxw0mDT3zqLMdU=]
[COT 2023-11-8D 0h:52:18] 76561199108250772: Set UnlimitedAmmo To true [guid=OAdpPkJP2Ps_W7h2ttR1bK23ekHCzrxw0mDT3zqLMdU=]
[COT 2023-11-8D 0h:52:59] 76561199108250772: Set the date to 2011/12/16 12:0
[COT 2023-11-8D 0h:53:1s] 76561199108250772: Set rain to 0 0 0
[COT 2023-11-8D 0h:53:1s] 76561199108250772: Set storm to 0 0.8 4000
[COT 2023-11-8D 0h:53:1s] 76561199108250772: Set fog to 0 0 0
[COT 2023-11-8D 0h:53:1s] 76561199108250772: Set overcast to 0 0 0
[COT 2023-11-8D 0h:53:1s] 76561199108250772: Set wind to 0 0 1
[COT 2023-11-8D 0h:53:15] 76561199108250772: Teleported to position <8325.444336, 15.000000, 10769.270508>
[COT 2023-11-8D 0h:53:51] 76561199108250772: Healed [guid=OAdpPkJP2Ps_W7h2ttR1bK23ekHCzrxw0mDT3zqLMdU=]
[COT 2023-11-8D 0h:54:8s] 76561199108250772: ESP: Viewing ESP
[COT 2023-11-8D 0h:55:25] 76561199108250772: ESP: Clearing ESP
[COT 2023-11-8D 0h:57:40] 76561199108250772: ESP: Viewing ESP
[COT 2023-11-8D 0h:59:16] 76561199108250772: ESP: Clearing ESP
[COT 2023-11-8D 0h:59:47] 76561199108250772: Entered the Free Camera
[COT 2023-11-8D 0h:59:51] 76561199108250772: Left the Free Camera
[COT 2023-11-8D 1h:0m:20] 76561199108250772: Teleported to position <3836.362549, 7.402721, 9223.440430>
[COT 2023-11-8D 1h:0m:26] 76561199108250772: Entered the Free Camera
[COT 2023-11-8D 1h:0m:29] 76561199108250772: Left the Free Camera
[COT 2023-11-8D 1h:1m:9s] 76561199108250772: ESP: Viewing ESP
[COT 2023-11-8D 1h:1m:11] 76561199108250772: ESP index=0 target=Fence:04931 position=<3835.613525, 7.048888, 9234.657227> action=delete
[COT 2023-11-8D 1h:1m:11] 76561199108250772: ESP action=delete_all count=1 attempted=1
[COT 2023-11-8D 1h:1m:22] 76561199108250772: Spawned Entity Rope (Rope<bb644670>, 100, 200, 0) at <3837.944092, 7.082585, 9235.383789>
[COT 2023-11-8D 1h:1m:30] 76561199108250772: Spawned Entity Short Stick (WoodenStick<bb640380>, 5, 50, 0) at <3837.959473, 7.114065, 9235.383789>
[COT 2023-11-8D 1h:2m:34] 76561199108250772: ESP: Clearing ESP
[COT 2023-11-8D 1h:2m:34] 76561199108250772: ESP: Viewing ESP
[COT 2023-11-8D 1h:2m:37] 76561199108250772: ESP target=Fence<c5508f90> action=built part=base required_materials=false
[COT 2023-11-8D 1h:2m:39] 76561199108250772: ESP target=Fence<c5508f90> action=built part=wall_base_down required_materials=false
[COT 2023-11-8D 1h:2m:40] 76561199108250772: ESP target=Fence<c5508f90> action=built part=wall_wood_down required_materials=false
[COT 2023-11-8D 1h:2m:42] 76561199108250772: ESP target=Fence<c5508f90> action=built part=wall_base_up required_materials=false
[COT 2023-11-8D 1h:2m:43] 76561199108250772: ESP target=Fence<c5508f90> action=built part=wall_wood_up required_materials=false
[COT 2023-11-8D 1h:2m:45] 76561199108250772: ESP target=Fence<c5508f90> action=built part=wall_platform required_materials=false
[COT 2023-11-8D 1h:2m:49] 76561199108250772: ESP target=Fence<c5508f90> action=dismantle part=wall_platform
[COT 2023-11-8D 1h:2m:50] 76561199108250772: ESP target=Fence<c5508f90> action=built part=wall_platform required_materials=false
[COT 2023-11-8D 1h:2m:54] 76561199108250772: ESP target=Fence<c5508f90> action=dismantle part=wall_platform
[COT 2023-11-8D 1h:2m:57] 76561199108250772: ESP target=Fence<c5508f90> action=built part=wall_gate required_materials=false
[COT 2023-11-8D 1h:3m:1s] 76561199108250772: ESP: Clearing ESP
[COT 2023-11-8D 1h:3m:11] 76561199108250772: Spawned Entity CodeLock (CodeLock<be25ad50>, 100, 1500, 0) at <3832.450439, 6.960632, 9229.797852>
[COT 2023-11-8D 1h:5m:13] 76561199108250772: Spawned Entity Firewood (Firewood<c0c8a6b0>, 1, 500, 0) at <3838.239502, 7.082585, 9234.187500>
[COT 2023-11-8D 1h:5m:13] 76561199108250772: Spawned Entity Firewood (Firewood<c0c96f80>, 1, 500, 0) at <3838.238281, 7.259197, 9234.276367>
[COT 2023-11-8D 1h:5m:14] 76561199108250772: Spawned Entity Firewood (Firewood<b998a940>, 1, 500, 0) at <3838.231934, 7.435809, 9234.357422>
