[COT 2023-12-4D 17:25:49] 76561199407766611: Set GodMode To true [guid=spMEkRl42onhFHdF_u42e0T03x2sj347kUc600NXdGA=]
[COT 2023-12-4D 17:25:50] 76561199407766611: Set Invisibility To 1 [guid=spMEkRl42onhFHdF_u42e0T03x2sj347kUc600NXdGA=]
[COT 2023-12-4D 17:25:50] 76561199407766611: Set UnlimitedStamina To true [guid=spMEkRl42onhFHdF_u42e0T03x2sj347kUc600NXdGA=]
[COT 2023-12-4D 17:25:51] 76561199407766611: Set UnlimitedAmmo To true [guid=spMEkRl42onhFHdF_u42e0T03x2sj347kUc600NXdGA=]
[COT 2023-12-4D 17:26:6s] 76561199407766611: Spawned Entity MVS - Multicam Tropic (ModularVestSystem_Base<2bbcfb00>, 100, 225, 0) at <4491.389648, 4.473796, 11271.014648>
[COT 2023-12-4D 17:26:13] 76561199407766611: Spawned Entity MVS - Multicam Tropic (ModularVestSystem_Base<2bbcde50>, 100, 225, 0) at <4485.024414, 2.825126, 11262.218750>
[COT 2023-12-4D 17:26:15] 76561199407766611: Spawned Entity MVS Admin Pouch - Multicam Tropic (MVS_Pouch_Base<2bbccb30>, 100, 100, 0) at <4484.930664, 3.210062, 11262.135742>
[COT 2023-12-4D 17:26:16] 76561199407766611: Spawned Entity MVS Heavy LMG Pouch - Multicam Tropic (MVS_Pouch_Base<2bbcf170>, 100, 100, 0) at <4484.870117, 3.314961, 11262.090820>
[COT 2023-12-4D 17:26:17] 76561199407766611: Spawned Entity MVS Utility Pouch - Multicam Tropic (MVS_Pouch_Base<2bbd17b0>, 100, 100, 0) at <4484.780273, 3.419861, 11262.020508>
[COT 2023-12-4D 17:26:18] 76561199407766611: Spawned Entity MVS Medical Pouch - Multicam Tropic (MVS_Pouch_Base<2bbcb810>, 100, 100, 0) at <4484.734375, 3.512611, 11261.983398>
[COT 2023-12-4D 17:26:25] 76561199407766611: Spawned Entity MVS Rucksack - Multicam Tropic (MountainBag_ColorBase<2bbd2ad0>, 100, 300, 0) at <4484.653809, 3.614183, 11261.926758>
[COT 2023-12-4D 17:26:29] 76561199407766611: Spawned Entity MVS Combat Belt - Multicam Tropic (Modular_Belt_Base<2bbcc1a0>, 100, 100, 0) at <4484.650391, 2.825126, 11262.266602>
[COT 2023-12-4D 17:26:30] 76561199407766611: Spawned Entity MVS Holster - Multicam Tropic (PlateCarrierHolster<2bbd3460>, 100, 100, 0) at <4484.614258, 2.950539, 11262.217773>
[COT 2023-12-4D 17:26:33] 76561199407766611: Spawned Entity MVS Combat Pants - Multicam Tropic (BDUPants<315b17d0>, 100, 100, 0) at <4484.594238, 3.028203, 11262.197266>
[COT 2023-12-4D 17:26:34] 76561199407766611: Spawned Entity MVS Combat Shirt - Multicam Tropic (TacticalShirt_ColorBase<315b3e10>, 100, 100, 0) at <4484.496582, 3.413139, 11262.056641>
[COT 2023-12-4D 17:26:39] 76561199407766611: Spawned Entity MVS Patrol Cap - Multicam Tropic (Clothing<2cfae6d0>, 100, 100, 0) at <4484.468750, 3.505430, 11262.018555>
[COT 2023-12-4D 17:27:38] 76561199407766611: Teleported to position <4811.408691, 22.170954, 10557.036133>
[COT 2023-12-4D 17:27:59] 76561199407766611: Teleported to position <6707.063477, 15.000000, 11161.995117>
[COT 2023-12-4D 17:29:10] 76561199407766611: Spawned Entity SNAFU Scar-H Tan (Snafu_ScarH_Tan_GUN<c8e5c4c0>, 100, 200, 0) at <6706.390137, 15.000036, 11161.520508>
[COT 2023-12-4D 17:29:18] 76561199407766611: Spawned Entity Trijicon Docter (SNAFU_Trijicon_Docter<1e3dde00>, 100, 50, 0) at <6706.414063, 15.086575, 11161.539063>
[COT 2023-12-4D 17:29:36] 76561199407766611: Spawned Entity SNAFU Scar AFG Tan (SNAFUScar_AFG_Tan<2c361ec0>, 100, 100, 0) at <6706.200195, 15.000000, 11161.958984>
[COT 2023-12-4D 17:29:39] 76561199407766611: Spawned Entity Universal Tan ScarH SUP (Snafu_ScarH_SIL_Tan<2c36b7c0>, 100, 100, 0) at <6706.260254, 15.144629, 11161.960938>
[COT 2023-12-4D 17:30:31] 76561199407766611: Entered the Free Camera
[COT 2023-12-4D 17:31:9s] 76561199407766611: Left the Free Camera
[COT 2023-12-4D 17:31:30] 76561199407766611: Entered the Free Camera
[COT 2023-12-4D 17:31:33] 76561199407766611: Left the Free Camera
[COT 2023-12-4D 17:31:40] 76561199407766611: Entered the Free Camera
[COT 2023-12-4D 17:32:6s] 76561199407766611: Left the Free Camera
[COT 2023-12-4D 17:32:20] 76561199407766611: Entered the Free Camera
[COT 2023-12-4D 17:32:36] 76561199407766611: Left the Free Camera
[COT 2023-12-4D 17:33:4s] 76561199407766611: Spawned Entity Flag Pole Kit (TerritoryFlagKit<3d50a1f0>, 100, 200, 0) at <6739.508301, 44.282890, 11381.087891>
[COT 2023-12-4D 17:33:7s] 76561199407766611: Spawned Entity Flag (Flag_APA<3d52c300>, 100, 100, 0) at <6739.298828, 44.427631, 11380.993164>
[COT 2023-12-4D 17:33:17] 76561199407766611: Set Invisibility To 0 [guid=spMEkRl42onhFHdF_u42e0T03x2sj347kUc600NXdGA=]
[COT 2023-12-4D 17:35:28] 76561199407766611: Healed [guid=spMEkRl42onhFHdF_u42e0T03x2sj347kUc600NXdGA=]
[COT 2023-12-4D 17:35:30] 76561199407766611: Set GodMode To true [guid=spMEkRl42onhFHdF_u42e0T03x2sj347kUc600NXdGA=]
[COT 2023-12-4D 17:35:31] 76561199407766611: Set UnlimitedStamina To true [guid=spMEkRl42onhFHdF_u42e0T03x2sj347kUc600NXdGA=]
[COT 2023-12-4D 17:35:31] 76561199407766611: Set UnlimitedAmmo To true [guid=spMEkRl42onhFHdF_u42e0T03x2sj347kUc600NXdGA=]
[COT 2023-12-4D 17:36:15] 76561199407766611: Spawned Entity Sledgehammer (SledgeHammer<40d94a00>, 100, 300, 0) at <6738.657715, 44.283604, 11380.880859>
[COT 2023-12-4D 17:36:22] 76561199407766611: Spawned Entity Shovel (Shovel<40d91a30>, 100, 200, 0) at <6738.657715, 44.283604, 11380.880859>
[COT 2023-12-4D 17:36:27] 76561199407766611: Spawned Entity Hatchet (Hatchet<40d9bcc0>, 100, 150, 0) at <6738.657715, 44.283604, 11380.880859>
[COT 2023-12-4D 17:36:27] 76561199407766611: Spawned Entity Hatchet (Hatchet<40d9a010>, 100, 150, 0) at <6738.657715, 44.283604, 11380.880859>
[COT 2023-12-4D 17:36:27] 76561199407766611: Spawned Entity Hatchet (Hatchet<40d626c0>, 100, 150, 0) at <6738.657715, 44.283604, 11380.880859>
[COT 2023-12-4D 17:36:33] 76561199407766611: Spawned Entity Nails (Nail<38971ca0>, 99, 80, 0) at <6738.657715, 44.283604, 11380.880859>
[COT 2023-12-4D 17:36:33] 76561199407766611: Spawned Entity Nails (Nail<3cff0480>, 99, 80, 0) at <6738.657715, 44.283604, 11380.880859>
[COT 2023-12-4D 17:36:33] 76561199407766611: Spawned Entity Nails (Nail<3d0049a0>, 99, 80, 0) at <6738.657715, 44.283604, 11380.880859>
[COT 2023-12-4D 17:36:34] 76561199407766611: Spawned Entity Nails (Nail<3d936db0>, 99, 80, 0) at <6738.657715, 44.283604, 11380.880859>
[COT 2023-12-4D 17:36:40] 76561199407766611: Spawned Entity Wooden Log (WoodenLog<413eacf0>, 1, 500, 0) at <6738.657715, 44.283604, 11380.880859>
[COT 2023-12-4D 17:36:40] 76561199407766611: Spawned Entity Wooden Log (WoodenLog<41408180>, 1, 500, 0) at <6738.657715, 44.283604, 11380.880859>
[COT 2023-12-4D 17:36:40] 76561199407766611: Spawned Entity Wooden Log (WoodenLog<3f9ebd00>, 1, 500, 0) at <6738.657715, 44.283604, 11380.880859>
[COT 2023-12-4D 17:36:41] 76561199407766611: Spawned Entity Wooden Log (WoodenLog<3fa01540>, 1, 500, 0) at <6738.657715, 44.283604, 11380.880859>
[COT 2023-12-4D 17:36:41] 76561199407766611: Spawned Entity Wooden Log (WoodenLog<42cb50a0>, 1, 500, 0) at <6738.657715, 44.283604, 11380.880859>
[COT 2023-12-4D 17:36:41] 76561199407766611: Spawned Entity Wooden Log (WoodenLog<3d7d9360>, 1, 500, 0) at <6738.657715, 44.283604, 11380.880859>
[COT 2023-12-4D 17:37:53] 76561199407766611: Spawned Entity Wooden Log (WoodenLog<3fa01540>, 1, 500, 0) at <6738.643066, 44.283619, 11380.866211>
[COT 2023-12-4D 17:37:58] 76561199407766611: Spawned Entity Large Stone (Stone<437a2cc0>, 1, 200, 0) at <6738.643066, 44.283619, 11380.866211>
[COT 2023-12-4D 17:37:59] 76561199407766611: Spawned Entity Large Stone (Stone<437af590>, 1, 200, 0) at <6738.643066, 44.283619, 11380.866211>
[COT 2023-12-4D 17:37:59] 76561199407766611: Spawned Entity Large Stone (Stone<42f7fb80>, 1, 200, 0) at <6738.643066, 44.283619, 11380.866211>
[COT 2023-12-4D 17:37:59] 76561199407766611: Spawned Entity Large Stone (Stone<42f8cde0>, 1, 200, 0) at <6738.643066, 44.283619, 11380.866211>
[COT 2023-12-4D 17:37:59] 76561199407766611: Spawned Entity Large Stone (Stone<42f98d20>, 1, 200, 0) at <6738.643066, 44.283619, 11380.866211>
[COT 2023-12-4D 17:38:0s] 76561199407766611: Spawned Entity Large Stone (Stone<413eacf0>, 1, 200, 0) at <6738.643066, 44.283619, 11380.866211>
[COT 2023-12-4D 17:38:0s] 76561199407766611: Spawned Entity Large Stone (Stone<41408b10>, 1, 200, 0) at <6738.643066, 44.283619, 11380.866211>
[COT 2023-12-4D 17:38:0s] 76561199407766611: Spawned Entity Large Stone (Stone<41408180>, 1, 200, 0) at <6738.643066, 44.283619, 11380.866211>
[COT 2023-12-4D 17:38:0s] 76561199407766611: Spawned Entity Large Stone (Stone<41402b70>, 1, 200, 0) at <6738.643066, 44.283619, 11380.866211>
[COT 2023-12-4D 17:38:1s] 76561199407766611: Spawned Entity Large Stone (Stone<38c9f060>, 1, 200, 0) at <6738.643066, 44.283619, 11380.866211>
[COT 2023-12-4D 17:38:1s] 76561199407766611: Spawned Entity Large Stone (Stone<43643c30>, 1, 200, 0) at <6738.643066, 44.283619, 11380.866211>
[COT 2023-12-4D 17:38:1s] 76561199407766611: Spawned Entity Large Stone (Stone<4363efb0>, 1, 200, 0) at <6738.643066, 44.283619, 11380.866211>
[COT 2023-12-4D 17:38:2s] 76561199407766611: Spawned Entity Large Stone (Stone<40c01a90>, 1, 200, 0) at <6738.643066, 44.283619, 11380.866211>
[COT 2023-12-4D 17:38:2s] 76561199407766611: Spawned Entity Large Stone (Stone<40c03740>, 1, 200, 0) at <6738.643066, 44.283619, 11380.866211>
[COT 2023-12-4D 17:38:2s] 76561199407766611: Spawned Entity Large Stone (Stone<3d7e0620>, 1, 200, 0) at <6738.643066, 44.283619, 11380.866211>
[COT 2023-12-4D 17:38:2s] 76561199407766611: Spawned Entity Large Stone (Stone<3d80c9c0>, 1, 200, 0) at <6738.643066, 44.283619, 11380.866211>
[COT 2023-12-4D 17:38:3s] 76561199407766611: Spawned Entity Large Stone (Stone<2d97b4b0>, 1, 200, 0) at <6738.643066, 44.283619, 11380.866211>
[COT 2023-12-4D 17:38:3s] 76561199407766611: Spawned Entity Large Stone (Stone<2d94cad0>, 1, 200, 0) at <6738.643066, 44.283619, 11380.866211>
[COT 2023-12-4D 17:38:3s] 76561199407766611: Spawned Entity Large Stone (Stone<395fbd80>, 1, 200, 0) at <6738.643066, 44.283619, 11380.866211>
[COT 2023-12-4D 17:38:4s] 76561199407766611: Spawned Entity Large Stone (Stone<395f8db0>, 1, 200, 0) at <6738.643066, 44.283619, 11380.866211>
[COT 2023-12-4D 17:38:4s] 76561199407766611: Spawned Entity Large Stone (Stone<42b2cac0>, 1, 200, 0) at <6738.643066, 44.283619, 11380.866211>
[COT 2023-12-4D 17:38:4s] 76561199407766611: Spawned Entity Large Stone (Stone<4322df90>, 1, 200, 0) at <6738.643066, 44.283619, 11380.866211>
[COT 2023-12-4D 17:38:4s] 76561199407766611: Spawned Entity Large Stone (Stone<43237890>, 1, 200, 0) at <6738.643066, 44.283619, 11380.866211>
[COT 2023-12-4D 17:38:5s] 76561199407766611: Spawned Entity Large Stone (Stone<42959280>, 1, 200, 0) at <6738.643066, 44.283619, 11380.866211>
[COT 2023-12-4D 17:38:5s] 76561199407766611: Spawned Entity Large Stone (Stone<2a492a00>, 1, 200, 0) at <6738.643066, 44.283619, 11380.866211>
[COT 2023-12-4D 17:38:5s] 76561199407766611: Spawned Entity Large Stone (Stone<2a49f2d0>, 1, 200, 0) at <6738.643066, 44.283619, 11380.866211>
[COT 2023-12-4D 17:38:5s] 76561199407766611: Spawned Entity Large Stone (Stone<2a49cc90>, 1, 200, 0) at <6738.643066, 44.283619, 11380.866211>
[COT 2023-12-4D 17:38:6s] 76561199407766611: Spawned Entity Large Stone (Stone<2a49a650>, 1, 200, 0) at <6738.643066, 44.283619, 11380.866211>
[COT 2023-12-4D 17:38:6s] 76561199407766611: Spawned Entity Large Stone (Stone<2a49afe0>, 1, 200, 0) at <6738.643066, 44.283619, 11380.866211>
[COT 2023-12-4D 17:38:6s] 76561199407766611: Spawned Entity Large Stone (Stone<2a4aa880>, 1, 200, 0) at <6738.643066, 44.283619, 11380.866211>
[COT 2023-12-4D 17:38:6s] 76561199407766611: Spawned Entity Large Stone (Stone<2a4a5270>, 1, 200, 0) at <6738.643066, 44.283619, 11380.866211>
[COT 2023-12-4D 17:38:7s] 76561199407766611: Spawned Entity Large Stone (Stone<2a4b5e30>, 1, 200, 0) at <6738.643066, 44.283619, 11380.866211>
[COT 2023-12-4D 17:39:10] 76561199407766611: Spawned Entity Wooden Log (WoodenLog<41403500>, 1, 500, 0) at <6738.643066, 44.283619, 11380.866211>
[COT 2023-12-4D 17:39:11] 76561199407766611: Spawned Entity Wooden Log (WoodenLog<3b042620>, 1, 500, 0) at <6738.643066, 44.283619, 11380.866211>
[COT 2023-12-4D 17:39:11] 76561199407766611: Spawned Entity Wooden Log (WoodenLog<3b03d9a0>, 1, 500, 0) at <6738.643066, 44.283619, 11380.866211>
[COT 2023-12-4D 17:39:15] 76561199407766611: Spawned Entity Metal Wire (MetalWire<395f7100>, 1, 500, 0) at <6738.643066, 44.283619, 11380.866211>
[COT 2023-12-4D 17:39:21] 76561199407766611: Spawned Entity Rope (Rope<395f8db0>, 1, 200, 0) at <6738.643066, 44.283619, 11380.866211>
[COT 2023-12-4D 17:39:54] 76561199407766611: Entered the Free Camera
[COT 2023-12-4D 17:40:7s] 76561199407766611: Left the Free Camera
[COT 2023-12-4D 17:40:25] 76561199407766611: Spawned Entity Lock Pick (Lockpick<35e49980>, 100, 125, 0) at <6736.262207, 44.325394, 11380.040039>
[COT 2023-12-4D 17:40:25] 76561199407766611: Spawned Entity Lock Pick (Lockpick<35e50c40>, 100, 125, 0) at <6736.262207, 44.325394, 11380.040039>
[COT 2023-12-4D 17:40:25] 76561199407766611: Spawned Entity Lock Pick (Lockpick<35e5e830>, 100, 125, 0) at <6736.262207, 44.325394, 11380.040039>
[COT 2023-12-4D 17:40:25] 76561199407766611: Spawned Entity Lock Pick (Lockpick<29d19670>, 100, 125, 0) at <6736.262207, 44.325394, 11380.040039>
[COT 2023-12-4D 17:40:25] 76561199407766611: Spawned Entity Lock Pick (Lockpick<29cf4f20>, 100, 125, 0) at <6736.262207, 44.325394, 11380.040039>
[COT 2023-12-4D 17:40:26] 76561199407766611: Spawned Entity Lock Pick (Lockpick<3899f360>, 100, 125, 0) at <6736.262207, 44.325394, 11380.040039>
[COT 2023-12-4D 17:40:26] 76561199407766611: Spawned Entity Lock Pick (Lockpick<3eeceb70>, 100, 125, 0) at <6736.262207, 44.325394, 11380.040039>
[COT 2023-12-4D 17:40:26] 76561199407766611: Spawned Entity Lock Pick (Lockpick<3f4fea50>, 100, 125, 0) at <6736.262207, 44.325394, 11380.040039>
[COT 2023-12-4D 17:43:44] 76561199407766611: Spawned Entity Tripwire (TripwireTrap<1eaa8c40>, 100, 50, 0) at <6733.913086, 30.727238, 11377.561523>
[COT 2023-12-4D 17:43:44] 76561199407766611: Spawned Entity Tripwire (TripwireTrap<1eaa4ce0>, 100, 50, 0) at <6733.913086, 30.727238, 11377.561523>
[COT 2023-12-4D 17:43:44] 76561199407766611: Spawned Entity Tripwire (TripwireTrap<1eaa5770>, 100, 50, 0) at <6733.913086, 30.727238, 11377.561523>
[COT 2023-12-4D 17:43:44] 76561199407766611: Spawned Entity Tripwire (TripwireTrap<1eaa81b0>, 100, 50, 0) at <6733.913086, 30.727238, 11377.561523>
[COT 2023-12-4D 17:43:44] 76561199407766611: Spawned Entity Tripwire (TripwireTrap<1eaa96d0>, 100, 50, 0) at <6733.913086, 30.727238, 11377.561523>
[COT 2023-12-4D 17:43:52] 76561199407766611: Spawned Entity 6-M7 Frag Grenade (M67Grenade<41915f20>, 100, 50, 0) at <6733.913086, 30.727238, 11377.561523>
[COT 2023-12-4D 17:43:52] 76561199407766611: Spawned Entity 6-M7 Frag Grenade (M67Grenade<419278e0>, 100, 50, 0) at <6733.913086, 30.727238, 11377.561523>
[COT 2023-12-4D 17:43:54] 76561199407766611: Spawned Entity 8-M4 Flashbang (FlashGrenade<41901d20>, 100, 20, 0) at <6733.913086, 30.727238, 11377.561523>
[COT 2023-12-4D 17:43:54] 76561199407766611: Spawned Entity 8-M4 Flashbang (FlashGrenade<1e3f0be0>, 100, 20, 0) at <6733.913086, 30.727238, 11377.561523>
[COT 2023-12-4D 17:43:54] 76561199407766611: Spawned Entity 8-M4 Flashbang (FlashGrenade<1e3f7080>, 100, 20, 0) at <6733.913086, 30.727238, 11377.561523>
[COT 2023-12-4D 17:48:48] 76561199407766611: Spawned Entity Fence Kit (FenceKit<350acd20>, 100, 200, 0) at <6733.966797, 34.127155, 11379.437500>
[COT 2023-12-4D 17:49:42] 76561199407766611: Spawned Entity Wooden Log (WoodenLog<40bf6e70>, 1, 500, 0) at <6734.189941, 34.127022, 11375.596680>
[COT 2023-12-4D 17:49:43] 76561199407766611: Spawned Entity Wooden Log (WoodenLog<40c00770>, 1, 500, 0) at <6734.189941, 34.127022, 11375.596680>
[COT 2023-12-4D 17:49:51] 76561199407766611: Spawned Entity Plank (WoodenPlank<359328b0>, 10, 100, 0) at <6734.189941, 34.127022, 11375.596680>
[COT 2023-12-4D 17:49:51] 76561199407766611: Spawned Entity Plank (WoodenPlank<3593d4d0>, 10, 100, 0) at <6734.189941, 34.127022, 11375.596680>
[COT 2023-12-4D 17:49:51] 76561199407766611: Spawned Entity Plank (WoodenPlank<3eec9ef0>, 10, 100, 0) at <6734.189941, 34.127022, 11375.596680>
[COT 2023-12-4D 17:51:54] 76561199407766611: Spawned Entity Metal Wire (MetalWire<3d5127d0>, 100, 500, 0) at <6734.116211, 34.127144, 11375.472656>
[COT 2023-12-4D 17:51:54] 76561199407766611: Spawned Entity Metal Wire (MetalWire<3d52cc90>, 100, 500, 0) at <6734.116211, 34.127144, 11375.472656>
[COT 2023-12-4D 17:51:54] 76561199407766611: Spawned Entity Metal Wire (MetalWire<350a5a60>, 100, 500, 0) at <6734.116211, 34.127144, 11375.472656>
[COT 2023-12-4D 17:51:54] 76561199407766611: Spawned Entity Metal Wire (MetalWire<35095830>, 100, 500, 0) at <6734.116211, 34.127144, 11375.472656>
[COT 2023-12-4D 17:52:0s] 76561199407766611: Spawned Entity Pliers (Pliers<3509d480>, 100, 100, 0) at <6734.116211, 34.127144, 11375.472656>
[COT 2023-12-4D 17:53:52] 76561199407766611: Spawned Entity Fence Kit (FenceKit<42c866c0>, 100, 200, 0) at <6733.954102, 37.527267, 11376.418945>
[COT 2023-12-4D 17:54:35] 76561199407766611: Spawned Entity Wooden Log (WoodenLog<2cf85300>, 1, 500, 0) at <6733.825684, 37.527271, 11382.227539>
[COT 2023-12-4D 17:54:35] 76561199407766611: Spawned Entity Wooden Log (WoodenLog<2cfa5760>, 1, 500, 0) at <6733.825684, 37.527271, 11382.227539>
[COT 2023-12-4D 17:56:47] 76561199407766611: Entered the Free Camera
[COT 2023-12-4D 17:56:54] 76561199407766611: Left the Free Camera
[COT 2023-12-4D 17:57:22] 76561199407766611: Spawned Entity Plank (WoodenPlank<3dc20e30>, 10, 100, 0) at <6733.816895, 37.527279, 11382.356445>
[COT 2023-12-4D 17:57:22] 76561199407766611: Spawned Entity Plank (WoodenPlank<3dc217c0>, 10, 100, 0) at <6733.816895, 37.527279, 11382.356445>
[COT 2023-12-4D 17:57:22] 76561199407766611: Spawned Entity Plank (WoodenPlank<3dc22150>, 10, 100, 0) at <6733.816895, 37.527279, 11382.356445>
[COT 2023-12-4D 17:59:16] 76561199407766611: Spawned Entity Barrel (Barrel_Yellow<33cdb270>, 200000, 676, 512) at <6725.361328, 47.736828, 11374.722656>
[COT 2023-12-4D 18:1m:56] 76561199407766611: Spawned Entity Barrel (Barrel_Red<33cea3f0>, 200000, 437, 512) at <6742.410156, 51.101074, 11380.892578>
[COT 2023-12-4D 18:2m:25] 76561199407766611: Spawned Entity 5.56x45mm Rounds (Ammo_556x45<3f0e4420>, 80, 100, 0) at <6742.820801, 51.100758, 11380.187500>
[COT 2023-12-4D 18:3m:18] 76561199407766611: Entered the Free Camera
[COT 2023-12-4D 18:3m:49] 76561199407766611: Left the Free Camera
