[COT 2023-11-5D 4h:6m:56] 76561199108250772: Set GodMode To true [guid=OAdpPkJP2Ps_W7h2ttR1bK23ekHCzrxw0mDT3zqLMdU=]
[COT 2023-11-5D 4h:6m:58] 76561199108250772: Set cannot be targeted by AI to true [guid=OAdpPkJP2Ps_W7h2ttR1bK23ekHCzrxw0mDT3zqLMdU=]
[COT 2023-11-5D 4h:6m:59] 76561199108250772: Set UnlimitedStamina To true [guid=OAdpPkJP2Ps_W7h2ttR1bK23ekHCzrxw0mDT3zqLMdU=]
[COT 2023-11-5D 4h:6m:59] 76561199108250772: Set UnlimitedAmmo To true [guid=OAdpPkJP2Ps_W7h2ttR1bK23ekHCzrxw0mDT3zqLMdU=]
[COT 2023-11-5D 4h:7m:14] 76561199108250772: Set rain to 0 0 0
[COT 2023-11-5D 4h:7m:14] 76561199108250772: Set storm to 0 0.8 4000
[COT 2023-11-5D 4h:7m:14] 76561199108250772: Set fog to 0 0 0
[COT 2023-11-5D 4h:7m:14] 76561199108250772: Set overcast to 0 0 0
[COT 2023-11-5D 4h:7m:14] 76561199108250772: Set wind to 0 0 1
[COT 2023-11-5D 4h:7m:14] 76561199108250772: Set the date to 2012/1/1 12:0
[COT 2023-11-5D 4h:7m:58] 76561199108250772: Spawned Entity MVS Sling Pack - Black (MountainBag_ColorBase<311b2e60>, 100, 300, 0) at <7274.318848, 239.504990, 7062.290527>
[COT 2023-11-5D 4h:9m:1s] 76561199108250772: Spawned Entity M4-A1 (M4A1_Base<ed935c80>, 100, 200, 0) at <7273.868164, 239.504990, 7062.334961>
[COT 2023-11-5D 4h:9m:37] 76561199108250772: Spawned Entity AR15 SPR 100RND Mag (SNAFUAR15_SPR_100RND_Mag<416a96c0>, 100, 100, 0) at <7274.059082, 239.504990, 7062.075195>
[COT 2023-11-5D 4h:10:7s] 76561199108250772: Spawned Entity 30rd Coupled Standardized Mag (Mag_STANAGCoupled_30Rnd<40342b80>, 60, 100, 0) at <7274.188965, 239.504990, 7061.629883>
[COT 2023-11-5D 4h:10:7s] 76561199108250772: Spawned Entity 30rd Coupled Standardized Mag (Mag_STANAGCoupled_30Rnd<40343ea0>, 60, 100, 0) at <7274.226563, 239.579300, 7061.562988>
[COT 2023-11-5D 4h:10:8s] 76561199108250772: Spawned Entity 30rd Coupled Standardized Mag (Mag_STANAGCoupled_30Rnd<40340540>, 60, 100, 0) at <7274.272949, 239.668488, 7061.479492>
[COT 2023-11-5D 4h:10:25] 76561199108250772: Spawned Entity Tetracycline Pills (TetracyclineAntibiotics<3ad38ac0>, 12, 30, 0) at <7273.994629, 239.504990, 7062.171387>
[COT 2023-11-5D 4h:10:29] 76561199108250772: Spawned Entity Multivitamin Pills (VitaminBottle<3ad10080>, 50, 50, 0) at <7274.036133, 239.567291, 7062.087891>
[COT 2023-11-5D 4h:10:39] 76561199108250772: Spawned Entity Bandage (BandageDressing<3ad10a10>, 4, 50, 0) at <7274.061523, 239.616180, 7062.020508>
[COT 2023-11-5D 4h:10:39] 76561199108250772: Spawned Entity Bandage (BandageDressing<3ad1dc70>, 4, 50, 0) at <7274.086426, 239.660187, 7061.959473>
[COT 2023-11-5D 4h:11:8s] 76561199108250772: Spawned Entity Canned Bacon (TacticalBaconCan_Opened<3dec76a0>, 400, 100, 0) at <7274.229980, 239.504990, 7061.645020>
[COT 2023-11-5D 4h:11:8s] 76561199108250772: Spawned Entity Canned Bacon (TacticalBaconCan_Opened<3ded0fa0>, 400, 100, 0) at <7274.258301, 239.583313, 7061.556641>
[COT 2023-11-5D 4h:11:12] 76561199108250772: Spawned Entity MVS Canteen - Black (Canteen<1818ea10>, 1000, 100, 1) at <7274.291016, 239.655060, 7061.479492>
[COT 2023-11-5D 4h:11:48] 76561199108250772: Spawned Entity MVS Combat Pants - Black (BDUPants<2a91eae0>, 1000, 100, 0) at <7274.189941, 239.504990, 7061.885742>
[COT 2023-11-5D 4h:11:52] 76561199108250772: Spawned Entity MVS Combat Shirt - Black (TacticalShirt_ColorBase<2a934cb0>, 1000, 100, 0) at <7274.303223, 239.704742, 7061.677734>
[COT 2023-11-5D 4h:12:27] 76561199108250772: Spawned Entity Hunting Knife (HuntingKnife<4574c010>, 100, 130, 0) at <7274.368652, 239.504990, 7061.539551>
[COT 2023-11-5D 4h:12:28] 76561199108250772: Spawned Entity Hunting Knife (HuntingKnife<4574c9a0>, 100, 130, 0) at <7274.395508, 239.563797, 7061.494629>
[COT 2023-11-5D 4h:12:32] 76561199108250772: Spawned Entity Sharpening Stone (Whetstone<3a8d8050>, 100, 50, 0) at <7274.428223, 239.622604, 7061.458008>
[COT 2023-11-5D 4h:13:4s] 76561199108250772: Spawned Entity Assault Boots (MilitaryBoots_Bluerock<43b96b20>, 100, 180, 0) at <7274.244629, 239.504990, 7061.617676>
[COT 2023-11-5D 4h:13:26] 76561199108250772: Spawned Entity Fishing Rod (FishingRod<44389470>, 100, 150, 0) at <7274.183594, 239.504990, 7062.125488>
[COT 2023-11-5D 4h:13:37] 76561199108250772: Spawned Entity Fishing Hook (Hook<44382b40>, 100, 30, 0) at <7274.233398, 239.603867, 7062.052246>
[COT 2023-11-5D 4h:13:38] 76561199108250772: Spawned Entity Fishing Hook (Hook<443a1c80>, 100, 30, 0) at <7274.234375, 239.608261, 7062.050293>
[COT 2023-11-5D 4h:13:56] 76561199108250772: Spawned Entity Heat Pack (Heatpack<45b90a30>, 100, 30, 0) at <7274.253418, 239.504990, 7062.002930>
[COT 2023-11-5D 4h:13:56] 76561199108250772: Spawned Entity Heat Pack (Heatpack<45b8a100>, 100, 30, 0) at <7274.264648, 239.534103, 7061.994629>
[COT 2023-11-5D 4h:14:19] 76561199108250772: Spawned Entity Tactical Gloves (TacticalGloves_Black<40180fb0>, 100, 165, 0) at <7274.207520, 239.504990, 7061.814453>
[COT 2023-11-5D 4h:14:33] 76561199108250772: Spawned Entity Boxed 5.56x45mm Rounds (AmmoBox_556x45_20Rnd<41c42970>, 100, 100, 0) at <7274.294922, 239.504990, 7061.772461>
[COT 2023-11-5D 4h:14:34] 76561199108250772: Spawned Entity Boxed 5.56x45mm Rounds (AmmoBox_556x45_20Rnd<41c4f240>, 100, 100, 0) at <7274.300293, 239.524536, 7061.755859>
[COT 2023-11-5D 4h:14:34] 76561199108250772: Spawned Entity Boxed 5.56x45mm Rounds (AmmoBox_556x45_20Rnd<41c5e150>, 100, 100, 0) at <7274.307129, 239.544083, 7061.743652>
[COT 2023-11-5D 4h:14:35] 76561199108250772: Spawned Entity Boxed 5.56x45mm Rounds (AmmoBox_556x45_20Rnd<2fac9600>, 100, 100, 0) at <7274.311035, 239.563629, 7061.735840>
[COT 2023-11-5D 4h:14:35] 76561199108250772: Spawned Entity Boxed 5.56x45mm Rounds (AmmoBox_556x45_20Rnd<2fb03f20>, 100, 100, 0) at <7274.315918, 239.583267, 7061.724121>
[COT 2023-11-5D 4h:15:7s] 76561199108250772: Spawned Entity Lighter (PetrolLighter<3a8d5080>, 20, 20, 0) at <7274.245605, 239.504990, 7061.801270>
[COT 2023-11-5D 4h:15:11] 76561199108250772: Spawned Entity Paper (Paper<45e2d1e0>, 20, 15, 0) at <7274.248535, 239.516907, 7061.793457>
[COT 2023-11-5D 4h:15:50] 76561199108250772: Spawned Entity Ski Mask (BalaclavaMask_Black<3e32dc80>, 100, 100, 0) at <7274.313965, 239.504990, 7061.709473>
[COT 2023-11-5D 4h:16:8s] 76561199108250772: Spawned Entity MVS Warrior Helmet - Black (Mich2001Helmet<3a8affa0>, 1000, 100, 0) at <7274.376953, 239.634064, 7061.651855>
[COT 2023-11-5D 4h:16:26] 76561199108250772: Spawned Entity Night Vision Goggles (NVGoggles<402713a0>, 100, 100, 0) at <7274.210449, 239.504990, 7062.022461>
[COT 2023-11-5D 4h:16:30] 76561199108250772: Spawned Entity 9V Battery (Battery9V<3fadd800>, 50, 20, 0) at <7274.249023, 239.603851, 7061.989258>
[COT 2023-11-5D 4h:16:31] 76561199108250772: Spawned Entity 9V Battery (Battery9V<3fae6770>, 50, 20, 0) at <7274.273926, 239.663300, 7061.962402>
[COT 2023-11-5D 4h:16:31] 76561199108250772: Spawned Entity 9V Battery (Battery9V<461fbb10>, 50, 20, 0) at <7274.294922, 239.711502, 7061.941406>
[COT 2023-11-5D 4h:16:31] 76561199108250772: Spawned Entity 9V Battery (Battery9V<415100f0>, 50, 20, 0) at <7274.317383, 239.768326, 7061.923828>
[COT 2023-11-5D 4h:16:32] 76561199108250772: Spawned Entity 9V Battery (Battery9V<3da559d0>, 50, 20, 0) at <7274.340332, 239.827271, 7061.905762>
[COT 2023-11-5D 4h:17:28] 76561199108250772: Set Stamina To 100 [guid=OAdpPkJP2Ps_W7h2ttR1bK23ekHCzrxw0mDT3zqLMdU=]
[COT 2023-11-5D 4h:17:41] 76561199108250772: Set rain to 0 0 0
[COT 2023-11-5D 4h:17:41] 76561199108250772: Set storm to 0 0.8 4000
[COT 2023-11-5D 4h:17:41] 76561199108250772: Set fog to 0 0 0
[COT 2023-11-5D 4h:17:41] 76561199108250772: Set overcast to 0 0 0
[COT 2023-11-5D 4h:17:41] 76561199108250772: Set wind to 0 0 1
[COT 2023-11-5D 4h:17:42] 76561199108250772: Set the date to 2012/1/1 12:0
[COT 2023-11-5D 4h:17:58] 76561199108250772: Teleported to position <5661.492188, 3.420713, 11498.300781>
[COT 2023-11-5D 4h:18:25] 76561199108250772: Entered the Free Camera
[COT 2023-11-5D 4h:18:31] 76561199108250772: Left the Free Camera
[COT 2023-11-5D 4h:18:47] 76561199108250772: Spawned Entity Lock Pick (Lockpick<4418ce90>, 100, 125, 0) at <5820.635742, 4.519138, 11584.365234>
[COT 2023-11-5D 4h:18:57] 76561199108250772: Spawned Entity Lock Pick (Lockpick<461ff470>, 100, 125, 0) at <5820.897949, 4.519138, 11584.223633>
[COT 2023-11-5D 4h:19:14] 76561199108250772: Spawned Entity Lock Pick (Lockpick<4584ee60>, 100, 125, 0) at <5820.977539, 4.519138, 11585.045898>
[COT 2023-11-5D 4h:19:48] 76561199108250772: Entered the Free Camera
[COT 2023-11-5D 4h:19:54] 76561199108250772: Left the Free Camera
[COT 2023-11-5D 4h:20:0s] 76561199108250772: Spawned Entity Lock Pick (Lockpick<3b5dc8e0>, 100, 125, 0) at <5816.101563, 4.174259, 11580.536133>
[COT 2023-11-5D 4h:20:39] 76561199108250772: Spawned Entity Sewing Kit (SewingKit<45b6e920>, 100, 50, 0) at <5816.069824, 4.174253, 11580.991211>
[COT 2023-11-5D 4h:20:40] 76561199108250772: Spawned Entity Leather Sewing Kit (LeatherSewingKit<41d4f950>, 100, 100, 0) at <5816.085938, 4.213648, 11580.971680>
[COT 2023-11-5D 4h:20:46] 76561199108250772: Spawned Entity Gun Cleaning Kit (WeaponCleaningKit<41d502e0>, 100, 100, 0) at <5816.129883, 4.300727, 11580.929688>
[COT 2023-11-5D 4h:22:10] 76561199108250772: Teleported to position <6217.673340, 16.900000, 11790.868164>
[COT 2023-11-5D 4h:22:47] 76561199108250772: Spawned Entity Firewood (Firewood<404f9cf0>, 1, 500, 0) at <6224.992188, 20.921051, 11819.448242>
[COT 2023-11-5D 4h:25:24] 76561199108250772: Spawned Entity Anadyr province map (ChernarusMap<43ccd630>, 100, 50, 0) at <6224.789551, 20.921190, 11819.881836>
[COT 2023-11-5D 4h:25:30] 76561199108250772: Spawned Entity Compass (Compass<311aeb70>, 100, 70, 0) at <6224.805176, 20.971384, 11819.889648>
[COT 2023-11-5D 4h:26:5s] 76561199108250772: Spawned Entity Identifier Patch - F*ck Sh*t Up (Clothing<3a8d89e0>, 100, 100, 0) at <6225.356445, 20.920801, 11819.798828>
[COT 2023-11-5D 4h:28:24] 76561199108250772: Spawned Entity Tetracycline Pills (TetracyclineAntibiotics<45746070>, 12, 30, 0) at <6224.974121, 21.097662, 11819.527344>
[COT 2023-11-5D 4h:30:56] 76561199108250772: Set rain to 0 0 0
[COT 2023-11-5D 4h:30:57] 76561199108250772: Set storm to 0 0.8 4000
[COT 2023-11-5D 4h:30:57] 76561199108250772: Set fog to 0 0 0
[COT 2023-11-5D 4h:30:57] 76561199108250772: Set overcast to 0 0 0
[COT 2023-11-5D 4h:30:57] 76561199108250772: Set wind to 0 0 1
[COT 2023-11-5D 4h:30:58] 76561199108250772: Set the date to 2012/1/1 12:0
[COT 2023-11-5D 4h:31:34] 76561199108250772: Set rain to 0 0 0
[COT 2023-11-5D 4h:31:34] 76561199108250772: Set storm to 0 0.8 4000
[COT 2023-11-5D 4h:31:34] 76561199108250772: Set fog to 0 0 0
[COT 2023-11-5D 4h:31:34] 76561199108250772: Set overcast to 0 0 0
[COT 2023-11-5D 4h:31:34] 76561199108250772: Set wind to 0 0 1
[COT 2023-11-5D 4h:31:35] 76561199108250772: Set the date to 2012/1/1 12:0
[COT 2023-11-5D 4h:31:49] 76561199108250772: Healed [guid=OAdpPkJP2Ps_W7h2ttR1bK23ekHCzrxw0mDT3zqLMdU=]
[COT 2023-11-5D 4h:32:19] 76561199108250772: Set rain to 0 0 0
[COT 2023-11-5D 4h:32:19] 76561199108250772: Set storm to 0 0.8 4000
[COT 2023-11-5D 4h:32:19] 76561199108250772: Set fog to 0 0 0
[COT 2023-11-5D 4h:32:19] 76561199108250772: Set overcast to 0 0 0
[COT 2023-11-5D 4h:32:19] 76561199108250772: Set wind to 0 0 1
[COT 2023-11-5D 4h:32:19] 76561199108250772: Set the date to 2012/1/1 12:0
[COT 2023-11-5D 4h:33:0s] 76561199108250772: Teleported to <4952.502930, 11.479525, 11289.388672> [guid=byz_3YJNSRLRQHzo02MvMn9U3M3DtAdZqM4na6qJVfU=]
[COT 2023-11-5D 4h:34:16] 76561199108250772: Spawned Entity Paper (Paper<1ec05f20>, 100, 15, 0) at <4955.715820, 11.260005, 11284.626953>
[COT 2023-11-5D 4h:34:20] 76561199108250772: Spawned Entity Lighter (PetrolLighter<1ec28030>, 20, 20, 0) at <4955.773926, 11.332335, 11284.590820>
[COT 2023-11-5D 4h:35:1s] 76561199108250772: Healed [guid=OAdpPkJP2Ps_W7h2ttR1bK23ekHCzrxw0mDT3zqLMdU=]
[COT 2023-11-5D 4h:41:14] 76561199108250772: Set rain to 0 0 0
[COT 2023-11-5D 4h:41:14] 76561199108250772: Set storm to 0 0.8 4000
[COT 2023-11-5D 4h:41:14] 76561199108250772: Set fog to 0 0 0
[COT 2023-11-5D 4h:41:14] 76561199108250772: Set overcast to 0 0 0
[COT 2023-11-5D 4h:41:14] 76561199108250772: Set wind to 0 0 1
[COT 2023-11-5D 4h:41:15] 76561199108250772: Set the date to 2012/1/1 12:0
[COT 2023-11-5D 4h:44:18] 76561199108250772: Spawned Entity .308 WIN Rounds (Ammo_308Win<3de979a0>, 80, 100, 0) at <4520.490234, 18.025887, 11044.107422>
[COT 2023-11-5D 4h:44:48] 76561199108250772: Set UnlimitedAmmo To true [guid=OAdpPkJP2Ps_W7h2ttR1bK23ekHCzrxw0mDT3zqLMdU=]
[COT 2023-11-5D 4h:47:59] 76561199108250772: Set rain to 0 0 0
[COT 2023-11-5D 4h:47:59] 76561199108250772: Set storm to 0 0.8 4000
[COT 2023-11-5D 4h:47:59] 76561199108250772: Set fog to 0 0 0
[COT 2023-11-5D 4h:47:59] 76561199108250772: Set overcast to 0 0 0
[COT 2023-11-5D 4h:47:59] 76561199108250772: Set wind to 0 0 1
[COT 2023-11-5D 4h:48:0s] 76561199108250772: Set the date to 2012/1/1 12:0
[COT 2023-11-5D 4h:50:34] 76561199108250772: Spawned Entity Plate Carrier (PlateCarrierVest<459e37f0>, 100, 225, 0) at <4432.205078, 3.117549, 11206.675781>
[COT 2023-11-5D 4h:54:30] 76561199108250772: Teleported [guid=byz_3YJNSRLRQHzo02MvMn9U3M3DtAdZqM4na6qJVfU=] to <4460.899902, 2.842471, 11230.155273>
[COT 2023-11-5D 4h:55:31] 76561199108250772: Healed [guid=byz_3YJNSRLRQHzo02MvMn9U3M3DtAdZqM4na6qJVfU=]
[COT 2023-11-5D 4h:57:46] 76561199108250772: Spawned Entity Firewood (Firewood<41100db0>, 1, 500, 0) at <4421.156738, 3.250226, 11279.768555>
[COT 2023-11-5D 4h:57:46] 76561199108250772: Spawned Entity Firewood (Firewood<410fae10>, 1, 500, 0) at <4421.263184, 3.421240, 11279.745117>
[COT 2023-11-5D 4h:57:46] 76561199108250772: Spawned Entity Firewood (Firewood<411020d0>, 1, 500, 0) at <4421.373535, 3.597852, 11279.719727>
[COT 2023-11-5D 4h:58:1s] 76561199108250772: Spawned Entity Paper (Paper<4584b500>, 100, 15, 0) at <4421.295410, 3.250226, 11280.897461>
[COT 2023-11-5D 5h:2m:33] 76561199108250772: Spawned Entity Firewood (Firewood<41c4cc00>, 1, 500, 0) at <4421.484375, 3.250227, 11279.718750>
[COT 2023-11-5D 5h:2m:33] 76561199108250772: Spawned Entity Firewood (Firewood<41c4e8b0>, 1, 500, 0) at <4421.612793, 3.356828, 11279.708984>
[COT 2023-11-5D 5h:2m:33] 76561199108250772: Spawned Entity Firewood (Firewood<41c594d0>, 1, 500, 0) at <4421.730469, 3.455350, 11279.700195>
[COT 2023-11-5D 5h:2m:33] 76561199108250772: Spawned Entity Firewood (Firewood<41c640f0>, 1, 500, 0) at <4421.938965, 3.631889, 11279.683594>
[COT 2023-11-5D 5h:9m:43] 76561199108250772: Spawned Entity Cooking Pot (Pot<45f48b30>, 2000, 200, 1) at <4419.237305, 15.013532, 10723.564453>
[COT 2023-11-5D 5h:12:17] 76561199108250772: Spawned Entity Firewood (Firewood<2faf29d0>, 1, 500, 0) at <4419.455078, 15.013531, 10723.077148>
[COT 2023-11-5D 5h:12:18] 76561199108250772: Spawned Entity Firewood (Firewood<44995280>, 1, 500, 0) at <4419.558105, 15.190143, 10723.151367>
[COT 2023-11-5D 5h:12:18] 76561199108250772: Spawned Entity Firewood (Firewood<449b56e0>, 1, 500, 0) at <4419.648438, 15.347818, 10723.219727>
[COT 2023-11-5D 5h:12:18] 76561199108250772: Spawned Entity Firewood (Firewood<40521da0>, 1, 500, 0) at <4419.739258, 15.503015, 10723.284180>
[COT 2023-11-5D 5h:37:2s] 76561199108250772: Spawned Entity Paper (Paper<40512e90>, 100, 15, 0) at <5695.804688, 18.123859, 9657.002930>
[COT 2023-11-5D 5h:38:9s] 76561199108250772: ESP: Viewing ESP
[COT 2023-11-5D 5h:38:13] 76561199108250772: ESP: Clearing ESP
[COT 2023-11-5D 6h:7m:13] 76561199108250772: Spawned Entity 1-M8 Smoke Grenade (M18SmokeGrenade_Yellow<82bf9b40>, 100, 20, 0) at <4944.919434, 47.390396, 8101.597168>
[COT 2023-11-5D 6h:7m:13] 76561199108250772: Spawned Entity 1-M8 Smoke Grenade (M18SmokeGrenade_Yellow<82bf90b0>, 100, 20, 0) at <4944.827148, 47.461006, 8101.600098>
[COT 2023-11-5D 6h:7m:14] 76561199108250772: Spawned Entity 1-M8 Smoke Grenade (M18SmokeGrenade_Yellow<82bfb060>, 100, 20, 0) at <4944.743652, 47.526123, 8101.601563>
[COT 2023-11-5D 6h:7m:47] 76561199108250772: Spawned Entity 1-M8 Smoke Grenade (M18SmokeGrenade_Purple<2aa84850>, 100, 20, 0) at <4941.729492, 47.390396, 8101.602539>
[COT 2023-11-5D 6h:7m:48] 76561199108250772: Spawned Entity 1-M8 Smoke Grenade (M18SmokeGrenade_Purple<2aa85d70>, 100, 20, 0) at <4941.675293, 47.471146, 8101.606934>
[COT 2023-11-5D 6h:7m:48] 76561199108250772: Spawned Entity 1-M8 Smoke Grenade (M18SmokeGrenade_Purple<2aa828a0>, 100, 20, 0) at <4941.606934, 47.569969, 8101.613281>
[COT 2023-11-5D 6h:7m:48] 76561199108250772: Spawned Entity 1-M8 Smoke Grenade (M18SmokeGrenade_Purple<2aa81380>, 100, 20, 0) at <4941.549316, 47.653961, 8101.618164>
[COT 2023-11-5D 6h:7m:48] 76561199108250772: Spawned Entity 1-M8 Smoke Grenade (M18SmokeGrenade_Purple<2aa8e6c0>, 100, 20, 0) at <4941.496582, 47.730553, 8101.622559>
[COT 2023-11-5D 6h:10:0s] 76561199108250772: Healed [guid=byz_3YJNSRLRQHzo02MvMn9U3M3DtAdZqM4na6qJVfU=]
[COT 2023-11-5D 6h:10:51] 76561199108250772: Spawned Entity  (SpookyArea<3dcc3ca0>, 100, 0, 0) at <4943.404297, 47.390396, 8101.602051>
[COT 2023-11-5D 6h:11:27] 76561199108250772: Spawned Entity Firewood (Firewood<40776000>, 1, 500, 0) at <4947.846680, 47.390396, 8101.468750>
[COT 2023-11-5D 6h:11:27] 76561199108250772: Spawned Entity Firewood (Firewood<4077b610>, 1, 500, 0) at <4947.692383, 47.541939, 8101.474121>
[COT 2023-11-5D 6h:11:33] 76561199108250772: Spawned Entity Paper (Paper<4073c070>, 1, 15, 0) at <4947.514160, 47.718552, 8101.479004>
[COT 2023-11-5D 6h:12:28] 76561199108250772: Spawned Entity Firewood (Firewood<43cdced0>, 1, 500, 0) at <4946.520508, 47.390396, 8101.626953>
[COT 2023-11-5D 6h:12:28] 76561199108250772: Spawned Entity Firewood (Firewood<43ce11c0>, 1, 500, 0) at <4946.339844, 47.556561, 8101.619141>
[COT 2023-11-5D 6h:12:29] 76561199108250772: Spawned Entity Firewood (Firewood<43cf56e0>, 1, 500, 0) at <4946.152344, 47.733109, 8101.610352>
[COT 2023-11-5D 6h:19:11] 76561199108250772: Spawned Entity Firewood (Firewood<8f975a20>, 1, 500, 0) at <4946.841309, 47.729397, 8101.489746>
[COT 2023-11-5D 6h:19:12] 76561199108250772: Spawned Entity Firewood (Firewood<8f981960>, 1, 500, 0) at <4946.684082, 47.889812, 8101.504883>
[COT 2023-11-5D 6h:19:14] 76561199108250772: Spawned Entity Firewood (Firewood<8f97f320>, 1, 500, 0) at <4946.539063, 48.032757, 8101.519043>
[COT 2023-11-5D 6h:19:39] 76561199108250772: Spawned Entity 30rd Coupled Standardized Mag (Mag_STANAGCoupled_30Rnd<369f51c0>, 60, 100, 0) at <4946.727539, 47.668163, 8101.371582>
[COT 2023-11-5D 6h:19:39] 76561199108250772: Spawned Entity 30rd Coupled Standardized Mag (Mag_STANAGCoupled_30Rnd<369f9e40>, 60, 100, 0) at <4946.657227, 47.711906, 8101.380859>
[COT 2023-11-5D 6h:19:40] 76561199108250772: Spawned Entity 30rd Coupled Standardized Mag (Mag_STANAGCoupled_30Rnd<43b8eed0>, 60, 100, 0) at <4946.559082, 47.774586, 8101.392578>
[COT 2023-11-5D 6h:19:44] 76561199108250772: Spawned Entity 30rd Coupled Standardized Mag (Mag_STANAGCoupled_30Rnd<43b9c130>, 60, 100, 0) at <4946.765625, 47.819878, 8101.374512>
[COT 2023-11-5D 6h:19:44] 76561199108250772: Spawned Entity 30rd Coupled Standardized Mag (Mag_STANAGCoupled_30Rnd<43bad680>, 60, 100, 0) at <4946.695313, 47.853756, 8101.383789>
[COT 2023-11-5D 6h:19:45] 76561199108250772: Spawned Entity 30rd Coupled Standardized Mag (Mag_STANAGCoupled_30Rnd<41b15010>, 60, 100, 0) at <4946.526367, 47.932171, 8101.404785>
[COT 2023-11-5D 6h:19:58] 76561199108250772: Spawned Entity Short Stick (WoodenStick<3fd4ebb0>, 5, 50, 0) at <4946.687500, 47.713272, 8101.821777>
[COT 2023-11-5D 6h:19:59] 76561199108250772: Spawned Entity Short Stick (WoodenStick<374a9350>, 5, 50, 0) at <4946.632324, 47.776779, 8101.816895>
