[COT 2023-12-3D 14:44:25] 76561199407766611: Set GodMode To true [guid=spMEkRl42onhFHdF_u42e0T03x2sj347kUc600NXdGA=]
[COT 2023-12-3D 14:44:25] 76561199407766611: Set cannot be targeted by AI to true [guid=spMEkRl42onhFHdF_u42e0T03x2sj347kUc600NXdGA=]
[COT 2023-12-3D 14:44:26] 76561199407766611: Set UnlimitedStamina To true [guid=spMEkRl42onhFHdF_u42e0T03x2sj347kUc600NXdGA=]
[COT 2023-12-3D 14:44:26] 76561199407766611: Set UnlimitedAmmo To true [guid=spMEkRl42onhFHdF_u42e0T03x2sj347kUc600NXdGA=]
[COT 2023-12-3D 14:44:27] 76561199407766611: Set Invisibility To 1 [guid=spMEkRl42onhFHdF_u42e0T03x2sj347kUc600NXdGA=]
[COT 2023-12-3D 14:44:49] 76561199407766611: ESP: ESP updating
[COT 2023-12-3D 14:46:40] 76561199407766611: Entered the Free Camera
[COT 2023-12-3D 14:47:33] 76561199407766611: Dried [guid=dNltWElBg21tP8jBzA87aVZyuFTvx4hujP8j-blHbc8=]
[COT 2023-12-3D 14:48:4s] 76561199407766611: Left the Free Camera
[COT 2023-12-3D 14:48:24] 76561199407766611: Teleported to position <5226.716797, 31.136715, 8587.914063>
[COT 2023-12-3D 14:49:8s] 76561199407766611: Entered the Free Camera
[COT 2023-12-3D 14:50:20] 76561199407766611: Left the Free Camera
[COT 2023-12-3D 14:50:30] 76561199407766611: Teleported to position <1263.549927, 2.308320, 11808.518555>
[COT 2023-12-3D 14:51:17] 76561199407766611: Healed [guid=spMEkRl42onhFHdF_u42e0T03x2sj347kUc600NXdGA=]
[COT 2023-12-3D 14:52:32] 76561199407766611: Teleported to position <316.953522, 2.000000, 10991.125000>
[COT 2023-12-3D 14:52:49] 76561199407766611: Teleported to position <444.831024, -0.752562, 5852.034180>
[COT 2023-12-3D 14:53:15] 76561199407766611: Entered the Free Camera
[COT 2023-12-3D 14:53:27] 76561199407766611: Left the Free Camera
[COT 2023-12-3D 14:53:42] 76561199407766611: Teleported to position <4305.407227, 4.250000, 4776.034668>
[COT 2023-12-3D 14:55:21] 76561199407766611: Teleported to position <4463.280273, 2.851248, 11195.492188>
[COT 2023-12-3D 14:59:12] 76561199407766611: Healed [guid=spMEkRl42onhFHdF_u42e0T03x2sj347kUc600NXdGA=]
