[COT 2023-10-29 4h:31:54] 76561199407766611: Teleported [guid=eZvdqnhxQZeB4Wvp7ko5cFy79bCUMACrCdUKq6S9F3w=] to <7286.441895, 45.492477, 10538.510742>
[COT 2023-10-29 4h:33:44] 76561199407766611: Spawned Entity .30-06 Springfield (GCGN_Ammo_3006<3783cc00>, 20, 100, 0) at <7282.417480, 48.260002, 10532.164063>
[COT 2023-10-29 4h:33:45] 76561199407766611: Spawned Entity Barret M95 Magazine (GCGN_M82_Mag<37851ab0>, 10, 100, 0) at <7282.421387, 48.317665, 10532.158203>
[COT 2023-10-29 4h:33:45] 76561199407766611: Spawned Entity Barret M95 Magazine (GCGN_M82_Mag<37846e90>, 10, 100, 0) at <7282.425293, 48.361389, 10532.151367>
[COT 2023-10-29 4h:33:45] 76561199407766611: Spawned Entity Barret M95 Magazine (GCGN_M82_Mag<445fdf50>, 10, 100, 0) at <7282.431152, 48.405113, 10532.141602>
[COT 2023-10-29 4h:33:47] 76561199407766611: Spawned Entity GCGN M82 Barret Black (GCGN_M82_Barret<edf257b0>, 10, 200, 0) at <7282.434082, 48.448837, 10532.135742>
[COT 2023-10-29 4h:33:47] 76561199407766611: Spawned Entity GCGN M82 Barret Black (GCGN_M82_Barret<edf222e0>, 10, 200, 0) at <7282.445801, 48.564346, 10532.116211>
[COT 2023-10-29 4h:35:3s] 76561199407766611: Spawned Entity 50Bmg & 408 Suppressor Black (SNAFU_50bmg_Suppressor_B<32a0bd70>, 100, 20, 0) at <7282.329590, 48.260002, 10532.369141>
[COT 2023-10-29 4h:35:57] 76561199407766611: ESP: ESP updating
[COT 2023-10-29 4h:42:44] 76561199407766611: Spawned Entity Firewood (Firewood<2d947a10>, 1, 500, 0) at <7605.702637, 15.519840, 10654.673828>
[COT 2023-10-29 4h:42:44] 76561199407766611: Spawned Entity Firewood (Firewood<2d970de0>, 1, 500, 0) at <7605.634766, 15.696063, 10654.723633>
[COT 2023-10-29 4h:45:9s] 76561199407766611: Spawned Entity baby pig (piglet<333dff00>, 100, 300, 0) at <7607.144043, 15.605494, 10653.282227>
[COT 2023-10-29 4h:47:19] 76561199407766611: Entered the Free Camera
[COT 2023-10-29 4h:47:31] 76561199407766611: Left the Free Camera
[COT 2023-10-29 4h:49:45] 76561199407766611: Set GodMode To true [guid=spMEkRl42onhFHdF_u42e0T03x2sj347kUc600NXdGA=]
[COT 2023-10-29 4h:49:46] 76561199407766611: Healed [guid=spMEkRl42onhFHdF_u42e0T03x2sj347kUc600NXdGA=]
[COT 2023-10-29 4h:50:29] 76561199407766611: Teleported to position <6810.267578, 14.875527, 11228.455078>
[COT 2023-10-29 4h:51:15] 76561199407766611: Set UnlimitedStamina To true [guid=spMEkRl42onhFHdF_u42e0T03x2sj347kUc600NXdGA=]
[COT 2023-10-29 4h:51:16] 76561199407766611: Set UnlimitedAmmo To true [guid=spMEkRl42onhFHdF_u42e0T03x2sj347kUc600NXdGA=]
[COT 2023-10-29 4h:52:35] 76561199407766611: Deleted Entity ZmbF_CitizenANormal_Beige:0740 at <6786.508789, 14.989208, 11234.619141>
[COT 2023-10-29 4h:52:35] 76561199407766611: Deleted Entity ZmbF_CitizenBSkinny:0524 at <6786.860840, 14.988777, 11234.442383>
[COT 2023-10-29 4h:52:35] 76561199407766611: Deleted Entity ZmbF_Clerk_Normal_Green:0518 at <6786.311035, 14.990909, 11235.252930>
[COT 2023-10-29 4h:52:35] 76561199407766611: Deleted Entity ZmbF_Clerk_Normal_Green:0603 at <6787.290039, 14.992977, 11235.410156>
[COT 2023-10-29 4h:52:35] 76561199407766611: Deleted Entity ZmbF_HikerSkinny_Red:0520 at <6785.973145, 14.988592, 11234.698242>
[COT 2023-10-29 4h:52:36] 76561199407766611: Deleted Entity ZmbF_ShortSkirt_red:0585 at <6785.916992, 14.984579, 11233.472656>
[COT 2023-10-29 4h:52:36] 76561199407766611: Deleted Entity ZmbF_ShortSkirt_green:0512 at <6786.739746, 14.994693, 11236.237305>
[COT 2023-10-29 4h:52:36] 76561199407766611: Deleted Entity ZmbM_kid:0598 at <6787.356934, 14.994599, 11235.883789>
[COT 2023-10-29 4h:52:36] 76561199407766611: Deleted Entity ZmbF_Clerk_Normal_Green:0710 at <6788.853516, 14.979866, 11235.268555>
[COT 2023-10-29 4h:52:36] 76561199407766611: Deleted Entity ZmbM_CommercialPilotOld_Brown:0699 at <6788.755859, 14.977254, 11234.159180>
[COT 2023-10-29 4h:52:37] 76561199407766611: Deleted Entity ZmbF_ShortSkirt_checks:0525 at <6786.049805, 15.113275, 11233.972656>
[COT 2023-10-29 4h:52:38] 76561199407766611: Deleted Entity ZmbM_FishermanOld_Blue:0607 at <6786.857422, 14.989577, 11234.522461>
[COT 2023-10-29 4h:52:38] 76561199407766611: Deleted Entity ZmbM_CitizenASkinny_Brown:0582 at <6785.903809, 14.994485, 11233.575195>
[COT 2023-10-29 4h:52:39] 76561199407766611: Deleted Entity ZmbM_Jacket_black:0514 at <6786.590332, 14.987050, 11233.908203>
[COT 2023-10-29 4h:52:40] 76561199407766611: Deleted Entity ZmbM_FishermanOld_Green:0698 at <6788.204102, 15.040050, 11237.833984>
[COT 2023-10-29 4h:52:40] 76561199407766611: Deleted Entity Land_City_School:-21470248961140889466 at <6816.391113, 20.800653, 11227.292969>
[COT 2023-10-29 4h:52:41] 76561199407766611: Deleted Entity ZmbM_ClerkFat_Grey:0606 at <6787.760742, 14.988748, 11234.780273>
[COT 2023-10-29 4h:52:42] 76561199407766611: Deleted Entity ZmbF_MilkMaidOld_Beige:0745 at <6788.627930, 15.032462, 11238.158203>
[COT 2023-10-29 4h:52:42] 76561199407766611: Deleted Entity ZmbM_ClerkFat_Khaki:0592 at <6785.168457, 15.013555, 11239.931641>
[COT 2023-10-29 4h:52:42] 76561199407766611: Deleted Entity ZmbM_CitizenBFat_Blue:0605 at <6784.491211, 15.053543, 11239.822266>
[COT 2023-10-29 4h:52:44] 76561199407766611: Deleted Entity ZmbF_JournalistNormal_White:0600 at <6789.959961, 14.992128, 11240.101563>
[COT 2023-10-29 4h:52:45] 76561199407766611: Deleted Entity ZmbM_priestPopSkinny:0741 at <6792.531250, 14.988811, 11241.788086>
[COT 2023-10-29 4h:52:53] 76561199407766611: Deleted Entity ZmbF_ShortSkirt_beige:0502 at <6786.212891, 15.113054, 11233.681641>
[COT 2023-10-29 4h:53:0s] 76561199407766611: Deleted Entity ZmbM_Jacket_blue:0505 at <6786.603027, 14.946948, 11233.894531>
[COT 2023-10-29 4h:53:34] 76561199407766611: Deleted Entity ZmbF_SkaterYoung_Brown:0587 at <6787.528320, 14.989427, 11234.280273>
[COT 2023-10-29 4h:53:57] 76561199407766611: Deleted Entity ZmbF_CitizenANormal_Brown:0519 at <6763.928223, 17.792936, 11257.250000>
[COT 2023-10-29 4h:53:58] 76561199407766611: Deleted Entity ZmbM_CommercialPilotOld_Grey:0745 at <6763.734375, 17.752935, 11256.547852>
[COT 2023-10-29 4h:53:58] 76561199407766611: Deleted Entity ZmbM_Jacket_grey:0504 at <6767.085938, 17.790785, 11255.631836>
[COT 2023-10-29 4h:54:0s] 76561199407766611: Deleted Entity ZmbM_JoggerSkinny_Red:0592 at <6764.682129, 17.792934, 11257.571289>
[COT 2023-10-29 4h:54:2s] 76561199407766611: Deleted Entity ZmbF_CitizenANormal_Brown:0502 at <6762.161621, 17.792936, 11258.166016>
[COT 2023-10-29 4h:54:4s] 76561199407766611: Deleted Entity ThrownStone:010184 at <6762.603516, 19.231903, 11258.299805>
[COT 2023-10-29 4h:54:4s] 76561199407766611: Deleted Entity ZmbF_JournalistNormal_Red:0538 at <6764.933594, 17.792936, 11257.480469>
[COT 2023-10-29 4h:54:8s] 76561199407766611: Deleted Entity ZmbF_SurvivorNormal_White:0705 at <6767.153320, 17.790785, 11256.384766>
[COT 2023-10-29 4h:54:9s] 76561199407766611: Deleted Entity ZmbM_ClerkFat_Grey:0707 at <6765.599609, 17.790787, 11256.923828>
[COT 2023-10-29 4h:54:19] 76561199407766611: Deleted Entity ZmbF_ShortSkirt_red:0595 at <6770.649414, 17.637732, 11257.633789>
[COT 2023-10-29 4h:54:23] 76561199407766611: Deleted Entity ZmbF_JournalistNormal_Red:0600 at <6770.453613, 17.644720, 11257.431641>
[COT 2023-10-29 4h:54:23] 76561199407766611: Deleted Entity ZmbF_SkaterYoung_Brown:0741 at <6770.653809, 17.631359, 11257.458008>
[COT 2023-10-29 4h:54:27] 76561199407766611: Deleted Entity ZmbF_SurvivorNormal_Red:0582 at <6773.089844, 17.428835, 11257.901367>
[COT 2023-10-29 4h:54:27] 76561199407766611: Deleted Entity ZmbF_PoliceWomanNormal:0514 at <6768.834473, 17.776094, 11256.690430>
[COT 2023-10-29 4h:54:39] 76561199407766611: Deleted Entity ZmbF_ShortSkirt_Black:0736 at <6773.169434, 17.430260, 11258.064453>
[COT 2023-10-29 4h:54:47] 76561199407766611: Deleted Entity ZmbM_CitizenBFat_Green:0525 at <6770.926758, 17.455963, 11253.837891>
[COT 2023-10-29 4h:55:7s] 76561199407766611: Set Invisibility To 1 [guid=spMEkRl42onhFHdF_u42e0T03x2sj347kUc600NXdGA=]
[COT 2023-10-29 4h:55:24] 76561199108250772: Set GodMode To true [guid=OAdpPkJP2Ps_W7h2ttR1bK23ekHCzrxw0mDT3zqLMdU=]
[COT 2023-10-29 4h:55:25] 76561199108250772: Set cannot be targeted by AI to true [guid=OAdpPkJP2Ps_W7h2ttR1bK23ekHCzrxw0mDT3zqLMdU=]
[COT 2023-10-29 4h:55:25] 76561199108250772: Set UnlimitedStamina To true [guid=OAdpPkJP2Ps_W7h2ttR1bK23ekHCzrxw0mDT3zqLMdU=]
[COT 2023-10-29 4h:55:26] 76561199108250772: Set UnlimitedAmmo To true [guid=OAdpPkJP2Ps_W7h2ttR1bK23ekHCzrxw0mDT3zqLMdU=]
[COT 2023-10-29 4h:55:30] 76561199108250772: Teleported to <6768.317871, 17.736092, 11257.097656> [guid=spMEkRl42onhFHdF_u42e0T03x2sj347kUc600NXdGA=]
[COT 2023-10-29 4h:55:44] 76561199407766611: Spawned Entity Fence Kit (FenceKit<4404c130>, 100, 200, 0) at <6770.067383, 17.515371, 11254.211914>
[COT 2023-10-29 4h:55:44] 76561199407766611: Spawned Entity Fence Kit (FenceKit<44061970>, 100, 200, 0) at <6770.067383, 17.515371, 11254.211914>
[COT 2023-10-29 4h:55:45] 76561199407766611: Spawned Entity Fence Kit (FenceKit<44040b80>, 100, 200, 0) at <6770.067383, 17.515371, 11254.211914>
[COT 2023-10-29 4h:55:45] 76561199407766611: Spawned Entity Fence Kit (FenceKit<372411e0>, 100, 200, 0) at <6770.067383, 17.515371, 11254.211914>
[COT 2023-10-29 4h:55:45] 76561199407766611: Spawned Entity Fence Kit (FenceKit<3724e440>, 100, 200, 0) at <6770.067383, 17.515371, 11254.211914>
[COT 2023-10-29 4h:56:14] 76561199407766611: Deleted Entity Land_City_School:-21470248961140889466 at <6816.391113, 20.800653, 11227.292969>
[COT 2023-10-29 4h:56:15] 76561199407766611: Deleted Entity Land_City_School:-21470248961140889466 at <6816.391113, 20.800653, 11227.292969>
[COT 2023-10-29 4h:56:15] 76561199407766611: Deleted Entity Land_City_School:-21470248961140889466 at <6816.391113, 20.800653, 11227.292969>
[COT 2023-10-29 4h:56:15] 76561199407766611: Deleted Entity Land_City_School:-21470248961140889466 at <6816.391113, 20.800653, 11227.292969>
[COT 2023-10-29 4h:56:15] 76561199407766611: Deleted Entity Land_City_School:-21470248961140889466 at <6816.391113, 20.800653, 11227.292969>
[COT 2023-10-29 4h:56:16] 76561199407766611: Deleted Entity Land_City_School:-21470248961140889466 at <6816.391113, 20.800653, 11227.292969>
[COT 2023-10-29 4h:56:16] 76561199407766611: Deleted Entity Land_City_School:-21470248961140889466 at <6816.391113, 20.800653, 11227.292969>
[COT 2023-10-29 4h:56:16] 76561199407766611: Deleted Entity Land_City_School:-21470248961140889466 at <6816.391113, 20.800653, 11227.292969>
[COT 2023-10-29 4h:56:16] 76561199407766611: Deleted Entity Land_City_School:-21470248961140889466 at <6816.391113, 20.800653, 11227.292969>
[COT 2023-10-29 4h:56:16] 76561199407766611: Deleted Entity Land_City_School:-21470248961140889466 at <6816.391113, 20.800653, 11227.292969>
[COT 2023-10-29 4h:56:17] 76561199407766611: Deleted Entity Land_City_School:-21470248961140889466 at <6816.391113, 20.800653, 11227.292969>
[COT 2023-10-29 4h:56:17] 76561199407766611: Deleted Entity Land_City_School:-21470248961140889466 at <6816.391113, 20.800653, 11227.292969>
[COT 2023-10-29 4h:56:17] 76561199407766611: Deleted Entity Land_City_School:-21470248961140889466 at <6816.391113, 20.800653, 11227.292969>
[COT 2023-10-29 4h:56:17] 76561199407766611: Deleted Entity Land_City_School:-21470248961140889466 at <6816.391113, 20.800653, 11227.292969>
[COT 2023-10-29 4h:56:17] 76561199407766611: Deleted Entity Land_City_School:-21470248961140889466 at <6816.391113, 20.800653, 11227.292969>
[COT 2023-10-29 4h:56:20] 76561199407766611: Deleted Entity GCGN_M82_Barret:04121 at <6811.076172, 14.964156, 11237.671875>
[COT 2023-10-29 4h:56:20] 76561199407766611: Deleted Entity Land_City_School:-21470248961140889466 at <6816.391113, 20.800653, 11227.292969>
[COT 2023-10-29 4h:56:26] 76561199108250772: Spawned Entity Rope (Rope<4082fe60>, 100, 200, 0) at <6828.152344, 15.897776, 11203.553711>
[COT 2023-10-29 4h:56:34] 76561199108250772: Spawned Entity Short Stick (WoodenStick<44b27950>, 5, 50, 0) at <6828.149902, 15.929256, 11203.542969>
[COT 2023-10-29 4h:57:4s] 76561199108250772: Spawned Entity Long Stick (LongWoodenStick<3cf4a570>, 1, 100, 0) at <6828.878418, 15.896838, 11203.625977>
[COT 2023-10-29 4h:57:15] 76561199407766611: Spawned Entity Wooden Log (WoodenLog<4471f8c0>, 1, 500, 0) at <6795.621094, 14.904524, 11232.505859>
[COT 2023-10-29 4h:57:16] 76561199407766611: Spawned Entity Wooden Log (WoodenLog<44730e10>, 1, 500, 0) at <6795.621094, 14.904524, 11232.505859>
[COT 2023-10-29 4h:57:23] 76561199407766611: Spawned Entity Wooden Log (WoodenLog<405a25e0>, 1, 500, 0) at <6797.394531, 14.941185, 11241.882813>
[COT 2023-10-29 4h:57:23] 76561199407766611: Spawned Entity Wooden Log (WoodenLog<405a2f70>, 1, 500, 0) at <6797.372070, 14.961412, 11241.762695>
[COT 2023-10-29 4h:57:43] 76561199407766611: Spawned Entity Shovel (Shovel<41ee5c00>, 100, 200, 0) at <6794.166016, 14.909188, 11232.988281>
[COT 2023-10-29 4h:57:49] 76561199407766611: Spawned Entity Hammer (Hammer<41eb8540>, 100, 100, 0) at <6794.166016, 14.909188, 11232.988281>
[COT 2023-10-29 4h:58:9s] 76561199108250772: ESP: Viewing ESP
[COT 2023-10-29 4h:58:14] 76561199108250772: ESP target=Fence<406d7910> action=built part=base required_materials=false
[COT 2023-10-29 4h:58:16] 76561199108250772: ESP target=Fence<406d7910> action=built part=wall_base_down required_materials=false
[COT 2023-10-29 4h:58:17] 76561199108250772: ESP target=Fence<406d7910> action=built part=wall_wood_down required_materials=false
[COT 2023-10-29 4h:58:24] 76561199108250772: ESP target=Fence<406d7910> action=built part=wall_base_up required_materials=false
[COT 2023-10-29 4h:58:27] 76561199108250772: ESP target=Fence<406d7910> action=built part=wall_wood_up required_materials=false
[COT 2023-10-29 4h:58:31] 76561199108250772: ESP target=Fence<406d7910> action=built part=wall_platform required_materials=false
[COT 2023-10-29 4h:58:34] 76561199108250772: ESP target=Fence<406d7910> action=dismantle part=wall_platform
[COT 2023-10-29 4h:58:39] 76561199108250772: ESP target=Fence<406d7910> action=built part=wall_gate required_materials=false
[COT 2023-10-29 4h:58:47] 76561199407766611: Spawned Entity Plank (WoodenPlank<2d96a4b0>, 10, 100, 0) at <6797.454590, 14.953458, 11241.856445>
[COT 2023-10-29 4h:58:47] 76561199407766611: Spawned Entity Plank (WoodenPlank<2d964ea0>, 10, 100, 0) at <6797.454590, 14.953458, 11241.856445>
[COT 2023-10-29 4h:58:47] 76561199407766611: Spawned Entity Plank (WoodenPlank<3c910530>, 10, 100, 0) at <6797.454590, 14.953458, 11241.856445>
[COT 2023-10-29 4h:58:47] 76561199407766611: Spawned Entity Plank (WoodenPlank<3c91ce00>, 10, 100, 0) at <6797.454590, 14.953458, 11241.856445>
[COT 2023-10-29 4h:58:48] 76561199407766611: Spawned Entity Plank (WoodenPlank<40d029a0>, 10, 100, 0) at <6797.454590, 14.953458, 11241.856445>
[COT 2023-10-29 4h:58:48] 76561199407766611: Spawned Entity Plank (WoodenPlank<40ce5510>, 10, 100, 0) at <6797.454590, 14.953458, 11241.856445>
[COT 2023-10-29 4h:58:48] 76561199407766611: Spawned Entity Plank (WoodenPlank<3d34b300>, 10, 100, 0) at <6797.454590, 14.953458, 11241.856445>
[COT 2023-10-29 4h:58:48] 76561199407766611: Spawned Entity Plank (WoodenPlank<3d313020>, 10, 100, 0) at <6797.454590, 14.953458, 11241.856445>
[COT 2023-10-29 4h:58:48] 76561199407766611: Spawned Entity Plank (WoodenPlank<45e1dbb0>, 10, 100, 0) at <6797.454590, 14.953458, 11241.856445>
[COT 2023-10-29 4h:58:48] 76561199407766611: Spawned Entity Plank (WoodenPlank<45e42300>, 10, 100, 0) at <6797.454590, 14.953458, 11241.856445>
[COT 2023-10-29 4h:58:48] 76561199407766611: Spawned Entity Plank (WoodenPlank<1e63f330>, 10, 100, 0) at <6797.454590, 14.953458, 11241.856445>
[COT 2023-10-29 4h:58:49] 76561199407766611: Spawned Entity Plank (WoodenPlank<40361d00>, 10, 100, 0) at <6797.454590, 14.953458, 11241.856445>
[COT 2023-10-29 4h:58:49] 76561199407766611: Spawned Entity Plank (WoodenPlank<40374f00>, 10, 100, 0) at <6797.454590, 14.953458, 11241.856445>
[COT 2023-10-29 4h:58:52] 76561199108250772: ESP: Clearing ESP
[COT 2023-10-29 4h:58:55] 76561199407766611: Spawned Entity Nails (Nail<40392d20>, 99, 80, 0) at <6797.454590, 14.953458, 11241.856445>
[COT 2023-10-29 4h:58:55] 76561199407766611: Spawned Entity Nails (Nail<3e410220>, 99, 80, 0) at <6797.454590, 14.953458, 11241.856445>
[COT 2023-10-29 4h:58:55] 76561199407766611: Spawned Entity Nails (Nail<3e410bb0>, 99, 80, 0) at <6797.454590, 14.953458, 11241.856445>
[COT 2023-10-29 4h:58:56] 76561199407766611: Spawned Entity Nails (Nail<3e3efdc0>, 99, 80, 0) at <6797.454590, 14.953458, 11241.856445>
[COT 2023-10-29 4h:58:56] 76561199407766611: Spawned Entity Nails (Nail<3e406920>, 99, 80, 0) at <6797.454590, 14.953458, 11241.856445>
[COT 2023-10-29 4h:58:56] 76561199407766611: Spawned Entity Nails (Nail<405a25e0>, 99, 80, 0) at <6797.454590, 14.953458, 11241.856445>
[COT 2023-10-29 4h:59:2s] 76561199407766611: Spawned Entity MVS Rucksack - Tan (MountainBag_ColorBase<44889ed0>, 99, 300, 0) at <6797.454590, 14.953458, 11241.856445>
[COT 2023-10-29 4h:59:21] 76561199108250772: Spawned Entity CodeLock (CodeLock<44898de0>, 100, 1500, 0) at <6833.161133, 15.891305, 11209.918945>
[COT 2023-10-29 5h:0m:32] 76561199108250772: ESP: Viewing ESP
[COT 2023-10-29 5h:0m:35] 76561199108250772: ESP target=Fence<379294f0> action=built part=base required_materials=false
[COT 2023-10-29 5h:0m:38] 76561199108250772: ESP target=Fence<379294f0> action=built part=wall_base_down required_materials=false
[COT 2023-10-29 5h:0m:41] 76561199108250772: ESP target=Fence<379294f0> action=built part=wall_wood_down required_materials=false
[COT 2023-10-29 5h:0m:43] 76561199108250772: ESP target=Fence<379294f0> action=built part=wall_base_up required_materials=false
[COT 2023-10-29 5h:0m:45] 76561199108250772: ESP target=Fence<379294f0> action=built part=wall_gate required_materials=false
[COT 2023-10-29 5h:0m:48] 76561199108250772: ESP target=Fence<379294f0> action=dismantle part=wall_gate
[COT 2023-10-29 5h:0m:50] 76561199108250772: ESP target=Fence<379294f0> action=built part=wall_wood_up required_materials=false
[COT 2023-10-29 5h:0m:52] 76561199108250772: ESP target=Fence<379294f0> action=built part=wall_platform required_materials=false
[COT 2023-10-29 5h:0m:53] 76561199108250772: ESP target=Fence<379294f0> action=built part=wall_platform_stairs_left required_materials=false
[COT 2023-10-29 5h:1m:2s] 76561199108250772: ESP: Clearing ESP
[COT 2023-10-29 5h:1m:19] 76561199108250772: Spawned Entity Rope (Rope<26ffa9f0>, 100, 200, 0) at <6826.492676, 15.899920, 11204.531250>
[COT 2023-10-29 5h:2m:12] 76561199108250772: Entered the Free Camera
[COT 2023-10-29 5h:2m:43] 76561199108250772: Left the Free Camera
[COT 2023-10-29 5h:2m:55] 76561199108250772: ESP: Viewing ESP
[COT 2023-10-29 5h:3m:13] 76561199108250772: ESP target=Fence<1e4be150> action=built part=base required_materials=false
[COT 2023-10-29 5h:3m:15] 76561199108250772: ESP target=Fence<1e4be150> action=built part=wall_base_down required_materials=false
[COT 2023-10-29 5h:3m:17] 76561199108250772: ESP target=Fence<1e4be150> action=built part=wall_wood_down required_materials=false
[COT 2023-10-29 5h:3m:19] 76561199407766611: Deleted Entity ZmbM_CitizenASkinny_Blue:0710 at <6802.072754, 15.122176, 11237.312500>
[COT 2023-10-29 5h:3m:21] 76561199108250772: ESP target=Fence<1e4be150> action=built part=wall_base_up required_materials=false
[COT 2023-10-29 5h:3m:27] 76561199108250772: ESP: Clearing ESP
[COT 2023-10-29 5h:3m:52] 76561199108250772: ESP: Viewing ESP
[COT 2023-10-29 5h:3m:57] 76561199108250772: ESP target=Fence<1e4be150> action=built part=wall_metal_up required_materials=false
[COT 2023-10-29 5h:4m:7s] 76561199108250772: ESP: Clearing ESP
[COT 2023-10-29 5h:5m:45] 76561199108250772: ESP: Viewing ESP
[COT 2023-10-29 5h:5m:49] 76561199108250772: ESP target=Fence<379335f0> action=built part=base required_materials=false
[COT 2023-10-29 5h:5m:51] 76561199108250772: ESP target=Fence<379335f0> action=built part=wall_base_down required_materials=false
[COT 2023-10-29 5h:5m:53] 76561199108250772: ESP target=Fence<379335f0> action=built part=wall_wood_down required_materials=false
[COT 2023-10-29 5h:5m:55] 76561199108250772: ESP target=Fence<379335f0> action=built part=wall_base_up required_materials=false
[COT 2023-10-29 5h:5m:58] 76561199108250772: ESP target=Fence<379335f0> action=built part=wall_gate required_materials=false
[COT 2023-10-29 5h:6m:1s] 76561199108250772: ESP target=Fence<379335f0> action=dismantle part=wall_wood_down
[COT 2023-10-29 5h:6m:3s] 76561199108250772: ESP target=Fence<379335f0> action=dismantle part=wall_base_up
[COT 2023-10-29 5h:6m:5s] 76561199108250772: ESP target=Fence<379335f0> action=dismantle part=wall_gate
[COT 2023-10-29 5h:6m:6s] 76561199108250772: ESP target=Fence<379335f0> action=built part=wall_wood_down required_materials=false
[COT 2023-10-29 5h:6m:8s] 76561199108250772: ESP target=Fence<379335f0> action=built part=wall_platform required_materials=false
[COT 2023-10-29 5h:6m:11] 76561199108250772: ESP target=Fence<379335f0> action=dismantle part=wall_platform
[COT 2023-10-29 5h:6m:15] 76561199108250772: ESP target=Fence<379335f0> action=built part=wall_base_up required_materials=false
[COT 2023-10-29 5h:6m:18] 76561199108250772: ESP target=Fence<379335f0> action=built part=wall_gate required_materials=false
[COT 2023-10-29 5h:6m:19] 76561199407766611: Spawned Entity Wooden Log (WoodenLog<355a0180>, 1, 500, 0) at <6795.236328, 15.093190, 11235.695313>
[COT 2023-10-29 5h:6m:19] 76561199407766611: Spawned Entity Wooden Log (WoodenLog<44e752b0>, 1, 500, 0) at <6795.236328, 15.093190, 11235.695313>
[COT 2023-10-29 5h:6m:19] 76561199407766611: Spawned Entity Wooden Log (WoodenLog<3559d1b0>, 1, 500, 0) at <6795.236328, 15.093190, 11235.695313>
[COT 2023-10-29 5h:6m:19] 76561199407766611: Spawned Entity Wooden Log (WoodenLog<3558bc60>, 1, 500, 0) at <6795.236328, 15.093190, 11235.695313>
[COT 2023-10-29 5h:6m:19] 76561199407766611: Spawned Entity Wooden Log (WoodenLog<355a4470>, 1, 500, 0) at <6795.236328, 15.093190, 11235.695313>
[COT 2023-10-29 5h:6m:20] 76561199108250772: ESP target=Fence<379335f0> action=dismantle part=wall_gate
[COT 2023-10-29 5h:6m:22] 76561199108250772: ESP target=Fence<379335f0> action=built part=wall_wood_up required_materials=false
[COT 2023-10-29 5h:6m:24] 76561199108250772: ESP target=Fence<379335f0> action=built part=wall_gate required_materials=false
[COT 2023-10-29 5h:6m:31] 76561199108250772: ESP: Clearing ESP
[COT 2023-10-29 5h:9m:5s] 76561199407766611: Healed [guid=spMEkRl42onhFHdF_u42e0T03x2sj347kUc600NXdGA=]
[COT 2023-10-29 5h:9m:23] 76561199407766611: Spawned Entity Barbed Wire (BarbedWire<372675e0>, 100, 300, 0) at <6795.631348, 14.950517, 11238.171875>
[COT 2023-10-29 5h:9m:23] 76561199407766611: Spawned Entity Barbed Wire (BarbedWire<39accc40>, 100, 300, 0) at <6795.630859, 15.044715, 11238.171875>
[COT 2023-10-29 5h:9m:23] 76561199407766611: Spawned Entity Barbed Wire (BarbedWire<40ffe250>, 100, 300, 0) at <6795.631348, 15.138928, 11238.171875>
[COT 2023-10-29 5h:9m:23] 76561199407766611: Spawned Entity Barbed Wire (BarbedWire<41fa6b70>, 100, 300, 0) at <6795.631348, 15.233198, 11238.171875>
[COT 2023-10-29 5h:9m:24] 76561199407766611: Spawned Entity Metal Wire (MetalWire<8d16ecf0>, 100, 500, 0) at <6795.631348, 15.327469, 11238.171875>
[COT 2023-10-29 5h:9m:26] 76561199407766611: Spawned Entity Metal Wire (MetalWire<8d174300>, 100, 500, 0) at <6795.631348, 15.327469, 11238.171875>
[COT 2023-10-29 5h:10:39] 76561199407766611: Spawned Entity Pliers (Pliers<32a09730>, 100, 100, 0) at <6796.352051, 14.950652, 11238.979492>
[COT 2023-10-29 5h:12:2s] 76561199407766611: Entered the Free Camera
[COT 2023-10-29 5h:12:10] 76561199407766611: Left the Free Camera
[COT 2023-10-29 5h:14:32] 76561199407766611: Deleted Entity WoodenLog:05128 at <6795.236328, 15.110559, 11235.695313>
[COT 2023-10-29 5h:14:45] 76561199407766611: Spawned Entity CodeLock (CodeLock<3ea51e10>, 100, 1500, 0) at <6795.936035, 14.949964, 11238.134766>
[COT 2023-10-29 5h:14:45] 76561199407766611: Spawned Entity CodeLock (CodeLock<3ea629d0>, 100, 1500, 0) at <6795.936035, 14.949964, 11238.134766>
[COT 2023-10-29 5h:14:46] 76561199407766611: Spawned Entity CodeLock (CodeLock<44e752b0>, 100, 1500, 0) at <6795.936035, 14.949964, 11238.134766>
[COT 2023-10-29 5h:14:46] 76561199407766611: Spawned Entity CodeLock (CodeLock<44e8dac0>, 100, 1500, 0) at <6795.936035, 14.949964, 11238.134766>
[COT 2023-10-29 5h:17:42] 76561199407766611: Spawned Entity Wooden Log (WoodenLog<42bda390>, 1, 500, 0) at <6809.345703, 15.922012, 11242.541016>
[COT 2023-10-29 5h:17:42] 76561199407766611: Spawned Entity Wooden Log (WoodenLog<42be4fb0>, 1, 500, 0) at <6809.345703, 15.922012, 11242.541016>
[COT 2023-10-29 5h:19:22] 76561199407766611: Entered the Free Camera
[COT 2023-10-29 5h:19:28] 76561199407766611: Left the Free Camera
[COT 2023-10-29 5h:19:53] 76561199407766611: Spawned Entity Wooden Log (WoodenLog<422586b0>, 1, 500, 0) at <6799.908691, 15.934240, 11223.875977>
[COT 2023-10-29 5h:19:54] 76561199407766611: Spawned Entity Wooden Log (WoodenLog<42256070>, 1, 500, 0) at <6799.908691, 15.934240, 11223.875977>
[COT 2023-10-29 5h:20:2s] 76561199407766611: Healed [guid=spMEkRl42onhFHdF_u42e0T03x2sj347kUc600NXdGA=]
[COT 2023-10-29 5h:21:36] 76561199407766611: Entered the Free Camera
[COT 2023-10-29 5h:21:45] 76561199407766611: Left the Free Camera
[COT 2023-10-29 5h:22:35] 76561199407766611: Spawned Entity Wooden Log (WoodenLog<44024a10>, 1, 500, 0) at <6802.252930, 14.870009, 11207.541992>
[COT 2023-10-29 5h:22:35] 76561199407766611: Spawned Entity Wooden Log (WoodenLog<440253a0>, 1, 500, 0) at <6802.339355, 15.084725, 11207.684570>
[COT 2023-10-29 5h:22:38] 76561199407766611: Spawned Entity Wooden Log (WoodenLog<4402cff0>, 1, 500, 0) at <6799.584473, 14.869999, 11209.236328>
[COT 2023-10-29 5h:22:38] 76561199407766611: Spawned Entity Wooden Log (WoodenLog<4402e310>, 1, 500, 0) at <6799.959961, 15.054969, 11209.183594>
[COT 2023-10-29 5h:22:42] 76561199407766611: Spawned Entity Wooden Log (WoodenLog<4402ffc0>, 1, 500, 0) at <6804.317383, 14.922616, 11204.895508>
[COT 2023-10-29 5h:22:42] 76561199407766611: Spawned Entity Wooden Log (WoodenLog<44037280>, 1, 500, 0) at <6804.269531, 14.983355, 11205.039063>
[COT 2023-10-29 5h:26:35] 76561199407766611: Spawned Entity Plank (WoodenPlank<44b371f0>, 10, 100, 0) at <6803.508301, 14.882491, 11206.678711>
[COT 2023-10-29 5h:26:35] 76561199407766611: Spawned Entity Plank (WoodenPlank<40e044e0>, 10, 100, 0) at <6803.508301, 14.882491, 11206.678711>
[COT 2023-10-29 5h:26:35] 76561199407766611: Spawned Entity Plank (WoodenPlank<40e06190>, 10, 100, 0) at <6803.508301, 14.882491, 11206.678711>
[COT 2023-10-29 5h:26:35] 76561199407766611: Spawned Entity Plank (WoodenPlank<40e06b20>, 10, 100, 0) at <6803.508301, 14.882491, 11206.678711>
[COT 2023-10-29 5h:26:35] 76561199407766611: Spawned Entity Plank (WoodenPlank<40e0c130>, 10, 100, 0) at <6803.508301, 14.882491, 11206.678711>
[COT 2023-10-29 5h:26:36] 76561199407766611: Spawned Entity Plank (WoodenPlank<40e19390>, 10, 100, 0) at <6803.508301, 14.882491, 11206.678711>
[COT 2023-10-29 5h:26:36] 76561199407766611: Spawned Entity Plank (WoodenPlank<394e50a0>, 10, 100, 0) at <6803.508301, 14.882491, 11206.678711>
[COT 2023-10-29 5h:26:36] 76561199407766611: Spawned Entity Plank (WoodenPlank<39502530>, 10, 100, 0) at <6803.508301, 14.882491, 11206.678711>
[COT 2023-10-29 5h:26:36] 76561199407766611: Spawned Entity Plank (WoodenPlank<39502ec0>, 10, 100, 0) at <6803.508301, 14.882491, 11206.678711>
[COT 2023-10-29 5h:26:36] 76561199407766611: Spawned Entity Plank (WoodenPlank<3950ab10>, 10, 100, 0) at <6803.508301, 14.882491, 11206.678711>
[COT 2023-10-29 5h:26:42] 76561199407766611: Spawned Entity Nails (Nail<44614120>, 99, 80, 0) at <6803.508301, 14.882491, 11206.678711>
[COT 2023-10-29 5h:26:43] 76561199407766611: Spawned Entity Nails (Nail<4461b3e0>, 99, 80, 0) at <6803.508301, 14.882491, 11206.678711>
[COT 2023-10-29 5h:26:43] 76561199407766611: Spawned Entity Nails (Nail<4462ac80>, 99, 80, 0) at <6803.508301, 14.882491, 11206.678711>
[COT 2023-10-29 5h:26:43] 76561199407766611: Spawned Entity Nails (Nail<27023430>, 99, 80, 0) at <6803.508301, 14.882491, 11206.678711>
[COT 2023-10-29 5h:30:27] 76561199407766611: Spawned Entity Barbed Wire (BarbedWire<3e3e8b00>, 100, 300, 0) at <6798.985840, 14.882451, 11210.474609>
[COT 2023-10-29 5h:30:27] 76561199407766611: Spawned Entity Barbed Wire (BarbedWire<3e3fd9b0>, 100, 300, 0) at <6798.985840, 14.976565, 11210.474609>
[COT 2023-10-29 5h:30:28] 76561199407766611: Spawned Entity Barbed Wire (BarbedWire<3e41f130>, 100, 300, 0) at <6798.985840, 15.070738, 11210.474609>
[COT 2023-10-29 5h:30:28] 76561199407766611: Spawned Entity Barbed Wire (BarbedWire<2d95c8c0>, 100, 300, 0) at <6798.985840, 15.165009, 11210.474609>
[COT 2023-10-29 5h:30:28] 76561199407766611: Spawned Entity Barbed Wire (BarbedWire<2d95ef00>, 100, 300, 0) at <6798.985840, 15.259188, 11210.474609>
[COT 2023-10-29 5h:30:28] 76561199407766611: Spawned Entity Barbed Wire (BarbedWire<2d972a90>, 100, 300, 0) at <6798.985840, 15.353401, 11210.474609>
[COT 2023-10-29 5h:30:29] 76561199407766611: Spawned Entity Barbed Wire (BarbedWire<2d97cd20>, 100, 300, 0) at <6798.985840, 15.447672, 11210.474609>
[COT 2023-10-29 5h:30:29] 76561199407766611: Spawned Entity Barbed Wire (BarbedWire<32e40480>, 100, 300, 0) at <6798.985840, 15.541891, 11210.474609>
[COT 2023-10-29 5h:30:29] 76561199407766611: Spawned Entity Barbed Wire (BarbedWire<32e47740>, 100, 300, 0) at <6798.985840, 15.636000, 11210.474609>
[COT 2023-10-29 5h:30:29] 76561199407766611: Spawned Entity Barbed Wire (BarbedWire<32e28600>, 100, 300, 0) at <6798.985840, 15.730106, 11210.474609>
[COT 2023-10-29 5h:33:17] 76561199407766611: Deleted Entity Fence:09812 at <6801.832031, 14.870000, 11206.968750>
[COT 2023-10-29 5h:33:17] 76561199407766611: Deleted Entity Fence:09992 at <6803.494141, 14.869980, 11205.817383>
[COT 2023-10-29 5h:33:18] 76561199407766611: Deleted Entity Fence:05086 at <6798.321777, 14.869979, 11208.830078>
[COT 2023-10-29 5h:36:41] 76561199407766611: Spawned Entity Wooden Log (WoodenLog<3eedca80>, 1, 500, 0) at <6799.767578, 14.882452, 11210.744141>
[COT 2023-10-29 5h:36:42] 76561199407766611: Spawned Entity Wooden Log (WoodenLog<3eee3d40>, 1, 500, 0) at <6799.767578, 14.882452, 11210.744141>
[COT 2023-10-29 5h:36:46] 76561199407766611: Spawned Entity Wooden Log (WoodenLog<3eee5060>, 1, 500, 0) at <6802.992188, 14.870028, 11207.764648>
[COT 2023-10-29 5h:36:47] 76561199407766611: Spawned Entity Wooden Log (WoodenLog<4262b3f0>, 1, 500, 0) at <6802.813477, 14.963863, 11207.929688>
[COT 2023-10-29 5h:38:30] 76561199407766611: Healed [guid=spMEkRl42onhFHdF_u42e0T03x2sj347kUc600NXdGA=]
