[COT 2023-10-22 5h:45:43] 76561198036774377: Entered the Free Camera
[COT 2023-10-22 5h:45:46] 76561198036774377: Left the Free Camera
[COT 2023-10-22 5h:45:56] 76561198036774377: Spawned Entity Flag Pole Kit (TerritoryFlagKit<a2c466e0>, 100, 200, 0) at <6511.611816, 5.912376, 8513.604492>
[COT 2023-10-22 5h:46:6s] 76561198036774377: Spawned Entity Flag (DOC_42Finger<a2c2ded0>, 100, 100, 0) at <6511.578613, 6.010256, 8513.497070>
[COT 2023-10-22 5h:46:34] 76561199108250772: Spawned Entity 4-Dial Combination Lock (CombinationLock4<98f3f520>, 100, 1500, 0) at <4485.448730, 4.699744, 10002.532227>
[COT 2023-10-22 5h:47:5s] 76561199108250772: ESP: Viewing ESP
[COT 2023-10-22 5h:47:13] 76561199108250772: ESP: Clearing ESP
[COT 2023-10-22 5h:47:14] 76561199108250772: ESP: Viewing ESP
[COT 2023-10-22 5h:47:17] 76561199108250772: ESP: Clearing ESP
[COT 2023-10-22 5h:47:18] 76561199108250772: ESP: Viewing ESP
[COT 2023-10-22 5h:47:20] 76561199108250772: ESP: Clearing ESP
[COT 2023-10-22 5h:47:49] 76561198036774377: Spawned Entity Wooden Log (WoodenLog<9e9a0370>, 1, 500, 0) at <6485.071289, 2.532680, 8528.303711>
[COT 2023-10-22 5h:47:56] 76561198036774377: Spawned Entity Hammer (Hammer<9e9a1690>, 1, 100, 0) at <6484.737305, 2.746138, 8528.461914>
[COT 2023-10-22 5h:48:0s] 76561199108250772: ESP: Viewing ESP
[COT 2023-10-22 5h:48:2s] 76561198036774377: Spawned Entity Large Stone (Stone<9e9a2020>, 1, 200, 0) at <6484.630371, 2.812837, 8528.502930>
[COT 2023-10-22 5h:48:2s] 76561198036774377: Spawned Entity Large Stone (Stone<9e9a29b0>, 1, 200, 0) at <6484.517578, 2.885914, 8528.557617>
[COT 2023-10-22 5h:48:2s] 76561198036774377: Spawned Entity Large Stone (Stone<9e9a92e0>, 1, 200, 0) at <6484.428223, 2.943750, 8528.599609>
[COT 2023-10-22 5h:48:2s] 76561198036774377: Spawned Entity Large Stone (Stone<9e9a9c70>, 1, 200, 0) at <6484.329102, 3.008744, 8528.647461>
[COT 2023-10-22 5h:48:2s] 76561198036774377: Spawned Entity Large Stone (Stone<9e9a3340>, 1, 200, 0) at <6484.212891, 3.083564, 8528.702148>
[COT 2023-10-22 5h:48:3s] 76561198036774377: Spawned Entity Large Stone (Stone<9e9aa600>, 1, 200, 0) at <6484.086426, 3.164969, 8528.764648>
[COT 2023-10-22 5h:48:3s] 76561198036774377: Spawned Entity Large Stone (Stone<9e9a3cd0>, 1, 200, 0) at <6483.985352, 3.229120, 8528.814453>
[COT 2023-10-22 5h:48:3s] 76561198036774377: Spawned Entity Large Stone (Stone<9e9aaf90>, 1, 200, 0) at <6483.880859, 3.295191, 8528.867188>
[COT 2023-10-22 5h:48:3s] 76561198036774377: Spawned Entity Large Stone (Stone<9e9a4660>, 1, 200, 0) at <6483.764648, 3.368327, 8528.922852>
[COT 2023-10-22 5h:48:4s] 76561198036774377: Spawned Entity Large Stone (Stone<9e9acc40>, 1, 200, 0) at <6483.671387, 3.428191, 8528.965820>
[COT 2023-10-22 5h:48:4s] 76561198036774377: Spawned Entity Large Stone (Stone<9e9ad5d0>, 1, 200, 0) at <6483.534668, 3.517083, 8529.025391>
[COT 2023-10-22 5h:48:4s] 76561198036774377: Spawned Entity Large Stone (Stone<9e9ae8f0>, 1, 200, 0) at <6483.415527, 3.594072, 8529.081055>
[COT 2023-10-22 5h:48:6s] 76561199108250772: ESP target=Fence<9e2fc9b0> action=built part=base required_materials=false
[COT 2023-10-22 5h:48:8s] 76561199108250772: ESP target=Fence<9e2fc9b0> action=built part=wall_base_down required_materials=false
[COT 2023-10-22 5h:48:9s] 76561199108250772: ESP target=Fence<9e2fc9b0> action=built part=wall_wood_down required_materials=false
[COT 2023-10-22 5h:48:11] 76561199108250772: ESP target=Fence<9e2fc9b0> action=built part=wall_base_up required_materials=false
[COT 2023-10-22 5h:48:12] 76561199108250772: ESP target=Fence<9e2fc9b0> action=built part=wall_gate required_materials=false
[COT 2023-10-22 5h:48:14] 76561199108250772: ESP target=Fence<9e2fc9b0> action=built part=wall_wood_up required_materials=false
[COT 2023-10-22 5h:48:21] 76561199108250772: ESP: Clearing ESP
[COT 2023-10-22 5h:48:39] 76561199108250772: Spawned Entity CodeLock (CodeLock<9e9adf60>, 100, 1500, 0) at <4486.239258, 4.958264, 9996.790039>
[COT 2023-10-22 5h:49:26] 76561198036774377: Spawned Entity Sledgehammer (SledgeHammer<9e9d1d20>, 100, 300, 0) at <6485.168945, 2.546237, 8528.249023>
[COT 2023-10-22 5h:50:7s] 76561198036774377: Spawned Entity Large Stone (Stone<b33f8800>, 1, 200, 0) at <6484.965820, 2.513033, 8528.443359>
[COT 2023-10-22 5h:50:7s] 76561198036774377: Spawned Entity Large Stone (Stone<b3414970>, 1, 200, 0) at <6484.854492, 2.594461, 8528.444336>
[COT 2023-10-22 5h:50:7s] 76561198036774377: Spawned Entity Large Stone (Stone<b340f360>, 1, 200, 0) at <6484.720215, 2.692631, 8528.444336>
[COT 2023-10-22 5h:50:7s] 76561198036774377: Spawned Entity Large Stone (Stone<b3541070>, 1, 200, 0) at <6484.609863, 2.773242, 8528.445313>
[COT 2023-10-22 5h:50:7s] 76561198036774377: Spawned Entity Large Stone (Stone<b3545cf0>, 1, 200, 0) at <6484.511230, 2.845002, 8528.445313>
[COT 2023-10-22 5h:50:8s] 76561198036774377: Spawned Entity Large Stone (Stone<b3547010>, 1, 200, 0) at <6484.397461, 2.927583, 8528.446289>
[COT 2023-10-22 5h:50:8s] 76561198036774377: Spawned Entity Large Stone (Stone<b355aba0>, 1, 200, 0) at <6484.267090, 3.022283, 8528.447266>
[COT 2023-10-22 5h:50:8s] 76561198036774377: Spawned Entity Large Stone (Stone<b356f0c0>, 1, 200, 0) at <6484.156250, 3.101835, 8528.447266>
[COT 2023-10-22 5h:50:8s] 76561198036774377: Spawned Entity Large Stone (Stone<b3578030>, 1, 200, 0) at <6484.038574, 3.186058, 8528.448242>
[COT 2023-10-22 5h:50:8s] 76561198036774377: Spawned Entity Large Stone (Stone<b59c96c0>, 1, 200, 0) at <6483.899902, 3.285532, 8528.448242>
[COT 2023-10-22 5h:50:9s] 76561198036774377: Spawned Entity Large Stone (Stone<b59da280>, 1, 200, 0) at <6483.796387, 3.360541, 8528.450195>
[COT 2023-10-22 5h:50:10] 76561198036774377: Spawned Entity Large Stone (Stone<b59e8800>, 1, 200, 0) at <6483.686523, 3.440478, 8528.450195>
[COT 2023-10-22 5h:50:10] 76561198036774377: Spawned Entity Large Stone (Stone<b59e4510>, 1, 200, 0) at <6483.551270, 3.540029, 8528.450195>
[COT 2023-10-22 5h:50:10] 76561198036774377: Spawned Entity Large Stone (Stone<b59ea4b0>, 1, 200, 0) at <6483.446289, 3.617101, 8528.452148>
[COT 2023-10-22 5h:50:10] 76561198036774377: Spawned Entity Large Stone (Stone<b32591b0>, 1, 200, 0) at <6483.344238, 3.692077, 8528.453125>
[COT 2023-10-22 5h:50:10] 76561198036774377: Spawned Entity Large Stone (Stone<b325fae0>, 1, 200, 0) at <6483.248535, 3.761790, 8528.453125>
[COT 2023-10-22 5h:50:11] 76561198036774377: Spawned Entity Large Stone (Stone<b3267730>, 1, 200, 0) at <6483.247559, 3.761899, 8528.452148>
[COT 2023-10-22 5h:50:11] 76561198036774377: Spawned Entity Large Stone (Stone<b32706a0>, 1, 200, 0) at <6483.246094, 3.761942, 8528.452148>
[COT 2023-10-22 5h:50:11] 76561198036774377: Spawned Entity Large Stone (Stone<b32782f0>, 1, 200, 0) at <6483.245117, 3.761950, 8528.452148>
[COT 2023-10-22 5h:50:11] 76561198036774377: Spawned Entity Large Stone (Stone<9e9a3cd0>, 1, 200, 0) at <6483.243164, 3.761672, 8528.452148>
[COT 2023-10-22 5h:50:38] 76561198036774377: Spawned Entity Wooden Log (WoodenLog<ae283da0>, 1, 500, 0) at <6484.964844, 2.512991, 8528.443359>
[COT 2023-10-22 5h:50:38] 76561198036774377: Spawned Entity Wooden Log (WoodenLog<ae292320>, 1, 500, 0) at <6484.849121, 2.597109, 8528.444336>
[COT 2023-10-22 5h:50:38] 76561198036774377: Spawned Entity Wooden Log (WoodenLog<b356f0c0>, 1, 500, 0) at <6484.732422, 2.682195, 8528.445313>
[COT 2023-10-22 5h:50:38] 76561198036774377: Spawned Entity Wooden Log (WoodenLog<b3578030>, 1, 500, 0) at <6484.437988, 2.896913, 8528.446289>
[COT 2023-10-22 5h:50:39] 76561198036774377: Spawned Entity Wooden Log (WoodenLog<b3541070>, 1, 500, 0) at <6484.215332, 3.059798, 8528.448242>
[COT 2023-10-22 5h:50:39] 76561198036774377: Spawned Entity Wooden Log (WoodenLog<b3545cf0>, 1, 500, 0) at <6484.091309, 3.150574, 8528.449219>
[COT 2023-10-22 5h:50:47] 76561199108250772: Entered the Free Camera
[COT 2023-10-22 5h:50:54] 76561199108250772: Left the Free Camera
[COT 2023-10-22 5h:50:58] 76561199108250772: Set GodMode To true [guid=mBNlxASsPlOcry0dpDl8K-WgHNR5WMCMmoJ9NhpU4FY=]
[COT 2023-10-22 5h:50:59] 76561199108250772: Set GodMode To true [guid=mBNlxASsPlOcry0dpDl8K-WgHNR5WMCMmoJ9NhpU4FY=]
[COT 2023-10-22 5h:51:11] 76561199108250772: Spawned Entity Flag Pole Kit (TerritoryFlagKit<b33edbe0>, 100, 200, 0) at <4485.550781, 7.591362, 10000.919922>
[COT 2023-10-22 5h:51:15] 76561198036774377: Spawned Entity Pickaxe (Pickaxe<b397a9d0>, 100, 250, 0) at <6484.463379, 2.976247, 8528.278320>
[COT 2023-10-22 5h:51:35] 76561199108250772: Spawned Entity Flag Pole (TerritoryFlag<9e306ab0>, 100, 100, 0) at <4484.835449, 7.591362, 10001.073242>
[COT 2023-10-22 5h:51:44] 76561199108250772: ESP: Viewing ESP
[COT 2023-10-22 5h:51:49] 76561199108250772: ESP target=TerritoryFlag<9e306ab0> action=built part=base required_materials=false
[COT 2023-10-22 5h:51:51] 76561199108250772: ESP target=TerritoryFlag<9e306ab0> action=built part=support required_materials=false
[COT 2023-10-22 5h:51:53] 76561199108250772: ESP target=TerritoryFlag<9e306ab0> action=built part=pole required_materials=false
[COT 2023-10-22 5h:51:56] 76561199108250772: ESP: Clearing ESP
[COT 2023-10-22 5h:52:1s] 76561198036774377: Spawned Entity Rope (Rope<b32706a0>, 100, 200, 0) at <6483.395020, 2.635863, 8528.513672>
[COT 2023-10-22 5h:52:7s] 76561198036774377: Spawned Entity Metal Wire (MetalWire<b32782f0>, 100, 500, 0) at <6483.395020, 2.635863, 8528.513672>
[COT 2023-10-22 5h:52:9s] 76561199108250772: Spawned Entity Flag (DOC_Squidward<b32591b0>, 100, 100, 0) at <4482.857422, 7.140015, 10001.799805>
[COT 2023-10-22 5h:52:12] 76561198036774377: Spawned Entity Nails (Nail<b14e7340>, 99, 80, 0) at <6483.395020, 2.635863, 8528.513672>
[COT 2023-10-22 5h:52:18] 76561198036774377: Spawned Entity Wooden Log (WoodenLog<afac3440>, 1, 500, 0) at <6483.395020, 2.635863, 8528.513672>
[COT 2023-10-22 5h:52:18] 76561198036774377: Spawned Entity Wooden Log (WoodenLog<afad2ce0>, 1, 500, 0) at <6483.395020, 2.635863, 8528.513672>
[COT 2023-10-22 5h:52:18] 76561198036774377: Spawned Entity Wooden Log (WoodenLog<afa9ecf0>, 1, 500, 0) at <6483.395020, 2.635863, 8528.513672>
[COT 2023-10-22 5h:53:38] 76561199108250772: Teleported to position <5861.702148, 64.436890, 8404.166016>
[COT 2023-10-22 5h:54:3s] 76561199108250772: Set UnlimitedAmmo To true [guid=OAdpPkJP2Ps_W7h2ttR1bK23ekHCzrxw0mDT3zqLMdU=]
[COT 2023-10-22 5h:54:4s] 76561199108250772: Set UnlimitedStamina To true [guid=OAdpPkJP2Ps_W7h2ttR1bK23ekHCzrxw0mDT3zqLMdU=]
[COT 2023-10-22 5h:54:6s] 76561199108250772: Set GodMode To true [guid=OAdpPkJP2Ps_W7h2ttR1bK23ekHCzrxw0mDT3zqLMdU=]
[COT 2023-10-22 5h:54:50] 76561198036774377: Spawned Entity 100 US-Dollar Note (ItemBase<b013eca0>, 500, 100, 0) at <6508.450684, 3.700758, 8514.298828>
[COT 2023-10-22 5h:54:50] 76561198036774377: Spawned Entity 100 US-Dollar Note (ItemBase<b013a9b0>, 500, 100, 0) at <6508.450684, 3.700758, 8514.298828>
[COT 2023-10-22 5h:54:50] 76561198036774377: Spawned Entity 100 US-Dollar Note (ItemBase<b0142f90>, 500, 100, 0) at <6508.450684, 3.700758, 8514.298828>
[COT 2023-10-22 5h:54:50] 76561198036774377: Spawned Entity 100 US-Dollar Note (ItemBase<b0156b20>, 500, 100, 0) at <6508.450684, 3.700758, 8514.298828>
[COT 2023-10-22 5h:54:50] 76561198036774377: Spawned Entity 100 US-Dollar Note (ItemBase<b015cac0>, 500, 100, 0) at <6508.450684, 3.700758, 8514.298828>
[COT 2023-10-22 5h:55:4s] 76561198036774377: Spawned Entity 100 US-Dollar Note (ItemBase<ab54cb50>, 500, 100, 0) at <6508.450684, 3.700758, 8514.298828>
[COT 2023-10-22 5h:57:22] 76561198036774377: Healed [guid=mBNlxASsPlOcry0dpDl8K-WgHNR5WMCMmoJ9NhpU4FY=]
[COT 2023-10-22 5h:57:27] 76561199108250772: Entered the Free Camera
[COT 2023-10-22 5h:57:44] 76561199108250772: Left the Free Camera
[COT 2023-10-22 5h:57:55] 76561199108250772: Entered the Free Camera
[COT 2023-10-22 5h:58:27] 76561199108250772: Left the Free Camera
[COT 2023-10-22 5h:58:44] 76561199108250772: Entered the Free Camera
[COT 2023-10-22 5h:59:31] 76561199108250772: Left the Free Camera
[COT 2023-10-22 5h:59:47] 76561199108250772: Entered the Free Camera
[COT 2023-10-22 5h:59:54] 76561199108250772: Left the Free Camera
[COT 2023-10-22 6h:0m:6s] 76561199108250772: Teleported to position <4489.856934, 4.672150, 10008.059570>
[COT 2023-10-22 6h:2m:16] 76561198036774377: Teleported to position <19.813488, 2.000000, 12785.469727>
[COT 2023-10-22 6h:8m:34] 76561198036774377: Teleported to position <6485.200684, 1.870320, 8536.940430>
[COT 2023-10-22 6h:9m:52] 76561199108250772: Teleported to position <4485.646484, 39.064137, 5049.872070>
[COT 2023-10-22 6h:10:40] 76561199108250772: Teleported to position <4024.690674, 39.926651, 5828.708496>
[COT 2023-10-22 6h:11:6s] 76561199108250772: Entered the Free Camera
[COT 2023-10-22 6h:11:22] 76561199108250772: Left the Free Camera
[COT 2023-10-22 6h:12:3s] 76561199108250772: Teleported to position <2998.724854, 312.312164, 6478.700195>
[COT 2023-10-22 6h:13:18] 76561199108250772: Spawned Entity Medium Tent (MediumTent<ac3aab40>, 100, 600, 0) at <2973.066406, 314.722534, 6476.922852>
[COT 2023-10-22 6h:14:43] 76561199108250772: Healed [guid=OAdpPkJP2Ps_W7h2ttR1bK23ekHCzrxw0mDT3zqLMdU=]
[COT 2023-10-22 6h:15:7s] 76561199108250772: Spawned Entity Paper (Paper<af60ffb0>, 100, 15, 0) at <3016.820801, 312.557129, 6491.553711>
[COT 2023-10-22 6h:15:22] 76561199108250772: Spawned Entity Special Ink Pen (DZR_AdminPen_Blue<b01485a0>, 100, 10, 0) at <3016.785889, 312.629486, 6491.561523>
[COT 2023-10-22 6h:19:41] 76561199108250772: Entered the Free Camera
[COT 2023-10-22 6h:19:48] 76561199108250772: Left the Free Camera
[COT 2023-10-22 6h:19:59] 76561199108250772: Entered the Free Camera
[COT 2023-10-22 6h:21:17] 76561199108250772: Left the Free Camera
[COT 2023-10-22 6h:21:41] 76561199108250772: Spawned Entity Gas Stove (PortableGasStove<9e2e5f70>, 100, 100, 0) at <3014.821289, 312.822784, 6491.994629>
[COT 2023-10-22 6h:21:48] 76561199108250772: Spawned Entity Large Gas Canister (LargeGasCanister<b691c760>, 20, 20, 0) at <3014.945068, 312.879822, 6491.997070>
[COT 2023-10-22 6h:29:27] 76561199108250772: Set cannot be targeted by AI to true [guid=OAdpPkJP2Ps_W7h2ttR1bK23ekHCzrxw0mDT3zqLMdU=]
[COT 2023-10-22 6h:29:28] 76561199108250772: Set GodMode To true [guid=OAdpPkJP2Ps_W7h2ttR1bK23ekHCzrxw0mDT3zqLMdU=]
[COT 2023-10-22 6h:29:29] 76561199108250772: Set UnlimitedAmmo To true [guid=OAdpPkJP2Ps_W7h2ttR1bK23ekHCzrxw0mDT3zqLMdU=]
[COT 2023-10-22 6h:29:29] 76561199108250772: Set UnlimitedStamina To true [guid=OAdpPkJP2Ps_W7h2ttR1bK23ekHCzrxw0mDT3zqLMdU=]
[COT 2023-10-22 6h:30:43] 76561199108250772: Spawned Entity Fire Barrel (BarrelHoles_Yellow<3c3e5fe0>, 100, 900, 0) at <3013.216309, 313.181183, 6492.736328>
[COT 2023-10-22 6h:31:10] 76561199108250772: Spawned Entity Firewood (Firewood<b397ecc0>, 1, 500, 0) at <3013.077881, 313.246033, 6493.347168>
[COT 2023-10-22 6h:31:11] 76561199108250772: Spawned Entity Firewood (Firewood<b3982fb0>, 1, 500, 0) at <3013.151611, 313.422607, 6493.348145>
[COT 2023-10-22 6h:31:11] 76561199108250772: Spawned Entity Firewood (Firewood<b395af00>, 1, 500, 0) at <3013.224854, 313.599213, 6493.347656>
[COT 2023-10-22 6h:31:11] 76561199108250772: Spawned Entity Firewood (Firewood<afc04120>, 1, 500, 0) at <3013.297607, 313.775787, 6493.346680>
[COT 2023-10-22 6h:31:11] 76561199108250772: Spawned Entity Firewood (Firewood<afc17320>, 1, 500, 0) at <3013.370117, 313.952362, 6493.345215>
[COT 2023-10-22 6h:31:11] 76561199108250772: Spawned Entity Firewood (Firewood<afc11d10>, 1, 500, 0) at <3013.442139, 314.128967, 6493.343750>
[COT 2023-10-22 6h:31:55] 76561199108250772: Spawned Entity Paper (Paper<ae2731e0>, 100, 15, 0) at <3013.108643, 313.248688, 6493.396973>
[COT 2023-10-22 6h:32:37] 76561199108250772: Spawned Entity AUR AX (Aug<ac167730>, 100, 300, 0) at <3015.335693, 312.892914, 6492.105469>
[COT 2023-10-22 6h:33:20] 76561199108250772: Spawned Entity MDAR Carbine Green (SNAFUMDARCAR_Green<ac168c50>, 100, 200, 0) at <3014.811035, 312.787292, 6491.726563>
[COT 2023-10-22 6h:37:15] 76561198036774377: Teleported to position <3201.479248, 118.306709, 7546.166992>
[COT 2023-10-22 6h:37:15] 76561199108250772: Set the date to 2011/12/4 12:0
[COT 2023-10-22 6h:39:20] 76561199108250772: Entered the Free Camera
[COT 2023-10-22 6h:39:30] 76561199108250772: Left the Free Camera
[COT 2023-10-22 6h:40:29] 76561199108250772: Spawned Entity PKP 250rnd Mag (Snafu_PKP_250RND_Mag<ad81d370>, 250, 100, 0) at <4221.052734, 390.819824, 6613.036133>
[COT 2023-10-22 6h:42:34] 76561198036774377: Teleported to position <5484.494629, 115.886002, 8140.869141>
[COT 2023-10-22 6h:42:41] 76561199108250772: Spawned Entity Truck Battery (TruckBattery<b015b7a0>, 50, 240, 0) at <4167.607910, 390.307953, 6627.745117>
[COT 2023-10-22 6h:43:10] 76561198036774377: Teleported to position <5804.322266, 50.869999, 8708.157227>
[COT 2023-10-22 6h:43:16] 76561199108250772: Spawned Entity Mountain Backpack (MountainBag_ColorBase<b5243100>, 100, 150, 0) at <4168.194336, 390.307953, 6626.356445>
[COT 2023-10-22 6h:43:44] 76561198036774377: Entered the Free Camera
[COT 2023-10-22 6h:43:45] 76561199108250772: Teleported to position <6558.686035, 2.337284, 8462.439453>
[COT 2023-10-22 6h:44:54] 76561198036774377: Teleported to position <6491.494629, 2.466348, 8535.568359>
[COT 2023-10-22 6h:44:58] 76561198036774377: Left the Free Camera
[COT 2023-10-22 6h:53:41] 76561199108250772: Teleported to position <4492.548340, 5.038749, 10003.715820>
[COT 2023-10-22 6h:58:49] 76561199108250772: Spawned Entity Firewood (Firewood<b33dd020>, 1, 500, 0) at <4486.159180, 4.948987, 10001.379883>
[COT 2023-10-22 6h:58:49] 76561199108250772: Spawned Entity Firewood (Firewood<b33dd9b0>, 1, 500, 0) at <4486.260254, 5.098334, 10001.520508>
[COT 2023-10-22 6h:58:50] 76561199108250772: Spawned Entity Firewood (Firewood<b33eac10>, 1, 500, 0) at <4486.375488, 5.274946, 10001.684570>
[COT 2023-10-22 6h:58:50] 76561199108250772: Spawned Entity Firewood (Firewood<b33ec8c0>, 1, 500, 0) at <4486.489258, 5.451550, 10001.843750>
[COT 2023-10-22 6h:58:51] 76561199108250772: Spawned Entity Firewood (Firewood<b33e72b0>, 1, 500, 0) at <4486.566895, 5.570373, 10001.953125>
[COT 2023-10-22 6h:58:51] 76561199108250772: Spawned Entity Firewood (Firewood<b33e5f90>, 1, 500, 0) at <4486.682617, 5.746984, 10002.119141>
[COT 2023-10-22 6h:59:30] 76561199108250772: Spawned Entity Dark Bark (Bark_Oak<b19fce90>, 8, 25, 0) at <4486.019043, 4.930567, 10001.337891>
[COT 2023-10-22 7h:0m:27] 76561198036774377: Healed [guid=mBNlxASsPlOcry0dpDl8K-WgHNR5WMCMmoJ9NhpU4FY=]
[COT 2023-10-22 7h:0m:28] 76561198036774377: Healed [guid=mBNlxASsPlOcry0dpDl8K-WgHNR5WMCMmoJ9NhpU4FY=]
[COT 2023-10-22 7h:0m:28] 76561198036774377: Healed [guid=mBNlxASsPlOcry0dpDl8K-WgHNR5WMCMmoJ9NhpU4FY=]
[COT 2023-10-22 7h:15:20] 76561198036774377: Entered the Free Camera
[COT 2023-10-22 7h:15:33] 76561198036774377: Left the Free Camera
[COT 2023-10-22 7h:17:56] 76561198036774377: Teleported to position <7269.940430, 238.649368, 7046.609375>
[COT 2023-10-22 7h:18:2s] 76561198036774377: Set Invisibility To 1 [guid=mBNlxASsPlOcry0dpDl8K-WgHNR5WMCMmoJ9NhpU4FY=]
[COT 2023-10-22 7h:18:5s] 76561198036774377: Healed [guid=mBNlxASsPlOcry0dpDl8K-WgHNR5WMCMmoJ9NhpU4FY=]
[COT 2023-10-22 7h:18:5s] 76561198036774377: Healed [guid=mBNlxASsPlOcry0dpDl8K-WgHNR5WMCMmoJ9NhpU4FY=]
[COT 2023-10-22 7h:34:34] 76561198036774377: Teleported to position <6488.910645, 2.199607, 8536.503906>
[COT 2023-10-22 7h:38:28] 76561198036774377: Entered the Free Camera
[COT 2023-10-22 7h:46:10] 76561198036774377: Left the Free Camera
