[COT 2023-10-27 1h:23:16] 76561198036774377: Teleported to position <2980.848389, 314.145966, 6474.731445>
[COT 2023-10-27 1h:23:19] 76561198036774377: Entered the Free Camera
[COT 2023-10-27 1h:25:28] 76561198036774377: Left the Free Camera
[COT 2023-10-27 1h:25:46] 76561198036774377: Teleported to position <3202.754639, 113.443443, 7565.434082>
[COT 2023-10-27 1h:25:49] 76561198036774377: Entered the Free Camera
[COT 2023-10-27 1h:27:3s] 76561198036774377: Left the Free Camera
[COT 2023-10-27 1h:27:19] 76561198036774377: Teleported to position <4108.543945, 82.005997, 8076.987305>
[COT 2023-10-27 1h:27:23] 76561198036774377: Entered the Free Camera
[COT 2023-10-27 1h:32:14] 76561199108250772: Set GodMode To true [guid=OAdpPkJP2Ps_W7h2ttR1bK23ekHCzrxw0mDT3zqLMdU=]
[COT 2023-10-27 1h:32:14] 76561199108250772: Set Invisibility To 1 [guid=OAdpPkJP2Ps_W7h2ttR1bK23ekHCzrxw0mDT3zqLMdU=]
[COT 2023-10-27 1h:32:15] 76561199108250772: Set cannot be targeted by AI to true [guid=OAdpPkJP2Ps_W7h2ttR1bK23ekHCzrxw0mDT3zqLMdU=]
[COT 2023-10-27 1h:32:15] 76561199108250772: Set UnlimitedStamina To true [guid=OAdpPkJP2Ps_W7h2ttR1bK23ekHCzrxw0mDT3zqLMdU=]
[COT 2023-10-27 1h:32:16] 76561199108250772: Set UnlimitedAmmo To true [guid=OAdpPkJP2Ps_W7h2ttR1bK23ekHCzrxw0mDT3zqLMdU=]
[COT 2023-10-27 1h:32:39] 76561199108250772: Teleported to position <6853.679688, 15.417147, 11141.935547>
[COT 2023-10-27 1h:32:41] 76561199108250772: Entered the Free Camera
[COT 2023-10-27 1h:32:43] 76561199108250772: Left the Free Camera
[COT 2023-10-27 1h:32:46] 76561199108250772: Entered the Free Camera
[COT 2023-10-27 1h:32:51] 76561199108250772: Left the Free Camera
[COT 2023-10-27 1h:32:57] 76561199108250772: ESP: Viewing ESP
[COT 2023-10-27 1h:33:15] 76561199108250772: ESP: Clearing ESP
[COT 2023-10-27 1h:33:15] 76561199108250772: ESP: Viewing ESP
[COT 2023-10-27 1h:33:20] 76561199108250772: Entered the Free Camera
[COT 2023-10-27 1h:34:5s] 76561199108250772: Left the Free Camera
[COT 2023-10-27 1h:42:46] 76561199108250772: Entered the Free Camera
[COT 2023-10-27 1h:43:3s] 76561199108250772: Left the Free Camera
[COT 2023-10-27 1h:43:16] 76561199108250772: ESP: Clearing ESP
[COT 2023-10-27 1h:43:16] 76561199108250772: ESP: Viewing ESP
[COT 2023-10-27 1h:43:18] 76561199108250772: Entered the Free Camera
[COT 2023-10-27 1h:43:25] 76561199108250772: Left the Free Camera
[COT 2023-10-27 1h:43:41] 76561199108250772: Spawned Entity BK-18 (Izh18_Base<e8fbaf50>, 100, 200, 0) at <6756.103516, 32.551411, 10981.598633>
[COT 2023-10-27 1h:48:8s] 76561199108250772: ESP: Clearing ESP
[COT 2023-10-27 1h:48:9s] 76561199108250772: ESP: Viewing ESP
[COT 2023-10-27 1h:48:18] 76561199108250772: Entered the Free Camera
[COT 2023-10-27 1h:48:39] 76561199108250772: Left the Free Camera
[COT 2023-10-27 1h:48:50] 76561199108250772: Entered the Free Camera
[COT 2023-10-27 1h:49:3s] 76561199108250772: Left the Free Camera
[COT 2023-10-27 1h:49:8s] 76561199108250772: Entered the Free Camera
[COT 2023-10-27 1h:49:21] 76561199108250772: Left the Free Camera
[COT 2023-10-27 1h:49:31] 76561199108250772: Entered the Free Camera
[COT 2023-10-27 1h:49:42] 76561199108250772: Left the Free Camera
[COT 2023-10-27 1h:49:47] 76561199108250772: ESP: Clearing ESP
[COT 2023-10-27 1h:49:47] 76561199108250772: ESP: Viewing ESP
[COT 2023-10-27 1h:50:9s] 76561199108250772: Entered the Free Camera
[COT 2023-10-27 1h:50:27] 76561199108250772: Left the Free Camera
[COT 2023-10-27 1h:50:42] 76561199108250772: Spawned Entity IJ-70 (MakarovIJ70_Base<e07338c0>, 12, 100, 0) at <5821.919434, 5.368943, 11585.519531>
[COT 2023-10-27 1h:53:56] 76561199108250772: ESP: Clearing ESP
[COT 2023-10-27 1h:53:56] 76561199108250772: ESP: Viewing ESP
[COT 2023-10-27 1h:53:58] 76561199108250772: Entered the Free Camera
[COT 2023-10-27 1h:54:6s] 76561199108250772: Left the Free Camera
[COT 2023-10-27 1h:54:18] 76561199108250772: Entered the Free Camera
[COT 2023-10-27 1h:54:25] 76561199108250772: Left the Free Camera
[COT 2023-10-27 1h:54:32] 76561199108250772: Healed [guid=OAdpPkJP2Ps_W7h2ttR1bK23ekHCzrxw0mDT3zqLMdU=]
[COT 2023-10-27 1h:54:36] 76561199108250772: Entered the Free Camera
[COT 2023-10-27 1h:54:46] 76561199108250772: Left the Free Camera
[COT 2023-10-27 1h:59:26] 76561199108250772: ESP: Clearing ESP
[COT 2023-10-27 1h:59:27] 76561199108250772: ESP: Viewing ESP
[COT 2023-10-27 1h:59:45] 76561199108250772: Teleported to position <7092.478027, 15.724392, 10736.126953>
[COT 2023-10-27 2h:0m:3s] 76561199108250772: ESP: Clearing ESP
[COT 2023-10-27 2h:0m:4s] 76561199108250772: ESP: Viewing ESP
[COT 2023-10-27 2h:0m:8s] 76561199108250772: Entered the Free Camera
[COT 2023-10-27 2h:0m:34] 76561199108250772: Spawned Entity Anadyr province map (dzn_map_namalsk<eb256d80>, 100, 100, 0) at <7158.287598, 15.957075, 10767.329102>
[COT 2023-10-27 2h:0m:42] 76561199108250772: Left the Free Camera
[COT 2023-10-27 2h:0m:43] 76561199108250772: Entered the Free Camera
[COT 2023-10-27 2h:1m:50] 76561199108250772: Left the Free Camera
[COT 2023-10-27 2h:1m:53] 76561199108250772: Entered the Free Camera
[COT 2023-10-27 2h:2m:13] 76561199108250772: Left the Free Camera
[COT 2023-10-27 2h:2m:19] 76561199108250772: ESP: Clearing ESP
[COT 2023-10-27 2h:2m:19] 76561199108250772: ESP: Viewing ESP
[COT 2023-10-27 2h:2m:31] 76561199108250772: Spawned Entity BK-18 (Izh18_Base<341254a0>, 100, 200, 0) at <8230.662109, 26.847773, 10809.047852>
[COT 2023-10-27 2h:4m:39] 76561199108250772: Spawned Entity Bear Trap (BearTrap<f0fdd430>, 100, 200, 0) at <8170.759277, 15.880015, 10880.579102>
[COT 2023-10-27 2h:5m:23] 76561199108250772: Spawned Entity Bear Trap (BearTrap<f0fbdd10>, 100, 200, 0) at <8164.416992, 15.162085, 10892.450195>
[COT 2023-10-27 2h:6m:5s] 76561199108250772: Entered the Free Camera
[COT 2023-10-27 2h:6m:12] 76561199108250772: Left the Free Camera
[COT 2023-10-27 2h:6m:29] 76561199108250772: Spawned Entity Sea Chest (SeaChest<e46efe00>, 100, 600, 0) at <8352.617188, 15.046792, 10780.978516>
[COT 2023-10-27 2h:6m:36] 76561199108250772: Spawned Entity Multivitamin Pills (VitaminBottle<f0fc8820>, 50, 50, 0) at <8352.379883, 15.046874, 10780.518555>
[COT 2023-10-27 2h:6m:36] 76561199108250772: Spawned Entity Multivitamin Pills (VitaminBottle<f0fc2d90>, 50, 50, 0) at <8352.411133, 15.131166, 10780.443359>
[COT 2023-10-27 2h:6m:43] 76561199108250772: Spawned Entity Tetracycline Pills (TetracyclineAntibiotics<e8c30330>, 12, 30, 0) at <8352.526367, 15.046823, 10780.450195>
[COT 2023-10-27 2h:6m:43] 76561199108250772: Spawned Entity Tetracycline Pills (TetracyclineAntibiotics<e8c31750>, 12, 30, 0) at <8352.545898, 15.115960, 10780.390625>
[COT 2023-10-27 2h:6m:52] 76561199108250772: Spawned Entity Canteen (Canteen<e8c2b2b0>, 1000, 100, 1) at <8352.858398, 15.046709, 10780.368164>
[COT 2023-10-27 2h:6m:52] 76561199108250772: Spawned Entity Canteen (Canteen<e8c33f90>, 1000, 100, 1) at <8352.856445, 15.046710, 10780.369141>
[COT 2023-10-27 2h:6m:54] 76561199108250772: Spawned Entity Canteen (Canteen<e8c3cc70>, 1000, 100, 1) at <8352.860352, 15.120498, 10780.298828>
[COT 2023-10-27 2h:7m:14] 76561199108250772: Spawned Entity Lighter (PetrolLighter<f295da80>, 20, 20, 0) at <8352.618164, 15.046792, 10780.423828>
[COT 2023-10-27 2h:7m:14] 76561199108250772: Spawned Entity Lighter (PetrolLighter<e8aabcf0>, 20, 20, 0) at <8352.620117, 15.058819, 10780.416016>
[COT 2023-10-27 2h:7m:22] 76561199108250772: Spawned Entity Canned Bacon (TacticalBaconCan<e8c371e0>, 20, 100, 0) at <8352.619141, 15.070351, 10780.401367>
[COT 2023-10-27 2h:7m:22] 76561199108250772: Spawned Entity Canned Bacon (TacticalBaconCan<e8c01a90>, 20, 100, 0) at <8352.637695, 15.174901, 10780.324219>
[COT 2023-10-27 2h:7m:22] 76561199108250772: Spawned Entity Canned Bacon (TacticalBaconCan<e8c0ede0>, 20, 100, 0) at <8352.650391, 15.243355, 10780.272461>
[COT 2023-10-27 2h:7m:23] 76561199108250772: Spawned Entity Canned Bacon (TacticalBaconCan<e8c1f380>, 20, 100, 0) at <8352.671875, 15.345464, 10780.203125>
[COT 2023-10-27 2h:7m:42] 76561199108250772: Spawned Entity Firewood (Firewood<eadbd7a0>, 1, 500, 0) at <8352.419922, 15.046861, 10780.470703>
[COT 2023-10-27 2h:7m:42] 76561199108250772: Spawned Entity Firewood (Firewood<eadbce10>, 1, 500, 0) at <8352.442383, 15.219597, 10780.360352>
[COT 2023-10-27 2h:7m:43] 76561199108250772: Spawned Entity Firewood (Firewood<eadc7a30>, 1, 500, 0) at <8352.465820, 15.396209, 10780.243164>
[COT 2023-10-27 2h:7m:56] 76561199108250772: Spawned Entity Paper (Paper<ece8e6b0>, 100, 15, 0) at <8352.472656, 15.046841, 10780.555664>
[COT 2023-10-27 2h:7m:57] 76561199108250772: Spawned Entity Paper (Paper<ece7be40>, 100, 15, 0) at <8352.479492, 15.119170, 10780.524414>
[COT 2023-10-27 2h:7m:57] 76561199108250772: Spawned Entity Paper (Paper<ef104250>, 100, 15, 0) at <8352.490234, 15.191502, 10780.490234>
[COT 2023-10-27 2h:10:37] 76561199108250772: Spawned Entity Wolf (Animal_CanisLupus<ef0b0650>, 100, 200, 0) at <8343.005859, 15.000021, 10763.978516>
[COT 2023-10-27 2h:14:6s] 76561199108250772: Teleported to position <4436.069824, 2.820000, 11265.943359>
[COT 2023-10-27 2h:14:11] 76561199108250772: Entered the Free Camera
[COT 2023-10-27 2h:14:15] 76561199108250772: Left the Free Camera
[COT 2023-10-27 2h:14:34] 76561199108250772: Teleported [guid=Y0GK2Gy76x-3y5njdRGfNsJyWl81mURnd1mLqwX3jY4=] to <4433.449219, 2.836194, 11241.441406>
[COT 2023-10-27 2h:14:45] 76561199108250772: Entered the Free Camera
[COT 2023-10-27 2h:15:12] 76561199108250772: Left the Free Camera
[COT 2023-10-27 2h:16:33] 76561199108250772: Teleported to position <4485.881836, 4.560304, 10007.214844>
[COT 2023-10-27 2h:16:40] 76561199108250772: Entered the Free Camera
[COT 2023-10-27 2h:16:48] 76561199108250772: Left the Free Camera
[COT 2023-10-27 2h:17:10] 76561199108250772: Spawned Entity Firewood (Firewood<e7a6b030>, 1, 500, 0) at <4485.117188, 4.737457, 10000.252930>
[COT 2023-10-27 2h:17:10] 76561199108250772: Spawned Entity Firewood (Firewood<e7a65090>, 1, 500, 0) at <4485.167969, 4.914068, 10000.276367>
[COT 2023-10-27 2h:17:10] 76561199108250772: Spawned Entity Firewood (Firewood<e7a73610>, 1, 500, 0) at <4485.220703, 5.090680, 10000.298828>
[COT 2023-10-27 2h:17:11] 76561199108250772: Spawned Entity Firewood (Firewood<e9082fe0>, 1, 500, 0) at <4485.272949, 5.267292, 10000.320313>
[COT 2023-10-27 2h:17:11] 76561199108250772: Spawned Entity Firewood (Firewood<e908d270>, 1, 500, 0) at <4485.323730, 5.443903, 10000.342773>
[COT 2023-10-27 2h:17:29] 76561199108250772: Spawned Entity Paper (Paper<ef582030>, 100, 15, 0) at <4484.974121, 4.730896, 10000.320313>
[COT 2023-10-27 2h:17:30] 76561199108250772: Spawned Entity Paper (Paper<edb86410>, 100, 15, 0) at <4485.015137, 4.803227, 10000.326172>
[COT 2023-10-27 2h:17:30] 76561199108250772: Spawned Entity Paper (Paper<edb8f380>, 100, 15, 0) at <4485.048828, 4.875559, 10000.333008>
