[COT 2023-10-22 9h:58:43] 76561198036774377: Spawned Entity 100 US-Dollar Note (ItemBase<38f98e00>, 500, 100, 0) at <6508.355957, 3.700761, 8513.958984>
[COT 2023-10-22 9h:58:43] 76561198036774377: Spawned Entity 100 US-Dollar Note (ItemBase<38fad320>, 500, 100, 0) at <6508.355957, 3.700761, 8513.958984>
[COT 2023-10-22 9h:58:43] 76561198036774377: Spawned Entity 100 US-Dollar Note (ItemBase<38fa86a0>, 500, 100, 0) at <6508.355957, 3.700761, 8513.958984>
[COT 2023-10-22 9h:58:43] 76561198036774377: Spawned Entity 100 US-Dollar Note (ItemBase<3a0fede0>, 500, 100, 0) at <6508.355957, 3.700761, 8513.958984>
[COT 2023-10-22 9h:58:43] 76561198036774377: Spawned Entity 100 US-Dollar Note (ItemBase<3a112970>, 500, 100, 0) at <6508.355957, 3.700761, 8513.958984>
[COT 2023-10-22 9h:58:44] 76561198036774377: Spawned Entity 100 US-Dollar Note (ItemBase<3a0ddff0>, 500, 100, 0) at <6508.355957, 3.700761, 8513.958984>
[COT 2023-10-22 9h:58:44] 76561198036774377: Spawned Entity 100 US-Dollar Note (ItemBase<3a0d76c0>, 500, 100, 0) at <6508.355957, 3.700761, 8513.958984>
[COT 2023-10-22 9h:58:44] 76561198036774377: Spawned Entity 100 US-Dollar Note (ItemBase<38194300>, 500, 100, 0) at <6508.355957, 3.700761, 8513.958984>
[COT 2023-10-22 9h:58:44] 76561198036774377: Spawned Entity 100 US-Dollar Note (ItemBase<381b1790>, 500, 100, 0) at <6508.355957, 3.700761, 8513.958984>
[COT 2023-10-22 9h:58:44] 76561198036774377: Spawned Entity 100 US-Dollar Note (ItemBase<381b4760>, 500, 100, 0) at <6508.355957, 3.700761, 8513.958984>
[COT 2023-10-22 9h:58:45] 76561198036774377: Spawned Entity 100 US-Dollar Note (ItemBase<381c5320>, 500, 100, 0) at <6508.355957, 3.700761, 8513.958984>
[COT 2023-10-22 9h:58:45] 76561198036774377: Spawned Entity 100 US-Dollar Note (ItemBase<35156670>, 500, 100, 0) at <6508.355957, 3.700761, 8513.958984>
[COT 2023-10-22 9h:58:45] 76561198036774377: Spawned Entity 100 US-Dollar Note (ItemBase<3515a960>, 500, 100, 0) at <6508.355957, 3.700761, 8513.958984>
[COT 2023-10-22 9h:58:45] 76561198036774377: Spawned Entity 100 US-Dollar Note (ItemBase<32ae3f60>, 500, 100, 0) at <6508.355957, 3.700761, 8513.958984>
[COT 2023-10-22 9h:58:45] 76561198036774377: Spawned Entity 100 US-Dollar Note (ItemBase<32b0c9a0>, 500, 100, 0) at <6508.355957, 3.700761, 8513.958984>
[COT 2023-10-22 9h:58:46] 76561198036774377: Spawned Entity 100 US-Dollar Note (ItemBase<36678770>, 500, 100, 0) at <6508.355957, 3.700761, 8513.958984>
[COT 2023-10-22 9h:58:46] 76561198036774377: Spawned Entity 100 US-Dollar Note (ItemBase<366549b0>, 500, 100, 0) at <6508.355957, 3.700761, 8513.958984>
[COT 2023-10-22 9h:58:46] 76561198036774377: Spawned Entity 100 US-Dollar Note (ItemBase<3a900910>, 500, 100, 0) at <6508.355957, 3.700761, 8513.958984>
[COT 2023-10-22 9h:58:46] 76561198036774377: Spawned Entity 100 US-Dollar Note (ItemBase<3a90d1e0>, 500, 100, 0) at <6508.355957, 3.700761, 8513.958984>
[COT 2023-10-22 9h:58:46] 76561198036774377: Spawned Entity 100 US-Dollar Note (ItemBase<2c766730>, 500, 100, 0) at <6508.355957, 3.700761, 8513.958984>
[COT 2023-10-22 10:1m:28] 76561198036774377: Spawned Entity 100 US-Dollar Note (ItemBase<331fb2e0>, 500, 100, 0) at <6511.389160, 3.700797, 8518.216797>
[COT 2023-10-22 10:1m:28] 76561198036774377: Spawned Entity 100 US-Dollar Note (ItemBase<3321e710>, 500, 100, 0) at <6511.389160, 3.700797, 8518.216797>
[COT 2023-10-22 10:1m:28] 76561198036774377: Spawned Entity 100 US-Dollar Note (ItemBase<30adba00>, 500, 100, 0) at <6511.389160, 3.700797, 8518.216797>
[COT 2023-10-22 10:1m:28] 76561198036774377: Spawned Entity 100 US-Dollar Note (ItemBase<33578740>, 500, 100, 0) at <6511.389160, 3.700797, 8518.216797>
[COT 2023-10-22 10:1m:28] 76561198036774377: Spawned Entity 100 US-Dollar Note (ItemBase<33587fe0>, 500, 100, 0) at <6511.389160, 3.700797, 8518.216797>
[COT 2023-10-22 10:1m:29] 76561198036774377: Spawned Entity 100 US-Dollar Note (ItemBase<3a918790>, 500, 100, 0) at <6511.389160, 3.700797, 8518.216797>
[COT 2023-10-22 10:1m:29] 76561198036774377: Spawned Entity 100 US-Dollar Note (ItemBase<30ae4970>, 500, 100, 0) at <6511.389160, 3.700797, 8518.216797>
[COT 2023-10-22 10:1m:29] 76561198036774377: Spawned Entity 100 US-Dollar Note (ItemBase<3559ab40>, 500, 100, 0) at <6511.389160, 3.700797, 8518.216797>
[COT 2023-10-22 10:1m:29] 76561198036774377: Spawned Entity 100 US-Dollar Note (ItemBase<28945910>, 500, 100, 0) at <6511.389160, 3.700797, 8518.216797>
[COT 2023-10-22 10:1m:29] 76561198036774377: Spawned Entity 100 US-Dollar Note (ItemBase<3320d1c0>, 500, 100, 0) at <6511.389160, 3.700797, 8518.216797>
[COT 2023-10-22 10:1m:29] 76561198036774377: Spawned Entity 100 US-Dollar Note (ItemBase<3870a120>, 500, 100, 0) at <6511.389160, 3.700797, 8518.216797>
[COT 2023-10-22 10:1m:30] 76561198036774377: Spawned Entity 100 US-Dollar Note (ItemBase<38717380>, 500, 100, 0) at <6511.389160, 3.700797, 8518.216797>
[COT 2023-10-22 10:51:42] 76561198036774377: Set GodMode To true [guid=mBNlxASsPlOcry0dpDl8K-WgHNR5WMCMmoJ9NhpU4FY=]
[COT 2023-10-22 10:51:43] 76561198036774377: Set GodMode To true [guid=mBNlxASsPlOcry0dpDl8K-WgHNR5WMCMmoJ9NhpU4FY=]
[COT 2023-10-22 10:51:44] 76561198036774377: Set UnlimitedStamina To true [guid=mBNlxASsPlOcry0dpDl8K-WgHNR5WMCMmoJ9NhpU4FY=]
[COT 2023-10-22 10:51:45] 76561198036774377: Set UnlimitedAmmo To true [guid=mBNlxASsPlOcry0dpDl8K-WgHNR5WMCMmoJ9NhpU4FY=]
[COT 2023-10-22 10:51:46] 76561198036774377: Healed [guid=mBNlxASsPlOcry0dpDl8K-WgHNR5WMCMmoJ9NhpU4FY=]
[COT 2023-10-22 10:52:7s] 76561198036774377: Teleported to position <2973.015137, 314.826782, 6476.558105>
[COT 2023-10-22 10:52:11] 76561198036774377: Entered the Free Camera
[COT 2023-10-22 10:52:28] 76561198036774377: Left the Free Camera
[COT 2023-10-22 10:52:55] 76561198036774377: Entered the Free Camera
[COT 2023-10-22 10:53:2s] 76561198036774377: Left the Free Camera
[COT 2023-10-22 10:53:22] 76561198036774377: Spawned Entity SN Glock19 (SN_Glock19<dfbd4dc0>, 100, 150, 0) at <3427.163086, 218.629196, 6730.191895>
[COT 2023-10-22 10:53:26] 76561198036774377: Spawned Entity 15rd Mlock-91 Mag (Mag_Glock_15Rnd<385c7e10>, 15, 100, 0) at <3426.975586, 218.629196, 6729.869141>
[COT 2023-10-22 10:56:5s] 76561198036774377: Healed [guid=mBNlxASsPlOcry0dpDl8K-WgHNR5WMCMmoJ9NhpU4FY=]
[COT 2023-10-22 10:58:0s] 76561198036774377: Entered the Free Camera
[COT 2023-10-22 11:5m:41] 76561198036774377: Left the Free Camera
[COT 2023-10-22 11:5m:52] 76561198036774377: Teleported to position <6488.895996, 2.332932, 8534.753906>
