[COT 2023-10-22 16:9m:54] 76561199108250772: Entered the Free Camera
[COT 2023-10-22 16:10:11] 76561199108250772: Left the Free Camera
[COT 2023-10-22 16:12:26] 76561198036774377: Spawned Entity Fange (FangeKnife<e7031b70>, 100, 130, 0) at <6506.372070, 3.007426, 8524.900391>
[COT 2023-10-22 16:14:8s] 76561199108250772: Teleported to position <6510.402832, 3.427693, 8523.712891>
[COT 2023-10-22 16:14:44] 76561198036774377: Teleported to position <6492.125488, 2.741228, 8531.353516>
[COT 2023-10-22 16:20:47] 76561199108250772: Entered the Free Camera
[COT 2023-10-22 16:21:6s] 76561199108250772: Left the Free Camera
[COT 2023-10-22 16:33:51] 76561198036774377: Teleported to position <3755.781494, 161.150589, 8135.616211>
[COT 2023-10-22 16:33:56] 76561198036774377: Entered the Free Camera
[COT 2023-10-22 16:34:41] 76561198036774377: Left the Free Camera
[COT 2023-10-22 16:41:58] 76561199108250772: Set GodMode To true [guid=OAdpPkJP2Ps_W7h2ttR1bK23ekHCzrxw0mDT3zqLMdU=]
[COT 2023-10-22 16:41:59] 76561199108250772: Set cannot be targeted by AI to true [guid=OAdpPkJP2Ps_W7h2ttR1bK23ekHCzrxw0mDT3zqLMdU=]
[COT 2023-10-22 16:41:59] 76561199108250772: Set UnlimitedStamina To true [guid=OAdpPkJP2Ps_W7h2ttR1bK23ekHCzrxw0mDT3zqLMdU=]
[COT 2023-10-22 16:42:0s] 76561199108250772: Set UnlimitedAmmo To true [guid=OAdpPkJP2Ps_W7h2ttR1bK23ekHCzrxw0mDT3zqLMdU=]
[COT 2023-10-22 16:42:1s] 76561199108250772: Set Invisibility To 1 [guid=OAdpPkJP2Ps_W7h2ttR1bK23ekHCzrxw0mDT3zqLMdU=]
[COT 2023-10-22 16:42:10] 76561199108250772: Teleported to position <7272.257324, 46.891106, 10447.665039>
[COT 2023-10-22 16:42:15] 76561199108250772: Entered the Free Camera
[COT 2023-10-22 16:44:0s] 76561199108250772: Spawned Entity M4-A1 (M4A1_Base<cf1cbab0>, 100, 200, 0) at <7298.634766, 46.385887, 10514.796875>
[COT 2023-10-22 16:53:1s] 76561199108250772: Left the Free Camera
[COT 2023-10-22 17:0m:35] 76561199108250772: Set GodMode To true [guid=OAdpPkJP2Ps_W7h2ttR1bK23ekHCzrxw0mDT3zqLMdU=]
[COT 2023-10-22 17:0m:35] 76561199108250772: Set cannot be targeted by AI to true [guid=OAdpPkJP2Ps_W7h2ttR1bK23ekHCzrxw0mDT3zqLMdU=]
[COT 2023-10-22 17:0m:36] 76561199108250772: Set UnlimitedStamina To true [guid=OAdpPkJP2Ps_W7h2ttR1bK23ekHCzrxw0mDT3zqLMdU=]
[COT 2023-10-22 17:0m:36] 76561199108250772: Set UnlimitedAmmo To true [guid=OAdpPkJP2Ps_W7h2ttR1bK23ekHCzrxw0mDT3zqLMdU=]
[COT 2023-10-22 17:1m:12] 76561199108250772: ESP: Viewing ESP
[COT 2023-10-22 17:1m:51] 76561199108250772: ESP: Clearing ESP
[COT 2023-10-22 17:1m:51] 76561199108250772: ESP: Viewing ESP
[COT 2023-10-22 17:1m:52] 76561199108250772: ESP: Clearing ESP
[COT 2023-10-22 17:2m:7s] 76561198036774377: Teleported to position <6488.651855, 2.412416, 8533.800781>
[COT 2023-10-22 17:3m:4s] 76561199108250772: Spawned Entity AR15 SPR 60RND Mag (SNAFUAR15_SPR_60RND_Mag<ec9e7f60>, 60, 100, 0) at <7449.107422, 28.579329, 10575.110352>
[COT 2023-10-22 17:3m:17] 76561199108250772: Spawned Entity Mountain Backpack (MountainBag_ColorBase<f029a9f0>, 100, 150, 0) at <7449.710938, 28.293070, 10574.275391>
[COT 2023-10-22 17:3m:34] 76561199108250772: Spawned Entity 60rd Standardized Mag (Mag_STANAG_60Rnd<f02940c0>, 60, 100, 0) at <7449.303223, 28.484152, 10574.705078>
[COT 2023-10-22 17:3m:58] 76561199108250772: Spawned Entity Standardized Suppressor (M4_Suppressor<eb209040>, 100, 12, 0) at <7391.398926, 45.113197, 10540.914063>
[COT 2023-10-22 17:7m:50] 76561199108250772: Set GodMode To false [guid=OAdpPkJP2Ps_W7h2ttR1bK23ekHCzrxw0mDT3zqLMdU=]
[COT 2023-10-22 17:8m:14] 76561199108250772: Entered the Free Camera
[COT 2023-10-22 17:8m:26] 76561199108250772: Left the Free Camera
