[COT 2023-10-21 22:49:11] 76561199108250772: Set GodMode To true [guid=OAdpPkJP2Ps_W7h2ttR1bK23ekHCzrxw0mDT3zqLMdU=]
[COT 2023-10-21 22:49:12] 76561199108250772: Set UnlimitedAmmo To true [guid=OAdpPkJP2Ps_W7h2ttR1bK23ekHCzrxw0mDT3zqLMdU=]
[COT 2023-10-21 22:49:12] 76561199108250772: Set UnlimitedStamina To true [guid=OAdpPkJP2Ps_W7h2ttR1bK23ekHCzrxw0mDT3zqLMdU=]
[COT 2023-10-21 22:49:15] 76561199108250772: Set cannot be targeted by AI to true [guid=OAdpPkJP2Ps_W7h2ttR1bK23ekHCzrxw0mDT3zqLMdU=]
[COT 2023-10-21 22:49:24] 76561199108250772: Spawned Entity P90 (SNAFUP90<861f0210>, 50, 300, 0) at <6508.451660, 3.215937, 8523.867188>
[COT 2023-10-21 22:49:29] 76561199108250772: Spawned Entity P90 Mag (SNAFUP90_50rdMag<aecfcb80>, 50, 200, 0) at <6508.394043, 3.312747, 8523.966797>
[COT 2023-10-21 22:50:35] 76561199108250772: Teleported to <6506.191895, 3.415415, 8525.773438> [guid=mBNlxASsPlOcry0dpDl8K-WgHNR5WMCMmoJ9NhpU4FY=]
[COT 2023-10-21 22:51:32] 76561199108250772: Spawned Entity Beanie (BeanieHat_Green<ab3a6090>, 100, 40, 0) at <6508.460938, 3.231098, 8525.440430>
[COT 2023-10-21 22:52:24] 76561199108250772: Spawned Entity ATOG 4x32 Scope (ACOGOptic<b709bc30>, 100, 50, 0) at <6508.831055, 3.255141, 8523.217773>
[COT 2023-10-21 22:54:20] 76561199108250772: Entered the Free Camera
[COT 2023-10-21 22:54:26] 76561199108250772: Left the Free Camera
[COT 2023-10-21 22:56:8s] 76561199108250772: Set GodMode To true [guid=OAdpPkJP2Ps_W7h2ttR1bK23ekHCzrxw0mDT3zqLMdU=]
[COT 2023-10-21 22:56:9s] 76561199108250772: Set UnlimitedStamina To true [guid=OAdpPkJP2Ps_W7h2ttR1bK23ekHCzrxw0mDT3zqLMdU=]
[COT 2023-10-21 22:56:10] 76561199108250772: Set cannot be targeted by AI to true [guid=OAdpPkJP2Ps_W7h2ttR1bK23ekHCzrxw0mDT3zqLMdU=]
[COT 2023-10-21 22:56:10] 76561199108250772: Set UnlimitedAmmo To true [guid=OAdpPkJP2Ps_W7h2ttR1bK23ekHCzrxw0mDT3zqLMdU=]
[COT 2023-10-21 22:56:23] 76561199108250772: Spawned Entity Kukri (KukriKnife<b1894be0>, 100, 150, 0) at <6509.284668, 3.363796, 8527.237305>
[COT 2023-10-21 22:59:17] 76561199108250772: Spawned Entity Mountain Backpack (MountainBag_ColorBase<c1d53350>, 100, 150, 0) at <6506.632813, 3.021625, 8524.987305>
[COT 2023-10-21 23:2m:35] 76561199108250772: Entered the Free Camera
[COT 2023-10-21 23:2m:42] 76561199108250772: Left the Free Camera
[COT 2023-10-21 23:3m:8s] 76561199108250772: Spawned Entity Fire Barrel (BarrelHoles_Yellow<a99449c0>, 100, 900, 0) at <6871.779297, 9.808963, 8351.354492>
[COT 2023-10-21 23:3m:18] 76561199108250772: Spawned Entity Firewood (Firewood<b18a57a0>, 1, 500, 0) at <6872.181152, 9.799209, 8351.634766>
[COT 2023-10-21 23:3m:18] 76561199108250772: Spawned Entity Firewood (Firewood<b18a6130>, 1, 500, 0) at <6872.249023, 9.975821, 8351.562500>
[COT 2023-10-21 23:3m:18] 76561199108250772: Spawned Entity Firewood (Firewood<b189f800>, 1, 500, 0) at <6872.316406, 10.152432, 8351.494141>
[COT 2023-10-21 23:3m:19] 76561199108250772: Spawned Entity Firewood (Firewood<b18a1e40>, 1, 500, 0) at <6872.377930, 10.328011, 8351.428711>
[COT 2023-10-21 23:3m:19] 76561199108250772: Spawned Entity Firewood (Firewood<b18a0190>, 1, 500, 0) at <6872.442383, 10.501719, 8351.362305>
[COT 2023-10-21 23:3m:20] 76561199108250772: Spawned Entity Firewood (Firewood<b18a6ac0>, 1, 500, 0) at <6872.509277, 10.677948, 8351.291992>
[COT 2023-10-21 23:3m:35] 76561199108250772: Spawned Entity Paper (Paper<c19433a0>, 100, 15, 0) at <6872.164063, 9.801049, 8351.680664>
[COT 2023-10-21 23:3m:44] 76561199108250772: Spawned Entity Lighter (PetrolLighter<b18a6130>, 20, 20, 0) at <6872.616211, 9.780488, 8351.604492>
[COT 2023-10-21 23:6m:58] 76561199108250772: Entered the Free Camera
[COT 2023-10-21 23:7m:2s] 76561199108250772: Left the Free Camera
[COT 2023-10-21 23:7m:15] 76561199108250772: Teleported to position <8141.337402, 15.220000, 10855.647461>
[COT 2023-10-21 23:9m:41] 76561199108250772: Set GodMode To false [guid=OAdpPkJP2Ps_W7h2ttR1bK23ekHCzrxw0mDT3zqLMdU=]
[COT 2023-10-21 23:10:17] 76561199108250772: Healed [guid=OAdpPkJP2Ps_W7h2ttR1bK23ekHCzrxw0mDT3zqLMdU=]
