[COT 2023-10-26 1h:53:3s] 76561199108250772: Set GodMode To true [guid=OAdpPkJP2Ps_W7h2ttR1bK23ekHCzrxw0mDT3zqLMdU=]
[COT 2023-10-26 1h:53:4s] 76561199108250772: Set UnlimitedAmmo To true [guid=OAdpPkJP2Ps_W7h2ttR1bK23ekHCzrxw0mDT3zqLMdU=]
[COT 2023-10-26 1h:53:5s] 76561199108250772: Set UnlimitedStamina To true [guid=OAdpPkJP2Ps_W7h2ttR1bK23ekHCzrxw0mDT3zqLMdU=]
[COT 2023-10-26 1h:53:5s] 76561199108250772: Set cannot be targeted by AI to true [guid=OAdpPkJP2Ps_W7h2ttR1bK23ekHCzrxw0mDT3zqLMdU=]
[COT 2023-10-26 1h:53:16] 76561199108250772: Teleported to <2623.673340, 0.865531, 7145.634766> [guid=s6p4haLQuJyz0cTyZhAzHp_4kMp6NEX2rKfdZk6LuGI=]
[COT 2023-10-26 1h:56:5s] 76561199108250772: Spawned Entity Anadyr province map (dzn_map_namalsk<ef931970>, 100, 100, 0) at <2972.990234, 43.431297, 7176.330078>
[COT 2023-10-26 2h:23:31] 76561199108250772: Spawned Entity Short Stick (WoodenStick<e7e1cc60>, 5, 50, 0) at <2972.713867, 47.144711, 7180.983887>
[COT 2023-10-26 2h:26:53] 76561199108250772: Teleported to position <3239.320313, 6.478594, 8347.267578>
[COT 2023-10-26 2h:27:13] 76561199108250772: Spawned Entity Sea Chest (SeaChest<ec567be0>, 100, 600, 0) at <3243.508545, 6.539090, 8357.252930>
[COT 2023-10-26 2h:27:24] 76561199108250772: Spawned Entity Gun Cleaning Kit (WeaponCleaningKit<ec5701c0>, 100, 100, 0) at <3243.639160, 6.539091, 8356.709961>
[COT 2023-10-26 2h:27:25] 76561199108250772: Spawned Entity Gun Cleaning Kit (WeaponCleaningKit<ec590fb0>, 100, 100, 0) at <3243.686279, 6.641749, 8356.679688>
[COT 2023-10-26 2h:27:42] 76561199108250772: Spawned Entity MVS Sling Pack - Black (MountainBag_ColorBase<edfe1bd0>, 100, 300, 0) at <3243.666992, 6.539090, 8356.579102>
[COT 2023-10-26 2h:30:22] 76561199108250772: Spawned Entity Kivaari Tan (SNAFUKivaari_Tan_GUN<c3687a30>, 100, 300, 0) at <3243.623779, 6.539091, 8356.492188>
[COT 2023-10-26 2h:30:53] 76561199108250772: Spawned Entity 338 Suppressor (SNAFUKivaari_338_Supp<f181ec10>, 40, 100, 0) at <3243.680176, 6.539090, 8356.665039>
[COT 2023-10-26 2h:30:55] 76561199108250772: Spawned Entity 338 (SNAFU_Ammo_338<f1835770>, 40, 100, 0) at <3243.646973, 6.591796, 8356.641602>
[COT 2023-10-26 2h:30:56] 76561199108250772: Spawned Entity 338 (SNAFU_Ammo_338<f183f070>, 40, 100, 0) at <3243.642090, 6.618204, 8356.633789>
[COT 2023-10-26 2h:31:18] 76561199108250772: Teleported to position <452.387939, 1.083777, 5851.341309>
[COT 2023-10-26 2h:37:55] 76561199108250772: Teleported to position <2828.206543, 11.338563, 7472.348145>
[COT 2023-10-26 2h:39:6s] 76561199108250772: Spawned Entity Fishing Hook (Hook<f133ba50>, 100, 30, 0) at <2804.073975, 6.026525, 7478.152832>
[COT 2023-10-26 2h:41:55] 76561199108250772: Spawned Entity Firewood (Firewood<e2aefc30>, 1, 500, 0) at <2805.347656, 6.028582, 7476.229980>
[COT 2023-10-26 2h:41:55] 76561199108250772: Spawned Entity Firewood (Firewood<f2da1bb0>, 1, 500, 0) at <2805.230957, 6.205194, 7476.170410>
[COT 2023-10-26 2h:41:55] 76561199108250772: Spawned Entity Firewood (Firewood<f2dc0cf0>, 1, 500, 0) at <2805.113770, 6.381993, 7476.111328>
[COT 2023-10-26 2h:42:21] 76561199108250772: Spawned Entity Paper (Paper<ed3d9e40>, 100, 15, 0) at <2805.070068, 6.029159, 7475.525391>
[COT 2023-10-26 2h:43:45] 76561199108250772: Spawned Entity Medium Gas Canister (MediumGasCanister<ebdda800>, 20, 20, 0) at <2805.243408, 6.028502, 7475.937012>
[COT 2023-10-26 2h:44:25] 76561199108250772: Healed [guid=OAdpPkJP2Ps_W7h2ttR1bK23ekHCzrxw0mDT3zqLMdU=]
[COT 2023-10-26 2h:48:7s] 76561199108250772: Spawned Entity Fishing Rod (FishingRod<ec555370>, 100, 150, 0) at <2736.779297, 0.715737, 7462.357910>
[COT 2023-10-26 2h:48:22] 76561199108250772: Spawned Entity Fishing Hook (Hook<ec572800>, 100, 30, 0) at <2736.811035, 0.825597, 7462.375000>
[COT 2023-10-26 2h:51:51] 76561199108250772: Spawned Entity Firewood (Firewood<e7fb3640>, 1, 500, 0) at <2806.608643, 6.030005, 7475.454590>
[COT 2023-10-26 2h:51:52] 76561199108250772: Spawned Entity Firewood (Firewood<e7f78390>, 1, 500, 0) at <2806.611328, 6.206617, 7475.351074>
[COT 2023-10-26 2h:51:54] 76561199108250772: Spawned Entity Firewood (Firewood<f11ab9e0>, 1, 500, 0) at <2806.615967, 6.383229, 7475.250977>
[COT 2023-10-26 2h:52:10] 76561199108250772: Spawned Entity Tetracycline Pills (TetracyclineAntibiotics<f1bd04a0>, 12, 30, 0) at <2805.294189, 6.028528, 7475.919922>
[COT 2023-10-26 2h:56:27] 76561199108250772: Spawned Entity CQR Forefrip. (SNAFU_FGCR_Grip<edac0980>, 100, 200, 0) at <2804.947998, 6.035350, 7473.885742>
[COT 2023-10-26 2h:57:42] 76561199108250772: Spawned Entity SNAFU AR DMR Optic 12X (SNAFU_HuntingOptic<e79a6d00>, 100, 50, 0) at <2804.309570, 6.033509, 7474.267578>
[COT 2023-10-26 2h:58:22] 76561199108250772: Set rain to 0 0 0
[COT 2023-10-26 2h:58:22] 76561199108250772: Set storm to 0 0.8 4000
[COT 2023-10-26 2h:58:22] 76561199108250772: Set fog to 0 0 0
[COT 2023-10-26 2h:58:22] 76561199108250772: Set overcast to 0 0 0
[COT 2023-10-26 2h:58:22] 76561199108250772: Set wind to 0 0 1
[COT 2023-10-26 2h:58:23] 76561199108250772: Set the date to 2011/12/10 12:0
[COT 2023-10-26 3h:1m:40] 76561199108250772: Teleported to position <3231.269043, 6.347955, 8348.406250>
[COT 2023-10-26 3h:1m:47] 76561199108250772: Teleported [guid=s6p4haLQuJyz0cTyZhAzHp_4kMp6NEX2rKfdZk6LuGI=] to <3231.499023, 6.363481, 8348.530273>
[COT 2023-10-26 3h:2m:32] 76561199108250772: Spawned Entity Large Gas Canister (LargeGasCanister<e4a87d60>, 20, 20, 0) at <3245.376953, 7.336857, 8358.274414>
[COT 2023-10-26 3h:6m:58] 76561199108250772: Set the date to 2011/12/10 12:0
[COT 2023-10-26 3h:6m:59] 76561199108250772: Set rain to 0 0 0
[COT 2023-10-26 3h:6m:59] 76561199108250772: Set storm to 0 0.8 4000
[COT 2023-10-26 3h:6m:59] 76561199108250772: Set fog to 0 0 0
[COT 2023-10-26 3h:6m:59] 76561199108250772: Set overcast to 0 0 0
[COT 2023-10-26 3h:6m:59] 76561199108250772: Set wind to 0 0 1
[COT 2023-10-26 3h:7m:16] 76561199108250772: Spawned Entity Lock Pick (Lockpick<edabd9b0>, 100, 125, 0) at <3246.136475, 6.472448, 8352.943359>
[COT 2023-10-26 3h:7m:50] 76561199108250772: Entered the Free Camera
[COT 2023-10-26 3h:8m:4s] 76561199108250772: Left the Free Camera
[COT 2023-10-26 3h:8m:8s] 76561199108250772: Entered the Free Camera
[COT 2023-10-26 3h:8m:17] 76561199108250772: Left the Free Camera
[COT 2023-10-26 3h:8m:48] 76561199108250772: Spawned Entity Rope (Rope<efc66070>, 100, 200, 0) at <3832.642578, 6.856710, 9230.889648>
[COT 2023-10-26 3h:9m:3s] 76561199108250772: Spawned Entity Short Stick (WoodenStick<efc6efe0>, 5, 50, 0) at <3832.471191, 6.839576, 9231.083008>
[COT 2023-10-26 3h:9m:48] 76561199108250772: ESP: Viewing ESP
[COT 2023-10-26 3h:9m:54] 76561199108250772: ESP target=BF_DoorBarricade<ee03d750> action=built part=a_base required_materials=false
[COT 2023-10-26 3h:9m:57] 76561199108250772: ESP target=BF_DoorBarricade<ee03d750> action=built part=b_upper_frame required_materials=false
[COT 2023-10-26 3h:9m:58] 76561199108250772: ESP target=BF_DoorBarricade<ee03d750> action=built part=b_lower_frame required_materials=false
[COT 2023-10-26 3h:10:0s] 76561199108250772: ESP target=BF_DoorBarricade<ee03d750> action=built part=h_barricade_holders required_materials=false
[COT 2023-10-26 3h:10:3s] 76561199108250772: ESP target=BF_DoorBarricade<ee03d750> action=built part=i_hindges required_materials=false
[COT 2023-10-26 3h:10:7s] 76561199108250772: ESP target=BF_DoorBarricade<ee03d750> action=built part=c_outer_upper_planks required_materials=false
[COT 2023-10-26 3h:10:8s] 76561199108250772: ESP target=BF_DoorBarricade<ee03d750> action=built part=h_middle_holder required_materials=false
[COT 2023-10-26 3h:10:9s] 76561199108250772: ESP target=BF_DoorBarricade<ee03d750> action=built part=f_inner_upper_planks required_materials=false
[COT 2023-10-26 3h:10:11] 76561199108250772: ESP target=BF_DoorBarricade<ee03d750> action=built part=c_outer_lower_planks required_materials=false
[COT 2023-10-26 3h:10:12] 76561199108250772: ESP target=BF_DoorBarricade<ee03d750> action=built part=f_inner_lower_planks required_materials=false
[COT 2023-10-26 3h:10:13] 76561199108250772: ESP target=BF_DoorBarricade<ee03d750> action=built part=g_inner_lower_plate required_materials=false
[COT 2023-10-26 3h:10:14] 76561199108250772: ESP target=BF_DoorBarricade<ee03d750> action=built part=g_inner_upper_plate required_materials=false
[COT 2023-10-26 3h:10:17] 76561199108250772: ESP target=BF_DoorBarricade<ee03d750> action=built part=d_lower_outer_finalplanks required_materials=false
[COT 2023-10-26 3h:10:19] 76561199108250772: ESP target=BF_DoorBarricade<ee03d750> action=built part=e_outer_lower_plate required_materials=false
[COT 2023-10-26 3h:10:20] 76561199108250772: ESP target=BF_DoorBarricade<ee03d750> action=built part=d_upper_outer_finalplanks required_materials=false
[COT 2023-10-26 3h:10:23] 76561199108250772: ESP target=BF_DoorBarricade<ee03d750> action=built part=e_outer_upper_plate required_materials=false
[COT 2023-10-26 3h:10:29] 76561199108250772: ESP: Clearing ESP
[COT 2023-10-26 3h:11:18] 76561199108250772: Spawned Entity CodeLock (CodeLock<e5933f10>, 100, 1500, 0) at <3833.726074, 6.797340, 9232.692383>
[COT 2023-10-26 3h:12:1s] 76561199108250772: Spawned Entity Barrel (Barrel_Red<e5911fb0>, 200000, 1300, 1) at <3838.052002, 7.170772, 9236.939453>
[COT 2023-10-26 3h:12:5s] 76561199108250772: Spawned Entity Barrel (Barrel_Green<e59129c0>, 200000, 1300, 1) at <3839.071045, 7.147871, 9236.728516>
[COT 2023-10-26 3h:12:12] 76561199108250772: Spawned Entity Barrel (Barrel_Yellow<e591c0b0>, 200000, 1300, 1) at <3835.318848, 7.082585, 9238.025391>
[COT 2023-10-26 3h:12:24] 76561199108250772: Spawned Entity Barrel (Barrel_Red<e5917030>, 200000, 1300, 1) at <3836.471191, 7.082586, 9237.701172>
[COT 2023-10-26 3h:20:7s] 76561199108250772: Spawned Entity PSO-1 Scope (PSO1Optic<f3124960>, 30, 50, 0) at <3838.828125, 7.221177, 9236.337891>
[COT 2023-10-26 3h:20:40] 76561199108250772: Spawned Entity PU Scope (PUScopeOptic<f312a3f0>, 1000, 50, 0) at <3838.824707, 7.220696, 9236.339844>
[COT 2023-10-26 3h:21:3s] 76561199108250772: Spawned Entity Boxed 7.62x54mmR Rounds (AmmoBox_762x54_20Rnd<edff6a80>, 100, 100, 0) at <3838.820557, 7.220038, 9236.343750>
[COT 2023-10-26 3h:21:3s] 76561199108250772: Spawned Entity Boxed 7.62x54mmR Rounds (AmmoBox_762x54_20Rnd<edfe08b0>, 100, 100, 0) at <3838.815430, 7.249094, 9236.335938>
[COT 2023-10-26 3h:21:4s] 76561199108250772: Spawned Entity Boxed 7.62x54mmR Rounds (AmmoBox_762x54_20Rnd<e12d46a0>, 100, 100, 0) at <3838.810791, 7.278151, 9236.326172>
[COT 2023-10-26 3h:21:4s] 76561199108250772: Spawned Entity Boxed 7.62x54mmR Rounds (AmmoBox_762x54_20Rnd<e12a1040>, 100, 100, 0) at <3838.809082, 7.307207, 9236.326172>
[COT 2023-10-26 3h:21:35] 76561199108250772: Spawned Entity Repeater Carbine (Repeater<e28c4ac0>, 100, 250, 0) at <3838.695313, 7.147871, 9236.493164>
[COT 2023-10-26 3h:21:50] 76561199108250772: Spawned Entity KA-101 (AK101<e28cd410>, 100, 300, 0) at <3838.628418, 7.147871, 9236.451172>
[COT 2023-10-26 3h:22:17] 76561199108250772: Spawned Entity Tetracycline Pills (TetracyclineAntibiotics<ec40bf30>, 12, 30, 0) at <3837.921387, 7.235391, 9236.465820>
[COT 2023-10-26 3h:22:17] 76561199108250772: Spawned Entity Tetracycline Pills (TetracyclineAntibiotics<ec405080>, 12, 30, 0) at <3837.922363, 7.304111, 9236.447266>
[COT 2023-10-26 3h:22:22] 76561199108250772: Spawned Entity Multivitamin Pills (VitaminBottle<ec417450>, 50, 50, 0) at <3837.925049, 7.372832, 9236.429688>
[COT 2023-10-26 3h:22:22] 76561199108250772: Spawned Entity Multivitamin Pills (VitaminBottle<ec41ed10>, 50, 50, 0) at <3837.922607, 7.529541, 9236.380859>
[COT 2023-10-26 3h:22:32] 76561199108250772: Spawned Entity Bandage (BandageDressing<f15f4270>, 4, 50, 0) at <3837.922607, 7.683911, 9236.334961>
[COT 2023-10-26 3h:22:32] 76561199108250772: Spawned Entity Bandage (BandageDressing<f14a1e10>, 4, 50, 0) at <3837.921875, 7.772674, 9236.308594>
[COT 2023-10-26 3h:23:24] 76561199108250772: Spawned Entity Plastic Bottle (WaterBottle<ec420b40>, 1000, 50, 1) at <3838.007080, 7.235947, 9236.402344>
[COT 2023-10-26 3h:23:25] 76561199108250772: Spawned Entity Plastic Bottle (WaterBottle<ec41bac0>, 1000, 50, 1) at <3838.004639, 7.444613, 9236.312500>
[COT 2023-10-26 3h:23:32] 76561199108250772: Spawned Entity Duct Tape (DuctTape<e9849610>, 100, 50, 0) at <3837.652344, 7.147871, 9236.648438>
[COT 2023-10-26 3h:23:32] 76561199108250772: Spawned Entity Duct Tape (DuctTape<e9811330>, 100, 50, 0) at <3837.667236, 7.242195, 9236.592773>
[COT 2023-10-26 3h:23:38] 76561199108250772: Spawned Entity Sewing Kit (SewingKit<e9be0220>, 100, 50, 0) at <3837.682373, 7.337595, 9236.545898>
[COT 2023-10-26 3h:23:38] 76561199108250772: Spawned Entity Sewing Kit (SewingKit<e9be2860>, 100, 50, 0) at <3837.689209, 7.376433, 9236.523438>
[COT 2023-10-26 3h:23:40] 76561199108250772: Spawned Entity Leather Sewing Kit (LeatherSewingKit<e9bf7710>, 100, 100, 0) at <3837.696289, 7.415272, 9236.495117>
[COT 2023-10-26 3h:23:40] 76561199108250772: Spawned Entity Leather Sewing Kit (LeatherSewingKit<eb9db9e0>, 100, 100, 0) at <3837.710938, 7.502351, 9236.445313>
[COT 2023-10-26 3h:24:11] 76561199108250772: Spawned Entity IV Saline Bag (SalineBagIV<ea29f040>, 500, 20, 0) at <3837.932129, 7.224330, 9236.501953>
[COT 2023-10-26 3h:24:12] 76561199108250772: Spawned Entity IV Saline Bag (SalineBagIV<ea2acc30>, 500, 20, 0) at <3837.936768, 7.294449, 9236.480469>
[COT 2023-10-26 3h:24:16] 76561199108250772: Spawned Entity Blood Collection Kit (BloodBagEmpty<ea2d4ce0>, 500, 20, 3) at <3837.943359, 7.364566, 9236.449219>
[COT 2023-10-26 3h:24:17] 76561199108250772: Spawned Entity Blood Collection Kit (BloodBagEmpty<ea2d8640>, 500, 20, 3) at <3837.938965, 7.433841, 9236.415039>
[COT 2023-10-26 3h:24:25] 76561199108250772: Spawned Entity IV Start Kit (StartKitIV<e5360300>, 500, 20, 0) at <3837.938965, 7.503117, 9236.377930>
[COT 2023-10-26 3h:24:26] 76561199108250772: Spawned Entity IV Start Kit (StartKitIV<e538bd10>, 500, 20, 0) at <3837.941406, 7.578355, 9236.346680>
[COT 2023-10-26 3h:24:35] 76561199108250772: Spawned Entity Blood Test Kit (BloodTestKit<e5376e60>, 500, 15, 0) at <3837.641357, 7.147871, 9236.708984>
[COT 2023-10-26 3h:24:36] 76561199108250772: Spawned Entity Blood Test Kit (BloodTestKit<e5394c80>, 500, 15, 0) at <3837.651367, 7.204197, 9236.679688>
[COT 2023-10-26 3h:25:18] 76561199108250772: Spawned Entity Hunter Pants (HunterPants_Winter<eb79f960>, 100, 150, 0) at <3836.160645, 7.082585, 9236.894531>
[COT 2023-10-26 3h:25:20] 76561199108250772: Spawned Entity Hunter Jacket (HuntingJacket_Winter<e7fa8a20>, 100, 150, 0) at <3836.150879, 7.254602, 9236.853516>
[COT 2023-10-26 3h:25:28] 76561199108250772: Spawned Entity Hunter Jacket (HuntingJacket_Autumn<f00356c0>, 100, 150, 0) at <3835.921875, 7.254539, 9237.181641>
[COT 2023-10-26 3h:26:0s] 76561199108250772: Spawned Entity Hunter Pants (HunterPants_Autumn<eb9d8a10>, 5, 150, 0) at <3835.920654, 7.379710, 9237.131836>
[COT 2023-10-26 3h:27:22] 76561199108250772: Spawned Entity MVS Balaclava - Black (BalaclavaMask_ColorBase<ed5cffc0>, 1000, 100, 0) at <3836.177979, 7.082585, 9237.109375>
[COT 2023-10-26 3h:27:22] 76561199108250772: Spawned Entity MVS Balaclava - Black (BalaclavaMask_ColorBase<ed5f50a0>, 1000, 100, 0) at <3836.176758, 7.082585, 9237.107422>
[COT 2023-10-26 3h:47:11] 76561199108250772: Set the date to 2011/12/10 12:0
[COT 2023-10-26 3h:47:12] 76561199108250772: Set rain to 0 0 0
[COT 2023-10-26 3h:47:12] 76561199108250772: Set storm to 0 0.8 4000
[COT 2023-10-26 3h:47:12] 76561199108250772: Set fog to 0 0 0
[COT 2023-10-26 3h:47:12] 76561199108250772: Set overcast to 0 0 0
[COT 2023-10-26 3h:47:12] 76561199108250772: Set wind to 0 0 1
[COT 2023-10-26 3h:47:45] 76561199108250772: Spawned Entity Firewood (Firewood<df4a12d0>, 1, 500, 0) at <3835.137939, 7.082585, 9237.316406>
[COT 2023-10-26 3h:47:45] 76561199108250772: Spawned Entity Firewood (Firewood<df4d3610>, 1, 500, 0) at <3835.164307, 7.259197, 9237.201172>
[COT 2023-10-26 3h:47:45] 76561199108250772: Spawned Entity Firewood (Firewood<f01a13e0>, 1, 500, 0) at <3835.190674, 7.435808, 9237.085938>
[COT 2023-10-26 3h:47:45] 76561199108250772: Spawned Entity Firewood (Firewood<f0176360>, 1, 500, 0) at <3835.216309, 7.612420, 9236.970703>
[COT 2023-10-26 3h:47:45] 76561199108250772: Spawned Entity Firewood (Firewood<f0195e30>, 1, 500, 0) at <3835.241943, 7.789032, 9236.855469>
[COT 2023-10-26 3h:47:46] 76561199108250772: Spawned Entity Firewood (Firewood<edabe340>, 1, 500, 0) at <3835.265625, 7.965342, 9236.739258>
[COT 2023-10-26 3h:47:46] 76561199108250772: Spawned Entity Firewood (Firewood<edabd020>, 1, 500, 0) at <3835.290039, 8.135506, 9236.627930>
[COT 2023-10-26 3h:47:48] 76561199108250772: Spawned Entity Firewood (Firewood<edaed6b0>, 1, 500, 0) at <3835.948486, 7.082586, 9238.048828>
[COT 2023-10-26 3h:47:49] 76561199108250772: Spawned Entity Firewood (Firewood<ed5f63c0>, 1, 500, 0) at <3835.918457, 7.189144, 9237.929688>
[COT 2023-10-26 3h:47:49] 76561199108250772: Spawned Entity Firewood (Firewood<ed5f8a00>, 1, 500, 0) at <3835.873779, 7.339017, 9237.761719>
[COT 2023-10-26 3h:47:49] 76561199108250772: Spawned Entity Firewood (Firewood<ed5e87d0>, 1, 500, 0) at <3835.844482, 7.439373, 9237.648438>
[COT 2023-10-26 3h:47:49] 76561199108250772: Spawned Entity Firewood (Firewood<edc6de60>, 1, 500, 0) at <3835.791260, 7.615984, 9237.449219>
[COT 2023-10-26 3h:47:49] 76561199108250772: Spawned Entity Firewood (Firewood<edc7ea20>, 1, 500, 0) at <3835.757324, 7.730193, 9237.320313>
[COT 2023-10-26 3h:47:49] 76561199108250772: Spawned Entity Firewood (Firewood<edca6ad0>, 1, 500, 0) at <3835.721191, 7.848616, 9237.186523>
[COT 2023-10-26 3h:47:50] 76561199108250772: Spawned Entity Firewood (Firewood<e9bdb5a0>, 1, 500, 0) at <3835.667236, 8.025228, 9236.986328>
[COT 2023-10-26 3h:48:46] 76561199108250772: Spawned Entity Canned Spaghetti (SpaghettiCan<eff66b40>, 100, 100, 0) at <3837.871826, 7.230762, 9236.487305>
[COT 2023-10-26 3h:48:47] 76561199108250772: Spawned Entity Canned Spaghetti (SpaghettiCan<eff6e400>, 100, 100, 0) at <3837.887451, 7.348133, 9236.451172>
[COT 2023-10-26 3h:48:47] 76561199108250772: Spawned Entity Canned Spaghetti (SpaghettiCan<eff67550>, 100, 100, 0) at <3837.907471, 7.503106, 9236.397461>
[COT 2023-10-26 3h:48:48] 76561199108250772: Spawned Entity Canned Spaghetti (SpaghettiCan<eff70230>, 100, 100, 0) at <3837.921143, 7.620478, 9236.352539>
[COT 2023-10-26 3h:49:4s] 76561199108250772: Spawned Entity Paper (Paper<f1b3d0b0>, 100, 15, 0) at <3837.920898, 7.221275, 9236.237305>
[COT 2023-10-26 3h:49:4s] 76561199108250772: Spawned Entity Paper (Paper<f1b37110>, 100, 15, 0) at <3837.938232, 7.293607, 9236.177734>
[COT 2023-10-26 3h:49:4s] 76561199108250772: Spawned Entity Paper (Paper<f1b40a10>, 100, 15, 0) at <3837.955322, 7.365939, 9236.119141>
[COT 2023-10-26 3h:49:5s] 76561199108250772: Spawned Entity Paper (Paper<f14a3130>, 100, 15, 0) at <3837.971680, 7.438115, 9236.059570>
[COT 2023-10-26 3h:49:5s] 76561199108250772: Spawned Entity Paper (Paper<f14a1480>, 100, 15, 0) at <3837.987793, 7.510446, 9236.000977>
[COT 2023-10-26 3h:49:5s] 76561199108250772: Spawned Entity Paper (Paper<f14add50>, 100, 15, 0) at <3838.004395, 7.582778, 9235.942383>
[COT 2023-10-26 3h:49:12] 76561199108250772: Spawned Entity Lighter (PetrolLighter<f14a90d0>, 20, 20, 0) at <3838.441162, 7.147871, 9236.548828>
[COT 2023-10-26 3h:49:13] 76561199108250772: Spawned Entity Lighter (PetrolLighter<f14ba620>, 20, 20, 0) at <3838.439209, 7.159898, 9236.538086>
[COT 2023-10-26 3h:49:13] 76561199108250772: Spawned Entity Lighter (PetrolLighter<f14908c0>, 20, 20, 0) at <3838.437256, 7.171924, 9236.528320>
[COT 2023-10-26 3h:49:13] 76561199108250772: Spawned Entity Lighter (PetrolLighter<f1491be0>, 20, 20, 0) at <3838.435791, 7.183831, 9236.517578>
[COT 2023-10-26 3h:49:53] 76561199108250772: Spawned Entity Short Stick (WoodenStick<e4a8ad30>, 5, 50, 0) at <3838.422119, 7.082585, 9234.347656>
[COT 2023-10-26 3h:50:52] 76561199108250772: Spawned Entity Working Gloves (WorkingGloves_Black<dfc7b920>, 100, 150, 0) at <3836.055908, 7.082585, 9237.134766>
[COT 2023-10-26 3h:50:52] 76561199108250772: Spawned Entity Working Gloves (WorkingGloves_Black<dfc89ea0>, 100, 150, 0) at <3836.039063, 7.166836, 9237.074219>
[COT 2023-10-26 3h:51:13] 76561199108250772: Spawned Entity Jungle Boots (JungleBoots_Black<dfc83570>, 100, 150, 0) at <3835.853027, 7.082585, 9237.591797>
[COT 2023-10-26 3h:51:13] 76561199108250772: Spawned Entity Jungle Boots (JungleBoots_Black<dfc85220>, 100, 150, 0) at <3835.830566, 7.314118, 9237.365234>
[COT 2023-10-26 3h:52:30] 76561199108250772: Spawned Entity Fence Kit (FenceKit<eb9e4950>, 100, 200, 0) at <3838.293213, 7.191931, 9235.708984>
[COT 2023-10-26 3h:52:30] 76561199108250772: Spawned Entity Fence Kit (FenceKit<eba0ad50>, 100, 200, 0) at <3838.258789, 7.340655, 9235.674805>
[COT 2023-10-26 3h:52:31] 76561199108250772: Spawned Entity Fence Kit (FenceKit<e9e5ae00>, 100, 200, 0) at <3838.225830, 7.476485, 9235.643555>
[COT 2023-10-26 3h:52:49] 76561199108250772: Spawned Entity Boxed Nails (NailBox<e32cbb10>, 100, 80, 0) at <3838.492676, 7.218489, 9236.095703>
[COT 2023-10-26 3h:52:49] 76561199108250772: Spawned Entity Boxed Nails (NailBox<e72c1fb0>, 100, 80, 0) at <3838.464600, 7.417928, 9236.059570>
[COT 2023-10-26 3h:52:49] 76561199108250772: Spawned Entity Boxed Nails (NailBox<e72ccbd0>, 100, 80, 0) at <3838.435791, 7.617368, 9236.018555>
[COT 2023-10-26 3h:53:10] 76561199108250772: Spawned Entity Hammer (Hammer<e536cbd0>, 100, 100, 0) at <3838.620850, 7.209900, 9236.199219>
[COT 2023-10-26 3h:53:10] 76561199108250772: Spawned Entity Hammer (Hammer<e5378180>, 100, 100, 0) at <3838.611572, 7.305615, 9236.186523>
[COT 2023-10-26 3h:53:27] 76561199108250772: Spawned Entity Splitting Axe (WoodAxe<e4a70870>, 100, 250, 0) at <3838.488525, 7.214401, 9236.210938>
[COT 2023-10-26 3h:53:40] 76561199108250772: Spawned Entity Sharpening Stone (Whetstone<e5a45cf0>, 100, 50, 0) at <3838.441406, 7.220574, 9235.913086>
[COT 2023-10-26 3h:53:40] 76561199108250772: Spawned Entity Sharpening Stone (Whetstone<e5a0d080>, 100, 50, 0) at <3838.436035, 7.278035, 9235.906250>
[COT 2023-10-26 3h:53:40] 76561199108250772: Spawned Entity Sharpening Stone (Whetstone<e5a0f6c0>, 100, 50, 0) at <3838.429688, 7.335496, 9235.898438>
[COT 2023-10-26 3h:53:40] 76561199108250772: Spawned Entity Sharpening Stone (Whetstone<e5a08d90>, 100, 50, 0) at <3838.422607, 7.392957, 9235.890625>
[COT 2023-10-26 3h:54:3s] 76561199108250772: Spawned Entity Hand Saw (HandSaw<e9be1540>, 100, 100, 0) at <3838.119385, 7.221370, 9236.294922>
[COT 2023-10-26 3h:55:28] 76561199108250772: Spawned Entity Rope (Rope<f5b0aec0>, 100, 200, 0) at <3826.554688, 7.437463, 9219.518555>
[COT 2023-10-26 3h:55:34] 76561199108250772: Spawned Entity Short Stick (WoodenStick<f5b06bd0>, 5, 50, 0) at <3826.520752, 7.460499, 9219.534180>
[COT 2023-10-26 3h:56:14] 76561199108250772: ESP: Viewing ESP
[COT 2023-10-26 3h:56:17] 76561199108250772: ESP target=TerritoryFlag<ef986920> action=built part=base required_materials=false
[COT 2023-10-26 3h:56:19] 76561199108250772: ESP target=TerritoryFlag<ef986920> action=built part=support required_materials=false
[COT 2023-10-26 3h:56:21] 76561199108250772: ESP target=TerritoryFlag<ef986920> action=built part=pole required_materials=false
[COT 2023-10-26 3h:56:25] 76561199108250772: ESP: Clearing ESP
[COT 2023-10-26 3h:56:47] 76561199108250772: Spawned Entity Flag (DOC_Pedro<e9e73610>, 100, 100, 0) at <3824.998047, 7.430000, 9220.052734>
[COT 2023-10-26 3h:57:32] 76561199108250772: Spawned Entity Fence Kit (FenceKit<ee0016a0>, 100, 200, 0) at <3838.652100, 7.082586, 9235.155273>
[COT 2023-10-26 3h:57:52] 76561199108250772: ESP: Viewing ESP
[COT 2023-10-26 3h:57:55] 76561199108250772: ESP target=Fence<ec408ce0> action=built part=base required_materials=false
[COT 2023-10-26 3h:57:57] 76561199108250772: ESP target=Fence<ec408ce0> action=built part=wall_base_down required_materials=false
[COT 2023-10-26 3h:58:1s] 76561199108250772: ESP target=Fence<ec408ce0> action=built part=wall_wood_down required_materials=false
[COT 2023-10-26 3h:58:3s] 76561199108250772: ESP target=Fence<ec408ce0> action=built part=wall_base_up required_materials=false
[COT 2023-10-26 3h:58:5s] 76561199108250772: ESP target=Fence<ec408ce0> action=built part=wall_platform required_materials=false
[COT 2023-10-26 3h:58:6s] 76561199108250772: ESP target=Fence<ec408ce0> action=dismantle part=wall_platform
[COT 2023-10-26 3h:58:8s] 76561199108250772: ESP target=Fence<ec408ce0> action=built part=wall_gate required_materials=false
[COT 2023-10-26 3h:58:12] 76561199108250772: ESP target=Fence<ec408ce0> action=built part=wall_wood_up required_materials=false
[COT 2023-10-26 3h:58:22] 76561199108250772: ESP: Clearing ESP
[COT 2023-10-26 3h:58:42] 76561199108250772: Spawned Entity CodeLock (CodeLock<ec4393b0>, 100, 1500, 0) at <3836.726563, 7.082585, 9235.586914>
