12:07:55.574 [Party] Player "Mister Grey" (id=alBZ-ZL8MzNBtl2I3gppWwkNM3QqMiItqAFzALQOYaw=) joinded the party "RECON" (id=1 ownerUID=alBZ-ZL8MzNBtl2I3gppWwkNM3QqMiItqAFzALQOYaw= ownerName=Mister Grey)
12:12:55.839 [MissionAirdrop] An airdrop is heading towards "Tara SawMill" (pos=<7114.000000, 0.000000, 6000.000000> type=Random_Tara SawMill) with a ExpansionAirdropContainer_Basebuilding
12:13:15.835 [MissionAirdrop] An airdrop is heading towards "Norisnk" (pos=<3974.000000, 0.000000, 7350.000000> type=Random_Norisnk) with a ExpansionAirdropContainer_Medical
12:16:00.410 [Party] Player "Lord Matias" (id=CY1WBQ-i1HN7rhCb3ImOgTUKNKN6PiwbDBzceBqb-2Q=) joinded the party "RECON" (id=1 ownerUID=alBZ-ZL8MzNBtl2I3gppWwkNM3QqMiItqAFzALQOYaw= ownerName=Mister Grey)
12:38:57.937 [AI Patrol] Spawning 3 Shamans bots at <6710.092285, 12.700619, 10132.262695>
13:19:54.429 [AI Patrol] Spawning 3 Shamans bots at <5571.517578, 22.242413, 9726.353516>
13:38:49.667 [AI Patrol] Spawning 3 Shamans bots at <7651.812988, 27.956392, 7881.538086>
13:38:56.843 [MissionAirdrop] An airdrop is heading towards "Norisnk" (pos=<3974.000000, 0.000000, 7350.000000> type=Random_Norisnk) with a ExpansionAirdropContainer_Medical
13:39:06.843 [MissionAirdrop] An airdrop is heading towards "Sedbjan" (pos=<5024.000000, 0.000000, 8919.000000> type=Random_Sedbjan) with a ExpansionAirdropContainer_Military_WinterCamo
15:05:13.882 [MissionAirdrop] An airdrop is heading towards "Airstrip" (pos=<6140.000000, 0.000000, 9189.000000> type=Random_Airstrip) with a ExpansionAirdropContainer
15:05:43.882 [MissionAirdrop] An airdrop is heading towards "Brensk" (pos=<4327.000000, 0.000000, 5230.000000> type=Random_Brensk) with a ExpansionAirdropContainer_Military_WinterCamo
15:24:22.683 [AI Patrol] Spawning 3 Shamans bots at <4767.435059, 104.672928, 6671.573242>
15:40:48.312 [Party] Player "Mister Grey" (id=alBZ-ZL8MzNBtl2I3gppWwkNM3QqMiItqAFzALQOYaw=) joinded the party "RECON" (id=1 ownerUID=alBZ-ZL8MzNBtl2I3gppWwkNM3QqMiItqAFzALQOYaw= ownerName=Mister Grey)
15:41:09.148 [Party] Player "Mister Grey" (id=alBZ-ZL8MzNBtl2I3gppWwkNM3QqMiItqAFzALQOYaw=) joinded the party "RECON" (id=1 ownerUID=alBZ-ZL8MzNBtl2I3gppWwkNM3QqMiItqAFzALQOYaw= ownerName=Mister Grey)
15:41:34.109 [Party] Player "Mister Grey" (id=alBZ-ZL8MzNBtl2I3gppWwkNM3QqMiItqAFzALQOYaw=) joinded the party "RECON" (id=1 ownerUID=alBZ-ZL8MzNBtl2I3gppWwkNM3QqMiItqAFzALQOYaw= ownerName=Mister Grey)
15:41:34.109 [AI Patrol] Spawning 3 Shamans bots at <6787.267578, 15.836956, 11629.344727>
15:41:34.125 [AI Patrol] Spawning 3 Shamans bots at <5724.126953, 59.251007, 11132.982422>
15:41:45.738 [AI Patrol] Spawning 3 Shamans bots at <4881.695313, 13.038122, 11242.200195>
15:44:19.906 [AI Patrol] Spawning 3 Shamans bots at <5450.903809, 13.234186, 10325.208008>
15:50:17.136 [AI Patrol] Spawning 3 Shamans bots at <4340.132813, 133.771484, 7274.831055>
15:56:37.683 [Party] Player "Lord Matias" (id=CY1WBQ-i1HN7rhCb3ImOgTUKNKN6PiwbDBzceBqb-2Q=) joinded the party "RECON" (id=1 ownerUID=alBZ-ZL8MzNBtl2I3gppWwkNM3QqMiItqAFzALQOYaw= ownerName=Mister Grey)
15:57:02.808 [Party] Player "Lord Matias" (id=CY1WBQ-i1HN7rhCb3ImOgTUKNKN6PiwbDBzceBqb-2Q=) joinded the party "RECON" (id=1 ownerUID=alBZ-ZL8MzNBtl2I3gppWwkNM3QqMiItqAFzALQOYaw= ownerName=Mister Grey)
15:58:58.199 [Party] Player "Lord Matias" (id=CY1WBQ-i1HN7rhCb3ImOgTUKNKN6PiwbDBzceBqb-2Q=) joinded the party "RECON" (id=1 ownerUID=alBZ-ZL8MzNBtl2I3gppWwkNM3QqMiItqAFzALQOYaw= ownerName=Mister Grey)
15:59:24.835 [Party] Player "Lord Matias" (id=CY1WBQ-i1HN7rhCb3ImOgTUKNKN6PiwbDBzceBqb-2Q=) joinded the party "RECON" (id=1 ownerUID=alBZ-ZL8MzNBtl2I3gppWwkNM3QqMiItqAFzALQOYaw= ownerName=Mister Grey)
16:02:54.972 [Party] Player "Lord Matias" (id=CY1WBQ-i1HN7rhCb3ImOgTUKNKN6PiwbDBzceBqb-2Q=) left the party "RECON" (id=1 ownerUID=alBZ-ZL8MzNBtl2I3gppWwkNM3QqMiItqAFzALQOYaw= ownerName=Mister Grey)
16:22:28.234 [Party] Player "Mister Grey" (id=alBZ-ZL8MzNBtl2I3gppWwkNM3QqMiItqAFzALQOYaw=) joinded the party "RECON" (id=1 ownerUID=alBZ-ZL8MzNBtl2I3gppWwkNM3QqMiItqAFzALQOYaw= ownerName=Mister Grey)
16:22:48.656 [Party] Player "Mister Grey" (id=alBZ-ZL8MzNBtl2I3gppWwkNM3QqMiItqAFzALQOYaw=) joinded the party "RECON" (id=1 ownerUID=alBZ-ZL8MzNBtl2I3gppWwkNM3QqMiItqAFzALQOYaw= ownerName=Mister Grey)
16:23:06.574 [Party] Player "Mister Grey" (id=alBZ-ZL8MzNBtl2I3gppWwkNM3QqMiItqAFzALQOYaw=) joinded the party "RECON" (id=1 ownerUID=alBZ-ZL8MzNBtl2I3gppWwkNM3QqMiItqAFzALQOYaw= ownerName=Mister Grey)
16:23:42.601 [Party] Player "Mister Grey" (id=alBZ-ZL8MzNBtl2I3gppWwkNM3QqMiItqAFzALQOYaw=) left the party "RECON" (id=1 ownerUID=alBZ-ZL8MzNBtl2I3gppWwkNM3QqMiItqAFzALQOYaw= ownerName=Mister Grey)
16:46:21.812 [Party] Player "Mister Grey" (id=alBZ-ZL8MzNBtl2I3gppWwkNM3QqMiItqAFzALQOYaw=) joinded the party "RECON" (id=1 ownerUID=alBZ-ZL8MzNBtl2I3gppWwkNM3QqMiItqAFzALQOYaw= ownerName=Mister Grey)
16:46:23.914 [MissionAirdrop] An airdrop is heading towards "Sedbjan" (pos=<5024.000000, 0.000000, 8919.000000> type=Random_Sedbjan) with a ExpansionAirdropContainer_Military_WinterCamo
16:46:33.914 [MissionAirdrop] An airdrop is heading towards "Airstrip" (pos=<6140.000000, 0.000000, 9189.000000> type=Random_Airstrip) with a ExpansionAirdropContainer
16:49:12.726 [AI Patrol] Spawning 3 Shamans bots at <7443.580078, 23.180000, 11735.452148>
17:44:14.750 [Party] Player "Mister Grey" (id=alBZ-ZL8MzNBtl2I3gppWwkNM3QqMiItqAFzALQOYaw=) joinded the party "RECON" (id=1 ownerUID=alBZ-ZL8MzNBtl2I3gppWwkNM3QqMiItqAFzALQOYaw= ownerName=Mister Grey)
17:44:43.332 [Party] Player "Mister Grey" (id=alBZ-ZL8MzNBtl2I3gppWwkNM3QqMiItqAFzALQOYaw=) joinded the party "RECON" (id=1 ownerUID=alBZ-ZL8MzNBtl2I3gppWwkNM3QqMiItqAFzALQOYaw= ownerName=Mister Grey)
17:45:04.808 [Party] Player "Mister Grey" (id=alBZ-ZL8MzNBtl2I3gppWwkNM3QqMiItqAFzALQOYaw=) joinded the party "RECON" (id=1 ownerUID=alBZ-ZL8MzNBtl2I3gppWwkNM3QqMiItqAFzALQOYaw= ownerName=Mister Grey)
17:46:16.843 [Party] Player "Mister Grey" (id=alBZ-ZL8MzNBtl2I3gppWwkNM3QqMiItqAFzALQOYaw=) left the party "RECON" (id=1 ownerUID=alBZ-ZL8MzNBtl2I3gppWwkNM3QqMiItqAFzALQOYaw= ownerName=Mister Grey)
