12:31:36.250 [Party] Player "Lord Matias" (id=CY1WBQ-i1HN7rhCb3ImOgTUKNKN6PiwbDBzceBqb-2Q=) joinded the party "RECON" (id=1 ownerUID=alBZ-ZL8MzNBtl2I3gppWwkNM3QqMiItqAFzALQOYaw= ownerName=Mister Grey)
12:31:36.257 [AI Patrol] Spawning 3 Shamans bots at <5526.652344, 50.784904, 10908.795898>
12:36:45.355 [MissionAirdrop] An airdrop is heading towards "Airstrip" (pos=<6140.000000, 0.000000, 9189.000000> type=Random_Airstrip) with a ExpansionAirdropContainer_Military_WinterCamo
12:36:55.355 [MissionAirdrop] An airdrop is heading towards "Brensk" (pos=<4327.000000, 0.000000, 5230.000000> type=Random_Brensk) with a ExpansionAirdropContainer_Basebuilding
12:38:21.050 [AI Patrol] Spawning 3 Shamans bots at <5509.112793, 2.327541, 10497.855469>
12:38:38.453 [AI Patrol] Spawning 3 Shamans bots at <4279.672363, 15.745101, 11004.879883>
12:39:51.156 [Party] Player "Lord Matias" (id=CY1WBQ-i1HN7rhCb3ImOgTUKNKN6PiwbDBzceBqb-2Q=) left the party "RECON" (id=1 ownerUID=alBZ-ZL8MzNBtl2I3gppWwkNM3QqMiItqAFzALQOYaw= ownerName=Mister Grey)
15:00:58.140 [Party] Player "Ding Chavez" (id=DQ387kbD2K-a37oRXiRVk7g0pIza9NGkY242TMWRc1g=) joinded the party "LaFlamaBlanca" (id=5 ownerUID=ebSuNbDOK07A7q_C1vj8YvPq-R2l2KGJxQfX9cl2eGk= ownerName=Zookyook)
15:00:58.156 [AI Patrol] Spawning 3 Shamans bots at <6665.190430, 15.433581, 10943.444336>
15:00:58.171 [AI Patrol] Spawning 3 Shamans bots at <7457.539063, 23.036076, 11629.295898>
15:01:05.355 [MissionAirdrop] An airdrop is heading towards "Norisnk" (pos=<3974.000000, 0.000000, 7350.000000> type=Random_Norisnk) with a ExpansionAirdropContainer_Basebuilding
15:01:15.355 [MissionAirdrop] An airdrop is heading towards "Sedbjan" (pos=<5024.000000, 0.000000, 8919.000000> type=Random_Sedbjan) with a ExpansionAirdropContainer_Medical
15:12:23.015 [Party] Player "Ding Chavez" (id=DQ387kbD2K-a37oRXiRVk7g0pIza9NGkY242TMWRc1g=) joinded the party "LaFlamaBlanca" (id=5 ownerUID=ebSuNbDOK07A7q_C1vj8YvPq-R2l2KGJxQfX9cl2eGk= ownerName=Zookyook)
15:12:42.074 [Party] Player "Ding Chavez" (id=DQ387kbD2K-a37oRXiRVk7g0pIza9NGkY242TMWRc1g=) joinded the party "LaFlamaBlanca" (id=5 ownerUID=ebSuNbDOK07A7q_C1vj8YvPq-R2l2KGJxQfX9cl2eGk= ownerName=Zookyook)
15:12:59.890 [Party] Player "Ding Chavez" (id=DQ387kbD2K-a37oRXiRVk7g0pIza9NGkY242TMWRc1g=) joinded the party "LaFlamaBlanca" (id=5 ownerUID=ebSuNbDOK07A7q_C1vj8YvPq-R2l2KGJxQfX9cl2eGk= ownerName=Zookyook)
15:23:08.878 [Party] Player "Ding Chavez" (id=DQ387kbD2K-a37oRXiRVk7g0pIza9NGkY242TMWRc1g=) left the party "LaFlamaBlanca" (id=5 ownerUID=ebSuNbDOK07A7q_C1vj8YvPq-R2l2KGJxQfX9cl2eGk= ownerName=Zookyook)
16:27:50.382 [MissionAirdrop] An airdrop is heading towards "Tara SawMill" (pos=<7114.000000, 0.000000, 6000.000000> type=Random_Tara SawMill) with a ExpansionAirdropContainer_Basebuilding
16:28:00.382 [MissionAirdrop] An airdrop is heading towards "Airstrip" (pos=<6140.000000, 0.000000, 9189.000000> type=Random_Airstrip) with a ExpansionAirdropContainer_Military_WinterCamo
17:53:34.414 [MissionAirdrop] An airdrop is heading towards "Norisnk" (pos=<3974.000000, 0.000000, 7350.000000> type=Random_Norisnk) with a ExpansionAirdropContainer_Basebuilding
17:53:54.414 [MissionAirdrop] An airdrop is heading towards "Airstrip" (pos=<6140.000000, 0.000000, 9189.000000> type=Random_Airstrip) with a ExpansionAirdropContainer_Military_WinterCamo
