06:26:33.626 [Killfeed] Alaric got killed.
06:26:53.708 [Killfeed] Alaric got killed.
06:29:34.556 [MissionAirdrop] An airdrop is heading towards "Tara Harbor" (pos=<7493.000000, 0.000000, 7577.000000> type=Random_Tara Harbor) with a ExpansionAirdropContainer_Military_WinterCamo
06:29:54.554 [MissionAirdrop] An airdrop is heading towards "Brensk" (pos=<4327.000000, 0.000000, 5230.000000> type=Random_Brensk) with a ExpansionAirdropContainer_Military_WinterCamo
06:44:48.828 [Killfeed] Alaric commited suicide with Stone Knife.
06:45:09.207 [Killfeed] Alaric got killed.
06:45:28.849 [Killfeed] Alaric got killed.
06:54:38.373 [AI Patrol] Spawning 3 Shamans bots at <4841.775391, 13.880000, 11326.944336>
07:16:56.207 [Killfeed] Alaric commited suicide with M4-A1 Bayonet.
07:18:39.757 [Killfeed] Alaric got killed.
07:19:01.871 [Killfeed] Alaric got killed.
09:52:10.554 [MissionAirdrop] An airdrop is heading towards "Tara Harbor" (pos=<7493.000000, 0.000000, 7577.000000> type=Random_Tara Harbor) with a ExpansionAirdropContainer_Military_WinterCamo
09:52:20.554 [MissionAirdrop] An airdrop is heading towards "Norisnk" (pos=<3974.000000, 0.000000, 7350.000000> type=Random_Norisnk) with a ExpansionAirdropContainer_Military_WinterCamo
09:54:23.679 [Killfeed] Fabricio Wagner got killed.
09:54:52.597 [Killfeed] Fabricio Wagner got killed.
09:55:08.308 [AI Patrol] Spawning 3 Shamans bots at <6355.499023, 9.551512, 11824.223633>
09:55:08.324 [AI Patrol] Spawning 3 Shamans bots at <6222.660156, 12.551410, 11626.376953>
10:03:12.562 [AI Patrol] Spawning 3 Shamans bots at <5689.729004, 19.693798, 9832.306641>
10:13:29.906 [AI Patrol] Spawning 3 Shamans bots at <5392.925293, 58.504093, 9585.841797>
10:16:02.570 [AI Patrol] Spawning 3 Shamans bots at <6609.988281, 13.775371, 9921.649414>
10:18:42.609 [AI Patrol] Spawning 3 Shamans bots at <6829.231445, 15.110000, 11426.764648>
11:17:54.554 [MissionAirdrop] An airdrop is heading towards "Norisnk" (pos=<3974.000000, 0.000000, 7350.000000> type=Random_Norisnk) with a ExpansionAirdropContainer_Military_WinterCamo
11:17:56.343 [Killfeed] Wick got killed.
11:18:14.554 [MissionAirdrop] An airdrop is heading towards "Airstrip" (pos=<6140.000000, 0.000000, 9189.000000> type=Random_Airstrip) with a ExpansionAirdropContainer_Military_WinterCamo
11:18:29.812 [Killfeed] Wick got killed.
11:34:37.664 [Killfeed] Wick got killed.
