18:04:20.746 [Party] Player "Ding Chavez" (id=DQ387kbD2K-a37oRXiRVk7g0pIza9NGkY242TMWRc1g=) joinded the party "LaFlamaBlanca" (id=5 ownerUID=ebSuNbDOK07A7q_C1vj8YvPq-R2l2KGJxQfX9cl2eGk= ownerName=Zookyook)
18:09:23.660 [MissionAirdrop] An airdrop is heading towards "Airstrip" (pos=<6140.000000, 0.000000, 9189.000000> type=Random_Airstrip) with a ExpansionAirdropContainer
18:09:33.656 [MissionAirdrop] An airdrop is heading towards "Lubjansk" (pos=<4680.000000, 0.000000, 10872.000000> type=Random_Lubjansk) with a ExpansionAirdropContainer_Basebuilding
18:18:25.804 [Party] Player "Ding Chavez" (id=DQ387kbD2K-a37oRXiRVk7g0pIza9NGkY242TMWRc1g=) left the party "LaFlamaBlanca" (id=5 ownerUID=ebSuNbDOK07A7q_C1vj8YvPq-R2l2KGJxQfX9cl2eGk= ownerName=Zookyook)
18:25:44.734 [Party] Player "Ding Chavez" (id=DQ387kbD2K-a37oRXiRVk7g0pIza9NGkY242TMWRc1g=) joinded the party "LaFlamaBlanca" (id=5 ownerUID=ebSuNbDOK07A7q_C1vj8YvPq-R2l2KGJxQfX9cl2eGk= ownerName=Zookyook)
18:26:41.945 [Party] Player "Zookyook" (id=ebSuNbDOK07A7q_C1vj8YvPq-R2l2KGJxQfX9cl2eGk=) joinded the party "LaFlamaBlanca" (id=5 ownerUID=ebSuNbDOK07A7q_C1vj8YvPq-R2l2KGJxQfX9cl2eGk= ownerName=Zookyook)
18:37:40.328 [AI Patrol] Spawning 3 Shamans bots at <4788.738281, 3.777757, 10093.311523>
18:37:42.257 [AI Patrol] Spawning 3 Shamans bots at <4502.002441, 19.576382, 10875.580078>
18:39:33.070 [AI Patrol] Spawning 3 Shamans bots at <5659.800293, 49.609489, 11012.064453>
18:46:27.617 [Party] Player "Zookyook" (id=ebSuNbDOK07A7q_C1vj8YvPq-R2l2KGJxQfX9cl2eGk=) joinded the party "LaFlamaBlanca" (id=5 ownerUID=ebSuNbDOK07A7q_C1vj8YvPq-R2l2KGJxQfX9cl2eGk= ownerName=Zookyook)
18:46:45.000 [Party] Player "Zookyook" (id=ebSuNbDOK07A7q_C1vj8YvPq-R2l2KGJxQfX9cl2eGk=) joinded the party "LaFlamaBlanca" (id=5 ownerUID=ebSuNbDOK07A7q_C1vj8YvPq-R2l2KGJxQfX9cl2eGk= ownerName=Zookyook)
18:47:02.187 [Party] Player "Zookyook" (id=ebSuNbDOK07A7q_C1vj8YvPq-R2l2KGJxQfX9cl2eGk=) joinded the party "LaFlamaBlanca" (id=5 ownerUID=ebSuNbDOK07A7q_C1vj8YvPq-R2l2KGJxQfX9cl2eGk= ownerName=Zookyook)
18:55:39.734 [AI Patrol] Spawning 3 Shamans bots at <5495.723633, 37.433064, 9678.275391>
19:13:12.460 [AI Patrol] Spawning 3 Shamans bots at <6795.190430, 15.110000, 11435.432617>
19:26:53.929 [Party] Player "Mister Grey" (id=alBZ-ZL8MzNBtl2I3gppWwkNM3QqMiItqAFzALQOYaw=) joinded the party "RECON" (id=1 ownerUID=alBZ-ZL8MzNBtl2I3gppWwkNM3QqMiItqAFzALQOYaw= ownerName=Mister Grey)
19:26:53.945 [AI Patrol] Spawning 3 Shamans bots at <4043.410400, 118.482689, 7207.063477>
19:29:12.812 [AI Patrol] Spawning 3 Shamans bots at <6859.485352, 1.091327, 9820.456055>
19:32:29.593 [Party] Player "Ding Chavez" (id=DQ387kbD2K-a37oRXiRVk7g0pIza9NGkY242TMWRc1g=) joinded the party "LaFlamaBlanca" (id=5 ownerUID=ebSuNbDOK07A7q_C1vj8YvPq-R2l2KGJxQfX9cl2eGk= ownerName=Zookyook)
19:32:49.289 [Party] Player "Ding Chavez" (id=DQ387kbD2K-a37oRXiRVk7g0pIza9NGkY242TMWRc1g=) joinded the party "LaFlamaBlanca" (id=5 ownerUID=ebSuNbDOK07A7q_C1vj8YvPq-R2l2KGJxQfX9cl2eGk= ownerName=Zookyook)
19:33:06.937 [Party] Player "Ding Chavez" (id=DQ387kbD2K-a37oRXiRVk7g0pIza9NGkY242TMWRc1g=) joinded the party "LaFlamaBlanca" (id=5 ownerUID=ebSuNbDOK07A7q_C1vj8YvPq-R2l2KGJxQfX9cl2eGk= ownerName=Zookyook)
19:35:17.656 [MissionAirdrop] An airdrop is heading towards "Tara Harbor" (pos=<7493.000000, 0.000000, 7577.000000> type=Random_Tara Harbor) with a ExpansionAirdropContainer
19:35:35.054 [Party] Player "Zookyook" (id=ebSuNbDOK07A7q_C1vj8YvPq-R2l2KGJxQfX9cl2eGk=) joinded the party "LaFlamaBlanca" (id=5 ownerUID=ebSuNbDOK07A7q_C1vj8YvPq-R2l2KGJxQfX9cl2eGk= ownerName=Zookyook)
19:35:47.656 [MissionAirdrop] An airdrop is heading towards "Brensk" (pos=<4327.000000, 0.000000, 5230.000000> type=Random_Brensk) with a ExpansionAirdropContainer_Medical
19:35:52.390 [Party] Player "Zookyook" (id=ebSuNbDOK07A7q_C1vj8YvPq-R2l2KGJxQfX9cl2eGk=) joinded the party "LaFlamaBlanca" (id=5 ownerUID=ebSuNbDOK07A7q_C1vj8YvPq-R2l2KGJxQfX9cl2eGk= ownerName=Zookyook)
19:36:09.953 [Party] Player "Zookyook" (id=ebSuNbDOK07A7q_C1vj8YvPq-R2l2KGJxQfX9cl2eGk=) joinded the party "LaFlamaBlanca" (id=5 ownerUID=ebSuNbDOK07A7q_C1vj8YvPq-R2l2KGJxQfX9cl2eGk= ownerName=Zookyook)
19:38:07.039 [Party] Player "Zookyook" (id=ebSuNbDOK07A7q_C1vj8YvPq-R2l2KGJxQfX9cl2eGk=) joinded the party "LaFlamaBlanca" (id=5 ownerUID=ebSuNbDOK07A7q_C1vj8YvPq-R2l2KGJxQfX9cl2eGk= ownerName=Zookyook)
19:38:24.812 [Party] Player "Zookyook" (id=ebSuNbDOK07A7q_C1vj8YvPq-R2l2KGJxQfX9cl2eGk=) joinded the party "LaFlamaBlanca" (id=5 ownerUID=ebSuNbDOK07A7q_C1vj8YvPq-R2l2KGJxQfX9cl2eGk= ownerName=Zookyook)
19:38:41.132 [Party] Player "Zookyook" (id=ebSuNbDOK07A7q_C1vj8YvPq-R2l2KGJxQfX9cl2eGk=) joinded the party "LaFlamaBlanca" (id=5 ownerUID=ebSuNbDOK07A7q_C1vj8YvPq-R2l2KGJxQfX9cl2eGk= ownerName=Zookyook)
19:45:01.882 [Party] Player "Ding Chavez" (id=DQ387kbD2K-a37oRXiRVk7g0pIza9NGkY242TMWRc1g=) joinded the party "LaFlamaBlanca" (id=5 ownerUID=ebSuNbDOK07A7q_C1vj8YvPq-R2l2KGJxQfX9cl2eGk= ownerName=Zookyook)
19:45:20.562 [Party] Player "Ding Chavez" (id=DQ387kbD2K-a37oRXiRVk7g0pIza9NGkY242TMWRc1g=) joinded the party "LaFlamaBlanca" (id=5 ownerUID=ebSuNbDOK07A7q_C1vj8YvPq-R2l2KGJxQfX9cl2eGk= ownerName=Zookyook)
19:45:38.101 [Party] Player "Ding Chavez" (id=DQ387kbD2K-a37oRXiRVk7g0pIza9NGkY242TMWRc1g=) joinded the party "LaFlamaBlanca" (id=5 ownerUID=ebSuNbDOK07A7q_C1vj8YvPq-R2l2KGJxQfX9cl2eGk= ownerName=Zookyook)
19:54:43.687 [AI Patrol] Spawning 3 Shamans bots at <7326.403809, 23.180000, 11649.569336>
20:14:28.828 [Party] Player "Mister Grey" (id=alBZ-ZL8MzNBtl2I3gppWwkNM3QqMiItqAFzALQOYaw=) left the party "RECON" (id=1 ownerUID=alBZ-ZL8MzNBtl2I3gppWwkNM3QqMiItqAFzALQOYaw= ownerName=Mister Grey)
21:01:25.703 [MissionAirdrop] An airdrop is heading towards "Brensk" (pos=<4327.000000, 0.000000, 5230.000000> type=Random_Brensk) with a ExpansionAirdropContainer_Medical
21:01:35.703 [MissionAirdrop] An airdrop is heading towards "Sedbjan" (pos=<5024.000000, 0.000000, 8919.000000> type=Random_Sedbjan) with a ExpansionAirdropContainer_Medical
21:21:07.406 [Party] Player "Ding Chavez" (id=DQ387kbD2K-a37oRXiRVk7g0pIza9NGkY242TMWRc1g=) joinded the party "LaFlamaBlanca" (id=5 ownerUID=ebSuNbDOK07A7q_C1vj8YvPq-R2l2KGJxQfX9cl2eGk= ownerName=Zookyook)
21:21:16.007 [Party] Player "Zookyook" (id=ebSuNbDOK07A7q_C1vj8YvPq-R2l2KGJxQfX9cl2eGk=) joinded the party "LaFlamaBlanca" (id=5 ownerUID=ebSuNbDOK07A7q_C1vj8YvPq-R2l2KGJxQfX9cl2eGk= ownerName=Zookyook)
21:21:26.554 [Party] Player "Ding Chavez" (id=DQ387kbD2K-a37oRXiRVk7g0pIza9NGkY242TMWRc1g=) joinded the party "LaFlamaBlanca" (id=5 ownerUID=ebSuNbDOK07A7q_C1vj8YvPq-R2l2KGJxQfX9cl2eGk= ownerName=Zookyook)
21:21:33.109 [Party] Player "Zookyook" (id=ebSuNbDOK07A7q_C1vj8YvPq-R2l2KGJxQfX9cl2eGk=) joinded the party "LaFlamaBlanca" (id=5 ownerUID=ebSuNbDOK07A7q_C1vj8YvPq-R2l2KGJxQfX9cl2eGk= ownerName=Zookyook)
21:21:44.054 [Party] Player "Ding Chavez" (id=DQ387kbD2K-a37oRXiRVk7g0pIza9NGkY242TMWRc1g=) joinded the party "LaFlamaBlanca" (id=5 ownerUID=ebSuNbDOK07A7q_C1vj8YvPq-R2l2KGJxQfX9cl2eGk= ownerName=Zookyook)
21:21:50.132 [Party] Player "Zookyook" (id=ebSuNbDOK07A7q_C1vj8YvPq-R2l2KGJxQfX9cl2eGk=) joinded the party "LaFlamaBlanca" (id=5 ownerUID=ebSuNbDOK07A7q_C1vj8YvPq-R2l2KGJxQfX9cl2eGk= ownerName=Zookyook)
21:23:28.414 [Party] Player "Zookyook" (id=ebSuNbDOK07A7q_C1vj8YvPq-R2l2KGJxQfX9cl2eGk=) left the party "LaFlamaBlanca" (id=5 ownerUID=ebSuNbDOK07A7q_C1vj8YvPq-R2l2KGJxQfX9cl2eGk= ownerName=Zookyook)
21:23:28.835 [Party] Player "Ding Chavez" (id=DQ387kbD2K-a37oRXiRVk7g0pIza9NGkY242TMWRc1g=) left the party "LaFlamaBlanca" (id=5 ownerUID=ebSuNbDOK07A7q_C1vj8YvPq-R2l2KGJxQfX9cl2eGk= ownerName=Zookyook)
