08:51:40.031 [Party] Player "Lord Matias" (id=CY1WBQ-i1HN7rhCb3ImOgTUKNKN6PiwbDBzceBqb-2Q=) joinded the party "RECON" (id=1 ownerUID=alBZ-ZL8MzNBtl2I3gppWwkNM3QqMiItqAFzALQOYaw= ownerName=Mister Grey)
08:51:40.039 [AI Patrol] Spawning 3 Shamans bots at <5475.108398, 7.654660, 10153.426758>
08:51:40.171 [AI Patrol] Spawning 3 Shamans bots at <4407.619629, 8.674692, 11093.984375>
08:56:40.628 [MissionAirdrop] An airdrop is heading towards "Brensk" (pos=<4327.000000, 0.000000, 5230.000000> type=Random_Brensk) with a ExpansionAirdropContainer
08:56:50.625 [MissionAirdrop] An airdrop is heading towards "Airstrip" (pos=<6140.000000, 0.000000, 9189.000000> type=Random_Airstrip) with a ExpansionAirdropContainer_Medical
08:59:09.003 [AI Patrol] Spawning 3 Shamans bots at <5232.948730, 34.424107, 10763.234375>
09:59:08.003 [ExplosionDamageSystem] About to explode FlashGrenade_Ammo from FlashGrenade<aafe66f0> at <4807.49, 13.86, 10799.4> EXPLOSION range 20 dropoff 5
10:10:54.703 [AI Patrol] Spawning 3 Shamans bots at <6561.362305, 17.863337, 10952.431641>
10:13:08.144 [AI Patrol] Spawning 3 Shamans bots at <6975.293945, 2.007916, 11935.607422>
10:15:49.656 [BaseRaiding] ExpansionSafeMedium (<6998.502930, 15.033541, 11507.016602>) Code set by player "Raznor" (ID = "BZz0hyFqGrI6vSUKdT6BUZEeMn550blvc48Zb082isE=" at <6998.477539, 15.033553, 11508.142578>) and the code is 24680
10:22:31.367 [Party] Player "Huntingpoint" (id=zAGqTPsYriY2GPUNyXnVFu41NodFc3fdA_7JOqh0_Ok=) joinded the party "sex party" (id=2 ownerUID=zAGqTPsYriY2GPUNyXnVFu41NodFc3fdA_7JOqh0_Ok= ownerName=Huntingpoint)
10:23:36.640 [MissionAirdrop] An airdrop is heading towards "Tara Harbor" (pos=<7493.000000, 0.000000, 7577.000000> type=Random_Tara Harbor) with a ExpansionAirdropContainer_Basebuilding
10:23:43.640 [MissionAirdrop] An airdrop is heading towards "Airstrip" (pos=<6140.000000, 0.000000, 9189.000000> type=Random_Airstrip) with a ExpansionAirdropContainer_Medical
10:25:35.171 [Party] Player "Huntingpoint" (id=zAGqTPsYriY2GPUNyXnVFu41NodFc3fdA_7JOqh0_Ok=) joinded the party "sex party" (id=2 ownerUID=zAGqTPsYriY2GPUNyXnVFu41NodFc3fdA_7JOqh0_Ok= ownerName=Huntingpoint)
10:25:55.816 [Party] Player "Huntingpoint" (id=zAGqTPsYriY2GPUNyXnVFu41NodFc3fdA_7JOqh0_Ok=) joinded the party "sex party" (id=2 ownerUID=zAGqTPsYriY2GPUNyXnVFu41NodFc3fdA_7JOqh0_Ok= ownerName=Huntingpoint)
10:26:14.488 [Party] Player "Huntingpoint" (id=zAGqTPsYriY2GPUNyXnVFu41NodFc3fdA_7JOqh0_Ok=) joinded the party "sex party" (id=2 ownerUID=zAGqTPsYriY2GPUNyXnVFu41NodFc3fdA_7JOqh0_Ok= ownerName=Huntingpoint)
10:27:18.558 [Party] Player "Lord Matias" (id=CY1WBQ-i1HN7rhCb3ImOgTUKNKN6PiwbDBzceBqb-2Q=) left the party "RECON" (id=1 ownerUID=alBZ-ZL8MzNBtl2I3gppWwkNM3QqMiItqAFzALQOYaw= ownerName=Mister Grey)
10:27:18.761 [Party] Player "Huntingpoint" (id=zAGqTPsYriY2GPUNyXnVFu41NodFc3fdA_7JOqh0_Ok=) left the party "sex party" (id=2 ownerUID=zAGqTPsYriY2GPUNyXnVFu41NodFc3fdA_7JOqh0_Ok= ownerName=Huntingpoint)
10:27:41.339 [Party] Player "Lord Matias" (id=CY1WBQ-i1HN7rhCb3ImOgTUKNKN6PiwbDBzceBqb-2Q=) joinded the party "RECON" (id=1 ownerUID=alBZ-ZL8MzNBtl2I3gppWwkNM3QqMiItqAFzALQOYaw= ownerName=Mister Grey)
10:30:48.695 [Party] Player "Huntingpoint" (id=zAGqTPsYriY2GPUNyXnVFu41NodFc3fdA_7JOqh0_Ok=) joinded the party "sex party" (id=2 ownerUID=zAGqTPsYriY2GPUNyXnVFu41NodFc3fdA_7JOqh0_Ok= ownerName=Huntingpoint)
10:36:18.906 [Party] Player "Huntingpoint" (id=zAGqTPsYriY2GPUNyXnVFu41NodFc3fdA_7JOqh0_Ok=) joinded the party "sex party" (id=2 ownerUID=zAGqTPsYriY2GPUNyXnVFu41NodFc3fdA_7JOqh0_Ok= ownerName=Huntingpoint)
10:36:35.898 [Party] Player "Huntingpoint" (id=zAGqTPsYriY2GPUNyXnVFu41NodFc3fdA_7JOqh0_Ok=) joinded the party "sex party" (id=2 ownerUID=zAGqTPsYriY2GPUNyXnVFu41NodFc3fdA_7JOqh0_Ok= ownerName=Huntingpoint)
10:36:53.531 [Party] Player "Huntingpoint" (id=zAGqTPsYriY2GPUNyXnVFu41NodFc3fdA_7JOqh0_Ok=) joinded the party "sex party" (id=2 ownerUID=zAGqTPsYriY2GPUNyXnVFu41NodFc3fdA_7JOqh0_Ok= ownerName=Huntingpoint)
10:46:59.054 [Party] Player "Huntingpoint" (id=zAGqTPsYriY2GPUNyXnVFu41NodFc3fdA_7JOqh0_Ok=) left the party "sex party" (id=2 ownerUID=zAGqTPsYriY2GPUNyXnVFu41NodFc3fdA_7JOqh0_Ok= ownerName=Huntingpoint)
10:55:31.718 [BaseBuildingRaiding] ------------------------- Expansion Base Raiding Damage Report -------------------------
10:55:31.718 [BaseBuildingRaiding] Player "" (ID ) at <7003.74, 15.01, 11545.7> damaged ExpansionSafeMedium at <6998.5, 15.03, 11507>
10:55:31.718 [BaseBuildingRaiding] They dealt 7 * 1 = 7 damage with Bullet_380 from PP19
10:55:31.718 [BaseBuildingRaiding] GlobalHealth hitpoints decreased from 6703.98 to 6696.98
10:55:31.718 [BaseBuildingRaiding] ----------------------------------------------------------------------------------------
10:55:31.984 [BaseBuildingRaiding] ------------------------- Expansion Base Raiding Damage Report -------------------------
10:55:31.984 [BaseBuildingRaiding] Player "" (ID ) at <7003.84, 15.01, 11546.1> damaged ExpansionSafeMedium at <6998.5, 15.03, 11507>
10:55:31.984 [BaseBuildingRaiding] They dealt 7 * 1 = 7 damage with Bullet_380 from PP19
10:55:31.984 [BaseBuildingRaiding] GlobalHealth hitpoints decreased from 6696.98 to 6689.98
10:55:31.984 [BaseBuildingRaiding] ----------------------------------------------------------------------------------------
11:01:46.417 [AI Patrol] Spawning 3 Shamans bots at <5631.735352, 33.788338, 9529.633789>
11:45:38.414 [AI Patrol] Spawning 3 Shamans bots at <3752.234375, 90.209999, 7621.593262>
11:48:45.773 [Party] Player "Lord Matias" (id=CY1WBQ-i1HN7rhCb3ImOgTUKNKN6PiwbDBzceBqb-2Q=) left the party "RECON" (id=1 ownerUID=alBZ-ZL8MzNBtl2I3gppWwkNM3QqMiItqAFzALQOYaw= ownerName=Mister Grey)
