13:14:24.867 [MissionAirdrop] An airdrop is heading towards "Norisnk" (pos=<3974.000000, 0.000000, 7350.000000> type=Random_Norisnk) with a ExpansionAirdropContainer_Basebuilding
13:14:34.867 [MissionAirdrop] An airdrop is heading towards "Brensk" (pos=<4327.000000, 0.000000, 5230.000000> type=Random_Brensk) with a ExpansionAirdropContainer_Basebuilding
13:17:21.480 [AI Patrol] Spawning 3 Shamans bots at <7000.003418, 3.596997, 11917.632813>
13:17:51.027 [AI Patrol] Spawning 3 Shamans bots at <6773.683105, 15.255378, 11382.362305>
14:07:37.816 [Party] Player "Lord Matias" (id=CY1WBQ-i1HN7rhCb3ImOgTUKNKN6PiwbDBzceBqb-2Q=) joinded the party "RECON" (id=1 ownerUID=alBZ-ZL8MzNBtl2I3gppWwkNM3QqMiItqAFzALQOYaw= ownerName=Mister Grey)
14:07:37.832 [AI Patrol] Spawning 3 Shamans bots at <5300.875488, 38.249287, 10847.916016>
14:07:37.847 [AI Patrol] Spawning 3 Shamans bots at <4304.822754, 11.627302, 11012.902344>
14:11:54.328 [Party] Player "Mister Grey" (id=alBZ-ZL8MzNBtl2I3gppWwkNM3QqMiItqAFzALQOYaw=) joinded the party "RECON" (id=1 ownerUID=alBZ-ZL8MzNBtl2I3gppWwkNM3QqMiItqAFzALQOYaw= ownerName=Mister Grey)
14:12:55.039 [Party] Player "Mister Grey" (id=alBZ-ZL8MzNBtl2I3gppWwkNM3QqMiItqAFzALQOYaw=) joinded the party "RECON" (id=1 ownerUID=alBZ-ZL8MzNBtl2I3gppWwkNM3QqMiItqAFzALQOYaw= ownerName=Mister Grey)
14:13:14.929 [Party] Player "Mister Grey" (id=alBZ-ZL8MzNBtl2I3gppWwkNM3QqMiItqAFzALQOYaw=) joinded the party "RECON" (id=1 ownerUID=alBZ-ZL8MzNBtl2I3gppWwkNM3QqMiItqAFzALQOYaw= ownerName=Mister Grey)
14:13:43.566 [Party] Player "Mister Grey" (id=alBZ-ZL8MzNBtl2I3gppWwkNM3QqMiItqAFzALQOYaw=) joinded the party "RECON" (id=1 ownerUID=alBZ-ZL8MzNBtl2I3gppWwkNM3QqMiItqAFzALQOYaw= ownerName=Mister Grey)
14:16:59.964 [AI Patrol] Spawning 3 Shamans bots at <4448.918457, 3.251397, 10507.625977>
14:37:16.652 [Party] Player "Lord Matias" (id=CY1WBQ-i1HN7rhCb3ImOgTUKNKN6PiwbDBzceBqb-2Q=) joinded the party "RECON" (id=1 ownerUID=alBZ-ZL8MzNBtl2I3gppWwkNM3QqMiItqAFzALQOYaw= ownerName=Mister Grey)
14:37:35.578 [Party] Player "Lord Matias" (id=CY1WBQ-i1HN7rhCb3ImOgTUKNKN6PiwbDBzceBqb-2Q=) joinded the party "RECON" (id=1 ownerUID=alBZ-ZL8MzNBtl2I3gppWwkNM3QqMiItqAFzALQOYaw= ownerName=Mister Grey)
14:37:54.769 [Party] Player "Lord Matias" (id=CY1WBQ-i1HN7rhCb3ImOgTUKNKN6PiwbDBzceBqb-2Q=) joinded the party "RECON" (id=1 ownerUID=alBZ-ZL8MzNBtl2I3gppWwkNM3QqMiItqAFzALQOYaw= ownerName=Mister Grey)
14:41:30.875 [MissionAirdrop] An airdrop is heading towards "Airstrip" (pos=<6140.000000, 0.000000, 9189.000000> type=Random_Airstrip) with a ExpansionAirdropContainer_Medical
14:41:35.875 [MissionAirdrop] An airdrop is heading towards "Tara SawMill" (pos=<7114.000000, 0.000000, 6000.000000> type=Random_Tara SawMill) with a ExpansionAirdropContainer_Basebuilding
15:05:39.402 [Party] Player "Lord Matias" (id=CY1WBQ-i1HN7rhCb3ImOgTUKNKN6PiwbDBzceBqb-2Q=) left the party "RECON" (id=1 ownerUID=alBZ-ZL8MzNBtl2I3gppWwkNM3QqMiItqAFzALQOYaw= ownerName=Mister Grey)
15:06:11.582 [Party] Player "Mister Grey" (id=alBZ-ZL8MzNBtl2I3gppWwkNM3QqMiItqAFzALQOYaw=) joinded the party "RECON" (id=1 ownerUID=alBZ-ZL8MzNBtl2I3gppWwkNM3QqMiItqAFzALQOYaw= ownerName=Mister Grey)
15:06:29.468 [Party] Player "Mister Grey" (id=alBZ-ZL8MzNBtl2I3gppWwkNM3QqMiItqAFzALQOYaw=) joinded the party "RECON" (id=1 ownerUID=alBZ-ZL8MzNBtl2I3gppWwkNM3QqMiItqAFzALQOYaw= ownerName=Mister Grey)
15:06:46.578 [Party] Player "Mister Grey" (id=alBZ-ZL8MzNBtl2I3gppWwkNM3QqMiItqAFzALQOYaw=) joinded the party "RECON" (id=1 ownerUID=alBZ-ZL8MzNBtl2I3gppWwkNM3QqMiItqAFzALQOYaw= ownerName=Mister Grey)
15:07:18.496 [Party] Player "Mister Grey" (id=alBZ-ZL8MzNBtl2I3gppWwkNM3QqMiItqAFzALQOYaw=) left the party "RECON" (id=1 ownerUID=alBZ-ZL8MzNBtl2I3gppWwkNM3QqMiItqAFzALQOYaw= ownerName=Mister Grey)
16:53:03.156 [Party] Player "Mister Grey" (id=alBZ-ZL8MzNBtl2I3gppWwkNM3QqMiItqAFzALQOYaw=) joinded the party "RECON" (id=1 ownerUID=alBZ-ZL8MzNBtl2I3gppWwkNM3QqMiItqAFzALQOYaw= ownerName=Mister Grey)
16:53:08.882 [MissionAirdrop] An airdrop is heading towards "Tara SawMill" (pos=<7114.000000, 0.000000, 6000.000000> type=Random_Tara SawMill) with a ExpansionAirdropContainer_Basebuilding
16:53:18.882 [MissionAirdrop] An airdrop is heading towards "Lubjansk" (pos=<4680.000000, 0.000000, 10872.000000> type=Random_Lubjansk) with a ExpansionAirdropContainer_Medical
17:01:55.042 [Party] Player "Mister Grey" (id=alBZ-ZL8MzNBtl2I3gppWwkNM3QqMiItqAFzALQOYaw=) joinded the party "RECON" (id=1 ownerUID=alBZ-ZL8MzNBtl2I3gppWwkNM3QqMiItqAFzALQOYaw= ownerName=Mister Grey)
17:02:12.718 [Party] Player "Mister Grey" (id=alBZ-ZL8MzNBtl2I3gppWwkNM3QqMiItqAFzALQOYaw=) joinded the party "RECON" (id=1 ownerUID=alBZ-ZL8MzNBtl2I3gppWwkNM3QqMiItqAFzALQOYaw= ownerName=Mister Grey)
17:03:35.515 [Party] Player "Mister Grey" (id=alBZ-ZL8MzNBtl2I3gppWwkNM3QqMiItqAFzALQOYaw=) joinded the party "RECON" (id=1 ownerUID=alBZ-ZL8MzNBtl2I3gppWwkNM3QqMiItqAFzALQOYaw= ownerName=Mister Grey)
17:04:00.632 [Party] Player "Mister Grey" (id=alBZ-ZL8MzNBtl2I3gppWwkNM3QqMiItqAFzALQOYaw=) joinded the party "RECON" (id=1 ownerUID=alBZ-ZL8MzNBtl2I3gppWwkNM3QqMiItqAFzALQOYaw= ownerName=Mister Grey)
17:05:25.378 [Party] Player "Mister Grey" (id=alBZ-ZL8MzNBtl2I3gppWwkNM3QqMiItqAFzALQOYaw=) left the party "RECON" (id=1 ownerUID=alBZ-ZL8MzNBtl2I3gppWwkNM3QqMiItqAFzALQOYaw= ownerName=Mister Grey)
