12:28:58.355 [AI Patrol] Spawning 3 Shamans bots at <6294.866211, 19.629940, 11729.975586>
12:28:58.476 [AI Patrol] Spawning 3 Shamans bots at <6638.650391, 16.119846, 10919.997070>
12:34:00.644 [MissionAirdrop] An airdrop is heading towards "Norisnk" (pos=<3974.000000, 0.000000, 7350.000000> type=Random_Norisnk) with a ExpansionAirdropContainer
12:34:10.644 [MissionAirdrop] An airdrop is heading towards "Tara SawMill" (pos=<7114.000000, 0.000000, 6000.000000> type=Random_Tara SawMill) with a ExpansionAirdropContainer_Medical
13:31:40.582 [Party] Player "Ding Chavez" (id=DQ387kbD2K-a37oRXiRVk7g0pIza9NGkY242TMWRc1g=) joinded the party "LaFlamaBlanca" (id=5 ownerUID=ebSuNbDOK07A7q_C1vj8YvPq-R2l2KGJxQfX9cl2eGk= ownerName=Zookyook)
13:41:04.031 [Party] Player "Ding Chavez" (id=DQ387kbD2K-a37oRXiRVk7g0pIza9NGkY242TMWRc1g=) joinded the party "LaFlamaBlanca" (id=5 ownerUID=ebSuNbDOK07A7q_C1vj8YvPq-R2l2KGJxQfX9cl2eGk= ownerName=Zookyook)
13:41:22.617 [Party] Player "Ding Chavez" (id=DQ387kbD2K-a37oRXiRVk7g0pIza9NGkY242TMWRc1g=) joinded the party "LaFlamaBlanca" (id=5 ownerUID=ebSuNbDOK07A7q_C1vj8YvPq-R2l2KGJxQfX9cl2eGk= ownerName=Zookyook)
13:42:04.941 [Party] Player "Ding Chavez" (id=DQ387kbD2K-a37oRXiRVk7g0pIza9NGkY242TMWRc1g=) joinded the party "LaFlamaBlanca" (id=5 ownerUID=ebSuNbDOK07A7q_C1vj8YvPq-R2l2KGJxQfX9cl2eGk= ownerName=Zookyook)
13:46:15.195 [AI Patrol] Spawning 3 Shamans bots at <5702.243164, 58.279999, 10994.283203>
14:00:12.648 [MissionAirdrop] An airdrop is heading towards "Tara Harbor" (pos=<7493.000000, 0.000000, 7577.000000> type=Random_Tara Harbor) with a ExpansionAirdropContainer_Medical
14:00:22.648 [MissionAirdrop] An airdrop is heading towards "Jalovisko" (pos=<8008.000000, 0.000000, 10747.000000> type=Random_Jalovisko) with a ExpansionAirdropContainer_Medical
14:36:10.324 [Party] Player "Ding Chavez" (id=DQ387kbD2K-a37oRXiRVk7g0pIza9NGkY242TMWRc1g=) left the party "LaFlamaBlanca" (id=5 ownerUID=ebSuNbDOK07A7q_C1vj8YvPq-R2l2KGJxQfX9cl2eGk= ownerName=Zookyook)
14:42:00.003 [Party] Player "Ding Chavez" (id=DQ387kbD2K-a37oRXiRVk7g0pIza9NGkY242TMWRc1g=) joinded the party "LaFlamaBlanca" (id=5 ownerUID=ebSuNbDOK07A7q_C1vj8YvPq-R2l2KGJxQfX9cl2eGk= ownerName=Zookyook)
14:58:46.773 [AI Patrol] Spawning 3 Shamans bots at <6972.608887, 2.928360, 9908.500977>
15:24:48.609 [Party] Player "Ding Chavez" (id=DQ387kbD2K-a37oRXiRVk7g0pIza9NGkY242TMWRc1g=) left the party "LaFlamaBlanca" (id=5 ownerUID=ebSuNbDOK07A7q_C1vj8YvPq-R2l2KGJxQfX9cl2eGk= ownerName=Zookyook)
15:42:38.886 [Party] Player "Ding Chavez" (id=DQ387kbD2K-a37oRXiRVk7g0pIza9NGkY242TMWRc1g=) joinded the party "LaFlamaBlanca" (id=5 ownerUID=ebSuNbDOK07A7q_C1vj8YvPq-R2l2KGJxQfX9cl2eGk= ownerName=Zookyook)
15:42:45.667 [MissionAirdrop] An airdrop is heading towards "Airstrip" (pos=<6140.000000, 0.000000, 9189.000000> type=Random_Airstrip) with a ExpansionAirdropContainer_Military_WinterCamo
15:42:55.667 [MissionAirdrop] An airdrop is heading towards "Tara SawMill" (pos=<7114.000000, 0.000000, 6000.000000> type=Random_Tara SawMill) with a ExpansionAirdropContainer_Medical
15:43:00.117 [Party] Player "Ding Chavez" (id=DQ387kbD2K-a37oRXiRVk7g0pIza9NGkY242TMWRc1g=) joinded the party "LaFlamaBlanca" (id=5 ownerUID=ebSuNbDOK07A7q_C1vj8YvPq-R2l2KGJxQfX9cl2eGk= ownerName=Zookyook)
15:44:11.039 [Party] Player "Ding Chavez" (id=DQ387kbD2K-a37oRXiRVk7g0pIza9NGkY242TMWRc1g=) joinded the party "LaFlamaBlanca" (id=5 ownerUID=ebSuNbDOK07A7q_C1vj8YvPq-R2l2KGJxQfX9cl2eGk= ownerName=Zookyook)
15:44:54.082 [Party] Player "Ding Chavez" (id=DQ387kbD2K-a37oRXiRVk7g0pIza9NGkY242TMWRc1g=) joinded the party "LaFlamaBlanca" (id=5 ownerUID=ebSuNbDOK07A7q_C1vj8YvPq-R2l2KGJxQfX9cl2eGk= ownerName=Zookyook)
16:05:33.988 [Party] Player "Ding Chavez" (id=DQ387kbD2K-a37oRXiRVk7g0pIza9NGkY242TMWRc1g=) left the party "LaFlamaBlanca" (id=5 ownerUID=ebSuNbDOK07A7q_C1vj8YvPq-R2l2KGJxQfX9cl2eGk= ownerName=Zookyook)
16:27:27.625 [Party] Player "Ding Chavez" (id=DQ387kbD2K-a37oRXiRVk7g0pIza9NGkY242TMWRc1g=) joinded the party "LaFlamaBlanca" (id=5 ownerUID=ebSuNbDOK07A7q_C1vj8YvPq-R2l2KGJxQfX9cl2eGk= ownerName=Zookyook)
16:29:45.031 [Party] Player "Ding Chavez" (id=DQ387kbD2K-a37oRXiRVk7g0pIza9NGkY242TMWRc1g=) joinded the party "LaFlamaBlanca" (id=5 ownerUID=ebSuNbDOK07A7q_C1vj8YvPq-R2l2KGJxQfX9cl2eGk= ownerName=Zookyook)
16:30:04.855 [Party] Player "Ding Chavez" (id=DQ387kbD2K-a37oRXiRVk7g0pIza9NGkY242TMWRc1g=) joinded the party "LaFlamaBlanca" (id=5 ownerUID=ebSuNbDOK07A7q_C1vj8YvPq-R2l2KGJxQfX9cl2eGk= ownerName=Zookyook)
16:30:22.843 [Party] Player "Ding Chavez" (id=DQ387kbD2K-a37oRXiRVk7g0pIza9NGkY242TMWRc1g=) joinded the party "LaFlamaBlanca" (id=5 ownerUID=ebSuNbDOK07A7q_C1vj8YvPq-R2l2KGJxQfX9cl2eGk= ownerName=Zookyook)
16:42:47.000 [Party] Player "Ding Chavez" (id=DQ387kbD2K-a37oRXiRVk7g0pIza9NGkY242TMWRc1g=) left the party "LaFlamaBlanca" (id=5 ownerUID=ebSuNbDOK07A7q_C1vj8YvPq-R2l2KGJxQfX9cl2eGk= ownerName=Zookyook)
16:44:20.242 [Party] Player "Ding Chavez" (id=DQ387kbD2K-a37oRXiRVk7g0pIza9NGkY242TMWRc1g=) joinded the party "LaFlamaBlanca" (id=5 ownerUID=ebSuNbDOK07A7q_C1vj8YvPq-R2l2KGJxQfX9cl2eGk= ownerName=Zookyook)
17:08:23.675 [MissionAirdrop] An airdrop is heading towards "Sedbjan" (pos=<5024.000000, 0.000000, 8919.000000> type=Random_Sedbjan) with a ExpansionAirdropContainer_Basebuilding
17:08:33.675 [MissionAirdrop] An airdrop is heading towards "Tara SawMill" (pos=<7114.000000, 0.000000, 6000.000000> type=Random_Tara SawMill) with a ExpansionAirdropContainer_Medical
17:24:13.832 [Party] Player "Ding Chavez" (id=DQ387kbD2K-a37oRXiRVk7g0pIza9NGkY242TMWRc1g=) left the party "LaFlamaBlanca" (id=5 ownerUID=ebSuNbDOK07A7q_C1vj8YvPq-R2l2KGJxQfX9cl2eGk= ownerName=Zookyook)
