13:19:12.472 [Party] Player "Lord Matias" (id=CY1WBQ-i1HN7rhCb3ImOgTUKNKN6PiwbDBzceBqb-2Q=) joinded the party "RECON" (id=1 ownerUID=alBZ-ZL8MzNBtl2I3gppWwkNM3QqMiItqAFzALQOYaw= ownerName=Mister Grey)
13:24:19.996 [MissionAirdrop] An airdrop is heading towards "Tara SawMill" (pos=<7114.000000, 0.000000, 6000.000000> type=Random_Tara SawMill) with a ExpansionAirdropContainer_Basebuilding
13:24:49.992 [MissionAirdrop] An airdrop is heading towards "Vorkuta" (pos=<6751.000000, 0.000000, 10900.000000> type=Random_Vorkuta) with a ExpansionAirdropContainer_Basebuilding
13:28:06.253 [AI Patrol] Spawning 3 Shamans bots at <5501.441406, 3.949190, 10566.437500>
13:31:10.578 [AI Patrol] Spawning 3 Shamans bots at <4656.338867, 15.033575, 11024.733398>
14:33:30.039 [AI Patrol] Spawning 3 Shamans bots at <7467.858398, 20.270098, 11660.906250>
14:47:53.140 [Chat - Global]("Raznor"(id=BZz0hyFqGrI6vSUKdT6BUZEeMn550blvc48Zb082isE=)): sup
14:48:05.156 [Chat - Global]("Raznor"(id=BZz0hyFqGrI6vSUKdT6BUZEeMn550blvc48Zb082isE=)): how the game treat you
14:50:04.027 [MissionAirdrop] An airdrop is heading towards "Tara Harbor" (pos=<7493.000000, 0.000000, 7577.000000> type=Random_Tara Harbor) with a ExpansionAirdropContainer_Basebuilding
14:50:15.300 [Chat - Global]("Raznor"(id=BZz0hyFqGrI6vSUKdT6BUZEeMn550blvc48Zb082isE=)): press , to global chat
14:50:44.027 [MissionAirdrop] An airdrop is heading towards "Brensk" (pos=<4327.000000, 0.000000, 5230.000000> type=Random_Brensk) with a ExpansionAirdropContainer
15:15:34.855 [Party] Player "Lord Matias" (id=CY1WBQ-i1HN7rhCb3ImOgTUKNKN6PiwbDBzceBqb-2Q=) joinded the party "RECON" (id=1 ownerUID=alBZ-ZL8MzNBtl2I3gppWwkNM3QqMiItqAFzALQOYaw= ownerName=Mister Grey)
15:15:54.347 [Party] Player "Lord Matias" (id=CY1WBQ-i1HN7rhCb3ImOgTUKNKN6PiwbDBzceBqb-2Q=) joinded the party "RECON" (id=1 ownerUID=alBZ-ZL8MzNBtl2I3gppWwkNM3QqMiItqAFzALQOYaw= ownerName=Mister Grey)
15:16:11.855 [Party] Player "Lord Matias" (id=CY1WBQ-i1HN7rhCb3ImOgTUKNKN6PiwbDBzceBqb-2Q=) joinded the party "RECON" (id=1 ownerUID=alBZ-ZL8MzNBtl2I3gppWwkNM3QqMiItqAFzALQOYaw= ownerName=Mister Grey)
15:16:11.855 [AI Patrol] Spawning 3 Shamans bots at <6812.148438, 15.000000, 11604.550781>
15:19:18.507 [AI Patrol] Spawning 3 Shamans bots at <6136.825195, 13.694015, 11682.500000>
15:29:10.367 [Party] Player "Lord Matias" (id=CY1WBQ-i1HN7rhCb3ImOgTUKNKN6PiwbDBzceBqb-2Q=) left the party "RECON" (id=1 ownerUID=alBZ-ZL8MzNBtl2I3gppWwkNM3QqMiItqAFzALQOYaw= ownerName=Mister Grey)
15:33:38.742 [Party] Player "Lord Matias" (id=CY1WBQ-i1HN7rhCb3ImOgTUKNKN6PiwbDBzceBqb-2Q=) joinded the party "RECON" (id=1 ownerUID=alBZ-ZL8MzNBtl2I3gppWwkNM3QqMiItqAFzALQOYaw= ownerName=Mister Grey)
15:45:51.761 [Party] Player "Lord Matias" (id=CY1WBQ-i1HN7rhCb3ImOgTUKNKN6PiwbDBzceBqb-2Q=) joinded the party "RECON" (id=1 ownerUID=alBZ-ZL8MzNBtl2I3gppWwkNM3QqMiItqAFzALQOYaw= ownerName=Mister Grey)
15:46:08.515 [Party] Player "Lord Matias" (id=CY1WBQ-i1HN7rhCb3ImOgTUKNKN6PiwbDBzceBqb-2Q=) joinded the party "RECON" (id=1 ownerUID=alBZ-ZL8MzNBtl2I3gppWwkNM3QqMiItqAFzALQOYaw= ownerName=Mister Grey)
15:46:26.007 [Party] Player "Lord Matias" (id=CY1WBQ-i1HN7rhCb3ImOgTUKNKN6PiwbDBzceBqb-2Q=) joinded the party "RECON" (id=1 ownerUID=alBZ-ZL8MzNBtl2I3gppWwkNM3QqMiItqAFzALQOYaw= ownerName=Mister Grey)
16:16:43.046 [MissionAirdrop] An airdrop is heading towards "Tara SawMill" (pos=<7114.000000, 0.000000, 6000.000000> type=Random_Tara SawMill) with a ExpansionAirdropContainer_Basebuilding
16:16:53.046 [MissionAirdrop] An airdrop is heading towards "Airstrip" (pos=<6140.000000, 0.000000, 9189.000000> type=Random_Airstrip) with a ExpansionAirdropContainer
16:58:07.488 [Party] Player "Lord Matias" (id=CY1WBQ-i1HN7rhCb3ImOgTUKNKN6PiwbDBzceBqb-2Q=) joinded the party "RECON" (id=1 ownerUID=alBZ-ZL8MzNBtl2I3gppWwkNM3QqMiItqAFzALQOYaw= ownerName=Mister Grey)
16:58:24.054 [Party] Player "Lord Matias" (id=CY1WBQ-i1HN7rhCb3ImOgTUKNKN6PiwbDBzceBqb-2Q=) joinded the party "RECON" (id=1 ownerUID=alBZ-ZL8MzNBtl2I3gppWwkNM3QqMiItqAFzALQOYaw= ownerName=Mister Grey)
16:58:40.960 [Party] Player "Lord Matias" (id=CY1WBQ-i1HN7rhCb3ImOgTUKNKN6PiwbDBzceBqb-2Q=) joinded the party "RECON" (id=1 ownerUID=alBZ-ZL8MzNBtl2I3gppWwkNM3QqMiItqAFzALQOYaw= ownerName=Mister Grey)
17:00:40.492 [Chat - Global]("Raznor"(id=BZz0hyFqGrI6vSUKdT6BUZEeMn550blvc48Zb082isE=)): hi my friend
17:27:26.363 [AI Patrol] Spawning 3 Shamans bots at <5558.107910, 40.959190, 9584.672852>
17:42:31.082 [MissionAirdrop] An airdrop is heading towards "Tara SawMill" (pos=<7114.000000, 0.000000, 6000.000000> type=Random_Tara SawMill) with a ExpansionAirdropContainer_Basebuilding
17:42:41.082 [MissionAirdrop] An airdrop is heading towards "Brensk" (pos=<4327.000000, 0.000000, 5230.000000> type=Random_Brensk) with a ExpansionAirdropContainer
17:57:12.195 [Party] Player "Lord Matias" (id=CY1WBQ-i1HN7rhCb3ImOgTUKNKN6PiwbDBzceBqb-2Q=) left the party "RECON" (id=1 ownerUID=alBZ-ZL8MzNBtl2I3gppWwkNM3QqMiItqAFzALQOYaw= ownerName=Mister Grey)
