06:01:51.548 [Party] Player "Huntingpoint" (id=zAGqTPsYriY2GPUNyXnVFu41NodFc3fdA_7JOqh0_Ok=) joinded the party "sex party" (id=2 ownerUID=zAGqTPsYriY2GPUNyXnVFu41NodFc3fdA_7JOqh0_Ok= ownerName=Huntingpoint)
06:07:00.636 [MissionAirdrop] An airdrop is heading towards "Tara SawMill" (pos=<7114.000000, 0.000000, 6000.000000> type=Random_Tara SawMill) with a ExpansionAirdropContainer
06:07:20.634 [MissionAirdrop] An airdrop is heading towards "Airstrip" (pos=<6140.000000, 0.000000, 9189.000000> type=Random_Airstrip) with a ExpansionAirdropContainer
06:12:48.523 [Party] Player "Huntingpoint" (id=zAGqTPsYriY2GPUNyXnVFu41NodFc3fdA_7JOqh0_Ok=) joinded the party "sex party" (id=2 ownerUID=zAGqTPsYriY2GPUNyXnVFu41NodFc3fdA_7JOqh0_Ok= ownerName=Huntingpoint)
06:13:07.597 [Party] Player "Huntingpoint" (id=zAGqTPsYriY2GPUNyXnVFu41NodFc3fdA_7JOqh0_Ok=) joinded the party "sex party" (id=2 ownerUID=zAGqTPsYriY2GPUNyXnVFu41NodFc3fdA_7JOqh0_Ok= ownerName=Huntingpoint)
06:13:25.820 [Party] Player "Huntingpoint" (id=zAGqTPsYriY2GPUNyXnVFu41NodFc3fdA_7JOqh0_Ok=) joinded the party "sex party" (id=2 ownerUID=zAGqTPsYriY2GPUNyXnVFu41NodFc3fdA_7JOqh0_Ok= ownerName=Huntingpoint)
06:13:25.822 [AI Patrol] Spawning 3 Shamans bots at <6585.117188, 11.371592, 11941.959961>
06:13:25.955 [AI Patrol] Spawning 3 Shamans bots at <6197.581055, 16.996353, 11501.810547>
06:14:23.212 [AI Patrol] Spawning 3 Shamans bots at <4812.917480, 12.139168, 11147.773438>
06:23:01.105 [Party] Player "Huntingpoint" (id=zAGqTPsYriY2GPUNyXnVFu41NodFc3fdA_7JOqh0_Ok=) joinded the party "sex party" (id=2 ownerUID=zAGqTPsYriY2GPUNyXnVFu41NodFc3fdA_7JOqh0_Ok= ownerName=Huntingpoint)
06:23:18.158 [Party] Player "Huntingpoint" (id=zAGqTPsYriY2GPUNyXnVFu41NodFc3fdA_7JOqh0_Ok=) joinded the party "sex party" (id=2 ownerUID=zAGqTPsYriY2GPUNyXnVFu41NodFc3fdA_7JOqh0_Ok= ownerName=Huntingpoint)
06:23:35.667 [Party] Player "Huntingpoint" (id=zAGqTPsYriY2GPUNyXnVFu41NodFc3fdA_7JOqh0_Ok=) joinded the party "sex party" (id=2 ownerUID=zAGqTPsYriY2GPUNyXnVFu41NodFc3fdA_7JOqh0_Ok= ownerName=Huntingpoint)
06:44:53.908 [Party] Player "Huntingpoint" (id=zAGqTPsYriY2GPUNyXnVFu41NodFc3fdA_7JOqh0_Ok=) joinded the party "sex party" (id=2 ownerUID=zAGqTPsYriY2GPUNyXnVFu41NodFc3fdA_7JOqh0_Ok= ownerName=Huntingpoint)
06:45:11.900 [Party] Player "Huntingpoint" (id=zAGqTPsYriY2GPUNyXnVFu41NodFc3fdA_7JOqh0_Ok=) joinded the party "sex party" (id=2 ownerUID=zAGqTPsYriY2GPUNyXnVFu41NodFc3fdA_7JOqh0_Ok= ownerName=Huntingpoint)
06:45:29.330 [Party] Player "Huntingpoint" (id=zAGqTPsYriY2GPUNyXnVFu41NodFc3fdA_7JOqh0_Ok=) joinded the party "sex party" (id=2 ownerUID=zAGqTPsYriY2GPUNyXnVFu41NodFc3fdA_7JOqh0_Ok= ownerName=Huntingpoint)
06:52:48.083 [AI Patrol] Spawning 3 Shamans bots at <6890.197266, 16.100813, 11527.947266>
07:04:16.648 [Party] Player "Huntingpoint" (id=zAGqTPsYriY2GPUNyXnVFu41NodFc3fdA_7JOqh0_Ok=) joinded the party "sex party" (id=2 ownerUID=zAGqTPsYriY2GPUNyXnVFu41NodFc3fdA_7JOqh0_Ok= ownerName=Huntingpoint)
07:04:35.648 [Party] Player "Huntingpoint" (id=zAGqTPsYriY2GPUNyXnVFu41NodFc3fdA_7JOqh0_Ok=) joinded the party "sex party" (id=2 ownerUID=zAGqTPsYriY2GPUNyXnVFu41NodFc3fdA_7JOqh0_Ok= ownerName=Huntingpoint)
07:05:23.591 [Party] Player "Huntingpoint" (id=zAGqTPsYriY2GPUNyXnVFu41NodFc3fdA_7JOqh0_Ok=) joinded the party "sex party" (id=2 ownerUID=zAGqTPsYriY2GPUNyXnVFu41NodFc3fdA_7JOqh0_Ok= ownerName=Huntingpoint)
07:05:41.720 [Party] Player "Huntingpoint" (id=zAGqTPsYriY2GPUNyXnVFu41NodFc3fdA_7JOqh0_Ok=) joinded the party "sex party" (id=2 ownerUID=zAGqTPsYriY2GPUNyXnVFu41NodFc3fdA_7JOqh0_Ok= ownerName=Huntingpoint)
07:19:50.158 [Party] Player "Huntingpoint" (id=zAGqTPsYriY2GPUNyXnVFu41NodFc3fdA_7JOqh0_Ok=) joinded the party "sex party" (id=2 ownerUID=zAGqTPsYriY2GPUNyXnVFu41NodFc3fdA_7JOqh0_Ok= ownerName=Huntingpoint)
07:20:08.255 [Party] Player "Huntingpoint" (id=zAGqTPsYriY2GPUNyXnVFu41NodFc3fdA_7JOqh0_Ok=) joinded the party "sex party" (id=2 ownerUID=zAGqTPsYriY2GPUNyXnVFu41NodFc3fdA_7JOqh0_Ok= ownerName=Huntingpoint)
07:20:25.675 [Party] Player "Huntingpoint" (id=zAGqTPsYriY2GPUNyXnVFu41NodFc3fdA_7JOqh0_Ok=) joinded the party "sex party" (id=2 ownerUID=zAGqTPsYriY2GPUNyXnVFu41NodFc3fdA_7JOqh0_Ok= ownerName=Huntingpoint)
07:26:50.382 [Party] Player "Huntingpoint" (id=zAGqTPsYriY2GPUNyXnVFu41NodFc3fdA_7JOqh0_Ok=) joinded the party "sex party" (id=2 ownerUID=zAGqTPsYriY2GPUNyXnVFu41NodFc3fdA_7JOqh0_Ok= ownerName=Huntingpoint)
07:27:09.109 [Party] Player "Huntingpoint" (id=zAGqTPsYriY2GPUNyXnVFu41NodFc3fdA_7JOqh0_Ok=) joinded the party "sex party" (id=2 ownerUID=zAGqTPsYriY2GPUNyXnVFu41NodFc3fdA_7JOqh0_Ok= ownerName=Huntingpoint)
07:27:26.062 [Party] Player "Huntingpoint" (id=zAGqTPsYriY2GPUNyXnVFu41NodFc3fdA_7JOqh0_Ok=) joinded the party "sex party" (id=2 ownerUID=zAGqTPsYriY2GPUNyXnVFu41NodFc3fdA_7JOqh0_Ok= ownerName=Huntingpoint)
07:32:58.669 [MissionAirdrop] An airdrop is heading towards "Brensk" (pos=<4327.000000, 0.000000, 5230.000000> type=Random_Brensk) with a ExpansionAirdropContainer_Medical
07:33:08.669 [MissionAirdrop] An airdrop is heading towards "Tara Harbor" (pos=<7493.000000, 0.000000, 7577.000000> type=Random_Tara Harbor) with a ExpansionAirdropContainer_Military_WinterCamo
07:52:02.539 [Party] Player "Huntingpoint" (id=zAGqTPsYriY2GPUNyXnVFu41NodFc3fdA_7JOqh0_Ok=) joinded the party "sex party" (id=2 ownerUID=zAGqTPsYriY2GPUNyXnVFu41NodFc3fdA_7JOqh0_Ok= ownerName=Huntingpoint)
07:52:20.523 [Party] Player "Huntingpoint" (id=zAGqTPsYriY2GPUNyXnVFu41NodFc3fdA_7JOqh0_Ok=) joinded the party "sex party" (id=2 ownerUID=zAGqTPsYriY2GPUNyXnVFu41NodFc3fdA_7JOqh0_Ok= ownerName=Huntingpoint)
07:52:38.255 [Party] Player "Huntingpoint" (id=zAGqTPsYriY2GPUNyXnVFu41NodFc3fdA_7JOqh0_Ok=) joinded the party "sex party" (id=2 ownerUID=zAGqTPsYriY2GPUNyXnVFu41NodFc3fdA_7JOqh0_Ok= ownerName=Huntingpoint)
08:10:09.828 [Party] Player "Huntingpoint" (id=zAGqTPsYriY2GPUNyXnVFu41NodFc3fdA_7JOqh0_Ok=) joinded the party "sex party" (id=2 ownerUID=zAGqTPsYriY2GPUNyXnVFu41NodFc3fdA_7JOqh0_Ok= ownerName=Huntingpoint)
08:10:28.162 [Party] Player "Huntingpoint" (id=zAGqTPsYriY2GPUNyXnVFu41NodFc3fdA_7JOqh0_Ok=) joinded the party "sex party" (id=2 ownerUID=zAGqTPsYriY2GPUNyXnVFu41NodFc3fdA_7JOqh0_Ok= ownerName=Huntingpoint)
08:10:45.902 [Party] Player "Huntingpoint" (id=zAGqTPsYriY2GPUNyXnVFu41NodFc3fdA_7JOqh0_Ok=) joinded the party "sex party" (id=2 ownerUID=zAGqTPsYriY2GPUNyXnVFu41NodFc3fdA_7JOqh0_Ok= ownerName=Huntingpoint)
08:13:59.208 [Party] Player "Huntingpoint" (id=zAGqTPsYriY2GPUNyXnVFu41NodFc3fdA_7JOqh0_Ok=) joinded the party "sex party" (id=2 ownerUID=zAGqTPsYriY2GPUNyXnVFu41NodFc3fdA_7JOqh0_Ok= ownerName=Huntingpoint)
08:14:16.722 [Party] Player "Huntingpoint" (id=zAGqTPsYriY2GPUNyXnVFu41NodFc3fdA_7JOqh0_Ok=) joinded the party "sex party" (id=2 ownerUID=zAGqTPsYriY2GPUNyXnVFu41NodFc3fdA_7JOqh0_Ok= ownerName=Huntingpoint)
08:14:34.091 [Party] Player "Huntingpoint" (id=zAGqTPsYriY2GPUNyXnVFu41NodFc3fdA_7JOqh0_Ok=) joinded the party "sex party" (id=2 ownerUID=zAGqTPsYriY2GPUNyXnVFu41NodFc3fdA_7JOqh0_Ok= ownerName=Huntingpoint)
08:21:30.380 [Party] Player "Huntingpoint" (id=zAGqTPsYriY2GPUNyXnVFu41NodFc3fdA_7JOqh0_Ok=) joinded the party "sex party" (id=2 ownerUID=zAGqTPsYriY2GPUNyXnVFu41NodFc3fdA_7JOqh0_Ok= ownerName=Huntingpoint)
08:21:49.207 [Party] Player "Huntingpoint" (id=zAGqTPsYriY2GPUNyXnVFu41NodFc3fdA_7JOqh0_Ok=) joinded the party "sex party" (id=2 ownerUID=zAGqTPsYriY2GPUNyXnVFu41NodFc3fdA_7JOqh0_Ok= ownerName=Huntingpoint)
08:22:06.378 [Party] Player "Huntingpoint" (id=zAGqTPsYriY2GPUNyXnVFu41NodFc3fdA_7JOqh0_Ok=) joinded the party "sex party" (id=2 ownerUID=zAGqTPsYriY2GPUNyXnVFu41NodFc3fdA_7JOqh0_Ok= ownerName=Huntingpoint)
08:58:01.703 [Party] Player "Huntingpoint" (id=zAGqTPsYriY2GPUNyXnVFu41NodFc3fdA_7JOqh0_Ok=) joinded the party "sex party" (id=2 ownerUID=zAGqTPsYriY2GPUNyXnVFu41NodFc3fdA_7JOqh0_Ok= ownerName=Huntingpoint)
08:58:21.054 [Party] Player "Huntingpoint" (id=zAGqTPsYriY2GPUNyXnVFu41NodFc3fdA_7JOqh0_Ok=) joinded the party "sex party" (id=2 ownerUID=zAGqTPsYriY2GPUNyXnVFu41NodFc3fdA_7JOqh0_Ok= ownerName=Huntingpoint)
08:58:39.246 [Party] Player "Huntingpoint" (id=zAGqTPsYriY2GPUNyXnVFu41NodFc3fdA_7JOqh0_Ok=) joinded the party "sex party" (id=2 ownerUID=zAGqTPsYriY2GPUNyXnVFu41NodFc3fdA_7JOqh0_Ok= ownerName=Huntingpoint)
08:59:55.671 [MissionAirdrop] An airdrop is heading towards "Norisnk" (pos=<3974.000000, 0.000000, 7350.000000> type=Random_Norisnk) with a ExpansionAirdropContainer_Medical
09:00:05.671 [MissionAirdrop] An airdrop is heading towards "Brensk" (pos=<4327.000000, 0.000000, 5230.000000> type=Random_Brensk) with a ExpansionAirdropContainer_Medical
