15:04:33.941 [AI Patrol] Spawning 3 Shamans bots at <7467.386230, 23.180000, 11723.410156>
15:09:43.539 [MissionAirdrop] An airdrop is heading towards "Brensk" (pos=<4327.000000, 0.000000, 5230.000000> type=Random_Brensk) with a ExpansionAirdropContainer_Medical
15:09:53.535 [MissionAirdrop] An airdrop is heading towards "Airstrip" (pos=<6140.000000, 0.000000, 9189.000000> type=Random_Airstrip) with a ExpansionAirdropContainer_Medical
15:12:29.421 [AI Patrol] Spawning 3 Shamans bots at <5348.703613, 43.043091, 10849.659180>
15:12:38.824 [AI Patrol] Spawning 3 Shamans bots at <6652.175293, 15.000000, 11200.369141>
15:18:02.218 [AI Patrol] Spawning 3 Shamans bots at <4775.042969, 13.880000, 11238.513672>
16:35:37.703 [Party] Player "Mister Grey" (id=alBZ-ZL8MzNBtl2I3gppWwkNM3QqMiItqAFzALQOYaw=) joinded the party "RECON" (id=1 ownerUID= ownerName=)
16:35:37.703 [Party] Player "Mister Grey" (id=alBZ-ZL8MzNBtl2I3gppWwkNM3QqMiItqAFzALQOYaw=) created a party named RECON (rCON)
16:35:56.476 [Party] Player "Mister Grey" (id=alBZ-ZL8MzNBtl2I3gppWwkNM3QqMiItqAFzALQOYaw=) invited the player "Lord Matias" (id=CY1WBQ-i1HN7rhCb3ImOgTUKNKN6PiwbDBzceBqb-2Q=)to the party named RECON
16:35:59.554 [MissionAirdrop] An airdrop is heading towards "Jalovisko" (pos=<8008.000000, 0.000000, 10747.000000> type=Random_Jalovisko) with a ExpansionAirdropContainer_Basebuilding
16:36:17.812 [Party] Player "Lord Matias" (id=CY1WBQ-i1HN7rhCb3ImOgTUKNKN6PiwbDBzceBqb-2Q=) joinded the party "RECON" (id=1 ownerUID=alBZ-ZL8MzNBtl2I3gppWwkNM3QqMiItqAFzALQOYaw= ownerName=Mister Grey)
16:36:19.554 [MissionAirdrop] An airdrop is heading towards "Lubjansk" (pos=<4680.000000, 0.000000, 10872.000000> type=Random_Lubjansk) with a ExpansionAirdropContainer_Military_WinterCamo
16:41:28.914 [Party] Player "Mister Grey" (id=alBZ-ZL8MzNBtl2I3gppWwkNM3QqMiItqAFzALQOYaw=) joinded the party "RECON" (id=1 ownerUID=alBZ-ZL8MzNBtl2I3gppWwkNM3QqMiItqAFzALQOYaw= ownerName=Mister Grey)
16:41:54.203 [Party] Player "Mister Grey" (id=alBZ-ZL8MzNBtl2I3gppWwkNM3QqMiItqAFzALQOYaw=) joinded the party "RECON" (id=1 ownerUID=alBZ-ZL8MzNBtl2I3gppWwkNM3QqMiItqAFzALQOYaw= ownerName=Mister Grey)
16:42:16.875 [Party] Player "Mister Grey" (id=alBZ-ZL8MzNBtl2I3gppWwkNM3QqMiItqAFzALQOYaw=) joinded the party "RECON" (id=1 ownerUID=alBZ-ZL8MzNBtl2I3gppWwkNM3QqMiItqAFzALQOYaw= ownerName=Mister Grey)
17:36:25.558 [AI Patrol] Spawning 3 Shamans bots at <6986.582520, 5.635824, 10089.860352>
17:50:37.957 [Party] Player "Lord Matias" (id=CY1WBQ-i1HN7rhCb3ImOgTUKNKN6PiwbDBzceBqb-2Q=) joinded the party "RECON" (id=1 ownerUID=alBZ-ZL8MzNBtl2I3gppWwkNM3QqMiItqAFzALQOYaw= ownerName=Mister Grey)
17:50:41.457 [Party] Player "Mister Grey" (id=alBZ-ZL8MzNBtl2I3gppWwkNM3QqMiItqAFzALQOYaw=) joinded the party "RECON" (id=1 ownerUID=alBZ-ZL8MzNBtl2I3gppWwkNM3QqMiItqAFzALQOYaw= ownerName=Mister Grey)
17:50:56.007 [Party] Player "Lord Matias" (id=CY1WBQ-i1HN7rhCb3ImOgTUKNKN6PiwbDBzceBqb-2Q=) joinded the party "RECON" (id=1 ownerUID=alBZ-ZL8MzNBtl2I3gppWwkNM3QqMiItqAFzALQOYaw= ownerName=Mister Grey)
17:51:03.566 [Party] Player "Mister Grey" (id=alBZ-ZL8MzNBtl2I3gppWwkNM3QqMiItqAFzALQOYaw=) joinded the party "RECON" (id=1 ownerUID=alBZ-ZL8MzNBtl2I3gppWwkNM3QqMiItqAFzALQOYaw= ownerName=Mister Grey)
17:51:14.777 [Party] Player "Lord Matias" (id=CY1WBQ-i1HN7rhCb3ImOgTUKNKN6PiwbDBzceBqb-2Q=) joinded the party "RECON" (id=1 ownerUID=alBZ-ZL8MzNBtl2I3gppWwkNM3QqMiItqAFzALQOYaw= ownerName=Mister Grey)
17:51:25.332 [Party] Player "Mister Grey" (id=alBZ-ZL8MzNBtl2I3gppWwkNM3QqMiItqAFzALQOYaw=) joinded the party "RECON" (id=1 ownerUID=alBZ-ZL8MzNBtl2I3gppWwkNM3QqMiItqAFzALQOYaw= ownerName=Mister Grey)
17:52:04.742 [Party] Player "Mister Grey" (id=alBZ-ZL8MzNBtl2I3gppWwkNM3QqMiItqAFzALQOYaw=) left the party "RECON" (id=1 ownerUID=alBZ-ZL8MzNBtl2I3gppWwkNM3QqMiItqAFzALQOYaw= ownerName=Mister Grey)
17:52:34.320 [Party] Player "Mister Grey" (id=alBZ-ZL8MzNBtl2I3gppWwkNM3QqMiItqAFzALQOYaw=) joinded the party "RECON" (id=1 ownerUID=alBZ-ZL8MzNBtl2I3gppWwkNM3QqMiItqAFzALQOYaw= ownerName=Mister Grey)
17:59:13.449 [Party] Player "Lord Matias" (id=CY1WBQ-i1HN7rhCb3ImOgTUKNKN6PiwbDBzceBqb-2Q=) left the party "RECON" (id=1 ownerUID=alBZ-ZL8MzNBtl2I3gppWwkNM3QqMiItqAFzALQOYaw= ownerName=Mister Grey)
17:59:13.476 [Party] Player "Mister Grey" (id=alBZ-ZL8MzNBtl2I3gppWwkNM3QqMiItqAFzALQOYaw=) left the party "RECON" (id=1 ownerUID=alBZ-ZL8MzNBtl2I3gppWwkNM3QqMiItqAFzALQOYaw= ownerName=Mister Grey)
