06:02:00.248 [AI Patrol] Spawning 3 Shamans bots at <6462.491211, 13.879132, 11871.540039>
06:02:00.376 [AI Patrol] Spawning 3 Shamans bots at <5747.785156, 58.279999, 11028.482422>
06:03:52.396 [AI Patrol] Spawning 3 Shamans bots at <6829.591309, 15.177965, 11256.635742>
06:06:07.351 [AI Patrol] Spawning 3 Shamans bots at <5427.411621, 21.080000, 10344.858398>
06:06:25.722 [MissionAirdrop] An airdrop is heading towards "Tara Harbor" (pos=<7493.000000, 0.000000, 7577.000000> type=Random_Tara Harbor) with a ExpansionAirdropContainer_Medical
06:06:45.720 [MissionAirdrop] An airdrop is heading towards "Tara SawMill" (pos=<7114.000000, 0.000000, 6000.000000> type=Random_Tara SawMill) with a ExpansionAirdropContainer_Medical
06:14:10.656 [AI Patrol] Spawning 3 Shamans bots at <4485.710938, 16.952780, 10737.120117>
06:14:46.154 [AI Patrol] Spawning 3 Shamans bots at <6680.855469, 8.622907, 9995.869141>
07:33:15.724 [MissionAirdrop] An airdrop is heading towards "Brensk" (pos=<4327.000000, 0.000000, 5230.000000> type=Random_Brensk) with a ExpansionAirdropContainer
07:33:35.724 [MissionAirdrop] An airdrop is heading towards "Tara Harbor" (pos=<7493.000000, 0.000000, 7577.000000> type=Random_Tara Harbor) with a ExpansionAirdropContainer_Medical
08:59:59.757 [MissionAirdrop] An airdrop is heading towards "Tara SawMill" (pos=<7114.000000, 0.000000, 6000.000000> type=Random_Tara SawMill) with a ExpansionAirdropContainer_Medical
09:00:19.757 [MissionAirdrop] An airdrop is heading towards "Tara Harbor" (pos=<7493.000000, 0.000000, 7577.000000> type=Random_Tara Harbor) with a ExpansionAirdropContainer_Medical
09:08:05.476 [Party] Player "Huntingpoint" (id=zAGqTPsYriY2GPUNyXnVFu41NodFc3fdA_7JOqh0_Ok=) joinded the party "sex party" (id=2 ownerUID= ownerName=)
09:08:05.476 [Party] Player "Huntingpoint" (id=zAGqTPsYriY2GPUNyXnVFu41NodFc3fdA_7JOqh0_Ok=) created a party named sex party (sexp)
09:08:17.203 [Party] Player "Huntingpoint" (id=zAGqTPsYriY2GPUNyXnVFu41NodFc3fdA_7JOqh0_Ok=) invited the player "matix" (id=SVAxkdb5e8Rp8GUCYmv1qF5onQAP56n11gAZItLK-cg=)to the party named sex party
09:08:24.550 [Party] Player "matix" (id=SVAxkdb5e8Rp8GUCYmv1qF5onQAP56n11gAZItLK-cg=) joinded the party "sex party" (id=2 ownerUID=zAGqTPsYriY2GPUNyXnVFu41NodFc3fdA_7JOqh0_Ok= ownerName=Huntingpoint)
09:21:42.167 [AI Patrol] Spawning 3 Shamans bots at <1993.795288, 2.000000, 10867.427734>
09:25:35.101 [AI Patrol] Spawning 3 Shamans bots at <1194.958984, 2.000000, 11691.950195>
10:22:31.304 [Party] Player "Huntingpoint" (id=zAGqTPsYriY2GPUNyXnVFu41NodFc3fdA_7JOqh0_Ok=) left the party "sex party" (id=2 ownerUID=zAGqTPsYriY2GPUNyXnVFu41NodFc3fdA_7JOqh0_Ok= ownerName=Huntingpoint)
10:23:56.402 [Party] Player "matix" (id=SVAxkdb5e8Rp8GUCYmv1qF5onQAP56n11gAZItLK-cg=) left the party "sex party" (id=2 ownerUID=zAGqTPsYriY2GPUNyXnVFu41NodFc3fdA_7JOqh0_Ok= ownerName=Huntingpoint)
