13:19:46.007 [Party] Player "Lord Matias" (id=CY1WBQ-i1HN7rhCb3ImOgTUKNKN6PiwbDBzceBqb-2Q=) joinded the party "RECON" (id=1 ownerUID=alBZ-ZL8MzNBtl2I3gppWwkNM3QqMiItqAFzALQOYaw= ownerName=Mister Grey)
13:19:46.027 [AI Patrol] Spawning 3 Shamans bots at <5073.712891, 4.297680, 11293.951172>
13:19:46.152 [AI Patrol] Spawning 3 Shamans bots at <5322.481934, 39.818001, 10813.925781>
13:24:51.839 [MissionAirdrop] An airdrop is heading towards "Brensk" (pos=<4327.000000, 0.000000, 5230.000000> type=Random_Brensk) with a ExpansionAirdropContainer_Medical
13:25:31.839 [MissionAirdrop] An airdrop is heading towards "Airstrip" (pos=<6140.000000, 0.000000, 9189.000000> type=Random_Airstrip) with a ExpansionAirdropContainer_Military_WinterCamo
13:38:51.421 [Party] Player "Lord Matias" (id=CY1WBQ-i1HN7rhCb3ImOgTUKNKN6PiwbDBzceBqb-2Q=) left the party "RECON" (id=1 ownerUID=alBZ-ZL8MzNBtl2I3gppWwkNM3QqMiItqAFzALQOYaw= ownerName=Mister Grey)
13:40:03.000 [Party] Player "Lord Matias" (id=CY1WBQ-i1HN7rhCb3ImOgTUKNKN6PiwbDBzceBqb-2Q=) joinded the party "RECON" (id=1 ownerUID=alBZ-ZL8MzNBtl2I3gppWwkNM3QqMiItqAFzALQOYaw= ownerName=Mister Grey)
13:46:49.429 [Party] Player "Lord Matias" (id=CY1WBQ-i1HN7rhCb3ImOgTUKNKN6PiwbDBzceBqb-2Q=) left the party "RECON" (id=1 ownerUID=alBZ-ZL8MzNBtl2I3gppWwkNM3QqMiItqAFzALQOYaw= ownerName=Mister Grey)
13:47:23.671 [Party] Player "Lord Matias" (id=CY1WBQ-i1HN7rhCb3ImOgTUKNKN6PiwbDBzceBqb-2Q=) joinded the party "RECON" (id=1 ownerUID=alBZ-ZL8MzNBtl2I3gppWwkNM3QqMiItqAFzALQOYaw= ownerName=Mister Grey)
13:49:41.359 [Party] Player "Lord Matias" (id=CY1WBQ-i1HN7rhCb3ImOgTUKNKN6PiwbDBzceBqb-2Q=) left the party "RECON" (id=1 ownerUID=alBZ-ZL8MzNBtl2I3gppWwkNM3QqMiItqAFzALQOYaw= ownerName=Mister Grey)
13:50:14.378 [Party] Player "Lord Matias" (id=CY1WBQ-i1HN7rhCb3ImOgTUKNKN6PiwbDBzceBqb-2Q=) joinded the party "RECON" (id=1 ownerUID=alBZ-ZL8MzNBtl2I3gppWwkNM3QqMiItqAFzALQOYaw= ownerName=Mister Grey)
13:51:13.812 [Party] Player "Lord Matias" (id=CY1WBQ-i1HN7rhCb3ImOgTUKNKN6PiwbDBzceBqb-2Q=) left the party "RECON" (id=1 ownerUID=alBZ-ZL8MzNBtl2I3gppWwkNM3QqMiItqAFzALQOYaw= ownerName=Mister Grey)
13:53:30.804 [AI Patrol] Spawning 3 Shamans bots at <7193.655273, 11.269788, 11755.998047>
14:51:01.843 [MissionAirdrop] An airdrop is heading towards "Brensk" (pos=<4327.000000, 0.000000, 5230.000000> type=Random_Brensk) with a ExpansionAirdropContainer_Medical
14:51:11.843 [MissionAirdrop] An airdrop is heading towards "Sedbjan" (pos=<5024.000000, 0.000000, 8919.000000> type=Random_Sedbjan) with a ExpansionAirdropContainer_Military_WinterCamo
15:42:58.871 [Territory] Player "Raznor" (id=BZz0hyFqGrI6vSUKdT6BUZEeMn550blvc48Zb082isE=) created territory JUST SURVIVE at <6975.900879, 15.642159, 11436.515625>
16:05:43.269 [AI Patrol] Spawning 3 Shamans bots at <6750.671875, 15.962440, 11602.864258>
16:17:35.867 [MissionAirdrop] An airdrop is heading towards "Brensk" (pos=<4327.000000, 0.000000, 5230.000000> type=Random_Brensk) with a ExpansionAirdropContainer_Medical
16:17:55.867 [MissionAirdrop] An airdrop is heading towards "Airstrip" (pos=<6140.000000, 0.000000, 9189.000000> type=Random_Airstrip) with a ExpansionAirdropContainer_Military_WinterCamo
16:50:17.347 [Territory] Player "Raznor" (id=BZz0hyFqGrI6vSUKdT6BUZEeMn550blvc48Zb082isE=) created territory JUST SURVIVE at <8125.447266, 20.428661, 10846.273438>
