18:02:51.402 [Party] Player "Mister Grey" (id=alBZ-ZL8MzNBtl2I3gppWwkNM3QqMiItqAFzALQOYaw=) joinded the party "RECON" (id=1 ownerUID=alBZ-ZL8MzNBtl2I3gppWwkNM3QqMiItqAFzALQOYaw= ownerName=Mister Grey)
18:02:51.410 [AI Patrol] Spawning 3 Shamans bots at <5377.789551, 35.546726, 10762.691406>
18:07:30.394 [AI Patrol] Spawning 3 Shamans bots at <4821.523926, 12.754960, 11207.395508>
18:08:01.003 [MissionAirdrop] An airdrop is heading towards "Brensk" (pos=<4327.000000, 0.000000, 5230.000000> type=Random_Brensk) with a ExpansionAirdropContainer_Military_WinterCamo
18:08:11.003 [MissionAirdrop] An airdrop is heading towards "Tara Harbor" (pos=<7493.000000, 0.000000, 7577.000000> type=Random_Tara Harbor) with a ExpansionAirdropContainer
18:12:03.367 [AI Patrol] Spawning 3 Shamans bots at <6900.317383, 5.232092, 11953.312500>
18:15:49.265 [AI Patrol] Spawning 3 Shamans bots at <6706.226563, 15.195650, 10971.444336>
19:34:31.000 [MissionAirdrop] An airdrop is heading towards "Tara SawMill" (pos=<7114.000000, 0.000000, 6000.000000> type=Random_Tara SawMill) with a ExpansionAirdropContainer_Basebuilding
19:34:41.000 [MissionAirdrop] An airdrop is heading towards "Airstrip" (pos=<6140.000000, 0.000000, 9189.000000> type=Random_Airstrip) with a ExpansionAirdropContainer
19:35:04.953 [Party] Player "Mister Grey" (id=alBZ-ZL8MzNBtl2I3gppWwkNM3QqMiItqAFzALQOYaw=) left the party "RECON" (id=1 ownerUID=alBZ-ZL8MzNBtl2I3gppWwkNM3QqMiItqAFzALQOYaw= ownerName=Mister Grey)
20:25:31.812 [Party] Player "Mister Grey" (id=alBZ-ZL8MzNBtl2I3gppWwkNM3QqMiItqAFzALQOYaw=) joinded the party "RECON" (id=1 ownerUID=alBZ-ZL8MzNBtl2I3gppWwkNM3QqMiItqAFzALQOYaw= ownerName=Mister Grey)
20:28:35.976 [AI Patrol] Spawning 3 Shamans bots at <6602.840332, 13.903679, 9896.139648>
21:00:14.140 [MissionAirdrop] An airdrop is heading towards "Tara SawMill" (pos=<7114.000000, 0.000000, 6000.000000> type=Random_Tara SawMill) with a ExpansionAirdropContainer_Basebuilding
21:00:19.843 [Party] Player "Mister Grey" (id=alBZ-ZL8MzNBtl2I3gppWwkNM3QqMiItqAFzALQOYaw=) left the party "RECON" (id=1 ownerUID=alBZ-ZL8MzNBtl2I3gppWwkNM3QqMiItqAFzALQOYaw= ownerName=Mister Grey)
21:00:24.140 [MissionAirdrop] An airdrop is heading towards "Sedbjan" (pos=<5024.000000, 0.000000, 8919.000000> type=Random_Sedbjan) with a ExpansionAirdropContainer
21:00:47.054 [Party] Player "Mister Grey" (id=alBZ-ZL8MzNBtl2I3gppWwkNM3QqMiItqAFzALQOYaw=) joinded the party "RECON" (id=1 ownerUID=alBZ-ZL8MzNBtl2I3gppWwkNM3QqMiItqAFzALQOYaw= ownerName=Mister Grey)
21:41:23.703 [AI Patrol] Spawning 3 Shamans bots at <5756.238770, 17.280396, 9425.511719>
21:44:50.195 [AI Patrol] Spawning 3 Shamans bots at <5128.491699, 12.997071, 9903.415039>
22:25:58.140 [MissionAirdrop] An airdrop is heading towards "Tara SawMill" (pos=<7114.000000, 0.000000, 6000.000000> type=Random_Tara SawMill) with a ExpansionAirdropContainer_Basebuilding
22:26:08.140 [MissionAirdrop] An airdrop is heading towards "Airstrip" (pos=<6140.000000, 0.000000, 9189.000000> type=Random_Airstrip) with a ExpansionAirdropContainer
23:11:54.992 [Party] Player "Mister Grey" (id=alBZ-ZL8MzNBtl2I3gppWwkNM3QqMiItqAFzALQOYaw=) left the party "RECON" (id=1 ownerUID=alBZ-ZL8MzNBtl2I3gppWwkNM3QqMiItqAFzALQOYaw= ownerName=Mister Grey)
23:52:26.523 [Party] Player "Mister Grey" (id=alBZ-ZL8MzNBtl2I3gppWwkNM3QqMiItqAFzALQOYaw=) joinded the party "RECON" (id=1 ownerUID=alBZ-ZL8MzNBtl2I3gppWwkNM3QqMiItqAFzALQOYaw= ownerName=Mister Grey)
23:52:35.156 [MissionAirdrop] An airdrop is heading towards "Norisnk" (pos=<3974.000000, 0.000000, 7350.000000> type=Random_Norisnk) with a ExpansionAirdropContainer
23:52:45.156 [MissionAirdrop] An airdrop is heading towards "Lubjansk" (pos=<4680.000000, 0.000000, 10872.000000> type=Random_Lubjansk) with a ExpansionAirdropContainer_Military_WinterCamo
23:59:09.718 [Party] Player "Mister Grey" (id=alBZ-ZL8MzNBtl2I3gppWwkNM3QqMiItqAFzALQOYaw=) left the party "RECON" (id=1 ownerUID=alBZ-ZL8MzNBtl2I3gppWwkNM3QqMiItqAFzALQOYaw= ownerName=Mister Grey)
