12:08:18.765 [MissionAirdrop] An airdrop is heading towards "Tara Harbor" (pos=<7493.000000, 0.000000, 7577.000000> type=Random_Tara Harbor) with a ExpansionAirdropContainer_Medical
12:09:28.765 [MissionAirdrop] An airdrop is heading towards "Norisnk" (pos=<3974.000000, 0.000000, 7350.000000> type=Random_Norisnk) with a ExpansionAirdropContainer_Basebuilding
12:28:55.609 [AI Patrol] Spawning 3 Shamans bots at <7272.817871, 21.366339, 8949.477539>
13:06:21.316 [AI Patrol] Spawning 3 Shamans bots at <7455.841797, 83.046577, 7481.487793>
13:34:45.785 [MissionAirdrop] An airdrop is heading towards "Brensk" (pos=<4327.000000, 0.000000, 5230.000000> type=Random_Brensk) with a ExpansionAirdropContainer
13:34:55.785 [MissionAirdrop] An airdrop is heading towards "Sedbjan" (pos=<5024.000000, 0.000000, 8919.000000> type=Random_Sedbjan) with a ExpansionAirdropContainer
14:29:13.250 [Killfeed] Alaric got killed.
14:29:55.535 [Killfeed] Alaric got killed.
14:30:15.898 [Killfeed] Alaric got killed.
14:30:31.113 [AI Patrol] Spawning 3 Shamans bots at <6710.758301, 15.030000, 11380.797852>
14:39:00.359 [AI Patrol] Spawning 3 Shamans bots at <6250.250488, 16.900000, 11814.676758>
14:39:22.914 [AI Patrol] Spawning 3 Shamans bots at <6108.520020, 9.547698, 11614.443359>
15:01:40.804 [MissionAirdrop] An airdrop is heading towards "Sedbjan" (pos=<5024.000000, 0.000000, 8919.000000> type=Random_Sedbjan) with a ExpansionAirdropContainer
15:01:50.804 [MissionAirdrop] An airdrop is heading towards "Airstrip" (pos=<6140.000000, 0.000000, 9189.000000> type=Random_Airstrip) with a ExpansionAirdropContainer_Basebuilding
15:06:00.250 [Killfeed] Alaric got killed.
15:06:18.199 [Killfeed] Alaric got killed.
15:06:59.371 [Killfeed] Alaric got killed.
15:07:21.578 [Killfeed] Alaric got killed.
15:47:25.089 [Killfeed] Alaric commited suicide with MK II.
15:47:46.398 [Killfeed] Alaric got killed.
15:48:21.132 [Killfeed] Alaric got killed.
15:48:40.601 [Killfeed] Alaric got killed.
16:06:23.007 [AI Patrol] Spawning 3 Shamans bots at <4353.900391, 14.233578, 11045.636719>
16:28:04.812 [MissionAirdrop] An airdrop is heading towards "Brensk" (pos=<4327.000000, 0.000000, 5230.000000> type=Random_Brensk) with a ExpansionAirdropContainer
16:28:24.812 [MissionAirdrop] An airdrop is heading towards "Tara Harbor" (pos=<7493.000000, 0.000000, 7577.000000> type=Random_Tara Harbor) with a ExpansionAirdropContainer_Medical
