12:17:37.039 [Party] Player "Lord Matias" (id=CY1WBQ-i1HN7rhCb3ImOgTUKNKN6PiwbDBzceBqb-2Q=) joinded the party "RECON" (id=1 ownerUID=alBZ-ZL8MzNBtl2I3gppWwkNM3QqMiItqAFzALQOYaw= ownerName=Mister Grey)
12:22:43.628 [MissionAirdrop] An airdrop is heading towards "Sedbjan" (pos=<5024.000000, 0.000000, 8919.000000> type=Random_Sedbjan) with a ExpansionAirdropContainer_Military_WinterCamo
12:22:53.625 [MissionAirdrop] An airdrop is heading towards "Airstrip" (pos=<6140.000000, 0.000000, 9189.000000> type=Random_Airstrip) with a ExpansionAirdropContainer_Basebuilding
12:35:16.066 [AI Patrol] Spawning 3 Shamans bots at <3519.340088, 141.653442, 6958.076172>
13:49:10.625 [MissionAirdrop] An airdrop is heading towards "Vorkuta" (pos=<6751.000000, 0.000000, 10900.000000> type=Random_Vorkuta) with a ExpansionAirdropContainer
13:49:20.625 [MissionAirdrop] An airdrop is heading towards "Sedbjan" (pos=<5024.000000, 0.000000, 8919.000000> type=Random_Sedbjan) with a ExpansionAirdropContainer_Military_WinterCamo
14:05:20.468 [AI Patrol] Spawning 3 Shamans bots at <4690.388184, 147.470123, 7376.184570>
14:58:42.523 [AI Patrol] Spawning 3 Shamans bots at <6547.662109, 17.299999, 11962.463867>
15:01:52.375 [Chat - Global]("Raznor"(id=BZz0hyFqGrI6vSUKdT6BUZEeMn550blvc48Zb082isE=)): lord do you find nails?
15:02:19.289 [AI Patrol] Spawning 3 Shamans bots at <6844.490234, 15.172900, 11456.712891>
15:04:53.796 [AI Patrol] Spawning 3 Shamans bots at <6840.931152, 0.887738, 10033.911133>
15:15:41.625 [MissionAirdrop] An airdrop is heading towards "Norisnk" (pos=<3974.000000, 0.000000, 7350.000000> type=Random_Norisnk) with a ExpansionAirdropContainer
15:16:01.625 [MissionAirdrop] An airdrop is heading towards "Brensk" (pos=<4327.000000, 0.000000, 5230.000000> type=Random_Brensk) with a ExpansionAirdropContainer_Military_WinterCamo
15:36:32.109 [AI Patrol] Spawning 3 Shamans bots at <4751.995117, 114.173141, 6661.346680>
16:12:05.656 [Party] Player "Lord Matias" (id=CY1WBQ-i1HN7rhCb3ImOgTUKNKN6PiwbDBzceBqb-2Q=) left the party "RECON" (id=1 ownerUID=alBZ-ZL8MzNBtl2I3gppWwkNM3QqMiItqAFzALQOYaw= ownerName=Mister Grey)
16:19:32.707 [Party] Player "Lord Matias" (id=CY1WBQ-i1HN7rhCb3ImOgTUKNKN6PiwbDBzceBqb-2Q=) joinded the party "RECON" (id=1 ownerUID=alBZ-ZL8MzNBtl2I3gppWwkNM3QqMiItqAFzALQOYaw= ownerName=Mister Grey)
16:40:42.531 [AI Patrol] Spawning 3 Shamans bots at <5272.865723, 36.302662, 10778.661133>
16:40:42.550 [AI Patrol] Spawning 3 Shamans bots at <4680.826660, 14.990000, 11042.880859>
16:43:28.640 [MissionAirdrop] An airdrop is heading towards "Lubjansk" (pos=<4680.000000, 0.000000, 10872.000000> type=Random_Lubjansk) with a ExpansionAirdropContainer_Basebuilding
16:43:38.640 [MissionAirdrop] An airdrop is heading towards "Airstrip" (pos=<6140.000000, 0.000000, 9189.000000> type=Random_Airstrip) with a ExpansionAirdropContainer_Basebuilding
17:55:22.054 [Party] Player "Lord Matias" (id=CY1WBQ-i1HN7rhCb3ImOgTUKNKN6PiwbDBzceBqb-2Q=) left the party "RECON" (id=1 ownerUID=alBZ-ZL8MzNBtl2I3gppWwkNM3QqMiItqAFzALQOYaw= ownerName=Mister Grey)
