14:09:01.707 [Party] Player "Mister Grey" (id=alBZ-ZL8MzNBtl2I3gppWwkNM3QqMiItqAFzALQOYaw=) joinded the party "RECON" (id=1 ownerUID=alBZ-ZL8MzNBtl2I3gppWwkNM3QqMiItqAFzALQOYaw= ownerName=Mister Grey)
14:09:01.726 [AI Patrol] Spawning 3 Shamans bots at <4338.640137, 15.502310, 10996.316406>
14:09:01.851 [AI Patrol] Spawning 3 Shamans bots at <5322.471191, 38.365593, 10739.584961>
14:14:09.171 [MissionAirdrop] An airdrop is heading towards "Tara Harbor" (pos=<7493.000000, 0.000000, 7577.000000> type=Random_Tara Harbor) with a ExpansionAirdropContainer_Basebuilding
14:14:19.171 [MissionAirdrop] An airdrop is heading towards "Tara SawMill" (pos=<7114.000000, 0.000000, 6000.000000> type=Random_Tara SawMill) with a ExpansionAirdropContainer
14:40:52.421 [Party] Player "Mister Grey" (id=alBZ-ZL8MzNBtl2I3gppWwkNM3QqMiItqAFzALQOYaw=) left the party "RECON" (id=1 ownerUID=alBZ-ZL8MzNBtl2I3gppWwkNM3QqMiItqAFzALQOYaw= ownerName=Mister Grey)
14:50:55.593 [Party] Player "Mister Grey" (id=alBZ-ZL8MzNBtl2I3gppWwkNM3QqMiItqAFzALQOYaw=) joinded the party "RECON" (id=1 ownerUID=alBZ-ZL8MzNBtl2I3gppWwkNM3QqMiItqAFzALQOYaw= ownerName=Mister Grey)
14:51:27.425 [Party] Player "Mister Grey" (id=alBZ-ZL8MzNBtl2I3gppWwkNM3QqMiItqAFzALQOYaw=) left the party "RECON" (id=1 ownerUID=alBZ-ZL8MzNBtl2I3gppWwkNM3QqMiItqAFzALQOYaw= ownerName=Mister Grey)
14:52:06.683 [Party] Player "Mister Grey" (id=alBZ-ZL8MzNBtl2I3gppWwkNM3QqMiItqAFzALQOYaw=) joinded the party "RECON" (id=1 ownerUID=alBZ-ZL8MzNBtl2I3gppWwkNM3QqMiItqAFzALQOYaw= ownerName=Mister Grey)
15:13:14.656 [Party] Player "Mister Grey" (id=alBZ-ZL8MzNBtl2I3gppWwkNM3QqMiItqAFzALQOYaw=) left the party "RECON" (id=1 ownerUID=alBZ-ZL8MzNBtl2I3gppWwkNM3QqMiItqAFzALQOYaw= ownerName=Mister Grey)
16:18:17.503 [Party] Player "Mister Grey" (id=alBZ-ZL8MzNBtl2I3gppWwkNM3QqMiItqAFzALQOYaw=) joinded the party "RECON" (id=1 ownerUID=alBZ-ZL8MzNBtl2I3gppWwkNM3QqMiItqAFzALQOYaw= ownerName=Mister Grey)
16:18:23.171 [MissionAirdrop] An airdrop is heading towards "Norisnk" (pos=<3974.000000, 0.000000, 7350.000000> type=Random_Norisnk) with a ExpansionAirdropContainer_Basebuilding
16:18:33.171 [MissionAirdrop] An airdrop is heading towards "Sedbjan" (pos=<5024.000000, 0.000000, 8919.000000> type=Random_Sedbjan) with a ExpansionAirdropContainer_Military_WinterCamo
16:18:54.398 [Party] Player "Mister Grey" (id=alBZ-ZL8MzNBtl2I3gppWwkNM3QqMiItqAFzALQOYaw=) left the party "RECON" (id=1 ownerUID=alBZ-ZL8MzNBtl2I3gppWwkNM3QqMiItqAFzALQOYaw= ownerName=Mister Grey)
16:19:27.437 [Party] Player "Mister Grey" (id=alBZ-ZL8MzNBtl2I3gppWwkNM3QqMiItqAFzALQOYaw=) joinded the party "RECON" (id=1 ownerUID=alBZ-ZL8MzNBtl2I3gppWwkNM3QqMiItqAFzALQOYaw= ownerName=Mister Grey)
16:20:01.421 [Party] Player "Mister Grey" (id=alBZ-ZL8MzNBtl2I3gppWwkNM3QqMiItqAFzALQOYaw=) left the party "RECON" (id=1 ownerUID=alBZ-ZL8MzNBtl2I3gppWwkNM3QqMiItqAFzALQOYaw= ownerName=Mister Grey)
16:20:49.421 [Party] Player "Mister Grey" (id=alBZ-ZL8MzNBtl2I3gppWwkNM3QqMiItqAFzALQOYaw=) joinded the party "RECON" (id=1 ownerUID=alBZ-ZL8MzNBtl2I3gppWwkNM3QqMiItqAFzALQOYaw= ownerName=Mister Grey)
16:43:25.445 [Party] Player "Mister Grey" (id=alBZ-ZL8MzNBtl2I3gppWwkNM3QqMiItqAFzALQOYaw=) left the party "RECON" (id=1 ownerUID=alBZ-ZL8MzNBtl2I3gppWwkNM3QqMiItqAFzALQOYaw= ownerName=Mister Grey)
16:48:08.472 [Party] Player "Mister Grey" (id=alBZ-ZL8MzNBtl2I3gppWwkNM3QqMiItqAFzALQOYaw=) joinded the party "RECON" (id=1 ownerUID=alBZ-ZL8MzNBtl2I3gppWwkNM3QqMiItqAFzALQOYaw= ownerName=Mister Grey)
16:48:44.597 [Party] Player "Mister Grey" (id=alBZ-ZL8MzNBtl2I3gppWwkNM3QqMiItqAFzALQOYaw=) left the party "RECON" (id=1 ownerUID=alBZ-ZL8MzNBtl2I3gppWwkNM3QqMiItqAFzALQOYaw= ownerName=Mister Grey)
16:49:17.667 [Party] Player "Mister Grey" (id=alBZ-ZL8MzNBtl2I3gppWwkNM3QqMiItqAFzALQOYaw=) joinded the party "RECON" (id=1 ownerUID=alBZ-ZL8MzNBtl2I3gppWwkNM3QqMiItqAFzALQOYaw= ownerName=Mister Grey)
16:49:56.601 [Party] Player "Mister Grey" (id=alBZ-ZL8MzNBtl2I3gppWwkNM3QqMiItqAFzALQOYaw=) left the party "RECON" (id=1 ownerUID=alBZ-ZL8MzNBtl2I3gppWwkNM3QqMiItqAFzALQOYaw= ownerName=Mister Grey)
16:59:22.851 [Party] Player "Mister Grey" (id=alBZ-ZL8MzNBtl2I3gppWwkNM3QqMiItqAFzALQOYaw=) joinded the party "RECON" (id=1 ownerUID=alBZ-ZL8MzNBtl2I3gppWwkNM3QqMiItqAFzALQOYaw= ownerName=Mister Grey)
16:59:56.593 [Party] Player "Mister Grey" (id=alBZ-ZL8MzNBtl2I3gppWwkNM3QqMiItqAFzALQOYaw=) left the party "RECON" (id=1 ownerUID=alBZ-ZL8MzNBtl2I3gppWwkNM3QqMiItqAFzALQOYaw= ownerName=Mister Grey)
17:00:48.718 [Party] Player "Mister Grey" (id=alBZ-ZL8MzNBtl2I3gppWwkNM3QqMiItqAFzALQOYaw=) joinded the party "RECON" (id=1 ownerUID=alBZ-ZL8MzNBtl2I3gppWwkNM3QqMiItqAFzALQOYaw= ownerName=Mister Grey)
17:01:24.601 [Party] Player "Mister Grey" (id=alBZ-ZL8MzNBtl2I3gppWwkNM3QqMiItqAFzALQOYaw=) left the party "RECON" (id=1 ownerUID=alBZ-ZL8MzNBtl2I3gppWwkNM3QqMiItqAFzALQOYaw= ownerName=Mister Grey)
17:03:54.523 [Party] Player "Mister Grey" (id=alBZ-ZL8MzNBtl2I3gppWwkNM3QqMiItqAFzALQOYaw=) joinded the party "RECON" (id=1 ownerUID=alBZ-ZL8MzNBtl2I3gppWwkNM3QqMiItqAFzALQOYaw= ownerName=Mister Grey)
17:09:18.875 [AI Patrol] Spawning 3 Shamans bots at <6398.529785, 11.775204, 11807.253906>
17:13:23.292 [AI Patrol] Spawning 3 Shamans bots at <6894.746094, 15.162197, 11425.904297>
17:44:49.171 [MissionAirdrop] An airdrop is heading towards "Tara Harbor" (pos=<7493.000000, 0.000000, 7577.000000> type=Random_Tara Harbor) with a ExpansionAirdropContainer_Basebuilding
17:44:59.171 [MissionAirdrop] An airdrop is heading towards "Brensk" (pos=<4327.000000, 0.000000, 5230.000000> type=Random_Brensk) with a ExpansionAirdropContainer_Basebuilding
17:59:13.449 [Party] Player "Mister Grey" (id=alBZ-ZL8MzNBtl2I3gppWwkNM3QqMiItqAFzALQOYaw=) left the party "RECON" (id=1 ownerUID=alBZ-ZL8MzNBtl2I3gppWwkNM3QqMiItqAFzALQOYaw= ownerName=Mister Grey)
