[01-01-2024][00.00.18] New Synch Log File Created!
[01-01-2024][06.00.13] Log file reloaded ( Server Restart )
[10:34:29] Player (Soundslikeaplan, 76561198129491492)(<6734.617676, 35.299149, 11375.743164>) requested data for lock!
[10:34:29] Player (Soundslikeaplan, 76561198129491492)(<6734.650879, 38.728668, 11375.665039>) requested data for lock!
[11:02:20] Player (lilbricky, 76561199026490290)(<6734.617676, 35.299149, 11375.743164>) requested data for lock!
[11:02:20] Player (lilbricky, 76561199026490290)(<6734.650879, 38.728668, 11375.665039>) requested data for lock!
[11:16:02] Player (lilbricky, 76561199026490290)(<6734.617676, 35.299149, 11375.743164>) requested data for lock!
[11:16:02] Player (lilbricky, 76561199026490290)(<6734.650879, 38.728668, 11375.665039>) requested data for lock!
[01-01-2024][12.00.16] Log file reloaded ( Server Restart )
[14:15:22] Player (Zookyook, 76561198081118768)(<6734.650879, 38.728668, 11375.665039>) requested data for lock!
[14:15:22] Player (Zookyook, 76561198081118768)(<6734.617676, 35.299149, 11375.743164>) requested data for lock!
[01-01-2024][18.00.14] Log file reloaded ( Server Restart )
[18:55:29] Player (Anatoly, 76561199101890562)(<6734.617676, 35.299149, 11375.743164>) requested data for lock!
[18:55:29] Player (Anatoly, 76561199101890562)(<6734.650879, 38.728668, 11375.665039>) requested data for lock!
[19:20:31] Player (Anatoly, 76561199101890562)(<6734.617676, 35.299149, 11375.743164>) requested data for lock!
[19:20:31] Player (Anatoly, 76561199101890562)(<6734.650879, 38.728668, 11375.665039>) requested data for lock!
[19:45:09] Player (Anatoly, 76561199101890562)(<6734.617676, 35.299149, 11375.743164>) requested data for lock!
[19:45:09] Player (Anatoly, 76561199101890562)(<6734.650879, 38.728668, 11375.665039>) requested data for lock!
[23:48:33] Player (Katyusha, 76561198931121185)(<6734.617676, 35.299149, 11375.743164>) requested data for lock!
[23:48:33] Player (Katyusha, 76561198931121185)(<6734.650879, 38.728668, 11375.665039>) requested data for lock!
