[01-02-2024][00.00.19] New Synch Log File Created!
[01-02-2024][06.00.14] Log file reloaded ( Server Restart )
[01-02-2024][12.00.17] Log file reloaded ( Server Restart )
[01-02-2024][18.00.12] Log file reloaded ( Server Restart )
[22:00:13] Player (Anatoly, 76561199101890562)(<6734.617676, 35.299149, 11375.743164>) requested data for lock!
[22:00:14] Player (Anatoly, 76561199101890562)(<6734.650879, 38.728668, 11375.665039>) requested data for lock!
[22:03:55] Player ((ADMIN)BLUE, 76561199108250772)(<6734.617676, 35.299149, 11375.743164>) requested data for lock!
[22:03:55] Player ((ADMIN)BLUE, 76561199108250772)(<6734.650879, 38.728668, 11375.665039>) requested data for lock!
[22:04:25] Player (GoovisAndaChair, 76561198369601190)(<6734.617676, 35.299149, 11375.743164>) requested data for lock!
[22:04:25] Player (GoovisAndaChair, 76561198369601190)(<6734.650879, 38.728668, 11375.665039>) requested data for lock!
[22:05:53] Player ((ADMIN)BLUE, 76561199108250772)(<6734.617676, 35.299149, 11375.743164>) requested data for lock!
[22:05:53] Player ((ADMIN)BLUE, 76561199108250772)(<6734.650879, 38.728668, 11375.665039>) requested data for lock!
[22:06:14] Player (Anatoly, 76561199101890562)(<6734.617676, 35.299149, 11375.743164>) requested data for lock!
[22:06:14] Player (Anatoly, 76561199101890562)(<6734.650879, 38.728668, 11375.665039>) requested data for lock!
[22:37:41] Player (GoovisAndaChair, 76561198369601190)(<6734.617676, 35.299149, 11375.743164>) requested data for lock!
[22:37:42] Player (GoovisAndaChair, 76561198369601190)(<6734.650879, 38.728668, 11375.665039>) requested data for lock!
[23:02:20] Player (Skull0Fire, 76561198090495166)(<6734.617676, 35.299149, 11375.743164>) requested data for lock!
[23:02:20] Player (Skull0Fire, 76561198090495166)(<6734.650879, 38.728668, 11375.665039>) requested data for lock!
[23:13:18] Player (Skull0Fire, 76561198090495166)(<6734.617676, 35.299149, 11375.743164>) requested data for lock!
[23:13:18] Player (Skull0Fire, 76561198090495166)(<6734.650879, 38.728668, 11375.665039>) requested data for lock!
