[10-30-2023][00.00.18] New Synch Log File Created!
[02:46:43] Player (Usama, 76561199159656534)(<6832.793945, 17.066170, 11207.883789>) requested data for lock!
[02:46:43] Player (Usama, 76561199159656534)(<6795.788086, 16.153437, 11241.387695>) requested data for lock!
[02:46:43] Player (Usama, 76561199159656534)(<6826.356934, 17.069685, 11201.375977>) requested data for lock!
[02:46:43] Player (Usama, 76561199159656534)(<6825.809570, 17.074102, 11210.505859>) requested data for lock!
[10-30-2023][06.00.19] Log file reloaded ( Server Restart )
[10:03:18] Player ([ADMIN]DrKilledByDeath, 76561199407766611)(<6826.356934, 17.069685, 11201.375977>) requested data for lock!
[10:03:18] Player ([ADMIN]DrKilledByDeath, 76561199407766611)(<6832.793945, 17.066170, 11207.883789>) requested data for lock!
[10:03:18] Player ([ADMIN]DrKilledByDeath, 76561199407766611)(<6795.788086, 16.153437, 11241.387695>) requested data for lock!
[10:03:18] Player ([ADMIN]DrKilledByDeath, 76561199407766611)(<6825.809570, 17.074102, 11210.505859>) requested data for lock!
[11:21:14] Player ([ADMIN]DrKilledByDeath, 76561199407766611)(<6833.284180, 20.168362, 11241.022461>) requested data for lock!
[11:27:26] Player ([ADMIN]DrKilledByDeath, 76561199407766611)(<6800.662598, 17.107737, 11221.558594>) requested data for lock!
[11:34:19] Player ([ADMIN]DrKilledByDeath, 76561199407766611)(<3834.100098, 8.261025, 9235.923828>) requested data for lock!
[11:35:50] Player ([ADMIN]DrKilledByDeath, 76561199407766611)(<4483.781250, 6.057562, 9999.577148>) requested data for lock!
[10-30-2023][12.00.16] Log file reloaded ( Server Restart )
[12:52:31] Player ([ADMIN]BLUE, 76561199108250772)(<6825.809570, 17.074102, 11210.505859>) requested data for lock!
[12:52:31] Player ([ADMIN]BLUE, 76561199108250772)(<6800.662598, 17.107737, 11221.558594>) requested data for lock!
[12:52:31] Player ([ADMIN]BLUE, 76561199108250772)(<6795.788086, 16.153437, 11241.387695>) requested data for lock!
[12:52:31] Player ([ADMIN]BLUE, 76561199108250772)(<6833.284180, 20.168362, 11241.022461>) requested data for lock!
[12:52:31] Player ([ADMIN]BLUE, 76561199108250772)(<6832.793945, 17.066170, 11207.883789>) requested data for lock!
[12:52:31] Player ([ADMIN]BLUE, 76561199108250772)(<6826.356934, 17.069685, 11201.375977>) requested data for lock!
[13:51:22] Player (SilentSavage207, 76561198396553857)(<6795.788086, 16.153437, 11241.387695>) requested data for lock!
[13:51:22] Player (SilentSavage207, 76561198396553857)(<6833.284180, 20.168362, 11241.022461>) requested data for lock!
[13:51:22] Player (SilentSavage207, 76561198396553857)(<6832.793945, 17.066170, 11207.883789>) requested data for lock!
[13:51:22] Player (SilentSavage207, 76561198396553857)(<6826.356934, 17.069685, 11201.375977>) requested data for lock!
[13:51:22] Player (SilentSavage207, 76561198396553857)(<6800.662598, 17.107737, 11221.558594>) requested data for lock!
[13:51:22] Player (SilentSavage207, 76561198396553857)(<6825.809570, 17.074102, 11210.505859>) requested data for lock!
[10-30-2023][18.00.19] Log file reloaded ( Server Restart )
[18:28:15] Player ([Admin] Bunker, 76561198036774377)(<6825.809570, 17.074102, 11210.505859>) requested data for lock!
[18:28:15] Player ([Admin] Bunker, 76561198036774377)(<6826.356934, 17.069685, 11201.375977>) requested data for lock!
[18:28:15] Player ([Admin] Bunker, 76561198036774377)(<6800.662598, 17.107737, 11221.558594>) requested data for lock!
[18:28:15] Player ([Admin] Bunker, 76561198036774377)(<6833.284180, 20.168362, 11241.022461>) requested data for lock!
[18:28:15] Player ([Admin] Bunker, 76561198036774377)(<6795.788086, 16.153437, 11241.387695>) requested data for lock!
[18:28:15] Player ([Admin] Bunker, 76561198036774377)(<6832.793945, 17.066170, 11207.883789>) requested data for lock!
