[10-22-2023][00.00.28] New Synch Log File Created!
[00:01:56] Player ([ADMIN]BLUE, 76561199108250772)(<8177.392090, 16.532858, 10879.233398>) requested data for lock!
[10-22-2023][00.10.49] Log file reloaded ( Server Restart )
[10-22-2023][00.20.13] Log file reloaded ( Server Restart )
[10-22-2023][00.20.48] Log file reloaded ( Server Restart )
[10-22-2023][00.23.17] Log file reloaded ( Server Restart )
[10-22-2023][00.29.18] Log file reloaded ( Server Restart )
[10-22-2023][00.35.54] Log file reloaded ( Server Restart )
[00:55:55] Player ([ADMIN]BLUE, 76561199108250772)(<4488.188477, 5.901152, 10003.500977>) requested data for lock!
[10-22-2023][00.57.48] Log file reloaded ( Server Restart )
[01:03:34] Player ([ADMIN]BLUE, 76561199108250772)(<4488.188477, 5.901152, 10003.500977>) requested data for lock!
[10-22-2023][01.06.02] Log file reloaded ( Server Restart )
[01:06:42] Player ([ADMIN]BLUE, 76561199108250772)(<4488.188477, 5.901152, 10003.500977>) requested data for lock!
[10-22-2023][01.08.31] Log file reloaded ( Server Restart )
[01:11:46] Player ([ADMIN]BLUE, 76561199108250772)(<4488.188477, 5.901152, 10003.500977>) requested data for lock!
[10-22-2023][01.27.00] Log file reloaded ( Server Restart )
[01:31:05] Player ([ADMIN]BLUE, 76561199108250772)(<4488.188477, 5.901152, 10003.500977>) requested data for lock!
[10-22-2023][01.44.16] Log file reloaded ( Server Restart )
[01:48:49] Player ([ADMIN]BLUE, 76561199108250772)(<4483.781250, 6.057562, 9999.577148>) requested data for lock!
[02:00:06] Player ([ADMIN]BLUE, 76561199108250772)(<4483.781250, 6.057562, 9999.577148>) requested data for lock!
[02:53:41] Player ([ADMIN]BLUE, 76561199108250772)(<4483.781250, 6.057562, 9999.577148>) requested data for lock!
[03:38:25] Player ([Admin] Bunker, 76561198036774377)(<4483.781250, 6.057562, 9999.577148>) requested data for lock!
[10-22-2023][03.52.12] Log file reloaded ( Server Restart )
[10-22-2023][04.01.15] Log file reloaded ( Server Restart )
[10-22-2023][04.05.12] Log file reloaded ( Server Restart )
[10-22-2023][04.10.32] Log file reloaded ( Server Restart )
[10-22-2023][04.50.58] Log file reloaded ( Server Restart )
[10-22-2023][05.16.21] Log file reloaded ( Server Restart )
[10-22-2023][05.23.17] Log file reloaded ( Server Restart )
[10-22-2023][05.42.43] Log file reloaded ( Server Restart )
[10-22-2023][05.53.45] Log file reloaded ( Server Restart )
[10-22-2023][07.07.16] Log file reloaded ( Server Restart )
[10-22-2023][07.07.57] Log file reloaded ( Server Restart )
[10-22-2023][07.13.31] Log file reloaded ( Server Restart )
[10-22-2023][07.14.20] Log file reloaded ( Server Restart )
[10-22-2023][07.20.40] Log file reloaded ( Server Restart )
[10-22-2023][07.30.16] Log file reloaded ( Server Restart )
[08:35:02] Player ([Admin] Bunker, 76561198036774377)(<4483.781250, 6.057562, 9999.577148>) requested data for lock!
[10-22-2023][09.29.31] Log file reloaded ( Server Restart )
[09:33:51] Player (Butcher Of Namalsk, 76561199407766611)(<4483.781250, 6.057562, 9999.577148>) requested data for lock!
[10-22-2023][10.31.31] Log file reloaded ( Server Restart )
[10-22-2023][10.35.21] Log file reloaded ( Server Restart )
[10-22-2023][10.55.49] Log file reloaded ( Server Restart )
[10-22-2023][11.06.49] Log file reloaded ( Server Restart )
[10-22-2023][11.13.30] Log file reloaded ( Server Restart )
[10-22-2023][11.15.46] Log file reloaded ( Server Restart )
[10-22-2023][11.24.49] Log file reloaded ( Server Restart )
[10-22-2023][11.25.21] Log file reloaded ( Server Restart )
[10-22-2023][11.25.54] Log file reloaded ( Server Restart )
[10-22-2023][11.28.12] Log file reloaded ( Server Restart )
[10-22-2023][11.29.33] Log file reloaded ( Server Restart )
[10-22-2023][11.36.22] Log file reloaded ( Server Restart )
[10-22-2023][11.38.03] Log file reloaded ( Server Restart )
[11:40:34] Player ([ADMIN]BLUE, 76561199108250772)(<4483.781250, 6.057562, 9999.577148>) requested data for lock!
[10-22-2023][12.00.18] Log file reloaded ( Server Restart )
[12:07:57] Player ([ADMIN]BLUE, 76561199108250772)(<4483.781250, 6.057562, 9999.577148>) requested data for lock!
[10-22-2023][12.08.21] Log file reloaded ( Server Restart )
[12:09:31] Player ([ADMIN]BLUE, 76561199108250772)(<4483.781250, 6.057562, 9999.577148>) requested data for lock!
[12:17:27] Player ([Admin] Bunker, 76561198036774377)(<4483.781250, 6.057562, 9999.577148>) requested data for lock!
[12:21:56] Player ([ADMIN]BLUE, 76561199108250772)(<4483.781250, 6.057562, 9999.577148>) requested data for lock!
[12:54:28] Player (Butcher Of Namalsk, 76561199407766611)(<4483.781250, 6.057562, 9999.577148>) requested data for lock!
[10-22-2023][13.09.08] Log file reloaded ( Server Restart )
[10-22-2023][13.53.26] Log file reloaded ( Server Restart )
[13:59:12] Player (Truffleshuffle69, 76561199521855408)(<4483.781250, 6.057562, 9999.577148>) requested data for lock!
[14:00:10] Player ([Admin] Bunker, 76561198036774377)(<4483.781250, 6.057562, 9999.577148>) requested data for lock!
[10-22-2023][14.57.43] Log file reloaded ( Server Restart )
[10-22-2023][14.59.58] Log file reloaded ( Server Restart )
[10-22-2023][18.00.18] Log file reloaded ( Server Restart )
[21:09:59] Player (Jaycob, 76561198036774377)(<4483.781250, 6.057562, 9999.577148>) requested data for lock!
[21:38:17] Player (Truffleshuffle69, 76561199521855408)(<4483.781250, 6.057562, 9999.577148>) requested data for lock!
[21:57:18] Player (Truffleshuffle69, 76561199521855408)(<4483.781250, 6.057562, 9999.577148>) requested data for lock!
[21:57:21] Player (Jaycob, 76561198036774377)(<4483.781250, 6.057562, 9999.577148>) requested data for lock!
[22:32:11] Player ([ADMIN]BLUE, 76561199521855408)(<4483.781250, 6.057562, 9999.577148>) requested data for lock!
