[10-29-2023][00.00.18] New Synch Log File Created!
[00:59:35] Player ([Admin] Dr. KilledByDeath, 76561199407766611)(<6832.793945, 17.066170, 11207.883789>) requested data for lock!
[00:59:35] Player ([ADMIN]BLUE, 76561199108250772)(<6832.793945, 17.066170, 11207.883789>) requested data for lock!
[01:15:10] Player ([Admin] Dr. KilledByDeath, 76561199407766611)(<6795.788086, 16.153437, 11241.387695>) requested data for lock!
[10-29-2023][06.00.18] Log file reloaded ( Server Restart )
[07:56:58] Player (Suicidal Anomaly, 76561199006299659)(<6832.793945, 17.066170, 11207.883789>) requested data for lock!
[07:57:12] Player (Suicidal Anomaly, 76561199006299659)(<6795.788086, 16.153437, 11241.387695>) requested data for lock!
[11:01:16] Player ([Admin] Bunker, 76561198036774377)(<6795.788086, 16.153437, 11241.387695>) requested data for lock!
[11:01:16] Player ([Admin] Bunker, 76561198036774377)(<6832.793945, 17.066170, 11207.883789>) requested data for lock!
[10-29-2023][12.00.16] Log file reloaded ( Server Restart )
[13:38:08] Player ([Admin] Bunker, 76561198036774377)(<6832.793945, 17.066170, 11207.883789>) requested data for lock!
[13:38:08] Player ([Admin] Bunker, 76561198036774377)(<6795.788086, 16.153437, 11241.387695>) requested data for lock!
[14:02:41] Player ([Admin] Bunker, 76561198036774377)(<6832.793945, 17.066170, 11207.883789>) requested data for lock!
[14:02:41] Player (madcowman, 76561199521855408)(<6832.793945, 17.066170, 11207.883789>) requested data for lock!
[14:02:52] Player ([Admin] Bunker, 76561198036774377)(<6795.788086, 16.153437, 11241.387695>) requested data for lock!
[14:02:52] Player (madcowman, 76561199521855408)(<6795.788086, 16.153437, 11241.387695>) requested data for lock!
[14:09:00] Player (madcowman, 76561199521855408)(<6832.793945, 17.066170, 11207.883789>) requested data for lock!
[14:09:12] Player (madcowman, 76561199521855408)(<6795.788086, 16.153437, 11241.387695>) requested data for lock!
[10-29-2023][18.00.19] Log file reloaded ( Server Restart )
[22:57:44] Player ([ADMIN]BLUE, 76561199108250772)(<6832.793945, 17.066170, 11207.883789>) requested data for lock!
[22:57:44] Player ([ADMIN]BLUE, 76561199108250772)(<6795.788086, 16.153437, 11241.387695>) requested data for lock!
[23:01:35] Player ([ADMIN]BLUE, 76561199108250772)(<6826.356934, 17.069685, 11201.375977>) requested data for lock!
[23:20:41] Player ([ADMIN]BLUE, 76561199108250772)(<6825.809570, 17.074102, 11210.505859>) requested data for lock!
[23:26:57] Player ([ADMIN]BLUE, 76561199108250772)(<6832.793945, 17.066170, 11207.883789>) requested data for lock!
[23:26:57] Player ([ADMIN]BLUE, 76561199108250772)(<6825.809570, 17.074102, 11210.505859>) requested data for lock!
[23:26:57] Player ([ADMIN]BLUE, 76561199108250772)(<6795.788086, 16.153437, 11241.387695>) requested data for lock!
[23:26:57] Player ([ADMIN]BLUE, 76561199108250772)(<6826.356934, 17.069685, 11201.375977>) requested data for lock!
[23:31:13] Player ([ADMIN]BLUE, 76561199108250772)(<6832.793945, 17.066170, 11207.883789>) requested data for lock!
[23:31:13] Player ([ADMIN]BLUE, 76561199108250772)(<6825.809570, 17.074102, 11210.505859>) requested data for lock!
[23:31:13] Player ([ADMIN]BLUE, 76561199108250772)(<6795.788086, 16.153437, 11241.387695>) requested data for lock!
[23:31:13] Player ([ADMIN]BLUE, 76561199108250772)(<6826.356934, 17.069685, 11201.375977>) requested data for lock!
