[10-27-2023][00.00.21] New Synch Log File Created!
[10-27-2023][06.00.25] Log file reloaded ( Server Restart )
[07:00:22] Player (SilentSavage207, 76561198396553857)(<4483.781250, 6.057562, 9999.577148>) requested data for lock!
[07:06:44] Player (SilentSavage207, 76561198396553857)(<4483.781250, 6.057562, 9999.577148>) requested data for lock!
[10-27-2023][12.00.19] Log file reloaded ( Server Restart )
[14:26:02] Player (Shadow of Namalsk, 76561199407766611)(<4483.781250, 6.057562, 9999.577148>) requested data for lock!
[14:26:03] Player (Shadow of Namalsk, 76561199407766611)(<3834.100098, 8.261025, 9235.923828>) requested data for lock!
[10-27-2023][15.40.31] Log file reloaded ( Server Restart )
[10-27-2023][18.00.18] Log file reloaded ( Server Restart )
[21:39:45] Player ([ADMIN]BLUE, 76561199108250772)(<4483.781250, 6.057562, 9999.577148>) requested data for lock!
[21:39:45] Player ([ADMIN]BLUE, 76561199108250772)(<3834.100098, 8.261025, 9235.923828>) requested data for lock!
[21:51:08] Player ([ADMIN]BLUE, 76561199108250772)(<3834.100098, 8.261025, 9235.923828>) requested data for lock!
[21:51:23] Player ([ADMIN]BLUE, 76561199108250772)(<4483.781250, 6.057562, 9999.577148>) requested data for lock!
[21:53:23] Player ([ADMIN]BLUE, 76561199108250772)(<3834.100098, 8.261025, 9235.923828>) requested data for lock!
[21:53:23] Player ([ADMIN]BLUE, 76561199108250772)(<4483.781250, 6.057562, 9999.577148>) requested data for lock!
[21:53:52] Player ([ADMIN]DrKilledByDeath, 76561199407766611)(<3834.100098, 8.261025, 9235.923828>) requested data for lock!
[21:53:53] Player ([ADMIN]DrKilledByDeath, 76561199407766611)(<4483.781250, 6.057562, 9999.577148>) requested data for lock!
[21:58:06] Player ([ADMIN]DrKilledByDeath, 76561199407766611)(<4483.781250, 6.057562, 9999.577148>) requested data for lock!
[21:59:12] Player ([ADMIN]DrKilledByDeath, 76561199407766611)(<4483.781250, 6.057562, 9999.577148>) requested data for lock!
[21:59:12] Player ([ADMIN]DrKilledByDeath, 76561199407766611)(<3834.100098, 8.261025, 9235.923828>) requested data for lock!
