[10-28-2023][00.00.23] New Synch Log File Created!
[10-28-2023][00.23.00] Log file reloaded ( Server Restart )
[10-28-2023][06.00.23] Log file reloaded ( Server Restart )
[08:38:04] Player (SilentSavage207, 76561198396553857)(<4483.781250, 6.057562, 9999.577148>) requested data for lock!
[08:38:32] Player (SilentSavage207, 76561198396553857)(<4483.781250, 6.057562, 9999.577148>) requested data for lock!
[11:30:24] Player (madcowman, 76561199521855408)(<4483.781250, 6.057562, 9999.577148>) requested data for lock!
[11:56:14] Player (madcowman, 76561199521855408)(<4483.781250, 6.057562, 9999.577148>) requested data for lock!
[10-28-2023][12.00.19] Log file reloaded ( Server Restart )
[12:05:39] Player (madcowman, 76561199521855408)(<4483.781250, 6.057562, 9999.577148>) requested data for lock!
[12:13:58] Player (madcowman, 76561199521855408)(<3834.100098, 8.261025, 9235.923828>) requested data for lock!
[12:19:16] Player (Matthew Hubbard, 76561198308099129)(<4483.781250, 6.057562, 9999.577148>) requested data for lock!
[15:01:37] Player (Madcowman, 76561199521855408)(<3834.100098, 8.261025, 9235.923828>) requested data for lock!
[15:01:37] Player (Madcowman, 76561199521855408)(<4483.781250, 6.057562, 9999.577148>) requested data for lock!
[15:02:51] Player (Madcowman, 76561199521855408)(<3834.100098, 8.261025, 9235.923828>) requested data for lock!
[15:28:18] Player ([Admin] Bunker, 76561198036774377)(<4483.781250, 6.057562, 9999.577148>) requested data for lock!
[15:38:57] Player ([Admin] Bunker, 76561198036774377)(<4483.781250, 6.057562, 9999.577148>) requested data for lock!
[15:48:30] Player ([Admin] Bunker, 76561198036774377)(<4483.781250, 6.057562, 9999.577148>) requested data for lock!
[16:44:00] Player (Madcowman, 76561199521855408)(<4483.781250, 6.057562, 9999.577148>) requested data for lock!
[17:25:42] Player (Madcowman, 76561199521855408)(<4483.781250, 6.057562, 9999.577148>) requested data for lock!
[17:25:44] Player ([Admin] Bunker, 76561198036774377)(<4483.781250, 6.057562, 9999.577148>) requested data for lock!
[17:37:15] Player (Madcowman, 76561199521855408)(<3834.100098, 8.261025, 9235.923828>) requested data for lock!
[17:37:19] Player ([Admin] Bunker, 76561198036774377)(<3834.100098, 8.261025, 9235.923828>) requested data for lock!
[10-28-2023][18.01.09] Log file reloaded ( Server Restart )
[18:04:27] Player ([Admin] Bunker, 76561198036774377)(<3834.100098, 8.261025, 9235.923828>) requested data for lock!
[18:09:51] Player (Madcowman, 76561199521855408)(<3834.100098, 8.261025, 9235.923828>) requested data for lock!
