[11-10-2023][00.00.16] New Synch Log File Created!
[11-10-2023][06.00.17] Log file reloaded ( Server Restart )
[11-10-2023][12.00.17] Log file reloaded ( Server Restart )
[11-10-2023][15.39.29] Log file reloaded ( Server Restart )
[11-10-2023][16.21.02] Log file reloaded ( Server Restart )
[11-10-2023][16.34.50] Log file reloaded ( Server Restart )
[16:42:29] Player ([Admin] Bunker, 76561198036774377)(<6833.284180, 20.168362, 11241.022461>) requested data for lock!
[17:26:47] Player (Sharkparty, 76561198060592768)(<6795.788086, 16.153437, 11241.387695>) requested data for lock!
[17:26:47] Player (Sharkparty, 76561198060592768)(<6833.284180, 20.168362, 11241.022461>) requested data for lock!
[17:26:47] Player (Sharkparty, 76561198060592768)(<6825.809570, 17.074102, 11210.505859>) requested data for lock!
[17:26:47] Player (Sharkparty, 76561198060592768)(<6832.793945, 17.066170, 11207.883789>) requested data for lock!
[17:26:47] Player (Sharkparty, 76561198060592768)(<6800.662598, 17.107737, 11221.558594>) requested data for lock!
[17:26:47] Player (Sharkparty, 76561198060592768)(<6826.356934, 17.069685, 11201.375977>) requested data for lock!
[11-10-2023][18.00.22] Log file reloaded ( Server Restart )
[18:13:47] Player (Trenton17B, 76561198274691972)(<6826.356934, 17.069685, 11201.375977>) requested data for lock!
[18:13:47] Player (Trenton17B, 76561198274691972)(<6825.809570, 17.074102, 11210.505859>) requested data for lock!
[18:13:47] Player (Trenton17B, 76561198274691972)(<6832.793945, 17.066170, 11207.883789>) requested data for lock!
[18:13:47] Player (Trenton17B, 76561198274691972)(<6800.662598, 17.107737, 11221.558594>) requested data for lock!
[18:13:47] Player (Trenton17B, 76561198274691972)(<6833.284180, 20.168362, 11241.022461>) requested data for lock!
[18:13:47] Player (Trenton17B, 76561198274691972)(<6795.788086, 16.153437, 11241.387695>) requested data for lock!
[18:45:32] Player (Sharkparty, 76561198060592768)(<6826.356934, 17.069685, 11201.375977>) requested data for lock!
[18:45:32] Player (Sharkparty, 76561198060592768)(<6825.809570, 17.074102, 11210.505859>) requested data for lock!
[18:45:32] Player (Sharkparty, 76561198060592768)(<6832.793945, 17.066170, 11207.883789>) requested data for lock!
[18:45:32] Player (Sharkparty, 76561198060592768)(<6800.662598, 17.107737, 11221.558594>) requested data for lock!
[18:45:32] Player (Sharkparty, 76561198060592768)(<6833.284180, 20.168362, 11241.022461>) requested data for lock!
[18:45:32] Player (Sharkparty, 76561198060592768)(<6795.788086, 16.153437, 11241.387695>) requested data for lock!
[11-10-2023][21.32.59] Log file reloaded ( Server Restart )
[11-10-2023][21.37.27] Log file reloaded ( Server Restart )
