[11-16-2023][03.16.42] New Synch Log File Created!
[11-16-2023][11.18.26] Log file reloaded ( Server Restart )
[11-16-2023][19.20.11] Log file reloaded ( Server Restart )
[19:53:36] Player ((ADMIN)BLUE, 76561199108250772)(<8478.704102, 16.269562, 10298.427734>) requested data for lock!
[21:17:41] Player (Goovis Andachair, 76561199407766611)(<8478.704102, 16.269562, 10298.427734>) requested data for lock!
[21:23:20] Player (Goovis Andachair, 76561199407766611)(<6832.793945, 17.066170, 11207.883789>) requested data for lock!
[21:23:20] Player (Goovis Andachair, 76561199407766611)(<6826.356934, 17.069685, 11201.375977>) requested data for lock!
[21:23:22] Player (Goovis Andachair, 76561199407766611)(<6825.809570, 17.074102, 11210.505859>) requested data for lock!
[21:32:53] Player (GoovisAndachair, 76561198369601190)(<6795.788086, 16.153437, 11241.387695>) requested data for lock!
[21:32:53] Player (GoovisAndachair, 76561198369601190)(<6832.793945, 17.066170, 11207.883789>) requested data for lock!
[21:32:53] Player (GoovisAndachair, 76561198369601190)(<6826.356934, 17.069685, 11201.375977>) requested data for lock!
[21:32:53] Player (GoovisAndachair, 76561198369601190)(<6825.809570, 17.074102, 11210.505859>) requested data for lock!
[21:32:53] Player (GoovisAndachair, 76561198369601190)(<6833.284180, 20.168362, 11241.022461>) requested data for lock!
[21:32:53] Player (GoovisAndachair, 76561198369601190)(<6800.662598, 17.107737, 11221.558594>) requested data for lock!
[21:57:53] Player (GoovisAndachair, 76561198369601190)(<8478.704102, 16.269562, 10298.427734>) requested data for lock!
[22:19:39] Player (Goovis Andachair, 76561199407766611)(<6832.793945, 17.066170, 11207.883789>) requested data for lock!
[22:19:39] Player (Goovis Andachair, 76561199407766611)(<6826.356934, 17.069685, 11201.375977>) requested data for lock!
[22:19:39] Player (Goovis Andachair, 76561199407766611)(<8478.704102, 16.269562, 10298.427734>) requested data for lock!
[22:23:26] Player (Goovis Andachair, 76561199407766611)(<8478.704102, 16.269562, 10298.427734>) requested data for lock!
[22:25:23] Player (Goovis Andachair, 76561199407766611)(<8478.704102, 16.269562, 10298.427734>) requested data for lock!
