[11-07-2023][00.00.18] New Synch Log File Created!
[11-07-2023][07.43.31] Log file reloaded ( Server Restart )
[11-07-2023][08.05.08] Log file reloaded ( Server Restart )
[11-07-2023][09.04.57] Log file reloaded ( Server Restart )
[11-07-2023][09.05.36] Log file reloaded ( Server Restart )
[11:23:33] Player ([Admin] Bunker, 76561198036774377)(<6833.284180, 20.168362, 11241.022461>) requested data for lock!
[11:23:33] Player ([Admin] Bunker, 76561198036774377)(<6826.356934, 17.069685, 11201.375977>) requested data for lock!
[11:23:33] Player ([Admin] Bunker, 76561198036774377)(<6800.662598, 17.107737, 11221.558594>) requested data for lock!
[11:23:33] Player ([Admin] Bunker, 76561198036774377)(<6825.809570, 17.074102, 11210.505859>) requested data for lock!
[11:23:33] Player ([Admin] Bunker, 76561198036774377)(<6832.793945, 17.066170, 11207.883789>) requested data for lock!
[11:23:33] Player ([Admin] Bunker, 76561198036774377)(<6795.788086, 16.153437, 11241.387695>) requested data for lock!
[11-07-2023][12.00.16] Log file reloaded ( Server Restart )
[11-07-2023][18.00.18] Log file reloaded ( Server Restart )
[20:00:21] Player ([ADMIN]BLUE, 76561199108250772)(<3834.100098, 8.261025, 9235.923828>) requested data for lock!
[20:00:21] Player ([ADMIN]BLUE, 76561199108250772)(<4483.781250, 6.057562, 9999.577148>) requested data for lock!
[20:03:05] Player (Bobgriffon, 76561197960380924)(<6825.809570, 17.074102, 11210.505859>) requested data for lock!
[20:03:05] Player (Bobgriffon, 76561197960380924)(<6826.356934, 17.069685, 11201.375977>) requested data for lock!
[20:03:05] Player (Bobgriffon, 76561197960380924)(<6832.793945, 17.066170, 11207.883789>) requested data for lock!
[20:03:07] Player (Bobgriffon, 76561197960380924)(<6833.284180, 20.168362, 11241.022461>) requested data for lock!
[20:03:12] Player (Bobgriffon, 76561197960380924)(<6800.662598, 17.107737, 11221.558594>) requested data for lock!
[20:03:17] Player (Bobgriffon, 76561197960380924)(<6795.788086, 16.153437, 11241.387695>) requested data for lock!
[20:03:22] Player ([ADMIN]BLUE, 76561199108250772)(<3833.629639, 8.267107, 9234.007813>) requested data for lock!
