[11-18-2023][03.27.19] New Synch Log File Created!
[11-18-2023][11.29.04] Log file reloaded ( Server Restart )
[13:04:31] Player (sluttyprincess69, 76561199108250772)(<3833.629639, 8.267107, 9234.007813>) requested data for lock!
[13:04:31] Player (sluttyprincess69, 76561199108250772)(<4483.781250, 6.057562, 9999.577148>) requested data for lock!
[13:08:51] Player (sluttyprincess69, 76561199108250772)(<4483.781250, 6.057562, 9999.577148>) requested data for lock!
[13:23:01] Player (sluttyprincess69, 76561199108250772)(<6832.793945, 17.066170, 11207.883789>) requested data for lock!
[13:23:01] Player (sluttyprincess69, 76561199108250772)(<6826.356934, 17.069685, 11201.375977>) requested data for lock!
[13:23:01] Player (sluttyprincess69, 76561199108250772)(<6833.284180, 20.168362, 11241.022461>) requested data for lock!
[13:23:01] Player (sluttyprincess69, 76561199108250772)(<6795.788086, 16.153437, 11241.387695>) requested data for lock!
[13:23:01] Player (sluttyprincess69, 76561199108250772)(<6800.662598, 17.107737, 11221.558594>) requested data for lock!
[13:23:02] Player (sluttyprincess69, 76561199108250772)(<6825.809570, 17.074102, 11210.505859>) requested data for lock!
[13:57:56] Player ((ADMIN)BLUE, 76561199108250772)(<6832.793945, 17.066170, 11207.883789>) requested data for lock!
[13:57:56] Player ((ADMIN)BLUE, 76561199108250772)(<6826.356934, 17.069685, 11201.375977>) requested data for lock!
[13:57:56] Player ((ADMIN)BLUE, 76561199108250772)(<6833.284180, 20.168362, 11241.022461>) requested data for lock!
[13:57:56] Player ((ADMIN)BLUE, 76561199108250772)(<6795.788086, 16.153437, 11241.387695>) requested data for lock!
[13:57:56] Player ((ADMIN)BLUE, 76561199108250772)(<6800.662598, 17.107737, 11221.558594>) requested data for lock!
[13:57:56] Player ((ADMIN)BLUE, 76561199108250772)(<6825.809570, 17.074102, 11210.505859>) requested data for lock!
[14:27:26] Player ((ADMIN)BLUE, 76561199108250772)(<8478.704102, 16.269562, 10298.427734>) requested data for lock!
[14:27:34] Player ((ADMIN)BLUE, 76561199108250772)(<6832.793945, 17.066170, 11207.883789>) requested data for lock!
[14:27:34] Player ((ADMIN)BLUE, 76561199108250772)(<6826.356934, 17.069685, 11201.375977>) requested data for lock!
[14:27:35] Player ((ADMIN)BLUE, 76561199108250772)(<6833.284180, 20.168362, 11241.022461>) requested data for lock!
[14:27:35] Player ((ADMIN)BLUE, 76561199108250772)(<6795.788086, 16.153437, 11241.387695>) requested data for lock!
[14:27:35] Player ((ADMIN)BLUE, 76561199108250772)(<6800.662598, 17.107737, 11221.558594>) requested data for lock!
[14:27:35] Player ((ADMIN)BLUE, 76561199108250772)(<6825.809570, 17.074102, 11210.505859>) requested data for lock!
[14:29:42] Player ((ADMIN)BLUE, 76561199108250772)(<6832.793945, 17.066170, 11207.883789>) requested data for lock!
[14:29:42] Player ((ADMIN)BLUE, 76561199108250772)(<6826.356934, 17.069685, 11201.375977>) requested data for lock!
[14:29:42] Player ((ADMIN)BLUE, 76561199108250772)(<6833.284180, 20.168362, 11241.022461>) requested data for lock!
[14:29:42] Player ((ADMIN)BLUE, 76561199108250772)(<6795.788086, 16.153437, 11241.387695>) requested data for lock!
[14:29:42] Player ((ADMIN)BLUE, 76561199108250772)(<6800.662598, 17.107737, 11221.558594>) requested data for lock!
[14:29:42] Player ((ADMIN)BLUE, 76561199108250772)(<6825.809570, 17.074102, 11210.505859>) requested data for lock!
[14:32:40] Player ((ADMIN)BLUE, 76561199108250772)(<6832.793945, 17.066170, 11207.883789>) requested data for lock!
[14:32:40] Player ((ADMIN)BLUE, 76561199108250772)(<6826.356934, 17.069685, 11201.375977>) requested data for lock!
[14:32:40] Player ((ADMIN)BLUE, 76561199108250772)(<6833.284180, 20.168362, 11241.022461>) requested data for lock!
[14:32:40] Player ((ADMIN)BLUE, 76561199108250772)(<6795.788086, 16.153437, 11241.387695>) requested data for lock!
[14:32:40] Player ((ADMIN)BLUE, 76561199108250772)(<6800.662598, 17.107737, 11221.558594>) requested data for lock!
[14:32:40] Player ((ADMIN)BLUE, 76561199108250772)(<6825.809570, 17.074102, 11210.505859>) requested data for lock!
[14:40:17] Player ((ADMIN)BLUE, 76561199108250772)(<6832.793945, 17.066170, 11207.883789>) requested data for lock!
[14:40:17] Player ((ADMIN)BLUE, 76561199108250772)(<6826.356934, 17.069685, 11201.375977>) requested data for lock!
[14:40:17] Player ((ADMIN)BLUE, 76561199108250772)(<6833.284180, 20.168362, 11241.022461>) requested data for lock!
[14:40:17] Player ((ADMIN)BLUE, 76561199108250772)(<6795.788086, 16.153437, 11241.387695>) requested data for lock!
[14:40:17] Player ((ADMIN)BLUE, 76561199108250772)(<6800.662598, 17.107737, 11221.558594>) requested data for lock!
[14:40:17] Player ((ADMIN)BLUE, 76561199108250772)(<6825.809570, 17.074102, 11210.505859>) requested data for lock!
[14:51:51] Player ((ADMIN)BLUE, 76561199108250772)(<6832.793945, 17.066170, 11207.883789>) requested data for lock!
[14:51:51] Player ((ADMIN)BLUE, 76561199108250772)(<6826.356934, 17.069685, 11201.375977>) requested data for lock!
[14:51:51] Player ((ADMIN)BLUE, 76561199108250772)(<6833.284180, 20.168362, 11241.022461>) requested data for lock!
[14:51:51] Player ((ADMIN)BLUE, 76561199108250772)(<6795.788086, 16.153437, 11241.387695>) requested data for lock!
[14:51:51] Player ((ADMIN)BLUE, 76561199108250772)(<6800.662598, 17.107737, 11221.558594>) requested data for lock!
[14:51:51] Player ((ADMIN)BLUE, 76561199108250772)(<6825.809570, 17.074102, 11210.505859>) requested data for lock!
[11-18-2023][19.30.51] Log file reloaded ( Server Restart )
[19:41:58] Player (juststeve, 76561198378519211)(<4483.781250, 6.057562, 9999.577148>) requested data for lock!
