[11-08-2023][00.00.18] New Synch Log File Created!
[01:44:46] Player (Usama, 76561199159656534)(<6825.809570, 17.074102, 11210.505859>) requested data for lock!
[01:44:46] Player (Usama, 76561199159656534)(<6800.662598, 17.107737, 11221.558594>) requested data for lock!
[01:44:46] Player (Usama, 76561199159656534)(<6795.788086, 16.153437, 11241.387695>) requested data for lock!
[01:44:46] Player (Usama, 76561199159656534)(<6832.793945, 17.066170, 11207.883789>) requested data for lock!
[01:44:46] Player (Usama, 76561199159656534)(<6833.284180, 20.168362, 11241.022461>) requested data for lock!
[01:44:46] Player (Usama, 76561199159656534)(<6826.356934, 17.069685, 11201.375977>) requested data for lock!
[02:10:05] Player (Usama, 76561199159656534)(<6825.809570, 17.074102, 11210.505859>) requested data for lock!
[02:10:05] Player (Usama, 76561199159656534)(<6800.662598, 17.107737, 11221.558594>) requested data for lock!
[02:10:05] Player (Usama, 76561199159656534)(<6795.788086, 16.153437, 11241.387695>) requested data for lock!
[02:10:05] Player (Usama, 76561199159656534)(<6832.793945, 17.066170, 11207.883789>) requested data for lock!
[02:10:05] Player (Usama, 76561199159656534)(<6833.284180, 20.168362, 11241.022461>) requested data for lock!
[02:10:05] Player (Usama, 76561199159656534)(<6826.356934, 17.069685, 11201.375977>) requested data for lock!
[11-08-2023][04.01.18] Log file reloaded ( Server Restart )
[11-08-2023][06.00.17] Log file reloaded ( Server Restart )
[10:21:37] Player ([ADMIN]DrKilledByDeath, 76561199407766611)(<6800.662598, 17.107737, 11221.558594>) requested data for lock!
[10:21:37] Player ([ADMIN]DrKilledByDeath, 76561199407766611)(<6795.788086, 16.153437, 11241.387695>) requested data for lock!
[10:21:37] Player ([ADMIN]DrKilledByDeath, 76561199407766611)(<6832.793945, 17.066170, 11207.883789>) requested data for lock!
[10:21:37] Player ([ADMIN]DrKilledByDeath, 76561199407766611)(<6826.356934, 17.069685, 11201.375977>) requested data for lock!
[10:21:37] Player ([ADMIN]DrKilledByDeath, 76561199407766611)(<6825.809570, 17.074102, 11210.505859>) requested data for lock!
[10:21:37] Player ([ADMIN]DrKilledByDeath, 76561199407766611)(<6833.284180, 20.168362, 11241.022461>) requested data for lock!
[11:10:27] Player (Bobgriffon, 76561197960380924)(<6800.662598, 17.107737, 11221.558594>) requested data for lock!
[11:10:27] Player (Bobgriffon, 76561197960380924)(<6795.788086, 16.153437, 11241.387695>) requested data for lock!
[11:10:27] Player (Bobgriffon, 76561197960380924)(<6832.793945, 17.066170, 11207.883789>) requested data for lock!
[11:10:27] Player (Bobgriffon, 76561197960380924)(<6826.356934, 17.069685, 11201.375977>) requested data for lock!
[11:10:27] Player (Bobgriffon, 76561197960380924)(<6825.809570, 17.074102, 11210.505859>) requested data for lock!
[11:10:27] Player (Bobgriffon, 76561197960380924)(<6833.284180, 20.168362, 11241.022461>) requested data for lock!
[11:30:06] Player (Bobgriffon, 76561197960380924)(<6832.793945, 17.066170, 11207.883789>) requested data for lock!
[11:30:06] Player (Bobgriffon, 76561197960380924)(<6833.284180, 20.168362, 11241.022461>) requested data for lock!
[11:30:09] Player (Bobgriffon, 76561197960380924)(<6826.356934, 17.069685, 11201.375977>) requested data for lock!
[11:30:09] Player (Bobgriffon, 76561197960380924)(<6825.809570, 17.074102, 11210.505859>) requested data for lock!
[11:30:19] Player (Bobgriffon, 76561197960380924)(<6800.662598, 17.107737, 11221.558594>) requested data for lock!
[11:30:21] Player (Bobgriffon, 76561197960380924)(<6795.788086, 16.153437, 11241.387695>) requested data for lock!
[11-08-2023][12.00.19] Log file reloaded ( Server Restart )
[16:39:53] Player ([Admin] Bunker, 76561198036774377)(<6795.788086, 16.153437, 11241.387695>) requested data for lock!
[16:39:53] Player ([Admin] Bunker, 76561198036774377)(<6825.809570, 17.074102, 11210.505859>) requested data for lock!
[16:39:53] Player ([Admin] Bunker, 76561198036774377)(<6832.793945, 17.066170, 11207.883789>) requested data for lock!
[16:39:53] Player ([Admin] Bunker, 76561198036774377)(<6826.356934, 17.069685, 11201.375977>) requested data for lock!
[16:39:53] Player ([Admin] Bunker, 76561198036774377)(<6800.662598, 17.107737, 11221.558594>) requested data for lock!
[16:39:53] Player ([Admin] Bunker, 76561198036774377)(<6833.284180, 20.168362, 11241.022461>) requested data for lock!
[11-08-2023][18.00.16] Log file reloaded ( Server Restart )
