[11-12-2023][00.00.19] New Synch Log File Created!
[00:03:16] Player (FARRIS, 76561199492177456)(<8478.704102, 16.269562, 10298.427734>) requested data for lock!
[00:06:31] Player ([ADMIN]BLUE, 76561199108250772)(<8478.704102, 16.269562, 10298.427734>) requested data for lock!
[02:54:47] Player (Trenton17B, 76561198274691972)(<8478.704102, 16.269562, 10298.427734>) requested data for lock!
[03:21:26] Player (Trenton17B, 76561198274691972)(<6825.809570, 17.074102, 11210.505859>) requested data for lock!
[03:21:26] Player (Trenton17B, 76561198274691972)(<6833.284180, 20.168362, 11241.022461>) requested data for lock!
[03:21:26] Player (Trenton17B, 76561198274691972)(<6832.793945, 17.066170, 11207.883789>) requested data for lock!
[03:21:26] Player (Trenton17B, 76561198274691972)(<6826.356934, 17.069685, 11201.375977>) requested data for lock!
[03:21:34] Player (Trenton17B, 76561198274691972)(<6800.662598, 17.107737, 11221.558594>) requested data for lock!
[03:21:37] Player (Trenton17B, 76561198274691972)(<6795.788086, 16.153437, 11241.387695>) requested data for lock!
[04:19:45] Player (Bobgriffon, 76561197960380924)(<6795.788086, 16.153437, 11241.387695>) requested data for lock!
[04:19:45] Player (Bobgriffon, 76561197960380924)(<6825.809570, 17.074102, 11210.505859>) requested data for lock!
[04:19:45] Player (Bobgriffon, 76561197960380924)(<6833.284180, 20.168362, 11241.022461>) requested data for lock!
[04:19:45] Player (Bobgriffon, 76561197960380924)(<6800.662598, 17.107737, 11221.558594>) requested data for lock!
[04:19:45] Player (Bobgriffon, 76561197960380924)(<6832.793945, 17.066170, 11207.883789>) requested data for lock!
[04:19:45] Player (Bobgriffon, 76561197960380924)(<6826.356934, 17.069685, 11201.375977>) requested data for lock!
[11-12-2023][06.00.16] Log file reloaded ( Server Restart )
[11-12-2023][12.00.16] Log file reloaded ( Server Restart )
[11-12-2023][15.32.54] Log file reloaded ( Server Restart )
[11-12-2023][16.07.19] Log file reloaded ( Server Restart )
[11-12-2023][18.00.17] Log file reloaded ( Server Restart )
[23:50:24] Player ([ADMIN} Dr. KilledByDeath, 76561199407766611)(<6800.662598, 17.107737, 11221.558594>) requested data for lock!
[23:50:24] Player ([ADMIN} Dr. KilledByDeath, 76561199407766611)(<6832.793945, 17.066170, 11207.883789>) requested data for lock!
[23:50:24] Player ([ADMIN} Dr. KilledByDeath, 76561199407766611)(<6826.356934, 17.069685, 11201.375977>) requested data for lock!
[23:50:24] Player ([ADMIN} Dr. KilledByDeath, 76561199407766611)(<6833.284180, 20.168362, 11241.022461>) requested data for lock!
[23:50:24] Player ([ADMIN} Dr. KilledByDeath, 76561199407766611)(<6795.788086, 16.153437, 11241.387695>) requested data for lock!
[23:50:24] Player ([ADMIN} Dr. KilledByDeath, 76561199407766611)(<6825.809570, 17.074102, 11210.505859>) requested data for lock!
[23:56:38] Player ([ADMIN} Dr. KilledByDeath, 76561199407766611)(<8478.704102, 16.269562, 10298.427734>) requested data for lock!
