[11-11-2023][00.00.19] New Synch Log File Created!
[11-11-2023][06.00.17] Log file reloaded ( Server Restart )
[11-11-2023][11.20.13] Log file reloaded ( Server Restart )
[11-11-2023][12.00.15] Log file reloaded ( Server Restart )
[11-11-2023][12.05.58] Log file reloaded ( Server Restart )
[13:31:38] Player (Sharkparty, 76561198060592768)(<6795.788086, 16.153437, 11241.387695>) requested data for lock!
[13:31:38] Player (Sharkparty, 76561198060592768)(<6833.284180, 20.168362, 11241.022461>) requested data for lock!
[13:31:38] Player (Sharkparty, 76561198060592768)(<6800.662598, 17.107737, 11221.558594>) requested data for lock!
[13:31:38] Player (Sharkparty, 76561198060592768)(<6832.793945, 17.066170, 11207.883789>) requested data for lock!
[13:31:38] Player (Sharkparty, 76561198060592768)(<6825.809570, 17.074102, 11210.505859>) requested data for lock!
[13:31:38] Player (Sharkparty, 76561198060592768)(<6826.356934, 17.069685, 11201.375977>) requested data for lock!
[11-11-2023][13.38.28] Log file reloaded ( Server Restart )
[14:31:20] Player ([ADMIN]BLUE, 76561199521855408)(<6826.356934, 17.069685, 11201.375977>) requested data for lock!
[14:31:20] Player ([ADMIN]BLUE, 76561199521855408)(<6800.662598, 17.107737, 11221.558594>) requested data for lock!
[14:31:20] Player ([ADMIN]BLUE, 76561199521855408)(<6833.284180, 20.168362, 11241.022461>) requested data for lock!
[14:31:20] Player ([ADMIN]BLUE, 76561199521855408)(<6825.809570, 17.074102, 11210.505859>) requested data for lock!
[14:31:20] Player ([ADMIN]BLUE, 76561199521855408)(<6795.788086, 16.153437, 11241.387695>) requested data for lock!
[14:31:20] Player ([ADMIN]BLUE, 76561199521855408)(<6832.793945, 17.066170, 11207.883789>) requested data for lock!
[14:47:06] Player ([ADMIN]BLUE, 76561199521855408)(<6826.356934, 17.069685, 11201.375977>) requested data for lock!
[14:47:07] Player ([ADMIN]BLUE, 76561199521855408)(<6800.662598, 17.107737, 11221.558594>) requested data for lock!
[14:47:07] Player ([ADMIN]BLUE, 76561199521855408)(<6833.284180, 20.168362, 11241.022461>) requested data for lock!
[14:47:07] Player ([ADMIN]BLUE, 76561199521855408)(<6825.809570, 17.074102, 11210.505859>) requested data for lock!
[14:47:07] Player ([ADMIN]BLUE, 76561199521855408)(<6795.788086, 16.153437, 11241.387695>) requested data for lock!
[14:47:08] Player ([ADMIN]BLUE, 76561199521855408)(<6832.793945, 17.066170, 11207.883789>) requested data for lock!
[11-11-2023][18.00.17] Log file reloaded ( Server Restart )
[18:29:15] Player (Bobgriffon, 76561197960380924)(<6826.356934, 17.069685, 11201.375977>) requested data for lock!
[18:29:18] Player (Bobgriffon, 76561197960380924)(<6832.793945, 17.066170, 11207.883789>) requested data for lock!
[18:29:18] Player (Bobgriffon, 76561197960380924)(<6825.809570, 17.074102, 11210.505859>) requested data for lock!
[18:29:24] Player (Bobgriffon, 76561197960380924)(<6833.284180, 20.168362, 11241.022461>) requested data for lock!
[18:29:24] Player (Bobgriffon, 76561197960380924)(<6800.662598, 17.107737, 11221.558594>) requested data for lock!
[18:29:27] Player (Bobgriffon, 76561197960380924)(<6795.788086, 16.153437, 11241.387695>) requested data for lock!
[23:16:49] Player ([ADMIN]BLUE, 76561199108250772)(<3833.629639, 8.267107, 9234.007813>) requested data for lock!
[23:16:49] Player ([ADMIN]BLUE, 76561199108250772)(<4483.781250, 6.057562, 9999.577148>) requested data for lock!
[23:27:47] Player ([ADMIN]BLUE, 76561199108250772)(<4483.781250, 6.057562, 9999.577148>) requested data for lock!
[23:34:44] Player (FARRIS, 76561199492177456)(<4483.781250, 6.057562, 9999.577148>) requested data for lock!
[23:39:14] Player ([ADMIN]BLUE, 76561199108250772)(<6833.284180, 20.168362, 11241.022461>) requested data for lock!
[23:39:15] Player ([ADMIN]BLUE, 76561199108250772)(<6800.662598, 17.107737, 11221.558594>) requested data for lock!
[23:39:15] Player ([ADMIN]BLUE, 76561199108250772)(<6832.793945, 17.066170, 11207.883789>) requested data for lock!
[23:39:16] Player ([ADMIN]BLUE, 76561199108250772)(<6825.809570, 17.074102, 11210.505859>) requested data for lock!
[23:39:16] Player ([ADMIN]BLUE, 76561199108250772)(<6795.788086, 16.153437, 11241.387695>) requested data for lock!
[23:39:17] Player ([ADMIN]BLUE, 76561199108250772)(<6826.356934, 17.069685, 11201.375977>) requested data for lock!
[23:41:36] Player ([ADMIN]BLUE, 76561199108250772)(<4483.781250, 6.057562, 9999.577148>) requested data for lock!
[23:42:38] Player ([ADMIN]BLUE, 76561199108250772)(<6833.284180, 20.168362, 11241.022461>) requested data for lock!
[23:42:39] Player ([ADMIN]BLUE, 76561199108250772)(<6800.662598, 17.107737, 11221.558594>) requested data for lock!
[23:42:39] Player ([ADMIN]BLUE, 76561199108250772)(<6832.793945, 17.066170, 11207.883789>) requested data for lock!
[23:42:39] Player ([ADMIN]BLUE, 76561199108250772)(<6825.809570, 17.074102, 11210.505859>) requested data for lock!
[23:42:40] Player ([ADMIN]BLUE, 76561199108250772)(<6795.788086, 16.153437, 11241.387695>) requested data for lock!
[23:42:40] Player ([ADMIN]BLUE, 76561199108250772)(<6826.356934, 17.069685, 11201.375977>) requested data for lock!
[23:42:55] Player (FARRIS, 76561199492177456)(<6833.284180, 20.168362, 11241.022461>) requested data for lock!
[23:42:55] Player (FARRIS, 76561199492177456)(<6800.662598, 17.107737, 11221.558594>) requested data for lock!
[23:42:55] Player (FARRIS, 76561199492177456)(<6832.793945, 17.066170, 11207.883789>) requested data for lock!
[23:42:55] Player (FARRIS, 76561199492177456)(<6825.809570, 17.074102, 11210.505859>) requested data for lock!
[23:42:56] Player (FARRIS, 76561199492177456)(<6795.788086, 16.153437, 11241.387695>) requested data for lock!
[23:42:56] Player (FARRIS, 76561199492177456)(<6826.356934, 17.069685, 11201.375977>) requested data for lock!
[23:49:14] Player (FARRIS, 76561199492177456)(<8478.704102, 16.269562, 10298.427734>) requested data for lock!
[23:49:15] Player ([ADMIN]BLUE, 76561199108250772)(<8478.704102, 16.269562, 10298.427734>) requested data for lock!
