[12-03-2023][00.00.17] New Synch Log File Created!
[12-03-2023][06.00.18] Log file reloaded ( Server Restart )
[07:54:28] Player (Hogfather, 76561198272382401)(<8478.704102, 16.269562, 10298.427734>) requested data for lock!
[08:57:20] Player (alexios, 76561198795695470)(<8478.704102, 16.269562, 10298.427734>) requested data for lock!
[09:12:40] Player (Hogfather, 76561198272382401)(<8478.704102, 16.269562, 10298.427734>) requested data for lock!
[09:43:58] Player ([ADMIN]DrKilledByDeath, 76561199407766611)(<8478.704102, 16.269562, 10298.427734>) requested data for lock!
[10:00:17] Player (Hogfather, 76561198272382401)(<8478.704102, 16.269562, 10298.427734>) requested data for lock!
[10:00:50] Player (alexios, 76561198795695470)(<6825.809570, 17.074102, 11210.505859>) requested data for lock!
[10:00:51] Player (alexios, 76561198795695470)(<6826.356934, 17.069685, 11201.375977>) requested data for lock!
[10:00:51] Player (alexios, 76561198795695470)(<6832.793945, 17.066170, 11207.883789>) requested data for lock!
[10:00:55] Player (alexios, 76561198795695470)(<6833.284180, 20.168362, 11241.022461>) requested data for lock!
[10:01:01] Player (alexios, 76561198795695470)(<6800.662598, 17.107737, 11221.558594>) requested data for lock!
[10:01:05] Player (alexios, 76561198795695470)(<6795.788086, 16.153437, 11241.387695>) requested data for lock!
[10:02:17] Player (Goovis Andachair, 76561198369601190)(<8478.704102, 16.269562, 10298.427734>) requested data for lock!
[10:07:46] Player (Goovis Andachair, 76561198369601190)(<4483.781250, 6.057562, 9999.577148>) requested data for lock!
[10:11:08] Player (Hogfather, 76561198272382401)(<6833.284180, 20.168362, 11241.022461>) requested data for lock!
[10:11:08] Player (Hogfather, 76561198272382401)(<6825.809570, 17.074102, 11210.505859>) requested data for lock!
[10:11:08] Player (Hogfather, 76561198272382401)(<6800.662598, 17.107737, 11221.558594>) requested data for lock!
[10:11:09] Player (Hogfather, 76561198272382401)(<6826.356934, 17.069685, 11201.375977>) requested data for lock!
[10:11:10] Player (Hogfather, 76561198272382401)(<6795.788086, 16.153437, 11241.387695>) requested data for lock!
[10:11:10] Player (Hogfather, 76561198272382401)(<6832.793945, 17.066170, 11207.883789>) requested data for lock!
[10:12:56] Player (Goovis Andachair, 76561198369601190)(<3833.629639, 8.267107, 9234.007813>) requested data for lock!
[10:19:59] Player (Hogfather, 76561198272382401)(<8478.704102, 16.269562, 10298.427734>) requested data for lock!
[10:21:30] Player (Goovis Andachair, 76561198369601190)(<6833.284180, 20.168362, 11241.022461>) requested data for lock!
[10:21:30] Player (Goovis Andachair, 76561198369601190)(<6825.809570, 17.074102, 11210.505859>) requested data for lock!
[10:21:30] Player (Goovis Andachair, 76561198369601190)(<6800.662598, 17.107737, 11221.558594>) requested data for lock!
[10:21:32] Player (Goovis Andachair, 76561198369601190)(<6826.356934, 17.069685, 11201.375977>) requested data for lock!
[10:21:32] Player (Goovis Andachair, 76561198369601190)(<6795.788086, 16.153437, 11241.387695>) requested data for lock!
[10:21:32] Player (Goovis Andachair, 76561198369601190)(<6832.793945, 17.066170, 11207.883789>) requested data for lock!
[10:28:43] Player (TheUnix, 76561197990582557)(<4483.781250, 6.057562, 9999.577148>) requested data for lock!
[10:30:02] Player (Goovis Andachair, 76561198369601190)(<6795.788086, 16.153437, 11241.387695>) requested data for lock!
[10:34:12] Player (Goovis Andachair, 76561198369601190)(<6795.788086, 16.153437, 11241.387695>) requested data for lock!
[10:45:34] Player (Hogfather, 76561198272382401)(<6833.284180, 20.168362, 11241.022461>) requested data for lock!
[10:45:34] Player (Hogfather, 76561198272382401)(<6832.793945, 17.066170, 11207.883789>) requested data for lock!
[10:45:35] Player (Hogfather, 76561198272382401)(<6826.356934, 17.069685, 11201.375977>) requested data for lock!
[10:45:37] Player (Hogfather, 76561198272382401)(<6825.809570, 17.074102, 11210.505859>) requested data for lock!
[10:46:03] Player (Hogfather, 76561198272382401)(<6800.662598, 17.107737, 11221.558594>) requested data for lock!
[10:46:06] Player (Hogfather, 76561198272382401)(<6795.788086, 16.153437, 11241.387695>) requested data for lock!
[12-03-2023][12.00.15] Log file reloaded ( Server Restart )
[15:41:25] Player (Hogfather, 76561198272382401)(<6826.356934, 17.069685, 11201.375977>) requested data for lock!
[15:41:25] Player (Hogfather, 76561198272382401)(<6825.809570, 17.074102, 11210.505859>) requested data for lock!
[15:41:25] Player (Hogfather, 76561198272382401)(<6832.793945, 17.066170, 11207.883789>) requested data for lock!
[15:41:25] Player (Hogfather, 76561198272382401)(<6795.788086, 16.153437, 11241.387695>) requested data for lock!
[15:41:25] Player (Hogfather, 76561198272382401)(<6833.284180, 20.168362, 11241.022461>) requested data for lock!
[15:41:25] Player (Hogfather, 76561198272382401)(<6800.662598, 17.107737, 11221.558594>) requested data for lock!
[16:41:21] Player (Goovis Andachair, 76561198369601190)(<6826.356934, 17.069685, 11201.375977>) requested data for lock!
[16:41:21] Player (Goovis Andachair, 76561198369601190)(<6825.809570, 17.074102, 11210.505859>) requested data for lock!
[16:41:21] Player (Goovis Andachair, 76561198369601190)(<6832.793945, 17.066170, 11207.883789>) requested data for lock!
[16:41:21] Player (Goovis Andachair, 76561198369601190)(<6795.788086, 16.153437, 11241.387695>) requested data for lock!
[16:41:21] Player (Goovis Andachair, 76561198369601190)(<6833.284180, 20.168362, 11241.022461>) requested data for lock!
[16:41:21] Player (Goovis Andachair, 76561198369601190)(<6800.662598, 17.107737, 11221.558594>) requested data for lock!
[17:18:55] Player (Hogfather, 76561198272382401)(<8478.704102, 16.269562, 10298.427734>) requested data for lock!
[12-03-2023][18.00.18] Log file reloaded ( Server Restart )
[18:06:38] Player (Usama, 76561199159656534)(<6832.793945, 17.066170, 11207.883789>) requested data for lock!
[18:06:38] Player (Usama, 76561199159656534)(<6795.788086, 16.153437, 11241.387695>) requested data for lock!
[18:06:38] Player (Usama, 76561199159656534)(<6833.284180, 20.168362, 11241.022461>) requested data for lock!
[18:06:38] Player (Usama, 76561199159656534)(<6826.356934, 17.069685, 11201.375977>) requested data for lock!
[18:06:38] Player (Usama, 76561199159656534)(<6800.662598, 17.107737, 11221.558594>) requested data for lock!
[18:06:38] Player (Usama, 76561199159656534)(<6825.809570, 17.074102, 11210.505859>) requested data for lock!
