[12-02-2023][00.00.16] New Synch Log File Created!
[00:17:35] Player (Bunker, 76561198036774377)(<8478.704102, 16.269562, 10298.427734>) requested data for lock!
[00:19:00] Player (Truffleshuffle69, 76561199521855408)(<6832.793945, 17.066170, 11207.883789>) requested data for lock!
[00:19:00] Player (Truffleshuffle69, 76561199521855408)(<6795.788086, 16.153437, 11241.387695>) requested data for lock!
[00:19:00] Player (Truffleshuffle69, 76561199521855408)(<6825.809570, 17.074102, 11210.505859>) requested data for lock!
[00:19:00] Player (Truffleshuffle69, 76561199521855408)(<6826.356934, 17.069685, 11201.375977>) requested data for lock!
[00:19:00] Player (Truffleshuffle69, 76561199521855408)(<6833.284180, 20.168362, 11241.022461>) requested data for lock!
[00:19:00] Player (Truffleshuffle69, 76561199521855408)(<6800.662598, 17.107737, 11221.558594>) requested data for lock!
[00:19:44] Player (Bunker, 76561198036774377)(<6832.793945, 17.066170, 11207.883789>) requested data for lock!
[00:19:44] Player (Bunker, 76561198036774377)(<6795.788086, 16.153437, 11241.387695>) requested data for lock!
[00:19:45] Player (Bunker, 76561198036774377)(<6825.809570, 17.074102, 11210.505859>) requested data for lock!
[00:19:45] Player (Bunker, 76561198036774377)(<6826.356934, 17.069685, 11201.375977>) requested data for lock!
[00:19:45] Player (Bunker, 76561198036774377)(<6833.284180, 20.168362, 11241.022461>) requested data for lock!
[00:19:45] Player (Bunker, 76561198036774377)(<6800.662598, 17.107737, 11221.558594>) requested data for lock!
[00:25:53] Player (Bunker, 76561198036774377)(<8478.704102, 16.269562, 10298.427734>) requested data for lock!
[00:29:24] Player (Truffleshuffle69, 76561199521855408)(<8478.704102, 16.269562, 10298.427734>) requested data for lock!
[01:10:32] Player (Bunker, 76561198036774377)(<8478.704102, 16.269562, 10298.427734>) requested data for lock!
[12-02-2023][06.00.19] Log file reloaded ( Server Restart )
[12-02-2023][12.00.19] Log file reloaded ( Server Restart )
[15:59:28] Player (Katyusha, 76561198931121185)(<8478.704102, 16.269562, 10298.427734>) requested data for lock!
[16:02:18] Player (Katyusha, 76561198931121185)(<6826.356934, 17.069685, 11201.375977>) requested data for lock!
[16:02:20] Player (Katyusha, 76561198931121185)(<6832.793945, 17.066170, 11207.883789>) requested data for lock!
[16:02:20] Player (Katyusha, 76561198931121185)(<6825.809570, 17.074102, 11210.505859>) requested data for lock!
[16:02:24] Player (Katyusha, 76561198931121185)(<6800.662598, 17.107737, 11221.558594>) requested data for lock!
[16:02:27] Player (Katyusha, 76561198931121185)(<6833.284180, 20.168362, 11241.022461>) requested data for lock!
[16:02:35] Player (Katyusha, 76561198931121185)(<6795.788086, 16.153437, 11241.387695>) requested data for lock!
[16:06:16] Player (Katyusha, 76561198931121185)(<8478.704102, 16.269562, 10298.427734>) requested data for lock!
[12-02-2023][18.00.17] Log file reloaded ( Server Restart )
[19:05:32] Player ([ADMIN]DrKilledByDeath, 76561199407766611)(<8478.704102, 16.269562, 10298.427734>) requested data for lock!
