[10-22-2023][00.00.28] New Access Log File Created!
[10-22-2023][00.10.49] Log file reloaded ( Server Restart )
[10-22-2023][00.20.13] Log file reloaded ( Server Restart )
[10-22-2023][00.20.48] Log file reloaded ( Server Restart )
[10-22-2023][00.23.17] Log file reloaded ( Server Restart )
[10-22-2023][00.29.18] Log file reloaded ( Server Restart )
[10-22-2023][00.35.54] Log file reloaded ( Server Restart )
[00:55:55] Player ([ADMIN]BLUE, 76561199108250772)(<4488.188477, 5.901152, 10003.500977>) set a new passcode on lock!
[00:55:55] Player ([ADMIN]BLUE, 76561199108250772)(<4488.188477, 5.901152, 10003.500977>) claimed ownership of a lock!
[10-22-2023][00.57.48] Log file reloaded ( Server Restart )
[01:05:03] Player ([ADMIN]BLUE, 76561199108250772)(<4488.188477, 5.901152, 10003.500977>) quick accessed a lock!
[10-22-2023][01.06.02] Log file reloaded ( Server Restart )
[10-22-2023][01.08.31] Log file reloaded ( Server Restart )
[01:15:14] Player ([ADMIN]BLUE, 76561199108250772)(<4488.188477, 5.901152, 10003.500977>) quick accessed a lock!
[01:22:41] Player ([ADMIN]BLUE, 76561199108250772)(<4488.188477, 5.901152, 10003.500977>) quick accessed a lock!
[10-22-2023][01.27.00] Log file reloaded ( Server Restart )
[01:31:13] Player ([ADMIN]BLUE, 76561199108250772)(<4488.188477, 5.901152, 10003.500977>) quick accessed a lock!
[10-22-2023][01.44.16] Log file reloaded ( Server Restart )
[01:48:49] Player ([ADMIN]BLUE, 76561199108250772)(<4483.781250, 6.057562, 9999.577148>) set a new passcode on lock!
[01:48:49] Player ([ADMIN]BLUE, 76561199108250772)(<4483.781250, 6.057562, 9999.577148>) claimed ownership of a lock!
[01:49:28] Player ([ADMIN]BLUE, 76561199108250772)(<4483.781250, 6.057562, 9999.577148>) quick accessed a lock!
[01:50:20] Player ([ADMIN]BLUE, 76561199108250772)(<4483.781250, 6.057562, 9999.577148>) quick accessed a lock!
[01:52:33] Player ([ADMIN]BLUE, 76561199108250772)(<4483.781250, 6.057562, 9999.577148>) quick accessed a lock!
[02:00:11] Player ([ADMIN]BLUE, 76561199108250772)(<4483.781250, 6.057562, 9999.577148>) quick accessed a lock!
[02:53:48] Player ([ADMIN]BLUE, 76561199108250772)(<4483.781250, 6.057562, 9999.577148>) quick accessed a lock!
[10-22-2023][03.52.12] Log file reloaded ( Server Restart )
[10-22-2023][04.01.15] Log file reloaded ( Server Restart )
[10-22-2023][04.05.12] Log file reloaded ( Server Restart )
[10-22-2023][04.10.32] Log file reloaded ( Server Restart )
[10-22-2023][04.50.58] Log file reloaded ( Server Restart )
[10-22-2023][05.16.21] Log file reloaded ( Server Restart )
[10-22-2023][05.23.17] Log file reloaded ( Server Restart )
[10-22-2023][05.42.43] Log file reloaded ( Server Restart )
[10-22-2023][05.53.45] Log file reloaded ( Server Restart )
[10-22-2023][07.07.16] Log file reloaded ( Server Restart )
[10-22-2023][07.07.57] Log file reloaded ( Server Restart )
[10-22-2023][07.13.31] Log file reloaded ( Server Restart )
[10-22-2023][07.14.20] Log file reloaded ( Server Restart )
[10-22-2023][07.20.40] Log file reloaded ( Server Restart )
[10-22-2023][07.30.16] Log file reloaded ( Server Restart )
[10-22-2023][09.29.31] Log file reloaded ( Server Restart )
[10-22-2023][10.31.31] Log file reloaded ( Server Restart )
[10-22-2023][10.35.21] Log file reloaded ( Server Restart )
[10-22-2023][10.55.49] Log file reloaded ( Server Restart )
[10-22-2023][11.06.49] Log file reloaded ( Server Restart )
[10-22-2023][11.13.30] Log file reloaded ( Server Restart )
[10-22-2023][11.15.46] Log file reloaded ( Server Restart )
[10-22-2023][11.24.49] Log file reloaded ( Server Restart )
[10-22-2023][11.25.21] Log file reloaded ( Server Restart )
[10-22-2023][11.25.54] Log file reloaded ( Server Restart )
[10-22-2023][11.28.12] Log file reloaded ( Server Restart )
[10-22-2023][11.29.33] Log file reloaded ( Server Restart )
[10-22-2023][11.36.22] Log file reloaded ( Server Restart )
[10-22-2023][11.38.03] Log file reloaded ( Server Restart )
[11:44:53] Player ([ADMIN]BLUE, 76561199108250772)(<4483.781250, 6.057562, 9999.577148>) quick accessed a lock!
[11:47:06] Player ([ADMIN]BLUE, 76561199108250772)(<4483.781250, 6.057562, 9999.577148>) quick accessed a lock!
[10-22-2023][12.00.18] Log file reloaded ( Server Restart )
[10-22-2023][12.08.21] Log file reloaded ( Server Restart )
[10-22-2023][13.09.08] Log file reloaded ( Server Restart )
[10-22-2023][13.53.26] Log file reloaded ( Server Restart )
[10-22-2023][14.57.43] Log file reloaded ( Server Restart )
[10-22-2023][14.59.58] Log file reloaded ( Server Restart )
[10-22-2023][18.00.18] Log file reloaded ( Server Restart )
