[12-08-2023][00.00.17] New Access Log File Created!
[12-08-2023][06.00.19] Log file reloaded ( Server Restart )
[11:47:28] Player (Goovis Andachair, 76561198369601190)(<6733.933105, 38.700272, 11385.067383>) quick accessed a lock!
[11:47:41] Player (Goovis Andachair, 76561198369601190)(<6734.792969, 45.499249, 11375.787109>) quick accessed a lock!
[11:48:08] Player (Goovis Andachair, 76561198369601190)(<6733.289551, 52.300747, 11385.131836>) set a new passcode on lock!
[11:48:08] Player (Goovis Andachair, 76561198369601190)(<6733.289551, 52.300747, 11385.131836>) claimed ownership of a lock!
[11:48:09] Player (Goovis Andachair, 76561198369601190)(<6733.289551, 52.300747, 11385.131836>) quick accessed a lock!
[11:50:12] Player (Goovis Andachair, 76561198369601190)(<6733.289551, 52.300747, 11385.131836>) quick accessed a lock!
[11:51:07] Player (Goovis Andachair, 76561198369601190)(<6734.792969, 45.499249, 11375.787109>) quick accessed a lock!
[11:51:54] Player (Goovis Andachair, 76561198369601190)(<6733.933105, 38.700272, 11385.067383>) quick accessed a lock!
[11:52:39] Player (Goovis Andachair, 76561198369601190)(<6733.933105, 38.700272, 11385.067383>) quick accessed a lock!
[11:53:04] Player (Goovis Andachair, 76561198369601190)(<6734.792969, 45.499249, 11375.787109>) quick accessed a lock!
[11:53:23] Player (Goovis Andachair, 76561198369601190)(<6733.289551, 52.300747, 11385.131836>) quick accessed a lock!
[11:55:06] Player (Goovis Andachair, 76561198369601190)(<6733.289551, 52.300747, 11385.131836>) quick accessed a lock!
[12-08-2023][12.00.17] Log file reloaded ( Server Restart )
[13:22:08] Player (Goovis Andachair, 76561198369601190)(<6734.808105, 35.299297, 11375.157227>) quick accessed a lock!
[13:22:59] Player (Goovis Andachair, 76561198369601190)(<6734.792969, 45.499249, 11375.787109>) quick accessed a lock!
[13:29:20] Player (Goovis Andachair, 76561198369601190)(<6733.289551, 52.300747, 11385.131836>) quick accessed a lock!
[13:29:22] Player (Goovis Andachair, 76561198369601190)(<6733.289551, 52.300747, 11385.131836>) quick accessed a lock!
[13:31:09] Player (Goovis Andachair, 76561198369601190)(<6733.289551, 52.300747, 11385.131836>) quick accessed a lock!
[12-08-2023][18.00.17] Log file reloaded ( Server Restart )
[19:44:14] Player (Goovis Andachair, 76561198369601190)(<6733.289551, 52.300747, 11385.131836>) quick accessed a lock!
[19:44:22] Player (Goovis Andachair, 76561198369601190)(<6733.289551, 52.300747, 11385.131836>) quick accessed a lock!
[19:44:41] Player (Goovis Andachair, 76561198369601190)(<6733.289551, 52.300747, 11385.131836>) quick accessed a lock!
[19:45:27] Player (Goovis Andachair, 76561198369601190)(<6733.289551, 52.300747, 11385.131836>) quick accessed a lock!
[19:47:06] Player (Goovis Andachair, 76561198369601190)(<6733.289551, 52.300747, 11385.131836>) quick accessed a lock!
