[12-06-2023][00.00.18] New Access Log File Created!
[12-06-2023][06.00.18] Log file reloaded ( Server Restart )
[09:25:53] Player (Goovis Andachair, 76561198369601190)(<6734.792969, 45.499249, 11375.787109>) set a new passcode on lock!
[09:25:53] Player (Goovis Andachair, 76561198369601190)(<6734.792969, 45.499249, 11375.787109>) claimed ownership of a lock!
[09:25:54] Player (Goovis Andachair, 76561198369601190)(<6734.792969, 45.499249, 11375.787109>) quick accessed a lock!
[09:26:23] Player (Goovis Andachair, 76561198369601190)(<6734.808105, 35.299297, 11375.157227>) quick accessed a lock!
[12-06-2023][12.00.16] Log file reloaded ( Server Restart )
[14:43:38] Player (Goovis Andachair, 76561198369601190)(<6734.808105, 35.299297, 11375.157227>) quick accessed a lock!
[14:44:05] Player (Goovis Andachair, 76561198369601190)(<6733.933105, 38.700272, 11385.067383>) quick accessed a lock!
[14:44:21] Player (Goovis Andachair, 76561198369601190)(<6733.933105, 38.700272, 11385.067383>) quick accessed a lock!
[14:45:02] Player (Goovis Andachair, 76561198369601190)(<6734.792969, 45.499249, 11375.787109>) quick accessed a lock!
[14:54:01] Player (Goovis Andachair, 76561198369601190)(<6734.808105, 35.299297, 11375.157227>) quick accessed a lock!
[15:03:06] Player (Goovis Andachair, 76561198369601190)(<6734.808105, 35.299297, 11375.157227>) quick accessed a lock!
[15:03:20] Player (Goovis Andachair, 76561198369601190)(<6733.933105, 38.700272, 11385.067383>) quick accessed a lock!
[15:03:23] Player (Goovis Andachair, 76561198369601190)(<6733.933105, 38.700272, 11385.067383>) quick accessed a lock!
[15:03:32] Player (Goovis Andachair, 76561198369601190)(<6733.933105, 38.700272, 11385.067383>) quick accessed a lock!
[15:04:13] Player (Goovis Andachair, 76561198369601190)(<6734.792969, 45.499249, 11375.787109>) quick accessed a lock!
[12-06-2023][18.00.17] Log file reloaded ( Server Restart )
[19:53:36] Player (Goovis Andachair, 76561198369601190)(<6734.808105, 35.299297, 11375.157227>) quick accessed a lock!
[19:54:27] Player (Goovis Andachair, 76561198369601190)(<6734.792969, 45.499249, 11375.787109>) quick accessed a lock!
[20:24:32] Player (Goovis Andachair, 76561198369601190)(<6734.792969, 45.499249, 11375.787109>) quick accessed a lock!
[20:24:38] Player (Goovis Andachair, 76561198369601190)(<6734.792969, 45.499249, 11375.787109>) quick accessed a lock!
[20:25:18] Player (Goovis Andachair, 76561198369601190)(<6733.933105, 38.700272, 11385.067383>) quick accessed a lock!
[20:25:22] Player (Goovis Andachair, 76561198369601190)(<6733.933105, 38.700272, 11385.067383>) quick accessed a lock!
[20:25:53] Player (Goovis Andachair, 76561198369601190)(<6734.808105, 35.299297, 11375.157227>) quick accessed a lock!
[20:43:56] Player (Goovis Andachair, 76561198369601190)(<6734.808105, 35.299297, 11375.157227>) quick accessed a lock!
[20:44:05] Player (Goovis Andachair, 76561198369601190)(<6733.933105, 38.700272, 11385.067383>) quick accessed a lock!
[20:44:24] Player (Goovis Andachair, 76561198369601190)(<6733.933105, 38.700272, 11385.067383>) quick accessed a lock!
[21:08:04] Player (Goovis Andachair, 76561198369601190)(<6733.933105, 38.700272, 11385.067383>) quick accessed a lock!
[21:09:36] Player (Goovis Andachair, 76561198369601190)(<6733.933105, 38.700272, 11385.067383>) quick accessed a lock!
[21:13:12] Player (Goovis Andachair, 76561198369601190)(<6733.933105, 38.700272, 11385.067383>) quick accessed a lock!
[22:18:52] Player (Goovis Andachair, 76561198369601190)(<6734.808105, 35.299297, 11375.157227>) quick accessed a lock!
[22:19:44] Player (Goovis Andachair, 76561198369601190)(<6734.792969, 45.499249, 11375.787109>) quick accessed a lock!
