---------------------------------------------
Log C:\Users\rylic\Documents\Namalsk-PvP\servers\Production\profiles\script_2024-01-09_06-00-13.log started at 09.01. 06:00:13

SCRIPT       : Registered 336 temporary action enum(s), UAN==336
SCRIPT    (W): @"GameLabs/Scripts/3_Game/API/*бхоЦотц.ogg,265": Possible variable name conflict 'player'
SCRIPT    (W): @"GameLabs/Scripts/3_Game/API/*бхоЦотц.ogg,265": Possible variable name conflict 'murderer'
SCRIPT    (W): @"GameLabs/Scripts/3_Game/API/*бхоЦотц.ogg,265": Possible variable name conflict 'weapon'
SCRIPT    (W): @"GameLabs/Scripts/3_Game/API/*бхоЦотц.ogg,265": Possible variable name conflict 'weaponNiceName'
SCRIPT    (W): @"GameLabs/Scripts/3_Game/API/*бхоЦотц.ogg,154": Possible variable name conflict 'initial'
SCRIPT    (W): @"GameLabs/Scripts/3_Game/API/*бхоЦотц.ogg,154": Possible variable name conflict 'interval'
SCRIPT    (W): @"GameLabs/Scripts/3_Game/API/*бхоЦотц.ogg,154": Possible variable name conflict 'added'
SCRIPT    (W): @"GameLabs/Scripts/3_Game/API/*бхоЦотц.ogg,154": Possible variable name conflict 'removed'
SCRIPT    (W): @"GameLabs/Scripts/3_Game/API/*бхоЦотц.ogg,243": Possible variable name conflict 'initial'
SCRIPT    (W): @"GameLabs/Scripts/3_Game/API/*бхоЦотц.ogg,243": Possible variable name conflict 'interval'
SCRIPT    (W): @"GameLabs/Scripts/3_Game/API/*бхоЦотц.ogg,243": Possible variable name conflict 'updated'
SCRIPT    (W): @"GameLabs/Scripts/3_Game/?їкЮСч.rvmat,29": Possible variable name conflict 'modId'
SCRIPT    (W): @"GameLabs/Scripts/3_Game/?їкЮСч.rvmat,29": Possible variable name conflict 'key'
SCRIPT    (W): @"GameLabs/Scripts/3_Game/Эџрѓљ?зјѐ.ogg,207": Possible variable name conflict 'status'
SCRIPT    (W): @"GameLabs/Scripts/3_Game/3_Hooking/оі?Унёџ.p3d,8": Possible variable name conflict 'uid'
SCRIPT    (W): @"GameLabs/Scripts/3_Game/3_Hooking/оі?Унёџ.p3d,8": Possible variable name conflict 'sessionKey'
SCRIPT    (W): @"GameLabs/Scripts/3_Game/3_Hooking/оі?Унёџ.p3d,8": Possible variable name conflict 'host'
SCRIPT    (W): @"GameLabs/Scripts/3_Game/3_Hooking/оі?Унёџ.p3d,8": Possible variable name conflict 'port'
SCRIPT    (W): @"GameLabs/Scripts/3_Game/?їкЮСч.rvmat,15": Possible variable name conflict 'modId'
SCRIPT    (W): @"GameLabs/Scripts/3_Game/?їкЮСч.rvmat,15": Possible variable name conflict 'key'
SCRIPT    (W): @"GameLabs/Scripts/3_Game/?їкЮСч.rvmat,15": Possible variable name conflict 'value'
SCRIPT    (W): @"GameLabs/Scripts/3_Game/Эџрѓљ?зјѐ.ogg,226": Possible variable name conflict 'responseType'
SCRIPT    (W): @"GameLabs/Scripts/3_Game/Эџрѓљ?зјѐ.ogg,226": Possible variable name conflict 'webhookUrl'
SCRIPT    (W): @"GameLabs/Scripts/3_Game/Эџрѓљ?зјѐ.ogg,264": Possible variable name conflict 'object'
SCRIPT    (W): @"GameLabs/Scripts/3_Game/API/*бхоЦотц.ogg,443": Possible variable name conflict 'operation'
SCRIPT    (W): @"GameLabs/Scripts/3_Game/API/*бхоЦотц.ogg,443": Possible variable name conflict 'key'
SCRIPT    (W): @"GameLabs/Scripts/3_Game/API/*бхоЦотц.ogg,443": Possible variable name conflict 'value'
SCRIPT    (W): @"GameLabs/Scripts/3_Game/API/*бхоЦотц.ogg,443": Possible variable name conflict 'expires'
SCRIPT    (W): @"GameLabs/Scripts/3_Game/ЫђЩюђт?ќ.wsi,75": Possible variable name conflict 'debugEnabled'
SCRIPT    (W): @"GameLabs/Scripts/3_Game/Эџрѓљ?зјѐ.ogg,26": Possible variable name conflict '_reference'
SCRIPT    (W): @"GameLabs/Scripts/3_Game/API/*бхоЦотц.ogg,346": Possible variable name conflict 'player'
SCRIPT    (W): @"GameLabs/Scripts/3_Game/API/*бхоЦотц.ogg,346": Possible variable name conflict 'channel'
SCRIPT    (W): @"GameLabs/Scripts/3_Game/API/*бхоЦотц.ogg,346": Possible variable name conflict 'message'
SCRIPT    (W): @"GameLabs/Scripts/3_Game/API/*бхоЦотц.ogg,398": Possible variable name conflict 'items'
SCRIPT    (W): @"GameLabs/Scripts/3_Game/API/*бхоЦотц.ogg,362": Possible variable name conflict 'steam64'
SCRIPT    (W): @"GameLabs/Scripts/3_Game/API/*бхоЦотц.ogg,362": Possible variable name conflict 'position'
SCRIPT    (W): @"GameLabs/Scripts/3_Game/Эџрѓљ?зјѐ.ogg,107": Possible variable name conflict 'displayName'
SCRIPT    (W): @"GameLabs/Scripts/3_Game/Эџрѓљ?зјѐ.ogg,107": Possible variable name conflict 'description'
SCRIPT    (W): @"GameLabs/Scripts/3_Game/Эџрѓљ?зјѐ.ogg,107": Possible variable name conflict 'dataType'
SCRIPT    (W): @"GameLabs/Scripts/3_Game/API/*ѝъдЮђШХыїХ.p3d,62": Possible variable name conflict 'serverId'
SCRIPT    (W): @"GameLabs/Scripts/3_Game/API/*ѝъдЮђШХыїХ.p3d,62": Possible variable name conflict 'apiKey'
SCRIPT    (W): @"GameLabs/Scripts/3_Game/API/*ѝъдЮђШХыїХ.p3d,62": Possible variable name conflict 'baseUrl'
SCRIPT    (W): @"GameLabs/Scripts/3_Game/API/*ѝъдЮђШХыїХ.p3d,62": Possible variable name conflict 'storeUrl'
SCRIPT    (W): @"GameLabs/Scripts/3_Game/API/*ѝъдЮђШХыїХ.p3d,81": Possible variable name conflict 'authKey'
SCRIPT    (W): @"GameLabs/Scripts/3_Game/?їкЮСч.rvmat,61": Possible variable name conflict 'modId'
SCRIPT    (W): @"GameLabs/Scripts/3_Game/?їкЮСч.rvmat,61": Possible variable name conflict 'key'
SCRIPT    (W): @"GameLabs/Scripts/3_Game/?їкЮСч.rvmat,61": Possible variable name conflict 'value'
SCRIPT    (W): @"GameLabs/Scripts/3_Game/API/*бхоЦотц.ogg,512": Possible variable name conflict 'content'
SCRIPT    (W): @"GameLabs/Scripts/3_Game/?їкЮСч.rvmat,46": Possible variable name conflict 'modId'
SCRIPT    (W): @"GameLabs/Scripts/3_Game/?їкЮСч.rvmat,46": Possible variable name conflict 'key'
SCRIPT    (W): @"GameLabs/Scripts/3_Game/?їкЮСч.rvmat,46": Possible variable name conflict 'value'
SCRIPT    (W): @"GameLabs/Scripts/3_Game/API/*бхоЦотц.ogg,199": Possible variable name conflict 'initial'
SCRIPT    (W): @"GameLabs/Scripts/3_Game/API/*бхоЦотц.ogg,199": Possible variable name conflict 'interval'
SCRIPT    (W): @"GameLabs/Scripts/3_Game/API/*бхоЦотц.ogg,199": Possible variable name conflict 'added'
SCRIPT    (W): @"GameLabs/Scripts/3_Game/API/*бхоЦотц.ogg,199": Possible variable name conflict 'updated'
SCRIPT    (W): @"GameLabs/Scripts/3_Game/API/*бхоЦотц.ogg,199": Possible variable name conflict 'removed'
SCRIPT    (W): @"GameLabs/Scripts/3_Game/Эџрѓљ?зјѐ.ogg,5": Possible variable name conflict '_reference'
SCRIPT    (W): @"GameLabs/Scripts/3_Game/?їкЮСч.rvmat,77": Possible variable name conflict 'modId'
SCRIPT    (W): @"GameLabs/Scripts/3_Game/API/*ѝъдЮђШХыїХ.p3d,10": Possible variable name conflict 'status'
SCRIPT    (W): @"GameLabs/Scripts/3_Game/API/*ѝъдЮђШХыїХ.p3d,10": Possible variable name conflict 'error'
SCRIPT    (W): @"GameLabs/Scripts/3_Game/API/*бхоЦотц.ogg,313": Possible variable name conflict 'player'
SCRIPT    (W): @"GameLabs/Scripts/3_Game/API/*бхоЦотц.ogg,313": Possible variable name conflict 'item'
SCRIPT    (W): @"GameLabs/Scripts/3_Game/API/*бхоЦотц.ogg,313": Possible variable name conflict 'target'
SCRIPT    (W): @"GameLabs/Scripts/3_Game/API/*бхоЦотц.ogg,313": Possible variable name conflict 'action'
SCRIPT    (W): @"GameLabs/Scripts/3_Game/API/*бхоЦотц.ogg,41": Possible variable name conflict 'serverId'
SCRIPT    (W): @"GameLabs/Scripts/3_Game/API/*бхоЦотц.ogg,41": Possible variable name conflict 'apiKey'
SCRIPT    (W): @"GameLabs/Scripts/3_Game/API/*бхоЦотц.ogg,41": Possible variable name conflict 'flagReauth'
SCRIPT    (W): @"GameLabs/Scripts/3_Game/Эџрѓљ?зјѐ.ogg,47": Possible variable name conflict 'className'
SCRIPT    (W): @"GameLabs/Scripts/3_Game/Эџрѓљ?зјѐ.ogg,47": Possible variable name conflict 'icon'
SCRIPT    (W): @"GameLabs/Scripts/3_Game/Эџрѓљ?зјѐ.ogg,47": Possible variable name conflict '_reference'
SCRIPT    (W): @"GameLabs/Scripts/3_Game/API/*бхоЦотц.ogg,420": Possible variable name conflict 'operation'
SCRIPT    (W): @"GameLabs/Scripts/3_Game/API/*бхоЦотц.ogg,420": Possible variable name conflict 'key'
SCRIPT    (W): @"GameLabs/Scripts/3_Game/API/*бхоЦотц.ogg,420": Possible variable name conflict 'value'
SCRIPT    (W): @"GameLabs/Scripts/3_Game/API/*бхоЦотц.ogg,420": Possible variable name conflict 'expires'
SCRIPT    (W): @"Notifications/scripts/3_Game/client\notifications\notificationui.c,13": FIX-ME: Overriding function 'AddNotification' but not marked as 'override'
SCRIPT    (W): @"Notifications/scripts/3_Game/client\notifications\notificationui.c,46": FIX-ME: Overriding function 'UpdateTargetHeight' but not marked as 'override'
SCRIPT    (W): @"Notifications/scripts/3_Game/client\notifications\notificationui.c,81": FIX-ME: Overriding function 'RemoveNotification' but not marked as 'override'
SCRIPT    (W): @"GameLabs/Scripts/3_Game/API/*бхоЦотц.ogg,390": Possible variable name conflict 'className'
SCRIPT    (W): @"GameLabs/Scripts/3_Game/API/*бхоЦотц.ogg,390": Possible variable name conflict 'displayName'
SCRIPT    (W): @"GameLabs/Scripts/3_Game/API/*бхоЦотц.ogg,289": Possible variable name conflict 'player'
SCRIPT    (W): @"GameLabs/Scripts/3_Game/API/*бхоЦотц.ogg,289": Possible variable name conflict 'murderer'
SCRIPT    (W): @"GameLabs/Scripts/3_Game/API/*бхоЦотц.ogg,289": Possible variable name conflict 'weapon'
SCRIPT    (W): @"GameLabs/Scripts/3_Game/API/*бхоЦотц.ogg,289": Possible variable name conflict 'damage'
SCRIPT    (W): @"GameLabs/Scripts/3_Game/API/*бхоЦотц.ogg,289": Possible variable name conflict 'zone'
SCRIPT    (W): @"GameLabs/Scripts/3_Game/ёТђ?жЬѐЪТсР.wsi,11": Possible variable name conflict 'modIdentifier'
SCRIPT    (W): @"GameLabs/Scripts/3_Game/ёТђ?жЬѐЪТсР.wsi,11": Possible variable name conflict 'allowDebug'
SCRIPT    (W): @"GameLabs/Scripts/3_Game/ёТђ?жЬѐЪТсР.wsi,11": Possible variable name conflict 'logrotate'
SCRIPT    (W): @"GameLabs/Scripts/3_Game/ёТђ?жЬѐЪТсР.wsi,20": Possible variable name conflict 'allowDebug'
SCRIPT    (W): @"GameLabs/Scripts/3_Game/API/*бхоЦотц.ogg,330": Possible variable name conflict 'player'
SCRIPT    (W): @"GameLabs/Scripts/3_Game/API/*бхоЦотц.ogg,330": Possible variable name conflict 'item'
SCRIPT    (W): @"GameLabs/Scripts/3_Game/Эџрѓљ?зјѐ.ogg,64": Possible variable name conflict 'contextType'
SCRIPT    (W): @"GameLabs/Scripts/3_Game/Эџрѓљ?зјѐ.ogg,64": Possible variable name conflict 'referencedObject'
SCRIPT    (W): @"GameLabs/Scripts/3_Game/Эџрѓљ?зјѐ.ogg,64": Possible variable name conflict 'parameters'
SCRIPT    (W): @"GameLabs/Scripts/3_Game/Эџрѓљ?зјѐ.ogg,75": Unsafe down-casting, use 'Object.Cast' for safe down-casting
SCRIPT       : ... Backlit Effects Enabled
SCRIPT       : DZM_Projects Map! by DaOne
SCRIPT    (W): @"Airdrop-Upgraded/Scripts/4_World/entities\airdropcontainer.c,214": Missing ';' at the end of line
SCRIPT    (W): @"Airdrop-Upgraded/Scripts/4_World/entities\airdropcontainer.c,409": Missing ';' at the end of line
SCRIPT    (W): @"GameLabs/Scripts/4_World/4_Hooking/ЦЮљ?їЮТзЪ.jpg,261": Missing ';' at the end of line
SCRIPT    (W): @"ModularVestSystem/scripts/4_World/mvs_taco.c,19": Missing ';' at the end of line
SCRIPT    (E): @"scripts/4_World/entities\firearms\weapon_base.c,696": Variable 'weaponType' is private
SCRIPT    (W): @"czzzz_DzrNotesScripts/4_World/entities\itembase\paper.c,63": FIX-ME: Overriding function 'Result' but not marked as 'override'
SCRIPT    (W): @"PVEZ/4_World/pvez_adminconsolegui.c,760": Possible variable name conflict 'selectedZone'
SCRIPT    (W): @"PVEZ/4_World/pvez_adminconsolegui.c,825": Possible variable name conflict 'selectedLawbreaker'
SCRIPT    (W): @"GameLabs/Scripts/4_World/4_Hooking/?эшѕљнюѕѐў.rvmat,33": Possible variable name conflict '_registeredInstance'
SCRIPT    (W): @"czzzz_DzrNotesScripts/4_World/classes\useractionscomponent\actions\singleuse\actionwritepaper.c,3": FIX-ME: Overriding function 'ActionCondition' but not marked as 'override'
SCRIPT    (W): @"CodeLock/scripts/4_world/gui\setcodemenu.c,31": FIX-ME: Overriding function 'CheckState' but not marked as 'override'
SCRIPT    (W): @"czzzz_DzrNotesScripts/4_World/classes\writtennotedata.c,37": FIX-ME: Overriding function 'OnRPC' but not marked as 'override'
SCRIPT    (W): @"czzzz_DzrNotesScripts/4_World/classes\writtennotedata.c,142": FIX-ME: Overriding function 'InitNoteInfo' but not marked as 'override'
SCRIPT    (W): @"czzzz_DzrNotesScripts/4_World/classes\writtennotedata.c,149": FIX-ME: Overriding function 'GetNoteInfo' but not marked as 'override'
SCRIPT    (W): @"czzzz_DzrNotesScripts/4_World/classes\writtennotedata.c,157": FIX-ME: Overriding function 'GetNoteText' but not marked as 'override'
SCRIPT    (W): @"czzzz_DzrNotesScripts/4_World/classes\writtennotedata.c,163": FIX-ME: Overriding function 'SetNoteText' but not marked as 'override'
SCRIPT    (W): @"czzzz_DzrNotesScripts/4_World/classes\writtennotedata.c,169": FIX-ME: Overriding function 'DepleteWritingImplement' but not marked as 'override'
SCRIPT    (W): @"czzzz_DzrNotesScripts/4_World/entities\itembase\paper.c,38": FIX-ME: Overriding function 'IsReadOnly' but not marked as 'override'
SCRIPT    (W): @"czzzz_DzrNotesScripts/4_World/entities\itembase\paper.c,43": FIX-ME: Overriding function 'Result' but not marked as 'override'
SCRIPT    (W): @"CodeLock/scripts/4_world/gui\guestcodemenu.c,29": FIX-ME: Overriding function 'SendRPC' but not marked as 'override'
SCRIPT    (W): @"GameLabs/Scripts/4_World/4_Hooking/лђШ?зы.rvmat,2": FIX-ME: Overriding function 'OnContinouousAction' but not marked as 'override'
SCRIPT    (W): @"GameLabs/Scripts/4_World/4_Hooking/лђШ?зы.rvmat,42": FIX-ME: Overriding function 'OnPlacementComplete' but not marked as 'override'
SCRIPT    (W): @"czzzz_DzrNotesScripts/4_World/entities\itembase\paper.c,53": FIX-ME: Overriding function 'Result' but not marked as 'override'
SCRIPT    (W): @"czzzz_DzrNotesScripts/4_World/entities\itembase\paper.c,73": FIX-ME: Overriding function 'Result' but not marked as 'override'
SCRIPT    (W): @"CodeLock/scripts/4_world/gui\claimcodemenu.c,27": FIX-ME: Overriding function 'SendRPC' but not marked as 'override'
SCRIPT    (W): @"CodeLock/scripts/4_world/gui\entercodemenu.c,37": FIX-ME: Overriding function 'SendRPC' but not marked as 'override'
SCRIPT    (W): @"Airdrop-Upgraded/Scripts/4_World/entities\airdropplane.c,111": Possible variable name conflict 'm_Dist'
SCRIPT    (W): @"Airdrop-Upgraded/Scripts/4_World/entities\airdropplane.c,193": Possible variable name conflict 'm_Dist'
SCRIPT    (W): @"Airdrop-Upgraded/Scripts/4_World/entities\airdropcontainer.c,122": No need to use 'Cast' for up-casting
SCRIPT    (W): @"CodeLock/scripts/4_world/actions\continuous\actiondestroycodelockontent.c,73": Possible variable name conflict '_Health'
SCRIPT    (W): @"CodeLock/scripts/4_world/actions\continuous\actiondestroycodelockonfence.c,67": Possible variable name conflict '_Health'
SCRIPT    (W): @"GameLabs/Scripts/4_World/4_Hooking/япчЫѝы?б.jpg,288": No need to use 'Cast' for up-casting
SCRIPT    (W): @"GameLabs/Scripts/4_World/4_Hooking/ЦЮљ?їЮТзЪ.jpg,74": Possible variable name conflict 'deviation'
SCRIPT    (W): @"PVEZ/4_World/entities\manbase\playerbase.c,182": No need to use 'Cast' for up-casting
SCRIPT    (W): @"GearPDA/scripts/4_World/plugins\pluginbase\pluginlogicpda.c,137": No need to use 'Cast' for up-casting
SCRIPT       : ::: [BuildAnywhere_v3]: ver: 3.4.26.07.2021.1 Init
SCRIPT       : ::: [BuildAnywhere_v3]: Load config: $profile:BuildAnywhere.json
SCRIPT       : ::: [BuildAnywhere_v3]: Loaded: TENT_CAN_PLACE_ANYWHERE_MODE: 0 - Ok!
SCRIPT       : ::: [BuildAnywhere_v3]: TENT_CAN_PLACE_ANYWHERE_MODE: 0
SCRIPT       : ::: [BuildAnywhere_v3]: PLACEMENT_HEIGHT_DIFF_MAX:    1.64
SCRIPT       : ::: [BuildAnywhere_v3]: PLACEMENT_HEIGHT_DIFF_MIN:    -1.24
SCRIPT       : ::: [BuildAnywhere_v3]: PLACEMENT_PITCH_LIMIT_FACTOR: 2.5
SCRIPT       : ::: [BuildAnywhere_v3]: PLACEMENT_ROLL_LIMIT_FACTOR:  2.5
SCRIPT    (W): @"JM/COT/Scripts/5_Mission/communityonlinetools\modules\object\jmobjectspawnermodule.c,635": Missing ';' at the end of line
SCRIPT    (W): @"JM/COT/Scripts/5_Mission/communityonlinetools\modules\object\jmobjectspawnermodule.c,637": Missing ';' at the end of line
SCRIPT    (W): @"GameLabs/Scripts/5_Mission/вХіт?юЮюде.jpg,80": Possible variable name conflict 'gamesession_id'
SCRIPT    (W): @"KOTH/Scripts/5_Mission/koth_event.c,117": No need to use 'Cast' for up-casting
SCRIPT    (W): @"ServerPanel/scripts/5_Mission/gui\serverpanelmenu.c,338": FIX-ME: Undefined function 'DayZGame.GetMousePos'
SCRIPT       : [AirdropSafezones] Settings classes created.
SCRIPT       : [AirdropSafezones.Load] Safezones file loaded & resaved.
SCRIPT       : [AirdropSettings] Settings classes created.
SCRIPT       : [AirdropSettings.Load] Settings file loaded & resaved.
SCRIPT       : [dzr_disinfect_by_boiling] ::: Starting Serverside
SCRIPT       : PVEZ :: Will use config files in profiles
SCRIPT       : 09.01.2024 06:00:23 [ServerPanelLogger]: INFO: Switching to logfile: $profile:ServerPanel_09-01-2024_06-00-23.log
SCRIPT       : [dzr_notes] ::: Starting Serverside
SCRIPT       : [Notifications] OnInit
SCRIPT       : [Notifications] Loading Config
SCRIPT       : [FBF_Config] Server Cfg loading...
SCRIPT       : [FBF_Config] '$profile:FBF_Config/FBFConfig.json' found, loading existing config!
SCRIPT       : [Namalsk][NamEventManager]: Next selection will occur in 907 seconds
SCRIPT       : [Namalsk][NamEventManager]: NamEventManager is now running
SCRIPT       : [DS_IncreasedStamina] Found config file, attempting to load values.
SCRIPT       : [DS_IncreasedStamina] m_HoldBreathSwayTimeIn set to 1.5
SCRIPT       : [DS_IncreasedStamina] m_HoldBreathSwayTimeStable set to 3
SCRIPT       : [DS_IncreasedStamina] m_MetabolicEnergyJogMult set to 1
SCRIPT       : [DS_IncreasedStamina] m_MetabolicEnergySprintMult set to 1
SCRIPT       : [DS_IncreasedStamina] m_MetabolicEnergyWalkMult set to 1
SCRIPT       : [DS_IncreasedStamina] m_MetabolicWaterJogMult set to 1
SCRIPT       : [DS_IncreasedStamina] m_MetabolicWaterSprintMult set to 1
SCRIPT       : [DS_IncreasedStamina] m_MetabolicWaterWalkMult set to 1
SCRIPT       : [DS_IncreasedStamina] m_StaminaDrainClimbMult set to 1
SCRIPT       : [DS_IncreasedStamina] m_StaminaDrainCrouchedSprintMult set to 1
SCRIPT       : [DS_IncreasedStamina] m_StaminaDrainFastSwimMult set to 1
SCRIPT       : [DS_IncreasedStamina] m_StaminaDrainHoldBreathFasterMult set to 1
SCRIPT       : [DS_IncreasedStamina] m_StaminaDrainHoldBreathStartMult set to 1
SCRIPT       : [DS_IncreasedStamina] m_StaminaDrainJumpMult set to 1
SCRIPT       : [DS_IncreasedStamina] m_StaminaDrainLadderFastMult set to 1
SCRIPT       : [DS_IncreasedStamina] m_StaminaDrainMeleeEvadeMult set to 1
SCRIPT       : [DS_IncreasedStamina] m_StaminaDrainMeleeHeavyMult set to 1
SCRIPT       : [DS_IncreasedStamina] m_StaminaDrainMeleeLightMult set to 1
SCRIPT       : [DS_IncreasedStamina] m_StaminaDrainSprintingMult set to 1
SCRIPT       : [DS_IncreasedStamina] m_StaminaDrainVaultMult set to 1
SCRIPT       : [DS_IncreasedStamina] m_StaminaGainIdleMult set to 1
SCRIPT       : [DS_IncreasedStamina] m_StaminaGainJogMult set to 1
SCRIPT       : [DS_IncreasedStamina] m_StaminaGainSwimMult set to 1
SCRIPT       : [DS_IncreasedStamina] m_StaminaGainWalkMult set to 1
SCRIPT       : [DS_IncreasedStamina] m_StaminaHoldBreathDuration set to 5
SCRIPT       : [DS_IncreasedStamina] m_StaminaKgPenaltyMult set to 1
SCRIPT       : [DS_IncreasedStamina] m_StaminaThresholdClimbMult set to 1
SCRIPT       : [DS_IncreasedStamina] m_StaminaThresholdHoldBreathMult set to 1
SCRIPT       : [DS_IncreasedStamina] m_StaminaThresholdJumpMult set to 1
SCRIPT       : [DS_IncreasedStamina] m_StaminaThresholdMeleeEvadeMult set to 1
SCRIPT       : [DS_IncreasedStamina] m_StaminaThresholdMeleeHeavyMult set to 1
SCRIPT       : [DS_IncreasedStamina] m_StaminaThresholdSprintMult set to 1
SCRIPT       : [DS_IncreasedStamina] m_StaminaThresholdVaultMult set to 1
SCRIPT       : [DS_IncreasedStamina] m_StaminaThresholdWeightLimitMult set to 1
SCRIPT       : [DS_IncreasedStamina] m_StaminaWhenSprintDrains set to 100
SCRIPT       : m_EventManager NamEventManager<494cfd60>
SCRIPT       : MaxEventCount 2
SCRIPT       : Local Time <abbreviation="EST", timezone="America/Indiana/Indianapolis", utc_offset="-05:00", raw_offset=-18000>
SCRIPT       : [Namalsk][NamEventManager]: Trying to select a new event...
SCRIPT       : [Namalsk][NamEventManager]: Starting event Aurora
SCRIPT       : [Namalsk][NamEventManager]: Aurora: Phase Length 60
SCRIPT       : [Namalsk][NamEventManager]: Next selection will occur in 954 seconds
SCRIPT       : [Namalsk][NamEventManager]: Aurora: Phase Length 950.291
SCRIPT       : [Namalsk][NamEventManager]: Trying to select a new event...
SCRIPT       : [Namalsk][NamEventManager]: Starting event Blizzard
SCRIPT       : [Namalsk][NamEventManager]: Could not run event Blizzard because it conflicts with event Aurora...
SCRIPT       : [Namalsk][NamEventManager]: Next selection will occur in 592 seconds
SCRIPT       : [Namalsk][NamEventManager]: Aurora: Phase Length 60
SCRIPT       : [Namalsk][NamEventManager]: Aurora: Phase Length 0
SCRIPT       : [Namalsk][NamEventManager]: Trying to select a new event...
SCRIPT       : [Namalsk][NamEventManager]: Starting event Snowfall
SCRIPT       : [Namalsk][Snowfall]: init: 600 (sec), mid: 1148.95 (sec), end: 600 (sec)
SCRIPT       : [Namalsk][NamEventManager]: Snowfall: Phase Length 600
SCRIPT       : [Namalsk][NamEventManager]: Next selection will occur in 593 seconds
SCRIPT       : [Namalsk][NamEventManager]: Trying to select a new event...
SCRIPT       : [Namalsk][NamEventManager]: Starting event ExtremeCold
SCRIPT       : [Namalsk][ExtremeCold]: init: 100 (sec), mid: 880.459 (sec), end: 100 (sec), TempDrop: -8.12583 (C)
SCRIPT       : [Namalsk][NamEventManager]: ExtremeCold: Phase Length 100
SCRIPT       : [Namalsk][NamEventManager]: Next selection will occur in 577 seconds
SCRIPT       : [Namalsk][NamEventManager]: Snowfall: Phase Length 1148.95
SCRIPT       : [Namalsk][NamEventManager]: ExtremeCold: Phase Length 880.459
SCRIPT       : [Namalsk][NamEventManager]: Trying to select a new event...
SCRIPT       : [Namalsk][NamEventManager]: Could not start event as we reached the maximum event limit 2
SCRIPT       : [Namalsk][NamEventManager]: Next selection will occur in 864 seconds
SCRIPT       : [Namalsk][NamEventManager]: ExtremeCold: Phase Length 100
SCRIPT       : [Namalsk][NamEventManager]: ExtremeCold: Phase Length 0
SCRIPT       : [Namalsk][NamEventManager]: Snowfall: Phase Length 600
SCRIPT       : [Namalsk][NamEventManager]: Trying to select a new event...
SCRIPT       : [Namalsk][NamEventManager]: Could not start Snowfall as one is already active
SCRIPT       : [Namalsk][NamEventManager]: Next selection will occur in 636 seconds
SCRIPT       : [Namalsk][NamEventManager]: Snowfall: Phase Length 0
SCRIPT       : [Namalsk][NamEventManager]: Trying to select a new event...
SCRIPT       : [Namalsk][NamEventManager]: Starting event HeavyFog
SCRIPT       : [Namalsk][NamEventManager]: HeavyFog: Phase Length 600
SCRIPT       : [Namalsk][NamEventManager]: Next selection will occur in 748 seconds
SCRIPT       : [Namalsk][NamEventManager]: HeavyFog: Phase Length 631.382
SCRIPT       : [Namalsk][NamEventManager]: Trying to select a new event...
SCRIPT       : [Namalsk][NamEventManager]: Starting event Aurora
SCRIPT       : [Namalsk][NamEventManager]: Aurora: Phase Length 60
SCRIPT       : [Namalsk][NamEventManager]: Next selection will occur in 711 seconds
SCRIPT       : [Namalsk][NamEventManager]: Aurora: Phase Length 965.535
SCRIPT       : [Namalsk][NamEventManager]: HeavyFog: Phase Length 600
SCRIPT       : [Namalsk][NamEventManager]: Trying to select a new event...
SCRIPT       : [Namalsk][NamEventManager]: Could not start event as we reached the maximum event limit 2
SCRIPT       : [Namalsk][NamEventManager]: Next selection will occur in 813 seconds
SCRIPT       : [Namalsk][NamEventManager]: Aurora: Phase Length 60
SCRIPT       : [Namalsk][NamEventManager]: HeavyFog: Phase Length 0
SCRIPT       : [Namalsk][NamEventManager]: Aurora: Phase Length 0
SCRIPT       : [Namalsk][NamEventManager]: Trying to select a new event...
SCRIPT       : [Namalsk][NamEventManager]: Starting event Blizzard
SCRIPT       : [Namalsk][Blizzard]: init: 600 (sec), mid: 956.999 (sec), end: 600 (sec), TempDrop: -18.2786 (C)
SCRIPT       : [Namalsk][NamEventManager]: Blizzard: Phase Length 600
SCRIPT       : [Namalsk][NamEventManager]: Next selection will occur in 976 seconds
SCRIPT       : [Namalsk][NamEventManager]: Blizzard: Phase Length 956.999
SCRIPT       : [Namalsk][NamEventManager]: Trying to select a new event...
SCRIPT       : [Namalsk][NamEventManager]: Starting event Aurora
SCRIPT       : [Namalsk][NamEventManager]: Aurora: Phase Length 60
SCRIPT       : [Namalsk][NamEventManager]: Next selection will occur in 678 seconds
SCRIPT       : [Namalsk][NamEventManager]: Aurora: Phase Length 1066.89
SCRIPT       : [Namalsk][NamEventManager]: Blizzard: Phase Length 600
SCRIPT       : [Namalsk][NamEventManager]: Trying to select a new event...
SCRIPT       : [Namalsk][NamEventManager]: Could not start event as we reached the maximum event limit 2
SCRIPT       : [Namalsk][NamEventManager]: Next selection will occur in 753 seconds
SCRIPT       : [Namalsk][NamEventManager]: Aurora: Phase Length 60
SCRIPT       : [Namalsk][NamEventManager]: Blizzard: Phase Length 0
SCRIPT       : [Namalsk][NamEventManager]: Aurora: Phase Length 0
SCRIPT       : [Namalsk][NamEventManager]: Trying to select a new event...
SCRIPT       : [Namalsk][NamEventManager]: Starting event ExtremeCold
SCRIPT       : [Namalsk][ExtremeCold]: init: 100 (sec), mid: 853.407 (sec), end: 100 (sec), TempDrop: -9.81286 (C)
SCRIPT       : [Namalsk][NamEventManager]: ExtremeCold: Phase Length 100
SCRIPT       : [Namalsk][NamEventManager]: Next selection will occur in 973 seconds
SCRIPT       : [Namalsk][NamEventManager]: ExtremeCold: Phase Length 853.407
SCRIPT       : [Namalsk][NamEventManager]: ExtremeCold: Phase Length 100
SCRIPT       : [Namalsk][NamEventManager]: Trying to select a new event...
SCRIPT       : [Namalsk][NamEventManager]: Starting event Snowfall
SCRIPT       : [Namalsk][Snowfall]: init: 600 (sec), mid: 931.733 (sec), end: 600 (sec)
SCRIPT       : [Namalsk][NamEventManager]: Snowfall: Phase Length 600
SCRIPT       : [Namalsk][NamEventManager]: Next selection will occur in 675 seconds
SCRIPT       : [Namalsk][NamEventManager]: ExtremeCold: Phase Length 0
SCRIPT       : [Namalsk][NamEventManager]: Snowfall: Phase Length 931.733
SCRIPT       : [Namalsk][NamEventManager]: Trying to select a new event...
SCRIPT       : [Namalsk][NamEventManager]: Starting event Blizzard
SCRIPT       : [Namalsk][NamEventManager]: Could not run event Blizzard because it conflicts with event Snowfall...
SCRIPT       : [Namalsk][NamEventManager]: Next selection will occur in 592 seconds
SCRIPT       : [Namalsk][NamEventManager]: Trying to select a new event...
SCRIPT       : [Namalsk][NamEventManager]: Starting event ExtremeCold
SCRIPT       : [Namalsk][ExtremeCold]: init: 100 (sec), mid: 1156.86 (sec), end: 100 (sec), TempDrop: -10.6845 (C)
SCRIPT       : [Namalsk][NamEventManager]: ExtremeCold: Phase Length 100
SCRIPT       : [Namalsk][NamEventManager]: Next selection will occur in 649 seconds
SCRIPT       : [Namalsk][NamEventManager]: ExtremeCold: Phase Length 1156.86
SCRIPT       : [Namalsk][NamEventManager]: Snowfall: Phase Length 600
SCRIPT       : [Namalsk][NamEventManager]: Trying to select a new event...
SCRIPT       : [Namalsk][NamEventManager]: Could not start event as we reached the maximum event limit 2
SCRIPT       : [Namalsk][NamEventManager]: Next selection will occur in 870 seconds
SCRIPT       : [Namalsk][NamEventManager]: Snowfall: Phase Length 0
SCRIPT       : [Namalsk][NamEventManager]: ExtremeCold: Phase Length 100
SCRIPT       : [Namalsk][NamEventManager]: ExtremeCold: Phase Length 0
SCRIPT       : [Namalsk][NamEventManager]: Trying to select a new event...
SCRIPT       : [Namalsk][NamEventManager]: Starting event Blizzard
SCRIPT       : [Namalsk][Blizzard]: init: 600 (sec), mid: 778.352 (sec), end: 600 (sec), TempDrop: -16.5515 (C)
SCRIPT       : [Namalsk][NamEventManager]: Blizzard: Phase Length 600
SCRIPT       : [Namalsk][NamEventManager]: Next selection will occur in 608 seconds
SCRIPT       : [Namalsk][NamEventManager]: Blizzard: Phase Length 778.352
SCRIPT       : [Namalsk][NamEventManager]: Trying to select a new event...
SCRIPT       : [Namalsk][NamEventManager]: Starting event Aurora
SCRIPT       : [Namalsk][NamEventManager]: Aurora: Phase Length 60
SCRIPT       : [Namalsk][NamEventManager]: Next selection will occur in 994 seconds
SCRIPT       : [Namalsk][NamEventManager]: Aurora: Phase Length 1122.39
