12:00:33 BattlEye Server: Initialized (v1.219, DayZ 1.23.157045)
12:00:34 SUCCESS: SteamGameServer_Init(0,8766,2502,27018,3,1.23.157045)
12:00:34 BattlEye Server: Config entry: RConPassword 2c29cb3a8b94cb26061b86c99ddaf81a
12:00:34 BattlEye Server: Config entry: RConPort 2505
12:00:34 BattlEye Server: Config entry: RestrictRCon 0
12:00:34 Roles assigned.
12:00:34 Reading mission ...
12:00:40 [CE][Hive] :: Initializing OFFLINE
12:00:40 [StorageDirs] :: Selected storage directory: C:\Users\rylic\Documents\Namalsk\servers\Production\mpmissions\hardcore.namalsk\storage_1\
12:00:40 [CE][Hive] :: Loading core data ... 
12:00:40 [CE][CoreData] :: 7 root classes, 0 defaults, 0 updaters...
12:00:43 [CE][TypeSetup] :: 508 classes setuped...
12:00:43 !!! [ERROR][XML] :: load [$CurrentDir:mpmissions\hardcore.namalsk\expansion_ce/expansion_spawnabletypes.xml] failed
12:00:43 !!! [ERROR][XML] :: Error reading end tag. line 1558
12:00:45 [CE][RegisterBind] :: 0 classes binded...
12:00:45 [CE][RegisterConfig] :: 15830 config classes registered, 0 sub-counters...
12:00:45 [CE][Hive] :: Loading map data ... 
12:00:45 [CE][LoadPrototype] :: loaded 256 prototypes
12:00:45   404 containers, 7415 points
12:00:45   1 dispatches, 1 proxies
12:00:45 !!! [CE][LoadPrototype] 1 groups have wrong points...
12:00:45 [CE][LoadPrototype] :: last group name: land_frozen_person...
12:00:45 [CE][LoadPrototype] :: loaded 0 prototypes
12:00:45   38 containers, 66 points
12:00:45   0 dispatches, 0 proxies
12:00:45 [CE][LoadPrototype] :: last group name: StoneLoc38...
12:00:45 [CE][LoadMap] "Group" :: loaded 1445 groups, groups failed: 0, largest group range: 36.4
12:00:45 [CE][LoadMap] "Dirt" :: loaded 0 groups, groups failed: 0, largest group range: 36.4
12:00:45 [CE][LoadClusters] "Cluster" :: Loading files...
12:00:45 [CE][LoadClusters] :: file: "mapgroupcluster.xml", 1 types, 2418 instances
12:00:45 [CE][Storage] ver:21 stamp:1060, valid:yes, name:"C:\Users\rylic\Documents\Namalsk\servers\Production\mpmissions\hardcore.namalsk\storage_1\data\types.bin"
12:00:45 [CE][Storage] ver:21 stamp:949, valid:yes, name:"C:\Users\rylic\Documents\Namalsk\servers\Production\mpmissions\hardcore.namalsk\storage_1\data\types.001"
12:00:45 [CE][Storage] ver:21 stamp:947, valid:yes, name:"C:\Users\rylic\Documents\Namalsk\servers\Production\mpmissions\hardcore.namalsk\storage_1\data\types.002"
12:00:45 [CE][Storage] Restoring file "C:\Users\rylic\Documents\Namalsk\servers\Production\mpmissions\hardcore.namalsk\storage_1\data\types.bin".
12:00:46 [CE][offlineDB] :: Loaded 17 dynamic events 166 total types.
12:00:46 !!! [CE][offlineDB] :: Type 'CharcoalTablets' will be ignored. (Not spawnable. (Scope is not public?))
12:00:46 !!! [CE][offlineDB] :: Type 'TetracyclineAntibiotics' will be ignored. (Not spawnable. (Scope is not public?))
12:00:46 !!! [CE][offlineDB] :: Type 'Epinephrine' will be ignored. (Not spawnable. (Scope is not public?))
12:00:46 !!! [CE][offlineDB] :: Type 'Morphine' will be ignored. (Not spawnable. (Scope is not public?))
12:00:46 !!! [CE][offlineDB] :: Type 'AntiChemInjector' will be ignored. (Not spawnable. (Scope is not public?))
12:00:46 !!! [CE][offlineDB] :: Type 'Shirt_BlueCheck' will be ignored. (Type does not exist. (Typo?))
12:00:46 !!! [CE][offlineDB] :: Type 'Shirt_BlueCheckBright' will be ignored. (Type does not exist. (Typo?))
12:00:46 !!! [CE][offlineDB] :: Type 'Shirt_GreenCheck' will be ignored. (Type does not exist. (Typo?))
12:00:46 !!! [CE][offlineDB] :: Type 'Shirt_RedCheck' will be ignored. (Type does not exist. (Typo?))
12:00:46 !!! [CE][offlineDB] :: Type 'Shirt_WhiteCheck' will be ignored. (Type does not exist. (Typo?))
12:00:46 !!! [CE][offlineDB] :: Type 'Shirt_PlaneBlack' will be ignored. (Type does not exist. (Typo?))
12:00:46 !!! [CE][offlineDB] :: Type 'Raincoat_Orange' will be ignored. (Type does not exist. (Typo?))
12:00:46 !!! [CE][offlineDB] :: Type 'Raincoat_Green' will be ignored. (Type does not exist. (Typo?))
12:00:46 !!! [CE][offlineDB] :: Type 'Raincoat_Yellow' will be ignored. (Type does not exist. (Typo?))
12:00:46 !!! [CE][offlineDB] :: Type 'Raincoat_Pink' will be ignored. (Type does not exist. (Typo?))
12:00:46 !!! [CE][offlineDB] :: Type 'Raincoat_Red' will be ignored. (Type does not exist. (Typo?))
12:00:46 !!! [CE][offlineDB] :: Type 'Raincoat_Blue' will be ignored. (Type does not exist. (Typo?))
12:00:46 !!! [CE][offlineDB] :: Type 'Raincoat_Black' will be ignored. (Type does not exist. (Typo?))
12:00:46 !!! [CE][offlineDB] :: Type 'BomberJacket_Black' will be ignored. (Type does not exist. (Typo?))
12:00:46 !!! [CE][offlineDB] :: Type 'BomberJacket_Brown' will be ignored. (Type does not exist. (Typo?))
12:00:46 !!! [CE][offlineDB] :: Type 'BomberJacket_Blue' will be ignored. (Type does not exist. (Typo?))
12:00:46 !!! [CE][offlineDB] :: Type 'BomberJacket_Grey' will be ignored. (Type does not exist. (Typo?))
12:00:46 !!! [CE][offlineDB] :: Type 'BomberJacket_Maroon' will be ignored. (Type does not exist. (Typo?))
12:00:46 !!! [CE][offlineDB] :: Type 'BomberJacket_Olive' will be ignored. (Type does not exist. (Typo?))
12:00:46 !!! [CE][offlineDB] :: Type 'BomberJacket_SkyBlue' will be ignored. (Type does not exist. (Typo?))
12:00:46 !!! [CE][offlineDB] :: Type 'MedicalScrubsShirt_Blue' will be ignored. (Type does not exist. (Typo?))
12:00:46 !!! [CE][offlineDB] :: Type 'MedicalScrubsShirt_Green' will be ignored. (Type does not exist. (Typo?))
12:00:46 !!! [CE][offlineDB] :: Type 'MedicalScrubsShirt_White' will be ignored. (Type does not exist. (Typo?))
12:00:46 !!! [CE][offlineDB] :: Type 'TShirt_Beige' will be ignored. (Type does not exist. (Typo?))
12:00:46 !!! [CE][offlineDB] :: Type 'TShirt_Black' will be ignored. (Type does not exist. (Typo?))
12:00:46 !!! [CE][offlineDB] :: Type 'TShirt_Blue' will be ignored. (Type does not exist. (Typo?))
12:00:46 !!! [CE][offlineDB] :: Type 'TShirt_Green' will be ignored. (Type does not exist. (Typo?))
12:00:46 !!! [CE][offlineDB] :: Type 'TShirt_OrangeWhiteStripes' will be ignored. (Type does not exist. (Typo?))
12:00:46 !!! [CE][offlineDB] :: Type 'TShirt_Red' will be ignored. (Type does not exist. (Typo?))
12:00:46 !!! [CE][offlineDB] :: Type 'TShirt_RedBlackStripes' will be ignored. (Type does not exist. (Typo?))
12:00:46 !!! [CE][offlineDB] :: Type 'TShirt_White' will be ignored. (Type does not exist. (Typo?))
12:00:46 !!! [CE][offlineDB] :: Type 'TShirt_Grey' will be ignored. (Type does not exist. (Typo?))
12:00:46 !!! [CE][offlineDB] :: Type 'ManSuit_Beige' will be ignored. (Type does not exist. (Typo?))
12:00:46 !!! [CE][offlineDB] :: Type 'ManSuit_Black' will be ignored. (Type does not exist. (Typo?))
12:00:46 !!! [CE][offlineDB] :: Type 'ManSuit_Blue' will be ignored. (Type does not exist. (Typo?))
12:00:46 !!! [CE][offlineDB] :: Type 'ManSuit_Brown' will be ignored. (Type does not exist. (Typo?))
12:00:46 !!! [CE][offlineDB] :: Type 'ManSuit_DarkGrey' will be ignored. (Type does not exist. (Typo?))
12:00:46 !!! [CE][offlineDB] :: Type 'ManSuit_Khaki' will be ignored. (Type does not exist. (Typo?))
12:00:46 !!! [CE][offlineDB] :: Type 'ManSuit_LightGrey' will be ignored. (Type does not exist. (Typo?))
12:00:46 !!! [CE][offlineDB] :: Type 'ManSuit_White' will be ignored. (Type does not exist. (Typo?))
12:00:46 !!! [CE][offlineDB] :: Type 'GorkaPants_Summer' will be ignored. (Type does not exist. (Typo?))
12:00:46 !!! [CE][offlineDB] :: Type 'GorkaPants_Autumn' will be ignored. (Type does not exist. (Typo?))
12:00:46 !!! [CE][offlineDB] :: Type 'GorkaPants_Flat' will be ignored. (Type does not exist. (Typo?))
12:00:46 !!! [CE][offlineDB] :: Type 'GorkaPants_PautRev' will be ignored. (Type does not exist. (Typo?))
12:00:46 !!! [CE][offlineDB] :: Type 'MedicalScrubsPants_Blue' will be ignored. (Type does not exist. (Typo?))
12:00:46 !!! [CE][offlineDB] :: Type 'MedicalScrubsPants_Green' will be ignored. (Type does not exist. (Typo?))
12:00:46 !!! [CE][offlineDB] :: Type 'MedicalScrubsPants_White' will be ignored. (Type does not exist. (Typo?))
12:00:46 !!! [CE][offlineDB] :: Type 'SlacksPants_Beige' will be ignored. (Type does not exist. (Typo?))
12:00:46 !!! [CE][offlineDB] :: Type 'SlacksPants_Black' will be ignored. (Type does not exist. (Typo?))
12:00:46 !!! [CE][offlineDB] :: Type 'SlacksPants_Blue' will be ignored. (Type does not exist. (Typo?))
12:00:46 !!! [CE][offlineDB] :: Type 'SlacksPants_Brown' will be ignored. (Type does not exist. (Typo?))
12:00:46 !!! [CE][offlineDB] :: Type 'SlacksPants_DarkGrey' will be ignored. (Type does not exist. (Typo?))
12:00:46 !!! [CE][offlineDB] :: Type 'SlacksPants_Khaki' will be ignored. (Type does not exist. (Typo?))
12:00:46 !!! [CE][offlineDB] :: Type 'SlacksPants_LightGrey' will be ignored. (Type does not exist. (Typo?))
12:00:46 !!! [CE][offlineDB] :: Type 'SlacksPants_White' will be ignored. (Type does not exist. (Typo?))
12:00:46 !!! [CE][offlineDB] :: Type 'Jeans_Black' will be ignored. (Type does not exist. (Typo?))
12:00:46 !!! [CE][offlineDB] :: Type 'Jeans_Blue' will be ignored. (Type does not exist. (Typo?))
12:00:46 !!! [CE][offlineDB] :: Type 'Jeans_Brown' will be ignored. (Type does not exist. (Typo?))
12:00:46 !!! [CE][offlineDB] :: Type 'Jeans_Green' will be ignored. (Type does not exist. (Typo?))
12:00:46 !!! [CE][offlineDB] :: Type 'Jeans_Grey' will be ignored. (Type does not exist. (Typo?))
12:00:46 !!! [CE][offlineDB] :: Type 'Jeans_BlueDark' will be ignored. (Type does not exist. (Typo?))
12:00:46 !!! [CE][offlineDB] :: Type 'ChristmasTree' will be ignored. (Not spawnable. (Scope is not public?))
12:00:46 !!! [CE][offlineDB] :: Type 'dzn_gorka_pants_winter' will be ignored. (Type does not exist. (Typo?))
12:00:46 !!! [CE][offlineDB] :: Type 'dzn_sumrak_pants_coldw' will be ignored. (Type does not exist. (Typo?))
12:00:46 !!! [CE][offlineDB] :: Type 'dzn_yeger_pants_coldw' will be ignored. (Type does not exist. (Typo?))
12:00:46 !!! [CE][offlineDB] :: Type 'dzn_yeger_pants_woodl' will be ignored. (Type does not exist. (Typo?))
12:00:46 !!! [CE] :: Unknown tag: 'floor'.
12:00:46 !!! [CE] :: Unknown tag: 'floor'.
12:00:46 !!! [CE] :: Unknown tag: 'floor'.
12:00:46 !!! [CE] :: Unknown tag: 'floor'.
12:00:46 !!! [CE] :: Unknown tag: 'floor'.
12:00:46 !!! [CE] :: Unknown tag: 'floor'.
12:00:46 !!! [CE] :: Unknown tag: 'floor'.
12:00:46 !!! [CE] :: Unknown tag: 'floor'.
12:00:46 !!! [CE] :: Unknown tag: 'floor'.
12:00:46 !!! [CE] :: Unknown tag: 'floor'.
12:00:46 !!! [CE] :: Unknown tag: 'floor'.
12:00:46 !!! [CE] :: Unknown tag: 'floor'.
12:00:46 !!! [CE] :: Unknown tag: 'floor'.
12:00:46 !!! [CE] :: Unknown tag: 'floor'.
12:00:46 !!! [CE] :: Unknown tag: 'floor'.
12:00:46 !!! [CE] :: Unknown tag: 'floor'.
12:00:46 !!! [CE] :: Unknown tag: 'floor'.
12:00:46 !!! [CE] :: Unknown tag: 'floor'.
12:00:46 !!! [CE] :: Unknown tag: 'floor'.
12:00:46 !!! [CE] :: Unknown tag: 'floor'.
12:00:46 !!! [CE][offlineDB] :: Type 'Expansion_M79' will be ignored. (Not spawnable. (Scope is not public?))
12:00:46 !!! [CE][offlineDB] :: Type 'ExpansionFlaregun' will be ignored. (Not spawnable. (Scope is not public?))
12:00:46 !!! [CE][offlineDB] :: Type 'Expansion_Longhorn' will be ignored. (Not spawnable. (Scope is not public?))
12:00:46 !!! [CE] :: Unknown tag: 'floor'.
12:00:46 !!! [CE] :: Unknown tag: 'ground'.
12:00:46 !!! [CE] :: Unknown tag: 'shelves'.
12:00:46 !!! [CE] :: Unknown tag: 'floor'.
12:00:46 !!! [CE] :: Unknown tag: 'ground'.
12:00:46 !!! [CE] :: Unknown tag: 'shelves'.
12:00:46 !!! [CE] :: Unknown tag: 'floor'.
12:00:46 !!! [CE] :: Unknown tag: 'ground'.
12:00:46 !!! [CE] :: Unknown tag: 'shelves'.
12:00:46 !!! [CE] :: Unknown tag: 'floor'.
12:00:46 !!! [CE] :: Unknown tag: 'ground'.
12:00:46 !!! [CE] :: Unknown tag: 'shelves'.
12:00:46 !!! [CE] :: Unknown tag: 'floor'.
12:00:46 !!! [CE] :: Unknown tag: 'ground'.
12:00:46 !!! [CE] :: Unknown tag: 'shelves'.
12:00:46 !!! [CE] :: Unknown tag: 'floor'.
12:00:46 !!! [CE] :: Unknown tag: 'ground'.
12:00:46 !!! [CE] :: Unknown tag: 'shelves'.
12:00:46 !!! [CE] :: Unknown tag: 'floor'.
12:00:46 !!! [CE] :: Unknown tag: 'ground'.
12:00:46 !!! [CE] :: Unknown tag: 'shelves'.
12:00:46 !!! [CE] :: Unknown tag: 'floor'.
12:00:46 !!! [CE] :: Unknown tag: 'ground'.
12:00:46 !!! [CE] :: Unknown tag: 'shelves'.
12:00:46 !!! [CE] :: Unknown tag: 'floor'.
12:00:46 !!! [CE] :: Unknown tag: 'ground'.
12:00:46 !!! [CE] :: Unknown tag: 'shelves'.
12:00:46 !!! [CE] :: Unknown tag: 'floor'.
12:00:46 !!! [CE] :: Unknown tag: 'ground'.
12:00:46 !!! [CE] :: Unknown tag: 'shelves'.
12:00:46 !!! [CE] :: Unknown tag: 'floor'.
12:00:46 !!! [CE] :: Unknown tag: 'ground'.
12:00:46 !!! [CE] :: Unknown tag: 'shelves'.
12:00:46 !!! [CE] :: Unknown tag: 'floor'.
12:00:46 !!! [CE][offlineDB] :: Type 'DZR_AdminPen_Blue' will be ignored. (Type does not exist. (Typo?))
12:00:46 !!! [CE] :: Unknown tag: 'shelves'.
12:00:46 !!! [CE] :: Unknown tag: 'shelves'.
12:00:46 !!! [CE] :: Unknown tag: 'shelves'.
12:00:46 !!! [CE] :: Unknown value: 'Tier8'.
12:00:46 !!! [CE] :: Unknown value: 'Tier9'.
12:00:46 !!! [CE] :: Unknown value: 'Tier11'.
12:00:46 !!! [CE] :: Unknown value: 'Tier13'.
12:00:46 !!! [CE] :: Unknown value: 'Tier15'.
12:00:46 !!! [CE] :: Unknown value: 'Tier16'.
12:00:46 !!! [CE] :: Unknown value: 'Tier8'.
12:00:46 !!! [CE] :: Unknown value: 'Tier9'.
12:00:46 !!! [CE] :: Unknown value: 'Tier11'.
12:00:46 !!! [CE] :: Unknown value: 'Tier13'.
12:00:46 !!! [CE] :: Unknown value: 'Tier15'.
12:00:46 !!! [CE] :: Unknown value: 'Tier16'.
12:00:46 !!! [CE] :: Unknown value: 'Tier8'.
12:00:46 !!! [CE] :: Unknown value: 'Tier9'.
12:00:46 !!! [CE] :: Unknown value: 'Tier11'.
12:00:46 !!! [CE] :: Unknown value: 'Tier13'.
12:00:46 !!! [CE] :: Unknown value: 'Tier15'.
12:00:46 !!! [CE] :: Unknown value: 'Tier16'.
12:00:46 !!! [CE] :: Unknown value: 'Tier8'.
12:00:46 !!! [CE] :: Unknown value: 'Tier9'.
12:00:46 !!! [CE] :: Unknown value: 'Tier11'.
12:00:46 !!! [CE] :: Unknown value: 'Tier13'.
12:00:46 !!! [CE] :: Unknown value: 'Tier15'.
12:00:46 !!! [CE] :: Unknown value: 'Tier16'.
12:00:46 !!! [CE] :: Unknown value: 'Tier8'.
12:00:46 !!! [CE] :: Unknown value: 'Tier9'.
12:00:46 !!! [CE] :: Unknown value: 'Tier11'.
12:00:46 !!! [CE] :: Unknown value: 'Tier13'.
12:00:46 !!! [CE] :: Unknown value: 'Tier15'.
12:00:46 !!! [CE] :: Unknown value: 'Tier16'.
12:00:46 !!! [CE] :: Unknown value: 'Tier8'.
12:00:46 !!! [CE] :: Unknown value: 'Tier9'.
12:00:46 !!! [CE] :: Unknown value: 'Tier11'.
12:00:46 !!! [CE] :: Unknown value: 'Tier13'.
12:00:46 !!! [CE] :: Unknown value: 'Tier15'.
12:00:46 !!! [CE] :: Unknown value: 'Tier16'.
12:00:46 !!! [CE][offlineDB] :: Type 'Radioactive_bear_Meat' will be ignored. (Type does not exist. (Typo?))
12:00:46 !!! [CE][offlineDB] :: Type 'Radioactive_wolf_Meat' will be ignored. (Type does not exist. (Typo?))
12:00:46 !!! [CE][offlineDB] :: Type 'DXMediumTent_1' will be ignored. (Type does not exist. (Typo?))
12:00:46 !!! [CE][offlineDB] :: Type 'DXMediumTent_2' will be ignored. (Type does not exist. (Typo?))
12:00:46 !!! [CE][offlineDB] :: Type 'DXMediumTent_3' will be ignored. (Type does not exist. (Typo?))
12:00:46 !!! [CE][offlineDB] :: Type 'DXMediumTent_4' will be ignored. (Type does not exist. (Typo?))
12:00:46 !!! [CE][offlineDB] :: Type 'DXMediumTent_5' will be ignored. (Type does not exist. (Typo?))
12:00:46 !!! [CE][offlineDB] :: Type 'DXMediumTent_6' will be ignored. (Type does not exist. (Typo?))
12:00:46 !!! [CE][offlineDB] :: Type 'DXMediumTent_7' will be ignored. (Type does not exist. (Typo?))
12:00:46 !!! [CE][offlineDB] :: Type 'DXMediumTent_8' will be ignored. (Type does not exist. (Typo?))
12:00:46 !!! [CE][offlineDB] :: Type 'DXMediumTent_9' will be ignored. (Type does not exist. (Typo?))
12:00:46 !!! [CE][offlineDB] :: Type 'DXMediumTent_10' will be ignored. (Type does not exist. (Typo?))
12:00:46 !!! [CE][offlineDB] :: Type 'DXMediumTent_11' will be ignored. (Type does not exist. (Typo?))
12:00:46 !!! [CE][offlineDB] :: Type 'SWAT_Pants' will be ignored. (Type does not exist. (Typo?))
12:00:46 !!! [CE][offlineDB] :: Type 'SWAT_Balaclava' will be ignored. (Type does not exist. (Typo?))
12:00:46 !!! [CE][offlineDB] :: Type 'SWAT_Gloves' will be ignored. (Type does not exist. (Typo?))
12:00:46 !!! [CE][offlineDB] :: Type 'SWAT_Goggles' will be ignored. (Type does not exist. (Typo?))
12:00:46 !!! [CE][offlineDB] :: Type 'SWAT_Shirt' will be ignored. (Type does not exist. (Typo?))
12:00:46 !!! [CE][offlineDB] :: Type 'SWAT_Vest' will be ignored. (Type does not exist. (Typo?))
12:00:46 !!! [CE][offlineDB] :: Type 'SWAT_Helmet' will be ignored. (Type does not exist. (Typo?))
12:00:46 !!! [CE][offlineDB] :: Type 'RFSolarPanel' will be ignored. (Type does not exist. (Typo?))
12:00:46 !!! [CE][offlineDB] :: Type 'RFSolarPanelKit' will be ignored. (Type does not exist. (Typo?))
12:00:46 !!! [CE][offlineDB] :: Type 'MVS_Combat_Vest_ELRD_Camo' will be ignored. (Type does not exist. (Typo?))
12:00:46 !!! [CE][offlineDB] :: Type 'MVS_Magazine_Pouch_ELRD_Camo' will be ignored. (Type does not exist. (Typo?))
12:00:46 !!! [CE][offlineDB] :: Type 'MVS_Admin_Pouch_ELRD_Camo' will be ignored. (Type does not exist. (Typo?))
12:00:46 !!! [CE][offlineDB] :: Type 'MVS_Utility_Pouch_ELRD_Camo' will be ignored. (Type does not exist. (Typo?))
12:00:46 !!! [CE][offlineDB] :: Type 'MVS_Medical_Pouch_ELRD_Camo' will be ignored. (Type does not exist. (Typo?))
12:00:46 !!! [CE][offlineDB] :: Type 'MVS_Pack_ELRD_Camo' will be ignored. (Type does not exist. (Typo?))
12:00:46 !!! [CE][offlineDB] :: Type 'MVS_Combat_Vest_Heavy_ELRD_Camo' will be ignored. (Type does not exist. (Typo?))
12:00:46 !!! [CE][offlineDB] :: Type 'MVS_Taco_Pouch_ELRD_Camo' will be ignored. (Type does not exist. (Typo?))
12:00:46 !!! [CE][offlineDB] :: Type 'MVS_Pakol_Comtac' will be ignored. (Type does not exist. (Typo?))
12:00:46 !!! [CE][offlineDB] :: Type 'MVS_canteen_Camp_Orange' will be ignored. (Type does not exist. (Typo?))
12:00:46 !!! [CE][offlineDB] :: Type 'MVS_canteen_ELRD_Camo' will be ignored. (Type does not exist. (Typo?))
12:00:46 !!! [CE][offlineDB] :: Type 'MVS_OpsCore_ELRD_Camo' will be ignored. (Type does not exist. (Typo?))
12:00:46 !!! [CE][offlineDB] :: Type 'MVS_GorkaPants' will be ignored. (Type does not exist. (Typo?))
12:00:46 !!! [CE][offlineDB] :: Type 'MVS_GorkaPants_Snow' will be ignored. (Type does not exist. (Typo?))
12:00:46 !!! [CE][offlineDB] :: Type 'MVS_ArmoredHelmet_ELRD_Camo' will be ignored. (Type does not exist. (Typo?))
12:00:46 !!! [CE][offlineDB] :: Type 'MVS_Rucksack_ELRD_Camo' will be ignored. (Type does not exist. (Typo?))
12:00:46 !!! [CE][offlineDB] :: Type 'MVS_Compact_1_ELRD_Camo' will be ignored. (Type does not exist. (Typo?))
12:00:46 !!! [CE][offlineDB] :: Type 'MVS_Compact_2_ELRD_Camo' will be ignored. (Type does not exist. (Typo?))
12:00:46 !!! [CE][offlineDB] :: Type 'MVS_ChestRig_ELRD_Camo' will be ignored. (Type does not exist. (Typo?))
12:00:46 !!! [CE][offlineDB] :: Type 'MVS_Balaclava_Wraith_Comtacs' will be ignored. (Type does not exist. (Typo?))
12:00:46 !!! [CE][offlineDB] :: Type 'MVS_GorkaPants_Multicam' will be ignored. (Type does not exist. (Typo?))
12:00:46 !!! [CE][offlineDB] :: Type 'MVS_GorkaPants_Multicam_Tropic' will be ignored. (Type does not exist. (Typo?))
12:00:46 !!! [CE][offlineDB] :: Type 'MVS_GorkaPants_Multicam_Black' will be ignored. (Type does not exist. (Typo?))
12:00:46 !!! [CE][offlineDB] :: Type 'MVS_Assault_Pack_ELRD_Camo' will be ignored. (Type does not exist. (Typo?))
12:00:46 !!! [CE][offlineDB] :: Type 'MVS_CombatPants_ELRD_Camo' will be ignored. (Type does not exist. (Typo?))
12:00:46 !!! [CE][offlineDB] :: Type 'MVS_CombatShirt_ELRD_Camo' will be ignored. (Type does not exist. (Typo?))
12:00:46 !!! [CE][offlineDB] :: Type 'MVS_Molle_Panel_ELRD_Camo' will be ignored. (Type does not exist. (Typo?))
12:00:46 !!! [CE][offlineDB] :: Type 'MVS_6B47_Helmet_ELRD_Camo' will be ignored. (Type does not exist. (Typo?))
12:00:46 !!! [CE][offlineDB] :: Type 'MVS_Helmet_02_ELRD_Camo' will be ignored. (Type does not exist. (Typo?))
12:00:46 !!! [CE][offlineDB] :: Type 'MVS_SlingPack_ELRD_Camo' will be ignored. (Type does not exist. (Typo?))
12:00:46 !!! [CE][offlineDB] :: Type 'mouse_grey_flag' will be ignored. (Type does not exist. (Typo?))
12:00:46 !!! [CE][offlineDB] :: Type 'toxic_green' will be ignored. (Type does not exist. (Typo?))
12:00:46 !!! [CE][offlineDB] :: Type 'FBF_Torch' will be ignored. (Not spawnable. (Scope is not public?))
12:00:46 !!! [CE][offlineDB] :: Type 'FBF_LongTorch' will be ignored. (Not spawnable. (Scope is not public?))
12:00:46 !!! [CE][offlineDB] :: Type 'FBF_AreaLight_White' will be ignored. (Not spawnable. (Scope is not public?))
12:00:46 !!! [CE][offlineDB] :: Type 'FBF_AreaLight_Warm' will be ignored. (Not spawnable. (Scope is not public?))
12:00:46 !!! [CE][offlineDB] :: Type 'FBF_CustomAreaLight_1' will be ignored. (Not spawnable. (Scope is not public?))
12:00:46 !!! [CE][offlineDB] :: Type 'FBF_CustomAreaLight_2' will be ignored. (Not spawnable. (Scope is not public?))
12:00:46 !!! [CE][offlineDB] :: Type 'FBF_CustomAreaLight_3' will be ignored. (Not spawnable. (Scope is not public?))
12:00:46 !!! [CE][offlineDB] :: Type 'FBF_CustomAreaLight_4' will be ignored. (Not spawnable. (Scope is not public?))
12:00:46 !!! [CE][offlineDB] :: Type 'FBF_CustomAreaLight_5' will be ignored. (Not spawnable. (Scope is not public?))
12:00:46 !!! [CE][offlineDB] :: Type 'bs_cartman' will be ignored. (Type does not exist. (Typo?))
12:00:46 !!! [CE][offlineDB] :: Type 'bs_gratefuldead' will be ignored. (Type does not exist. (Typo?))
12:00:46 !!! [CE][offlineDB] :: Type 'bs_meatloaf' will be ignored. (Type does not exist. (Typo?))
12:00:46 !!! [CE][offlineDB] :: Type 'bs_nirvana' will be ignored. (Type does not exist. (Typo?))
12:00:46 !!! [CE][offlineDB] :: Type 'bs_skynyrd' will be ignored. (Type does not exist. (Typo?))
12:00:46 !!! [CE][offlineDB] :: Type 'bs_starbucks' will be ignored. (Type does not exist. (Typo?))
12:00:46 !!! [CE][offlineDB] :: Type 'bs_sublime' will be ignored. (Type does not exist. (Typo?))
12:00:46 !!! [CE][offlineDB] :: Type 'bs_billmurray' will be ignored. (Type does not exist. (Typo?))
12:00:46 !!! [CE][offlineDB] :: Type 'bs_blackflag' will be ignored. (Type does not exist. (Typo?))
12:00:46 !!! [CE][offlineDB] :: Type 'bs_cbgb' will be ignored. (Type does not exist. (Typo?))
12:00:46 !!! [CE][offlineDB] :: Type 'bs_illuminati1' will be ignored. (Type does not exist. (Typo?))
12:00:46 !!! [CE][offlineDB] :: Type 'bs_johndenver' will be ignored. (Type does not exist. (Typo?))
12:00:46 !!! [CE][offlineDB] :: Type 'bs_joydivision' will be ignored. (Type does not exist. (Typo?))
12:00:46 !!! [CE][offlineDB] :: Type 'bs_nin' will be ignored. (Type does not exist. (Typo?))
12:00:46 !!! [CE][offlineDB] :: Type 'bs_zero' will be ignored. (Type does not exist. (Typo?))
12:00:46 !!! [CE][offlineDB] :: Type 'bs_volcom' will be ignored. (Type does not exist. (Typo?))
12:00:46 !!! [CE][offlineDB] :: Type 'bs_ironmaiden' will be ignored. (Type does not exist. (Typo?))
12:00:46 !!! [CE][offlineDB] :: Type 'bs_lateralus' will be ignored. (Type does not exist. (Typo?))
12:00:46 !!! [CE][offlineDB] :: Type 'bs_ledzeppelin' will be ignored. (Type does not exist. (Typo?))
12:00:46 !!! [CE][offlineDB] :: Type 'bs_nickcage' will be ignored. (Type does not exist. (Typo?))
12:00:46 !!! [CE][offlineDB] :: Type 'bs_opeth' will be ignored. (Type does not exist. (Typo?))
12:00:46 !!! [CE][offlineDB] :: Type 'bs_scarface' will be ignored. (Type does not exist. (Typo?))
12:00:46 !!! [CE][offlineDB] :: Type 'bs_syl' will be ignored. (Type does not exist. (Typo?))
12:00:46 !!! [CE][offlineDB] :: Type 'bs_tyrone' will be ignored. (Type does not exist. (Typo?))
12:00:46 !!! [CE][offlineDB] :: Type 'bs_worstshirt' will be ignored. (Type does not exist. (Typo?))
12:00:46 !!! [CE][offlineDB] :: Type 'YAR_87_Doors_Driver_red' will be ignored. (Type does not exist. (Typo?))
12:00:46 !!! [CE][offlineDB] :: Type 'YAR_87_Doors_coDriver_red' will be ignored. (Type does not exist. (Typo?))
12:00:46 !!! [CE][offlineDB] :: Type 'YAR_87_Doors_hood_red' will be ignored. (Type does not exist. (Typo?))
12:00:46 !!! [CE][offlineDB] :: Type 'YAR_87_Doors_trunk_red' will be ignored. (Type does not exist. (Typo?))
12:00:46 !!! [CE][offlineDB] :: Type 'BMW_X5_Doors_hood ' will be ignored. (Type does not exist. (Typo?))
12:00:46 !!! [CE][offlineDB] :: Type 'BMW_X5_Doors_hood_black ' will be ignored. (Type does not exist. (Typo?))
12:00:46 !!! [CE][offlineDB] :: Type 'BMW_X5_Doors_hood_white ' will be ignored. (Type does not exist. (Typo?))
12:00:46 !!! [CE][offlineDB] :: Type 'BMW_X5_Doors_hood_red  ' will be ignored. (Type does not exist. (Typo?))
12:00:46 !!! [CE][offlineDB] :: Type 'BMW_X5_Doors_hood_flecktarn ' will be ignored. (Type does not exist. (Typo?))
12:00:46 !!! [CE][offlineDB] :: Type 'G65_Doors_Driver_camo' will be ignored. (Type does not exist. (Typo?))
12:00:46 !!! [CE][offlineDB] :: Type 'G65_Doors_coDriver_camo' will be ignored. (Type does not exist. (Typo?))
12:00:46 !!! [CE][offlineDB] :: Type 'G65_Doors_cargo1_camo' will be ignored. (Type does not exist. (Typo?))
12:00:46 !!! [CE][offlineDB] :: Type 'G65_Doors_cargo2_camo' will be ignored. (Type does not exist. (Typo?))
12:00:46 !!! [CE][offlineDB] :: Type 'G65_Doors_hood_camo' will be ignored. (Type does not exist. (Typo?))
12:00:46 !!! [CE][offlineDB] :: Type 'G65_Doors_trunk_camo' will be ignored. (Type does not exist. (Typo?))
12:00:46 !!! [CE][offlineDB] :: Type 'G65_Doors_Driver_medic' will be ignored. (Type does not exist. (Typo?))
12:00:46 !!! [CE][offlineDB] :: Type 'G65_Doors_coDriver_medic' will be ignored. (Type does not exist. (Typo?))
12:00:46 !!! [CE][offlineDB] :: Type 'G65_Doors_cargo1_medic' will be ignored. (Type does not exist. (Typo?))
12:00:46 !!! [CE][offlineDB] :: Type 'G65_Doors_cargo2_medic' will be ignored. (Type does not exist. (Typo?))
12:00:46 !!! [CE][offlineDB] :: Type 'G65_Doors_hood_medic' will be ignored. (Type does not exist. (Typo?))
12:00:46 !!! [CE][offlineDB] :: Type 'G65_Doors_trunk_medic' will be ignored. (Type does not exist. (Typo?))
12:00:46 !!! [CE][offlineDB] :: Type 'G65_Doors_Driver_military' will be ignored. (Type does not exist. (Typo?))
12:00:46 !!! [CE][offlineDB] :: Type 'G65_Doors_coDriver_military' will be ignored. (Type does not exist. (Typo?))
12:00:46 !!! [CE][offlineDB] :: Type 'G65_Doors_cargo1_military' will be ignored. (Type does not exist. (Typo?))
12:00:46 !!! [CE][offlineDB] :: Type 'G65_Doors_cargo2_military' will be ignored. (Type does not exist. (Typo?))
12:00:46 !!! [CE][offlineDB] :: Type 'G65_Doors_hood_military' will be ignored. (Type does not exist. (Typo?))
12:00:46 !!! [CE][offlineDB] :: Type 'G65_Doors_trunk_military' will be ignored. (Type does not exist. (Typo?))
12:00:46 !!! [CE][offlineDB] :: Type 'lightbar' will be ignored. (Type does not exist. (Typo?))
12:00:46 !!! [CE][offlineDB] :: Type 'G65_Doors_hood_black ' will be ignored. (Type does not exist. (Typo?))
12:00:46 !!! [CE][offlineDB] :: Type 'G65_Doors_Driver_military' will be ignored. (Type does not exist. (Typo?))
12:00:46 !!! [CE][offlineDB] :: Type 'G65_Doors_coDriver_military' will be ignored. (Type does not exist. (Typo?))
12:00:46 !!! [CE][offlineDB] :: Type 'G65_Doors_cargo1_military' will be ignored. (Type does not exist. (Typo?))
12:00:46 !!! [CE][offlineDB] :: Type 'G65_Doors_cargo2_military' will be ignored. (Type does not exist. (Typo?))
12:00:46 !!! [CE][offlineDB] :: Type 'G65_Doors_hood_military' will be ignored. (Type does not exist. (Typo?))
12:00:46 !!! [CE][offlineDB] :: Type 'G65_Doors_trunk_military' will be ignored. (Type does not exist. (Typo?))
12:00:46 !!! [CE][offlineDB] :: Type 'G65_Doors_Drive_medic' will be ignored. (Type does not exist. (Typo?))
12:00:46 !!! [CE][offlineDB] :: Type 'G65_Doors_coDriver_medic' will be ignored. (Type does not exist. (Typo?))
12:00:46 !!! [CE][offlineDB] :: Type 'G65_Doors_cargo1_medic' will be ignored. (Type does not exist. (Typo?))
12:00:46 !!! [CE][offlineDB] :: Type 'G65_Doors_cargo2_medic' will be ignored. (Type does not exist. (Typo?))
12:00:46 !!! [CE][offlineDB] :: Type 'G65_Doors_hood_medic' will be ignored. (Type does not exist. (Typo?))
12:00:46 !!! [CE][offlineDB] :: Type 'G65_Doors_trunk_medic' will be ignored. (Type does not exist. (Typo?))
12:00:46 !!! [CE][offlineDB] :: Type 'G65_Doors_Driver_camo' will be ignored. (Type does not exist. (Typo?))
12:00:46 !!! [CE][offlineDB] :: Type 'G65_Doors_coDriver_camo' will be ignored. (Type does not exist. (Typo?))
12:00:46 !!! [CE][offlineDB] :: Type 'G65_Doors_cargo1_camo' will be ignored. (Type does not exist. (Typo?))
12:00:46 !!! [CE][offlineDB] :: Type 'G65_Doors_cargo2_camo' will be ignored. (Type does not exist. (Typo?))
12:00:46 !!! [CE][offlineDB] :: Type 'G65_Doors_hood_camo ' will be ignored. (Type does not exist. (Typo?))
12:00:46 !!! [CE][offlineDB] :: Type 'G65_Doors_trunk_camo' will be ignored. (Type does not exist. (Typo?))
12:00:46 !!! [CE][offlineDB] :: Type 'Interceptor_Doors_Driver_ermoxa' will be ignored. (Type does not exist. (Typo?))
12:00:46 !!! [CE][offlineDB] :: Type 'Interceptor_Doors_coDriver_ermoxa' will be ignored. (Type does not exist. (Typo?))
12:00:46 !!! [CE][offlineDB] :: Type 'Interceptor_Doors_hood_ermoxa' will be ignored. (Type does not exist. (Typo?))
12:00:46 !!! [CE][offlineDB] :: Type 'Interceptor_Doors_Driver_union' will be ignored. (Type does not exist. (Typo?))
12:00:46 !!! [CE][offlineDB] :: Type 'Interceptor_Doors_coDriver_union' will be ignored. (Type does not exist. (Typo?))
12:00:46 !!! [CE][offlineDB] :: Type 'Interceptor_Doors_hood_union' will be ignored. (Type does not exist. (Typo?))
12:00:46 !!! [CE][offlineDB] :: Type 'Interceptor_Doors_Driver_Zamb' will be ignored. (Type does not exist. (Typo?))
12:00:46 !!! [CE][offlineDB] :: Type 'Interceptor_Doors_coDriver_Zamb' will be ignored. (Type does not exist. (Typo?))
12:00:46 !!! [CE][offlineDB] :: Type 'Interceptor_Doors_hood_Zamb' will be ignored. (Type does not exist. (Typo?))
12:00:46 !!! [CE][offlineDB] :: Type 'Interceptor_Doors_Driver_Doza' will be ignored. (Type does not exist. (Typo?))
12:00:46 !!! [CE][offlineDB] :: Type 'Interceptor_Doors_coDriver_Doza' will be ignored. (Type does not exist. (Typo?))
12:00:46 !!! [CE][offlineDB] :: Type 'Interceptor_Doors_hood_Doza' will be ignored. (Type does not exist. (Typo?))
12:00:46 !!! [CE][offlineDB] :: Type 'Buggy_Doors_Driver_Black' will be ignored. (Type does not exist. (Typo?))
12:00:46 !!! [CE][offlineDB] :: Type 'Buggy_Doors_coDriver_Black' will be ignored. (Type does not exist. (Typo?))
12:00:46 !!! [CE][offlineDB] :: Type 'BMP3_Doors_Driver' will be ignored. (Type does not exist. (Typo?))
12:00:46 !!! [CE][offlineDB] :: Type 'BMP3_Doors_coDriver' will be ignored. (Type does not exist. (Typo?))
12:00:46 !!! [CE][offlineDB] :: Type 'BMP3_Doors_hood' will be ignored. (Type does not exist. (Typo?))
12:00:46 !!! [CE][offlineDB] :: Type 'BMP3_Doors_Driver_RUST' will be ignored. (Type does not exist. (Typo?))
12:00:46 !!! [CE][offlineDB] :: Type 'BMP3_Doors_coDriver_RUST' will be ignored. (Type does not exist. (Typo?))
12:00:46 !!! [CE][offlineDB] :: Type 'BMP3_Doors_hood_RUST' will be ignored. (Type does not exist. (Typo?))
12:00:46 !!! [CE][offlineDB] :: Type 'BMP3_Doors_Driver_WINTER' will be ignored. (Type does not exist. (Typo?))
12:00:46 !!! [CE][offlineDB] :: Type 'BMP3_Doors_coDriver_WINTER' will be ignored. (Type does not exist. (Typo?))
12:00:46 !!! [CE][offlineDB] :: Type 'BMP3_Doors_hood_WINTER' will be ignored. (Type does not exist. (Typo?))
12:00:46 !!! [CE][offlineDB] :: Type 'BMP3_Doors_Driver_Pixel' will be ignored. (Type does not exist. (Typo?))
12:00:46 !!! [CE][offlineDB] :: Type 'BMP3_Doors_coDriver_Pixel' will be ignored. (Type does not exist. (Typo?))
12:00:46 !!! [CE][offlineDB] :: Type 'BMP3_Doors_hood_Pixel' will be ignored. (Type does not exist. (Typo?))
12:00:46 !!! [CE][offlineDB] :: Type 'BMP3_Doors_Driver_Woodland' will be ignored. (Type does not exist. (Typo?))
12:00:46 !!! [CE][offlineDB] :: Type 'BMP3_Doors_coDriver_Woodland' will be ignored. (Type does not exist. (Typo?))
12:00:46 !!! [CE][offlineDB] :: Type 'BMP3_Doors_hood_Woodland' will be ignored. (Type does not exist. (Typo?))
12:00:46 !!! [CE][offlineDB] :: Type 'AmmoRoket' will be ignored. (Not spawnable. (Scope is not public?))
12:00:46 !!! [CE][offlineDB] :: Type 'BMP3_Wheel' will be ignored. (Type does not exist. (Typo?))
12:00:46 !!! [CE][offlineDB] :: Type 'BMW_White_rust' will be ignored. (Type does not exist. (Typo?))
12:00:46 !!! [CE][offlineDB] :: Type 'BMW_Doors_Driver_white_rust' will be ignored. (Type does not exist. (Typo?))
12:00:46 !!! [CE][offlineDB] :: Type 'BMW_Doors_coDriver_white_rust' will be ignored. (Type does not exist. (Typo?))
12:00:46 !!! [CE][offlineDB] :: Type 'BMW_Doors_cargo1_white_rust' will be ignored. (Type does not exist. (Typo?))
12:00:46 !!! [CE][offlineDB] :: Type 'BMW_Doors_cargo2_white_rust' will be ignored. (Type does not exist. (Typo?))
12:00:46 !!! [CE][offlineDB] :: Type 'BMW_Doors_hood_white_rust' will be ignored. (Type does not exist. (Typo?))
12:00:46 !!! [CE][offlineDB] :: Type 'BMW_Doors_trunk_white_rust' will be ignored. (Type does not exist. (Typo?))
12:00:46 !!! [CE][offlineDB] :: Type 'BMW_Doors_Driver_black_rust' will be ignored. (Type does not exist. (Typo?))
12:00:46 !!! [CE][offlineDB] :: Type 'BMW_Doors_coDriver_black_rust' will be ignored. (Type does not exist. (Typo?))
12:00:46 !!! [CE][offlineDB] :: Type 'BMW_Doors_cargo1_black_rust' will be ignored. (Type does not exist. (Typo?))
12:00:46 !!! [CE][offlineDB] :: Type 'BMW_Doors_cargo2_black_rust' will be ignored. (Type does not exist. (Typo?))
12:00:46 !!! [CE][offlineDB] :: Type 'BMW_Doors_hood_black_rust' will be ignored. (Type does not exist. (Typo?))
12:00:46 !!! [CE][offlineDB] :: Type 'BMW_Doors_trunk_black_rust' will be ignored. (Type does not exist. (Typo?))
12:00:46 !!! [CE][offlineDB] :: Type 'BMW_Doors_Driver_red_rust' will be ignored. (Type does not exist. (Typo?))
12:00:46 !!! [CE][offlineDB] :: Type 'BMW_Doors_coDriver_red_rust' will be ignored. (Type does not exist. (Typo?))
12:00:46 !!! [CE][offlineDB] :: Type 'BMW_Doors_cargo1_red_rust' will be ignored. (Type does not exist. (Typo?))
12:00:46 !!! [CE][offlineDB] :: Type 'BMW_Doors_cargo2_red_rust' will be ignored. (Type does not exist. (Typo?))
12:00:46 !!! [CE][offlineDB] :: Type 'BMW_Doors_hood_red_rust' will be ignored. (Type does not exist. (Typo?))
12:00:46 !!! [CE][offlineDB] :: Type 'BMW_Doors_trunk_red_rust' will be ignored. (Type does not exist. (Typo?))
12:00:46 !!! [CE][offlineDB] :: Type 'BMW_Doors_Driver_green_rust' will be ignored. (Type does not exist. (Typo?))
12:00:46 !!! [CE][offlineDB] :: Type 'BMW_Doors_coDriver_green_rust' will be ignored. (Type does not exist. (Typo?))
12:00:46 !!! [CE][offlineDB] :: Type 'BMW_Doors_cargo1_green_rust' will be ignored. (Type does not exist. (Typo?))
12:00:46 !!! [CE][offlineDB] :: Type 'BMW_Doors_cargo2_green_rust' will be ignored. (Type does not exist. (Typo?))
12:00:46 !!! [CE][offlineDB] :: Type 'BMW_Doors_hood_green_rust' will be ignored. (Type does not exist. (Typo?))
12:00:46 !!! [CE][offlineDB] :: Type 'BMW_Doors_trunk_green_rust' will be ignored. (Type does not exist. (Typo?))
12:00:46 !!! [CE][offlineDB] :: Type 'BMW_Doors_Driver_lightgreen_rust' will be ignored. (Type does not exist. (Typo?))
12:00:46 !!! [CE][offlineDB] :: Type 'BMW_Doors_coDriver_lightgreen_rust' will be ignored. (Type does not exist. (Typo?))
12:00:46 !!! [CE][offlineDB] :: Type 'BMW_Doors_cargo1_lightgreen_rust' will be ignored. (Type does not exist. (Typo?))
12:00:46 !!! [CE][offlineDB] :: Type 'BMW_Doors_cargo2_lightgreen_rust' will be ignored. (Type does not exist. (Typo?))
12:00:46 !!! [CE][offlineDB] :: Type 'BMW_Doors_hood_lightgreen_rust' will be ignored. (Type does not exist. (Typo?))
12:00:46 !!! [CE][offlineDB] :: Type 'BMW_Doors_trunk_lightgreen_rust' will be ignored. (Type does not exist. (Typo?))
12:00:46 !!! [CE][offlineDB] :: Type 'Kamaz_Typhoon_Tent' will be ignored. (Type does not exist. (Typo?))
12:00:46 !!! [CE][offlineDB] :: Type 'Kamaz_Typhoon_Tent_white' will be ignored. (Type does not exist. (Typo?))
12:00:46 !!! [CE][offlineDB] :: Type 'Kamaz_Typhoon_Tent_green' will be ignored. (Type does not exist. (Typo?))
12:00:46 !!! [CE][offlineDB] :: Type 'Kamaz_Typhoon_Tent_black' will be ignored. (Type does not exist. (Typo?))
12:00:46 !!! [CE][offlineDB] :: Type 'Kamaz_Typhoon_Tent_rust' will be ignored. (Type does not exist. (Typo?))
12:00:46 !!! [CE][offlineDB] :: Type 'Kamaz_Typhoon_Tent_flecktarn' will be ignored. (Type does not exist. (Typo?))
12:00:46 !!! [CE][offlineDB] :: Type 'PONTIAC_Doors_hood_rust' will be ignored. (Type does not exist. (Typo?))
12:00:46 !!! [CE][offlineDB] :: Type 'Range_Rover_Doors_Driver_camo' will be ignored. (Type does not exist. (Typo?))
12:00:46 !!! [CE][offlineDB] :: Type 'Range_Rover_Doors_coDriver_camo' will be ignored. (Type does not exist. (Typo?))
12:00:46 !!! [CE][offlineDB] :: Type 'Range_Rover_Doors_cargo1_camo' will be ignored. (Type does not exist. (Typo?))
12:00:46 !!! [CE][offlineDB] :: Type 'Range_Rover_Doors_cargo2_camo' will be ignored. (Type does not exist. (Typo?))
12:00:46 !!! [CE][offlineDB] :: Type 'Range_Rover_Doors_hood_camo' will be ignored. (Type does not exist. (Typo?))
12:00:46 !!! [CE][offlineDB] :: Type 'Range_Rover_Doors_trunk_camo' will be ignored. (Type does not exist. (Typo?))
12:00:46 !!! [CE][offlineDB] :: Type 'Range_Rover_Doors_Driver_light_green' will be ignored. (Type does not exist. (Typo?))
12:00:46 !!! [CE][offlineDB] :: Type 'Range_Rover_Doors_coDriver_light_green' will be ignored. (Type does not exist. (Typo?))
12:00:46 !!! [CE][offlineDB] :: Type 'Range_Rover_Doors_cargo1_light_green' will be ignored. (Type does not exist. (Typo?))
12:00:46 !!! [CE][offlineDB] :: Type 'Range_Rover_Doors_cargo2_light_green' will be ignored. (Type does not exist. (Typo?))
12:00:46 !!! [CE][offlineDB] :: Type 'Range_Rover_Doors_hood_light_green' will be ignored. (Type does not exist. (Typo?))
12:00:46 !!! [CE][offlineDB] :: Type 'Range_Rover_Doors_trunk_light_green' will be ignored. (Type does not exist. (Typo?))
12:00:46 [CE][DE][SPAWNS] :: Total positions: 129
12:00:46 [CE][DE][GROUPS] :: Total eventgroups defined: 0, Eventgroups in use: 0
12:00:46 [CE][Storage] ver:21 stamp:1060, valid:yes, name:"C:\Users\rylic\Documents\Namalsk\servers\Production\mpmissions\hardcore.namalsk\storage_1\data\events.bin"
12:00:46 [CE][Storage] ver:21 stamp:949, valid:yes, name:"C:\Users\rylic\Documents\Namalsk\servers\Production\mpmissions\hardcore.namalsk\storage_1\data\events.001"
12:00:46 [CE][Storage] ver:21 stamp:947, valid:yes, name:"C:\Users\rylic\Documents\Namalsk\servers\Production\mpmissions\hardcore.namalsk\storage_1\data\events.002"
12:00:46 [CE][Storage] Restoring file "C:\Users\rylic\Documents\Namalsk\servers\Production\mpmissions\hardcore.namalsk\storage_1\data\events.bin".
12:00:46 [CE][DynamicEvent] Load  Events:[17] Primary spawners: 17 Secondary spawners: 0
12:00:46 [CE][Storage] ver:25 stamp:1060, valid:yes, name:"C:\Users\rylic\Documents\Namalsk\servers\Production\mpmissions\hardcore.namalsk\storage_1\data\dynamic_000.bin"
12:00:46 [CE][Storage] ver:25 stamp:949, valid:yes, name:"C:\Users\rylic\Documents\Namalsk\servers\Production\mpmissions\hardcore.namalsk\storage_1\data\dynamic_000.001"
12:00:46 [CE][Storage] ver:25 stamp:947, valid:yes, name:"C:\Users\rylic\Documents\Namalsk\servers\Production\mpmissions\hardcore.namalsk\storage_1\data\dynamic_000.002"
12:00:46 [CE][Storage] Restoring file "C:\Users\rylic\Documents\Namalsk\servers\Production\mpmissions\hardcore.namalsk\storage_1\data\dynamic_000.bin" 1 items.
12:00:46   1 items loaded. (0 failed)
12:00:46 [CE][Storage] ver:25 stamp:1060, valid:yes, name:"C:\Users\rylic\Documents\Namalsk\servers\Production\mpmissions\hardcore.namalsk\storage_1\data\dynamic_001.bin"
12:00:46 [CE][Storage] ver:25 stamp:949, valid:yes, name:"C:\Users\rylic\Documents\Namalsk\servers\Production\mpmissions\hardcore.namalsk\storage_1\data\dynamic_001.001"
12:00:46 [CE][Storage] ver:25 stamp:947, valid:yes, name:"C:\Users\rylic\Documents\Namalsk\servers\Production\mpmissions\hardcore.namalsk\storage_1\data\dynamic_001.002"
12:00:46 [CE][Storage] Restoring file "C:\Users\rylic\Documents\Namalsk\servers\Production\mpmissions\hardcore.namalsk\storage_1\data\dynamic_001.bin" 31 items.
12:00:46   31 items loaded. (0 failed)
12:00:46 [CE][Storage] ver:25 stamp:1060, valid:yes, name:"C:\Users\rylic\Documents\Namalsk\servers\Production\mpmissions\hardcore.namalsk\storage_1\data\dynamic_002.bin"
12:00:46 [CE][Storage] ver:25 stamp:949, valid:yes, name:"C:\Users\rylic\Documents\Namalsk\servers\Production\mpmissions\hardcore.namalsk\storage_1\data\dynamic_002.001"
12:00:46 [CE][Storage] ver:25 stamp:947, valid:yes, name:"C:\Users\rylic\Documents\Namalsk\servers\Production\mpmissions\hardcore.namalsk\storage_1\data\dynamic_002.002"
12:00:46 [CE][Storage] Restoring file "C:\Users\rylic\Documents\Namalsk\servers\Production\mpmissions\hardcore.namalsk\storage_1\data\dynamic_002.bin" 80 items.
12:00:46   80 items loaded. (0 failed)
12:00:46 [CE][Storage] ver:25 stamp:1060, valid:yes, name:"C:\Users\rylic\Documents\Namalsk\servers\Production\mpmissions\hardcore.namalsk\storage_1\data\dynamic_003.bin"
12:00:46 [CE][Storage] ver:25 stamp:949, valid:yes, name:"C:\Users\rylic\Documents\Namalsk\servers\Production\mpmissions\hardcore.namalsk\storage_1\data\dynamic_003.001"
12:00:46 [CE][Storage] ver:25 stamp:947, valid:yes, name:"C:\Users\rylic\Documents\Namalsk\servers\Production\mpmissions\hardcore.namalsk\storage_1\data\dynamic_003.002"
12:00:46 [CE][Storage] Restoring file "C:\Users\rylic\Documents\Namalsk\servers\Production\mpmissions\hardcore.namalsk\storage_1\data\dynamic_003.bin" 970 items.
12:00:46   970 items loaded. (0 failed)
12:00:46 [CE][Storage] ver:25 stamp:1060, valid:yes, name:"C:\Users\rylic\Documents\Namalsk\servers\Production\mpmissions\hardcore.namalsk\storage_1\data\dynamic_004.bin"
12:00:46 [CE][Storage] ver:25 stamp:949, valid:yes, name:"C:\Users\rylic\Documents\Namalsk\servers\Production\mpmissions\hardcore.namalsk\storage_1\data\dynamic_004.001"
12:00:46 [CE][Storage] ver:25 stamp:947, valid:yes, name:"C:\Users\rylic\Documents\Namalsk\servers\Production\mpmissions\hardcore.namalsk\storage_1\data\dynamic_004.002"
12:00:46 [CE][Storage] Restoring file "C:\Users\rylic\Documents\Namalsk\servers\Production\mpmissions\hardcore.namalsk\storage_1\data\dynamic_004.bin" 2032 items.
12:00:47   2032 items loaded. (0 failed)
12:00:47 [CE][Storage] ver:25 stamp:1060, valid:yes, name:"C:\Users\rylic\Documents\Namalsk\servers\Production\mpmissions\hardcore.namalsk\storage_1\data\dynamic_005.bin"
12:00:47 [CE][Storage] ver:25 stamp:949, valid:yes, name:"C:\Users\rylic\Documents\Namalsk\servers\Production\mpmissions\hardcore.namalsk\storage_1\data\dynamic_005.001"
12:00:47 [CE][Storage] ver:25 stamp:947, valid:yes, name:"C:\Users\rylic\Documents\Namalsk\servers\Production\mpmissions\hardcore.namalsk\storage_1\data\dynamic_005.002"
12:00:47 [CE][Storage] Restoring file "C:\Users\rylic\Documents\Namalsk\servers\Production\mpmissions\hardcore.namalsk\storage_1\data\dynamic_005.bin" 715 items.
12:00:47   715 items loaded. (0 failed)
12:00:47 [CE][Storage] ver:25 stamp:1060, valid:yes, name:"C:\Users\rylic\Documents\Namalsk\servers\Production\mpmissions\hardcore.namalsk\storage_1\data\dynamic_006.bin"
12:00:47 [CE][Storage] ver:25 stamp:949, valid:yes, name:"C:\Users\rylic\Documents\Namalsk\servers\Production\mpmissions\hardcore.namalsk\storage_1\data\dynamic_006.001"
12:00:47 [CE][Storage] ver:25 stamp:947, valid:yes, name:"C:\Users\rylic\Documents\Namalsk\servers\Production\mpmissions\hardcore.namalsk\storage_1\data\dynamic_006.002"
12:00:47 [CE][Storage] Restoring file "C:\Users\rylic\Documents\Namalsk\servers\Production\mpmissions\hardcore.namalsk\storage_1\data\dynamic_006.bin" 2358 items.
12:00:48   2358 items loaded. (0 failed)
12:00:48 [CE][Storage] ver:25 stamp:1060, valid:yes, name:"C:\Users\rylic\Documents\Namalsk\servers\Production\mpmissions\hardcore.namalsk\storage_1\data\dynamic_007.bin"
12:00:48 [CE][Storage] ver:25 stamp:949, valid:yes, name:"C:\Users\rylic\Documents\Namalsk\servers\Production\mpmissions\hardcore.namalsk\storage_1\data\dynamic_007.001"
12:00:48 [CE][Storage] ver:25 stamp:947, valid:yes, name:"C:\Users\rylic\Documents\Namalsk\servers\Production\mpmissions\hardcore.namalsk\storage_1\data\dynamic_007.002"
12:00:48 [CE][Storage] Restoring file "C:\Users\rylic\Documents\Namalsk\servers\Production\mpmissions\hardcore.namalsk\storage_1\data\dynamic_007.bin" 737 items.
12:00:48   737 items loaded. (0 failed)
12:00:48 [CE][Storage] ver:25 stamp:1060, valid:yes, name:"C:\Users\rylic\Documents\Namalsk\servers\Production\mpmissions\hardcore.namalsk\storage_1\data\dynamic_008.bin"
12:00:48 [CE][Storage] ver:25 stamp:949, valid:yes, name:"C:\Users\rylic\Documents\Namalsk\servers\Production\mpmissions\hardcore.namalsk\storage_1\data\dynamic_008.001"
12:00:48 [CE][Storage] ver:25 stamp:947, valid:yes, name:"C:\Users\rylic\Documents\Namalsk\servers\Production\mpmissions\hardcore.namalsk\storage_1\data\dynamic_008.002"
12:00:48 [CE][Storage] Restoring file "C:\Users\rylic\Documents\Namalsk\servers\Production\mpmissions\hardcore.namalsk\storage_1\data\dynamic_008.bin" 165 items.
12:00:48   165 items loaded. (0 failed)
12:00:48 [CE][Storage] ver:25 stamp:1060, valid:yes, name:"C:\Users\rylic\Documents\Namalsk\servers\Production\mpmissions\hardcore.namalsk\storage_1\data\dynamic_009.bin"
12:00:48 [CE][Storage] ver:25 stamp:949, valid:yes, name:"C:\Users\rylic\Documents\Namalsk\servers\Production\mpmissions\hardcore.namalsk\storage_1\data\dynamic_009.001"
12:00:48 [CE][Storage] ver:25 stamp:947, valid:yes, name:"C:\Users\rylic\Documents\Namalsk\servers\Production\mpmissions\hardcore.namalsk\storage_1\data\dynamic_009.002"
12:00:48 [CE][Storage] Restoring file "C:\Users\rylic\Documents\Namalsk\servers\Production\mpmissions\hardcore.namalsk\storage_1\data\dynamic_009.bin" 0 items.
12:00:48   0 items loaded. (0 failed)
12:00:48 [CE][Storage] ver:25 stamp:1060, valid:yes, name:"C:\Users\rylic\Documents\Namalsk\servers\Production\mpmissions\hardcore.namalsk\storage_1\data\dynamic_010.bin"
12:00:48 [CE][Storage] ver:25 stamp:949, valid:yes, name:"C:\Users\rylic\Documents\Namalsk\servers\Production\mpmissions\hardcore.namalsk\storage_1\data\dynamic_010.001"
12:00:48 [CE][Storage] ver:25 stamp:947, valid:yes, name:"C:\Users\rylic\Documents\Namalsk\servers\Production\mpmissions\hardcore.namalsk\storage_1\data\dynamic_010.002"
12:00:48 [CE][Storage] Restoring file "C:\Users\rylic\Documents\Namalsk\servers\Production\mpmissions\hardcore.namalsk\storage_1\data\dynamic_010.bin" 45 items.
12:00:48   45 items loaded. (0 failed)
12:00:48 [CE][Storage] ver:25 stamp:1060, valid:yes, name:"C:\Users\rylic\Documents\Namalsk\servers\Production\mpmissions\hardcore.namalsk\storage_1\data\dynamic_011.bin"
12:00:48 [CE][Storage] ver:25 stamp:949, valid:yes, name:"C:\Users\rylic\Documents\Namalsk\servers\Production\mpmissions\hardcore.namalsk\storage_1\data\dynamic_011.001"
12:00:48 [CE][Storage] ver:25 stamp:947, valid:yes, name:"C:\Users\rylic\Documents\Namalsk\servers\Production\mpmissions\hardcore.namalsk\storage_1\data\dynamic_011.002"
12:00:48 [CE][Storage] Restoring file "C:\Users\rylic\Documents\Namalsk\servers\Production\mpmissions\hardcore.namalsk\storage_1\data\dynamic_011.bin" 55 items.
12:00:48   55 items loaded. (0 failed)
12:00:48 [CE][Storage] ver:26 stamp:1060, valid:yes, name:"C:\Users\rylic\Documents\Namalsk\servers\Production\mpmissions\hardcore.namalsk\storage_1\data\building.bin"
12:00:48 [CE][Storage] ver:26 stamp:949, valid:yes, name:"C:\Users\rylic\Documents\Namalsk\servers\Production\mpmissions\hardcore.namalsk\storage_1\data\building.001"
12:00:48 [CE][Storage] ver:26 stamp:947, valid:yes, name:"C:\Users\rylic\Documents\Namalsk\servers\Production\mpmissions\hardcore.namalsk\storage_1\data\building.002"
12:00:48 [CE][Storage] Restoring file "C:\Users\rylic\Documents\Namalsk\servers\Production\mpmissions\hardcore.namalsk\storage_1\data\building.bin" 0 items.
12:00:48   0 items loaded. (0 failed)
12:00:48 [CE][Storage] ver:25 stamp:1060, valid:yes, name:"C:\Users\rylic\Documents\Namalsk\servers\Production\mpmissions\hardcore.namalsk\storage_1\data\vehicles.bin"
12:00:48 [CE][Storage] ver:25 stamp:949, valid:yes, name:"C:\Users\rylic\Documents\Namalsk\servers\Production\mpmissions\hardcore.namalsk\storage_1\data\vehicles.001"
12:00:48 [CE][Storage] ver:25 stamp:947, valid:yes, name:"C:\Users\rylic\Documents\Namalsk\servers\Production\mpmissions\hardcore.namalsk\storage_1\data\vehicles.002"
12:00:48 [CE][Storage] Restoring file "C:\Users\rylic\Documents\Namalsk\servers\Production\mpmissions\hardcore.namalsk\storage_1\data\vehicles.bin" 49 items.
12:00:48   49 items loaded. (0 failed)
12:00:49 [CE][Hive] :: Storage load took:3.05 seconds, recovery stamp:1060
12:00:49   entity: 7624, building: 0
12:00:49   pathgraph's: 91
12:00:49 [CE][Hive] :: Initializing ... 
12:00:49 [CE][InitializeMap] :: initialized: 0
12:00:49 [CE][Hive] :: Initializing spawners ... 
12:00:49 [CE][LootRespawner] (PRIDummy) :: Initially (re)spawned:0, Nominal:9612, Total in Map: 7264 at 0 (sec)
12:00:49   tests:0, repeats:0 fails:0, overtime:0
12:00:49 [CE][DynEvent] :: 17 types
12:00:49 [00] Loot
12:00:49   Primary Spawner: "Loot", active: yes, repeat: 2
12:00:49 [01] StaticMedDrop
12:00:49   Primary Spawner: "Static", active: yes, repeat: 1
12:00:49 [02] StaticLifeboat
12:00:49   Primary Spawner: "Static", active: yes, repeat: 1
12:00:49 [03] TrajectoryStones
12:00:49   Primary Spawner: "Trajectory", active: yes, repeat: 1
12:00:49 [04] InfectedSanta
12:00:49   Primary Spawner: "Infected", active: yes, repeat: 1
12:00:49 [05] InfectedArmy
12:00:49   Primary Spawner: "Infected", active: yes, repeat: 1
12:00:49 [06] InfectedIndustrial
12:00:49   Primary Spawner: "Infected", active: yes, repeat: 1
12:00:49 [07] InfectedCivil
12:00:49   Primary Spawner: "Infected", active: yes, repeat: 1
12:00:49 [08] InfectedMedic
12:00:49   Primary Spawner: "Infected", active: yes, repeat: 1
12:00:49 [09] AnimalGoat
12:00:49   Primary Spawner: "Animal", active: yes, repeat: 1
12:00:49 [10] AnimalSheep
12:00:49   Primary Spawner: "Animal", active: yes, repeat: 1
12:00:49 [11] AnimalRoeDeer
12:00:49   Primary Spawner: "Animal", active: yes, repeat: 1
12:00:49 [12] AnimalDeer
12:00:49   Primary Spawner: "Animal", active: yes, repeat: 1
12:00:49 [13] AnimalWildBoar
12:00:49   Primary Spawner: "Animal", active: yes, repeat: 1
12:00:49 [14] AnimalWolf
12:00:49   Primary Spawner: "Animal", active: yes, repeat: 1
12:00:49 [15] AnimalBrownBear
12:00:49   Primary Spawner: "Animal", active: yes, repeat: 1
12:00:49 [16] AnimalPolarBear
12:00:49   Primary Spawner: "Animal", active: yes, repeat: 1
12:00:49 [CE][Hive] :: Initializing of spawners done.
12:00:49 [CE][Hive] :: Init sequence finished.
12:00:49 Player connect enabled
12:00:49 Mission read.
12:00:49 Connected to Steam
12:00:49 Steam policy response
12:00:49 BattlEye Server: RCon admin #0 (5.161.42.56:58012) logged in
12:00:49 Average server FPS: 0.26 (measured interval: 10 s)
12:00:49 [IdleMode] Entering IN - save processed
12:00:56 BattlEye Server: RCon admin #1 (5.161.42.56:47296) logged in
12:00:56 [UNLOCK] Server was unlocked.
12:00:56 BattlEye Server: Command received: #unlock Result: OK
12:00:59 Average server FPS: 13776.60 (measured interval: 10 s)
12:01:09 Average server FPS: 16380.30 (measured interval: 10 s)
12:01:19 Average server FPS: 11366.70 (measured interval: 10 s)
12:01:29 Average server FPS: 19119.30 (measured interval: 10 s)
12:01:39 Average server FPS: 19698.20 (measured interval: 10 s)
12:01:49 Average server FPS: 19666.20 (measured interval: 10 s)
12:01:59 Average server FPS: 19662.60 (measured interval: 10 s)
12:02:09 Average server FPS: 19654.00 (measured interval: 10 s)
12:02:19 Average server FPS: 19718.80 (measured interval: 10 s)
12:02:29 Average server FPS: 19718.00 (measured interval: 10 s)
12:02:39 Average server FPS: 19771.40 (measured interval: 10 s)
12:02:49 Average server FPS: 19760.10 (measured interval: 10 s)
12:02:59 Average server FPS: 19738.40 (measured interval: 10 s)
12:03:09 Average server FPS: 19688.90 (measured interval: 10 s)
12:03:19 Average server FPS: 19722.40 (measured interval: 10 s)
12:03:29 Average server FPS: 19700.10 (measured interval: 10 s)
12:03:39 Average server FPS: 19784.00 (measured interval: 10 s)
12:03:49 Average server FPS: 19790.90 (measured interval: 10 s)
12:03:56 BattlEye Server: RCon admin #1: (Global) Under Construction Unitl 2.11.24!
12:03:59 Average server FPS: 19750.00 (measured interval: 10 s)
12:04:09 Average server FPS: 19700.20 (measured interval: 10 s)
12:04:19 Average server FPS: 19710.60 (measured interval: 10 s)
12:04:29 Average server FPS: 19729.10 (measured interval: 10 s)
12:04:39 Average server FPS: 19732.50 (measured interval: 10 s)
12:04:49 Average server FPS: 19550.60 (measured interval: 10 s)
12:04:59 Average server FPS: 19043.70 (measured interval: 10 s)
12:05:09 Average server FPS: 19342.60 (measured interval: 10 s)
12:05:19 Average server FPS: 19345.90 (measured interval: 10 s)
12:05:29 Average server FPS: 19728.20 (measured interval: 10 s)
12:05:39 Average server FPS: 19698.40 (measured interval: 10 s)
12:05:49 Average server FPS: 19730.70 (measured interval: 10 s)
12:05:59 Average server FPS: 19722.70 (measured interval: 10 s)
12:06:09 Average server FPS: 19690.20 (measured interval: 10 s)
12:06:19 Average server FPS: 19772.60 (measured interval: 10 s)
12:06:29 Average server FPS: 19683.30 (measured interval: 10 s)
12:06:39 Average server FPS: 19679.30 (measured interval: 10 s)
12:06:49 Average server FPS: 19662.60 (measured interval: 10 s)
12:06:59 Average server FPS: 19632.80 (measured interval: 10 s)
12:07:09 Average server FPS: 19672.70 (measured interval: 10 s)
12:07:19 Average server FPS: 19665.20 (measured interval: 10 s)
12:07:29 Average server FPS: 19662.80 (measured interval: 10 s)
12:07:39 Average server FPS: 19644.60 (measured interval: 10 s)
12:07:49 Average server FPS: 19643.10 (measured interval: 10 s)
12:07:59 Average server FPS: 19590.20 (measured interval: 10 s)
12:08:09 Average server FPS: 19613.70 (measured interval: 10 s)
12:08:19 Average server FPS: 19615.00 (measured interval: 10 s)
12:08:29 Average server FPS: 19647.10 (measured interval: 10 s)
12:08:39 Average server FPS: 19674.40 (measured interval: 10 s)
12:08:49 Average server FPS: 19669.70 (measured interval: 10 s)
12:08:59 Average server FPS: 19612.10 (measured interval: 10 s)
12:09:09 Average server FPS: 19576.60 (measured interval: 10 s)
12:09:19 Average server FPS: 19652.80 (measured interval: 10 s)
12:09:29 Average server FPS: 19638.00 (measured interval: 10 s)
12:09:39 Average server FPS: 19819.40 (measured interval: 10 s)
12:09:49 Average server FPS: 19825.90 (measured interval: 10 s)
12:09:59 Average server FPS: 19808.40 (measured interval: 10 s)
12:10:09 Average server FPS: 19795.10 (measured interval: 10 s)
12:10:19 Average server FPS: 19807.00 (measured interval: 10 s)
12:10:29 Average server FPS: 19797.00 (measured interval: 10 s)
12:10:39 Average server FPS: 19852.80 (measured interval: 10 s)
12:10:49 Average server FPS: 19787.00 (measured interval: 10 s)
12:10:59 Average server FPS: 19569.50 (measured interval: 10 s)
12:11:09 Average server FPS: 19578.80 (measured interval: 10 s)
12:11:19 Average server FPS: 19589.70 (measured interval: 10 s)
12:11:29 Average server FPS: 19627.40 (measured interval: 10 s)
12:11:39 Average server FPS: 19610.60 (measured interval: 10 s)
12:11:49 Average server FPS: 19663.70 (measured interval: 10 s)
12:11:59 Average server FPS: 19645.40 (measured interval: 10 s)
12:12:09 Average server FPS: 19636.30 (measured interval: 10 s)
12:12:19 Average server FPS: 19620.70 (measured interval: 10 s)
12:12:29 Average server FPS: 19589.70 (measured interval: 10 s)
12:12:39 Average server FPS: 19529.30 (measured interval: 10 s)
12:12:49 Average server FPS: 19642.00 (measured interval: 10 s)
12:12:59 Average server FPS: 19601.70 (measured interval: 10 s)
12:13:09 Average server FPS: 19565.40 (measured interval: 10 s)
12:13:19 Average server FPS: 19593.40 (measured interval: 10 s)
12:13:29 Average server FPS: 19606.80 (measured interval: 10 s)
12:13:39 Average server FPS: 19636.30 (measured interval: 10 s)
12:13:49 Average server FPS: 19651.80 (measured interval: 10 s)
12:13:59 Average server FPS: 19596.70 (measured interval: 10 s)
12:14:09 Average server FPS: 19356.10 (measured interval: 10 s)
12:14:19 Average server FPS: 19433.70 (measured interval: 10 s)
12:14:29 Average server FPS: 19642.60 (measured interval: 10 s)
12:14:39 Average server FPS: 19633.10 (measured interval: 10 s)
12:14:49 Average server FPS: 19569.70 (measured interval: 10 s)
12:14:59 Average server FPS: 19009.70 (measured interval: 10 s)
12:15:09 Average server FPS: 19188.50 (measured interval: 10 s)
12:15:19 Average server FPS: 19172.40 (measured interval: 10 s)
12:15:29 Average server FPS: 19584.00 (measured interval: 10 s)
12:15:39 Average server FPS: 19624.40 (measured interval: 10 s)
12:15:49 Average server FPS: 19617.60 (measured interval: 10 s)
12:15:59 Average server FPS: 19609.50 (measured interval: 10 s)
12:16:09 Average server FPS: 19589.60 (measured interval: 10 s)
12:16:19 Average server FPS: 19499.20 (measured interval: 10 s)
12:16:29 Average server FPS: 19510.30 (measured interval: 10 s)
12:16:39 Average server FPS: 19617.50 (measured interval: 10 s)
12:16:49 Average server FPS: 19615.30 (measured interval: 10 s)
12:16:59 Average server FPS: 19530.70 (measured interval: 10 s)
12:17:09 Average server FPS: 19601.90 (measured interval: 10 s)
12:17:19 Average server FPS: 19621.00 (measured interval: 10 s)
12:17:29 Average server FPS: 19659.10 (measured interval: 10 s)
12:17:39 Average server FPS: 19613.20 (measured interval: 10 s)
12:17:49 Average server FPS: 19546.70 (measured interval: 10 s)
12:17:59 Average server FPS: 19566.30 (measured interval: 10 s)
12:18:09 Average server FPS: 19612.30 (measured interval: 10 s)
12:18:19 Average server FPS: 19618.00 (measured interval: 10 s)
12:18:29 Average server FPS: 19591.30 (measured interval: 10 s)
12:18:39 Average server FPS: 19572.10 (measured interval: 10 s)
12:18:49 Average server FPS: 19596.40 (measured interval: 10 s)
12:18:59 Average server FPS: 19490.00 (measured interval: 10 s)
12:19:09 Average server FPS: 19861.90 (measured interval: 10 s)
12:19:19 Average server FPS: 20124.50 (measured interval: 10 s)
12:19:29 Average server FPS: 20066.10 (measured interval: 10 s)
12:19:39 Average server FPS: 20082.90 (measured interval: 10 s)
12:19:49 Average server FPS: 20041.00 (measured interval: 10 s)
12:19:59 Average server FPS: 19990.10 (measured interval: 10 s)
12:20:09 Average server FPS: 19992.00 (measured interval: 10 s)
12:20:19 Average server FPS: 20014.60 (measured interval: 10 s)
12:20:29 Average server FPS: 20119.70 (measured interval: 10 s)
12:20:39 Average server FPS: 20121.70 (measured interval: 10 s)
12:20:49 Average server FPS: 20204.70 (measured interval: 10 s)
12:20:59 Average server FPS: 20124.20 (measured interval: 10 s)
12:21:09 Average server FPS: 20206.80 (measured interval: 10 s)
12:21:19 Average server FPS: 20210.80 (measured interval: 10 s)
12:21:29 Average server FPS: 20183.00 (measured interval: 10 s)
12:21:39 Average server FPS: 20168.40 (measured interval: 10 s)
12:21:49 Average server FPS: 20279.00 (measured interval: 10 s)
12:21:59 Average server FPS: 20130.30 (measured interval: 10 s)
12:22:09 Average server FPS: 20014.90 (measured interval: 10 s)
12:22:19 Average server FPS: 20199.20 (measured interval: 10 s)
12:22:29 Average server FPS: 20195.10 (measured interval: 10 s)
12:22:39 Average server FPS: 20163.30 (measured interval: 10 s)
12:22:49 Average server FPS: 20008.90 (measured interval: 10 s)
12:22:59 Average server FPS: 20060.40 (measured interval: 10 s)
12:23:09 Average server FPS: 20091.70 (measured interval: 10 s)
12:23:19 Average server FPS: 20227.00 (measured interval: 10 s)
12:23:29 Average server FPS: 20235.80 (measured interval: 10 s)
12:23:39 Average server FPS: 20207.50 (measured interval: 10 s)
12:23:49 Average server FPS: 20279.50 (measured interval: 10 s)
12:23:59 Average server FPS: 20197.10 (measured interval: 10 s)
12:24:09 Average server FPS: 20165.20 (measured interval: 10 s)
12:24:19 Average server FPS: 20243.70 (measured interval: 10 s)
12:24:29 Average server FPS: 20067.40 (measured interval: 10 s)
12:24:39 Average server FPS: 20236.10 (measured interval: 10 s)
12:24:49 Average server FPS: 20109.80 (measured interval: 10 s)
12:24:59 Average server FPS: 19560.60 (measured interval: 10 s)
12:25:09 Average server FPS: 19710.70 (measured interval: 10 s)
12:25:19 Average server FPS: 19849.80 (measured interval: 10 s)
12:25:29 Average server FPS: 20130.30 (measured interval: 10 s)
12:25:39 Average server FPS: 20157.80 (measured interval: 10 s)
12:25:49 Average server FPS: 20205.00 (measured interval: 10 s)
12:25:59 Average server FPS: 20092.80 (measured interval: 10 s)
12:26:09 Average server FPS: 20184.90 (measured interval: 10 s)
12:26:19 Average server FPS: 20168.30 (measured interval: 10 s)
12:26:29 Average server FPS: 20137.60 (measured interval: 10 s)
12:26:39 Average server FPS: 20203.20 (measured interval: 10 s)
12:26:49 Average server FPS: 20141.80 (measured interval: 10 s)
12:26:59 Average server FPS: 20210.50 (measured interval: 10 s)
12:27:09 Average server FPS: 20178.40 (measured interval: 10 s)
12:27:19 Average server FPS: 20213.10 (measured interval: 10 s)
12:27:29 Average server FPS: 20161.10 (measured interval: 10 s)
12:27:39 Average server FPS: 20219.40 (measured interval: 10 s)
12:27:49 Average server FPS: 20186.20 (measured interval: 10 s)
12:27:59 Average server FPS: 20196.20 (measured interval: 10 s)
12:28:09 Average server FPS: 20211.10 (measured interval: 10 s)
12:28:19 Average server FPS: 20245.70 (measured interval: 10 s)
12:28:29 Average server FPS: 20242.80 (measured interval: 10 s)
12:28:39 Average server FPS: 20281.40 (measured interval: 10 s)
12:28:49 Average server FPS: 20165.50 (measured interval: 10 s)
12:28:59 Average server FPS: 19949.00 (measured interval: 10 s)
12:29:09 Average server FPS: 19924.20 (measured interval: 10 s)
12:29:19 Average server FPS: 19964.80 (measured interval: 10 s)
12:29:29 Average server FPS: 19982.90 (measured interval: 10 s)
12:29:39 Average server FPS: 19976.30 (measured interval: 10 s)
12:29:49 Average server FPS: 20013.00 (measured interval: 10 s)
12:29:59 Average server FPS: 19930.80 (measured interval: 10 s)
12:30:09 Average server FPS: 19959.70 (measured interval: 10 s)
12:30:19 Average server FPS: 19968.70 (measured interval: 10 s)
12:30:29 Average server FPS: 19953.70 (measured interval: 10 s)
12:30:39 Average server FPS: 20186.80 (measured interval: 10 s)
12:30:49 Average server FPS: 20237.70 (measured interval: 10 s)
12:30:59 Average server FPS: 20252.90 (measured interval: 10 s)
12:31:09 Average server FPS: 20198.90 (measured interval: 10 s)
12:31:19 Average server FPS: 20269.70 (measured interval: 10 s)
12:31:29 Average server FPS: 20391.90 (measured interval: 10 s)
12:31:39 Average server FPS: 20389.20 (measured interval: 10 s)
12:31:49 Average server FPS: 20401.10 (measured interval: 10 s)
12:31:59 Average server FPS: 20359.30 (measured interval: 10 s)
12:32:09 Average server FPS: 20373.60 (measured interval: 10 s)
12:32:19 Average server FPS: 20373.50 (measured interval: 10 s)
12:32:29 Average server FPS: 20305.40 (measured interval: 10 s)
12:32:39 Average server FPS: 20383.80 (measured interval: 10 s)
12:32:49 Average server FPS: 20338.40 (measured interval: 10 s)
12:32:59 Average server FPS: 20400.10 (measured interval: 10 s)
12:33:09 Average server FPS: 20384.10 (measured interval: 10 s)
12:33:19 Average server FPS: 20335.60 (measured interval: 10 s)
12:33:29 Average server FPS: 20168.80 (measured interval: 10 s)
12:33:39 Average server FPS: 20172.30 (measured interval: 10 s)
12:33:49 Average server FPS: 20238.50 (measured interval: 10 s)
12:33:56 BattlEye Server: RCon admin #1: (Global) Under Construction Unitl 2.11.24!
12:33:59 Average server FPS: 20250.00 (measured interval: 10 s)
12:34:09 Average server FPS: 20208.00 (measured interval: 10 s)
12:34:19 Average server FPS: 20238.10 (measured interval: 10 s)
12:34:29 Average server FPS: 20304.30 (measured interval: 10 s)
12:34:39 Average server FPS: 20278.40 (measured interval: 10 s)
12:34:49 Average server FPS: 19794.90 (measured interval: 10 s)
12:34:59 Average server FPS: 18783.50 (measured interval: 10 s)
12:35:09 Average server FPS: 19003.00 (measured interval: 10 s)
12:35:19 Average server FPS: 19133.80 (measured interval: 10 s)
12:35:29 Average server FPS: 19285.20 (measured interval: 10 s)
12:35:39 Average server FPS: 19453.90 (measured interval: 10 s)
12:35:49 Average server FPS: 19445.20 (measured interval: 10 s)
12:35:59 Average server FPS: 19410.70 (measured interval: 10 s)
12:36:09 Average server FPS: 19391.50 (measured interval: 10 s)
12:36:19 Average server FPS: 19477.70 (measured interval: 10 s)
12:36:29 Average server FPS: 19410.40 (measured interval: 10 s)
12:36:39 Average server FPS: 19459.20 (measured interval: 10 s)
12:36:49 Average server FPS: 19490.70 (measured interval: 10 s)
12:36:59 Average server FPS: 19485.30 (measured interval: 10 s)
12:37:09 Average server FPS: 19487.50 (measured interval: 10 s)
12:37:19 Average server FPS: 19638.10 (measured interval: 10 s)
12:37:29 Average server FPS: 19657.70 (measured interval: 10 s)
12:37:39 Average server FPS: 19634.80 (measured interval: 10 s)
12:37:49 Average server FPS: 19617.30 (measured interval: 10 s)
12:37:59 Average server FPS: 19595.80 (measured interval: 10 s)
12:38:09 Average server FPS: 19586.60 (measured interval: 10 s)
12:38:19 Average server FPS: 19647.70 (measured interval: 10 s)
12:38:29 Average server FPS: 19608.20 (measured interval: 10 s)
12:38:39 Average server FPS: 19654.60 (measured interval: 10 s)
12:38:49 Average server FPS: 19620.60 (measured interval: 10 s)
12:38:59 Average server FPS: 19575.80 (measured interval: 10 s)
12:39:09 Average server FPS: 19559.50 (measured interval: 10 s)
12:39:19 Average server FPS: 19594.10 (measured interval: 10 s)
12:39:29 Average server FPS: 19545.80 (measured interval: 10 s)
12:39:39 Average server FPS: 19628.70 (measured interval: 10 s)
12:39:49 Average server FPS: 19657.10 (measured interval: 10 s)
12:39:59 Average server FPS: 19629.10 (measured interval: 10 s)
12:40:09 Average server FPS: 19611.50 (measured interval: 10 s)
12:40:19 Average server FPS: 19639.50 (measured interval: 10 s)
12:40:29 Average server FPS: 19639.30 (measured interval: 10 s)
12:40:39 Average server FPS: 19654.20 (measured interval: 10 s)
12:40:49 Average server FPS: 19652.20 (measured interval: 10 s)
12:40:59 Average server FPS: 19577.20 (measured interval: 10 s)
12:41:09 Average server FPS: 19595.50 (measured interval: 10 s)
12:41:19 Average server FPS: 19631.80 (measured interval: 10 s)
12:41:29 Average server FPS: 19625.30 (measured interval: 10 s)
12:41:39 Average server FPS: 19612.90 (measured interval: 10 s)
12:41:49 Average server FPS: 19603.80 (measured interval: 10 s)
12:41:59 Average server FPS: 19588.30 (measured interval: 10 s)
12:42:09 Average server FPS: 19525.50 (measured interval: 10 s)
12:42:19 Average server FPS: 19537.60 (measured interval: 10 s)
12:42:29 Average server FPS: 19525.10 (measured interval: 10 s)
12:42:39 Average server FPS: 19571.70 (measured interval: 10 s)
12:42:49 Average server FPS: 19594.20 (measured interval: 10 s)
12:42:59 Average server FPS: 19594.70 (measured interval: 10 s)
12:43:09 Average server FPS: 19543.70 (measured interval: 10 s)
12:43:19 Average server FPS: 19637.30 (measured interval: 10 s)
12:43:29 Average server FPS: 19659.20 (measured interval: 10 s)
12:43:39 Average server FPS: 19652.80 (measured interval: 10 s)
12:43:49 Average server FPS: 19616.60 (measured interval: 10 s)
12:43:59 Average server FPS: 19543.60 (measured interval: 10 s)
12:44:09 Average server FPS: 19615.20 (measured interval: 10 s)
12:44:19 Average server FPS: 19657.60 (measured interval: 10 s)
12:44:29 Average server FPS: 19606.30 (measured interval: 10 s)
12:44:39 Average server FPS: 19612.90 (measured interval: 10 s)
12:44:49 Average server FPS: 19690.50 (measured interval: 10 s)
12:44:59 Average server FPS: 19085.20 (measured interval: 10 s)
12:45:09 Average server FPS: 19052.30 (measured interval: 10 s)
12:45:19 Average server FPS: 19309.10 (measured interval: 10 s)
12:45:29 Average server FPS: 19432.90 (measured interval: 10 s)
12:45:39 Average server FPS: 19593.30 (measured interval: 10 s)
12:45:49 Average server FPS: 19591.90 (measured interval: 10 s)
12:45:59 Average server FPS: 19554.30 (measured interval: 10 s)
12:46:09 Average server FPS: 19567.10 (measured interval: 10 s)
12:46:19 Average server FPS: 19494.60 (measured interval: 10 s)
12:46:29 Average server FPS: 19426.40 (measured interval: 10 s)
12:46:39 Average server FPS: 19454.50 (measured interval: 10 s)
12:46:49 Average server FPS: 19455.20 (measured interval: 10 s)
12:46:59 Average server FPS: 19418.30 (measured interval: 10 s)
12:47:09 Average server FPS: 19432.90 (measured interval: 10 s)
12:47:19 Average server FPS: 19404.00 (measured interval: 10 s)
12:47:29 Average server FPS: 19431.20 (measured interval: 10 s)
12:47:39 Average server FPS: 19424.30 (measured interval: 10 s)
12:47:49 Average server FPS: 19449.50 (measured interval: 10 s)
12:47:59 Average server FPS: 19430.00 (measured interval: 10 s)
12:48:09 Average server FPS: 19441.10 (measured interval: 10 s)
12:48:19 Average server FPS: 19441.30 (measured interval: 10 s)
12:48:29 Average server FPS: 19341.30 (measured interval: 10 s)
12:48:39 Average server FPS: 19390.80 (measured interval: 10 s)
12:48:49 Average server FPS: 19423.70 (measured interval: 10 s)
12:48:59 Average server FPS: 19458.20 (measured interval: 10 s)
12:49:09 Average server FPS: 19418.10 (measured interval: 10 s)
12:49:19 Average server FPS: 19450.70 (measured interval: 10 s)
12:49:29 Average server FPS: 19430.50 (measured interval: 10 s)
12:49:39 Average server FPS: 19431.30 (measured interval: 10 s)
12:49:49 Average server FPS: 19458.10 (measured interval: 10 s)
12:49:59 Average server FPS: 19412.30 (measured interval: 10 s)
12:50:09 Average server FPS: 19568.60 (measured interval: 10 s)
12:50:19 Average server FPS: 19549.90 (measured interval: 10 s)
12:50:29 Average server FPS: 19586.90 (measured interval: 10 s)
12:50:39 Average server FPS: 19569.30 (measured interval: 10 s)
12:50:49 Average server FPS: 19577.70 (measured interval: 10 s)
12:50:59 Average server FPS: 19555.30 (measured interval: 10 s)
12:51:09 Average server FPS: 19541.80 (measured interval: 10 s)
12:51:19 Average server FPS: 19622.70 (measured interval: 10 s)
12:51:29 Average server FPS: 19523.10 (measured interval: 10 s)
12:51:39 Average server FPS: 19525.10 (measured interval: 10 s)
12:51:49 Average server FPS: 19595.40 (measured interval: 10 s)
12:51:59 Average server FPS: 19560.30 (measured interval: 10 s)
12:52:09 Average server FPS: 19543.10 (measured interval: 10 s)
12:52:19 Average server FPS: 19560.50 (measured interval: 10 s)
12:52:29 Average server FPS: 19647.50 (measured interval: 10 s)
12:52:39 Average server FPS: 19625.80 (measured interval: 10 s)
12:52:49 Average server FPS: 19614.80 (measured interval: 10 s)
12:52:59 Average server FPS: 19552.70 (measured interval: 10 s)
12:53:09 Average server FPS: 19621.20 (measured interval: 10 s)
12:53:19 Average server FPS: 19602.70 (measured interval: 10 s)
12:53:29 Average server FPS: 19605.10 (measured interval: 10 s)
12:53:39 Average server FPS: 19646.60 (measured interval: 10 s)
12:53:49 Average server FPS: 19637.10 (measured interval: 10 s)
12:53:59 Average server FPS: 19661.50 (measured interval: 10 s)
12:54:09 Average server FPS: 19582.80 (measured interval: 10 s)
12:54:19 Average server FPS: 19617.60 (measured interval: 10 s)
12:54:29 Average server FPS: 19483.60 (measured interval: 10 s)
12:54:39 Average server FPS: 19568.70 (measured interval: 10 s)
12:54:49 Average server FPS: 19569.30 (measured interval: 10 s)
12:54:59 Average server FPS: 19037.90 (measured interval: 10 s)
12:55:09 Average server FPS: 18931.00 (measured interval: 10 s)
12:55:19 Average server FPS: 19217.10 (measured interval: 10 s)
12:55:29 Average server FPS: 19438.40 (measured interval: 10 s)
12:55:39 Average server FPS: 19555.10 (measured interval: 10 s)
12:55:49 Average server FPS: 19612.30 (measured interval: 10 s)
12:55:59 Average server FPS: 19526.40 (measured interval: 10 s)
12:56:09 Average server FPS: 19568.20 (measured interval: 10 s)
12:56:19 Average server FPS: 19611.80 (measured interval: 10 s)
12:56:29 Average server FPS: 19613.00 (measured interval: 10 s)
12:56:39 Average server FPS: 19607.10 (measured interval: 10 s)
12:56:49 Average server FPS: 19627.50 (measured interval: 10 s)
12:56:59 Average server FPS: 19588.30 (measured interval: 10 s)
12:57:09 Average server FPS: 19594.30 (measured interval: 10 s)
12:57:19 Average server FPS: 19617.20 (measured interval: 10 s)
12:57:29 Average server FPS: 19595.70 (measured interval: 10 s)
12:57:39 Average server FPS: 19644.80 (measured interval: 10 s)
12:57:49 Average server FPS: 19629.70 (measured interval: 10 s)
12:57:59 Average server FPS: 19601.00 (measured interval: 10 s)
12:58:09 Average server FPS: 19557.90 (measured interval: 10 s)
12:58:19 Average server FPS: 19615.80 (measured interval: 10 s)
12:58:29 Average server FPS: 19656.50 (measured interval: 10 s)
12:58:39 Average server FPS: 19635.80 (measured interval: 10 s)
12:58:49 Average server FPS: 19633.30 (measured interval: 10 s)
12:58:59 Average server FPS: 19526.20 (measured interval: 10 s)
12:59:09 Average server FPS: 19599.30 (measured interval: 10 s)
12:59:19 Average server FPS: 19635.10 (measured interval: 10 s)
12:59:29 Average server FPS: 19582.00 (measured interval: 10 s)
12:59:39 Average server FPS: 19613.90 (measured interval: 10 s)
12:59:49 Average server FPS: 19617.30 (measured interval: 10 s)
12:59:59 Average server FPS: 19619.40 (measured interval: 10 s)
13:00:09 Average server FPS: 19561.60 (measured interval: 10 s)
13:00:19 Average server FPS: 19625.00 (measured interval: 10 s)
13:00:29 Average server FPS: 19425.40 (measured interval: 10 s)
13:00:39 Average server FPS: 19584.80 (measured interval: 10 s)
13:00:49 Average server FPS: 19595.80 (measured interval: 10 s)
13:00:59 Average server FPS: 19568.80 (measured interval: 10 s)
13:01:09 Average server FPS: 19552.70 (measured interval: 10 s)
13:01:19 Average server FPS: 19576.50 (measured interval: 10 s)
13:01:29 Average server FPS: 19425.30 (measured interval: 10 s)
13:01:39 Average server FPS: 19566.90 (measured interval: 10 s)
13:01:49 Average server FPS: 19575.20 (measured interval: 10 s)
13:01:59 Average server FPS: 19523.60 (measured interval: 10 s)
13:02:09 Average server FPS: 19628.40 (measured interval: 10 s)
13:02:19 Average server FPS: 19589.20 (measured interval: 10 s)
13:02:29 Average server FPS: 19614.30 (measured interval: 10 s)
13:02:39 Average server FPS: 19582.00 (measured interval: 10 s)
13:02:49 Average server FPS: 19585.30 (measured interval: 10 s)
13:02:59 Average server FPS: 19571.00 (measured interval: 10 s)
13:03:09 Average server FPS: 19573.90 (measured interval: 10 s)
13:03:19 Average server FPS: 19598.30 (measured interval: 10 s)
13:03:29 Average server FPS: 19546.20 (measured interval: 10 s)
13:03:39 Average server FPS: 19627.70 (measured interval: 10 s)
13:03:49 Average server FPS: 19626.60 (measured interval: 10 s)
13:03:56 BattlEye Server: RCon admin #1: (Global) Under Construction Unitl 2.11.24!
13:03:59 Average server FPS: 19620.80 (measured interval: 10 s)
13:04:09 Average server FPS: 19602.20 (measured interval: 10 s)
13:04:19 Average server FPS: 19626.30 (measured interval: 10 s)
13:04:29 Average server FPS: 19645.40 (measured interval: 10 s)
13:04:39 Average server FPS: 19620.20 (measured interval: 10 s)
13:04:49 Average server FPS: 19635.60 (measured interval: 10 s)
13:04:59 Average server FPS: 19250.50 (measured interval: 10 s)
13:05:09 Average server FPS: 19047.30 (measured interval: 10 s)
13:05:19 Average server FPS: 19388.50 (measured interval: 10 s)
13:05:29 Average server FPS: 19314.20 (measured interval: 10 s)
13:05:39 Average server FPS: 19636.60 (measured interval: 10 s)
13:05:49 Average server FPS: 19663.10 (measured interval: 10 s)
13:05:59 Average server FPS: 19597.50 (measured interval: 10 s)
13:06:09 Average server FPS: 19578.90 (measured interval: 10 s)
13:06:19 Average server FPS: 19670.10 (measured interval: 10 s)
13:06:29 Average server FPS: 19563.30 (measured interval: 10 s)
13:06:39 Average server FPS: 19620.50 (measured interval: 10 s)
13:06:49 Average server FPS: 19686.30 (measured interval: 10 s)
13:06:59 Average server FPS: 19733.50 (measured interval: 10 s)
13:07:09 Average server FPS: 19731.00 (measured interval: 10 s)
13:07:19 Average server FPS: 19189.70 (measured interval: 10 s)
13:07:29 Average server FPS: 19616.60 (measured interval: 10 s)
13:07:39 Average server FPS: 19633.20 (measured interval: 10 s)
13:07:49 Average server FPS: 19637.70 (measured interval: 10 s)
13:07:59 Average server FPS: 19696.00 (measured interval: 10 s)
13:08:09 Average server FPS: 19546.30 (measured interval: 10 s)
13:08:19 Average server FPS: 19596.50 (measured interval: 10 s)
13:08:29 Average server FPS: 19592.70 (measured interval: 10 s)
13:08:39 Average server FPS: 19694.60 (measured interval: 10 s)
13:08:49 Average server FPS: 19568.60 (measured interval: 10 s)
13:08:59 Average server FPS: 19578.10 (measured interval: 10 s)
13:09:09 Average server FPS: 19613.30 (measured interval: 10 s)
13:09:19 Average server FPS: 19537.10 (measured interval: 10 s)
13:09:29 Average server FPS: 19517.40 (measured interval: 10 s)
13:09:39 Average server FPS: 19521.70 (measured interval: 10 s)
13:09:49 Average server FPS: 19559.70 (measured interval: 10 s)
13:09:59 Average server FPS: 19559.10 (measured interval: 10 s)
13:10:09 Average server FPS: 19529.90 (measured interval: 10 s)
13:10:19 Average server FPS: 19533.80 (measured interval: 10 s)
13:10:29 Average server FPS: 19566.40 (measured interval: 10 s)
13:10:39 Average server FPS: 16895.80 (measured interval: 10 s)
13:10:49 Average server FPS: 17102.30 (measured interval: 10 s)
13:10:59 Average server FPS: 17046.40 (measured interval: 10 s)
13:11:09 Average server FPS: 17072.50 (measured interval: 10 s)
13:11:19 Average server FPS: 17134.10 (measured interval: 10 s)
13:11:29 Average server FPS: 17158.70 (measured interval: 10 s)
13:11:39 Average server FPS: 17166.40 (measured interval: 10 s)
13:11:49 Average server FPS: 17125.30 (measured interval: 10 s)
13:11:59 Average server FPS: 17160.60 (measured interval: 10 s)
13:12:09 Average server FPS: 17118.40 (measured interval: 10 s)
13:12:19 Average server FPS: 17130.80 (measured interval: 10 s)
13:12:29 Average server FPS: 17011.90 (measured interval: 10 s)
13:12:39 Average server FPS: 17083.70 (measured interval: 10 s)
13:12:49 Average server FPS: 17135.60 (measured interval: 10 s)
13:12:59 Average server FPS: 17153.60 (measured interval: 10 s)
13:13:09 Average server FPS: 17014.30 (measured interval: 10 s)
13:13:19 Average server FPS: 17073.90 (measured interval: 10 s)
13:13:29 Average server FPS: 16950.30 (measured interval: 10 s)
13:13:39 Average server FPS: 17022.40 (measured interval: 10 s)
13:13:49 Average server FPS: 16996.20 (measured interval: 10 s)
13:13:59 Average server FPS: 16925.70 (measured interval: 10 s)
13:14:09 Average server FPS: 16934.90 (measured interval: 10 s)
13:14:19 Average server FPS: 16984.40 (measured interval: 10 s)
13:14:29 Average server FPS: 17011.80 (measured interval: 10 s)
13:14:39 Average server FPS: 16993.70 (measured interval: 10 s)
13:14:49 Average server FPS: 17012.40 (measured interval: 10 s)
13:14:59 Average server FPS: 16770.70 (measured interval: 10 s)
13:15:09 Average server FPS: 16393.00 (measured interval: 10 s)
13:15:19 Average server FPS: 16729.50 (measured interval: 10 s)
13:15:29 Average server FPS: 16631.50 (measured interval: 10 s)
13:15:39 Average server FPS: 17007.10 (measured interval: 10 s)
13:15:49 Average server FPS: 17015.10 (measured interval: 10 s)
13:15:59 Average server FPS: 17016.70 (measured interval: 10 s)
13:16:09 Average server FPS: 17000.40 (measured interval: 10 s)
13:16:19 Average server FPS: 17028.30 (measured interval: 10 s)
13:16:29 Average server FPS: 16879.10 (measured interval: 10 s)
13:16:39 Average server FPS: 16964.00 (measured interval: 10 s)
13:16:49 Average server FPS: 17008.00 (measured interval: 10 s)
13:16:59 Average server FPS: 16945.20 (measured interval: 10 s)
13:17:09 Average server FPS: 16951.20 (measured interval: 10 s)
13:17:19 Average server FPS: 16980.70 (measured interval: 10 s)
13:17:29 Average server FPS: 16983.10 (measured interval: 10 s)
13:17:39 Average server FPS: 16988.50 (measured interval: 10 s)
13:17:49 Average server FPS: 16986.60 (measured interval: 10 s)
13:17:59 Average server FPS: 16959.20 (measured interval: 10 s)
13:18:09 Average server FPS: 16740.70 (measured interval: 10 s)
13:18:19 Average server FPS: 16676.30 (measured interval: 10 s)
13:18:29 Average server FPS: 16596.00 (measured interval: 10 s)
13:18:39 Average server FPS: 16615.00 (measured interval: 10 s)
13:18:49 Average server FPS: 16667.80 (measured interval: 10 s)
13:18:59 Average server FPS: 16788.10 (measured interval: 10 s)
13:19:09 Average server FPS: 16782.70 (measured interval: 10 s)
13:19:19 Average server FPS: 16810.20 (measured interval: 10 s)
13:19:29 Average server FPS: 16758.90 (measured interval: 10 s)
13:19:39 Average server FPS: 16821.60 (measured interval: 10 s)
13:19:49 Average server FPS: 16789.40 (measured interval: 10 s)
13:19:59 Average server FPS: 16712.20 (measured interval: 10 s)
13:20:09 Average server FPS: 16687.40 (measured interval: 10 s)
13:20:19 Average server FPS: 16607.50 (measured interval: 10 s)
13:20:29 Average server FPS: 16626.40 (measured interval: 10 s)
13:20:39 Average server FPS: 16758.20 (measured interval: 10 s)
13:20:49 Average server FPS: 16781.70 (measured interval: 10 s)
13:20:59 Average server FPS: 16769.70 (measured interval: 10 s)
13:21:09 Average server FPS: 16727.40 (measured interval: 10 s)
13:21:19 Average server FPS: 16740.70 (measured interval: 10 s)
13:21:29 Average server FPS: 16720.00 (measured interval: 10 s)
13:21:39 Average server FPS: 16751.20 (measured interval: 10 s)
13:21:49 Average server FPS: 16765.40 (measured interval: 10 s)
13:21:59 Average server FPS: 16776.90 (measured interval: 10 s)
13:22:09 Average server FPS: 16738.50 (measured interval: 10 s)
13:22:19 Average server FPS: 16734.20 (measured interval: 10 s)
13:22:29 Average server FPS: 16741.80 (measured interval: 10 s)
13:22:39 Average server FPS: 16803.10 (measured interval: 10 s)
13:22:49 Average server FPS: 16812.90 (measured interval: 10 s)
13:22:59 Average server FPS: 16664.30 (measured interval: 10 s)
13:23:09 Average server FPS: 16768.60 (measured interval: 10 s)
13:23:19 Average server FPS: 16720.60 (measured interval: 10 s)
13:23:29 Average server FPS: 17112.50 (measured interval: 10 s)
13:23:39 Average server FPS: 17227.30 (measured interval: 10 s)
13:23:49 Average server FPS: 17237.20 (measured interval: 10 s)
13:23:59 Average server FPS: 17229.00 (measured interval: 10 s)
13:24:09 Average server FPS: 17164.00 (measured interval: 10 s)
13:24:19 Average server FPS: 17179.80 (measured interval: 10 s)
13:24:29 Average server FPS: 17161.90 (measured interval: 10 s)
13:24:39 Average server FPS: 17230.20 (measured interval: 10 s)
13:24:49 Average server FPS: 17321.50 (measured interval: 10 s)
13:24:59 Average server FPS: 17128.90 (measured interval: 10 s)
13:25:09 Average server FPS: 16651.30 (measured interval: 10 s)
13:25:19 Average server FPS: 16933.60 (measured interval: 10 s)
13:25:29 Average server FPS: 16862.60 (measured interval: 10 s)
13:25:39 Average server FPS: 17230.60 (measured interval: 10 s)
13:25:49 Average server FPS: 17252.20 (measured interval: 10 s)
13:25:59 Average server FPS: 17181.40 (measured interval: 10 s)
13:26:09 Average server FPS: 17242.50 (measured interval: 10 s)
13:26:19 Average server FPS: 17277.60 (measured interval: 10 s)
13:26:29 Average server FPS: 17137.00 (measured interval: 10 s)
13:26:39 Average server FPS: 17211.50 (measured interval: 10 s)
13:26:49 Average server FPS: 17105.20 (measured interval: 10 s)
13:26:59 Average server FPS: 17167.40 (measured interval: 10 s)
13:27:09 Average server FPS: 17154.50 (measured interval: 10 s)
13:27:19 Average server FPS: 17263.10 (measured interval: 10 s)
13:27:29 Average server FPS: 17248.70 (measured interval: 10 s)
13:27:39 Average server FPS: 17264.40 (measured interval: 10 s)
13:27:49 Average server FPS: 17355.90 (measured interval: 10 s)
13:27:59 Average server FPS: 17331.00 (measured interval: 10 s)
13:28:09 Average server FPS: 17334.20 (measured interval: 10 s)
13:28:19 Average server FPS: 17351.30 (measured interval: 10 s)
13:28:29 Average server FPS: 17353.30 (measured interval: 10 s)
13:28:39 Average server FPS: 17364.90 (measured interval: 10 s)
13:28:49 Average server FPS: 17328.20 (measured interval: 10 s)
13:28:59 Average server FPS: 17287.80 (measured interval: 10 s)
13:29:09 Average server FPS: 17278.70 (measured interval: 10 s)
13:29:19 Average server FPS: 17316.60 (measured interval: 10 s)
13:29:29 Average server FPS: 17162.40 (measured interval: 10 s)
13:29:39 Average server FPS: 17180.00 (measured interval: 10 s)
13:29:49 Average server FPS: 17211.20 (measured interval: 10 s)
13:29:59 Average server FPS: 17145.40 (measured interval: 10 s)
13:30:09 Average server FPS: 17151.80 (measured interval: 10 s)
13:30:19 Average server FPS: 17167.80 (measured interval: 10 s)
13:30:29 Average server FPS: 17243.80 (measured interval: 10 s)
13:30:39 Average server FPS: 17208.70 (measured interval: 10 s)
13:30:49 Average server FPS: 17213.40 (measured interval: 10 s)
13:30:59 Average server FPS: 17244.80 (measured interval: 10 s)
13:31:09 Average server FPS: 17224.80 (measured interval: 10 s)
13:31:19 Average server FPS: 17224.30 (measured interval: 10 s)
13:31:29 Average server FPS: 17158.90 (measured interval: 10 s)
13:31:39 Average server FPS: 17278.10 (measured interval: 10 s)
13:31:49 Average server FPS: 17318.80 (measured interval: 10 s)
13:31:59 Average server FPS: 17234.20 (measured interval: 10 s)
13:32:09 Average server FPS: 17215.30 (measured interval: 10 s)
13:32:19 Average server FPS: 17177.50 (measured interval: 10 s)
13:32:29 Average server FPS: 17190.30 (measured interval: 10 s)
13:32:39 Average server FPS: 17259.50 (measured interval: 10 s)
13:32:49 Average server FPS: 17330.70 (measured interval: 10 s)
13:32:59 Average server FPS: 17360.20 (measured interval: 10 s)
13:33:09 Average server FPS: 17304.20 (measured interval: 10 s)
13:33:19 Average server FPS: 17367.60 (measured interval: 10 s)
13:33:29 Average server FPS: 17299.10 (measured interval: 10 s)
13:33:39 Average server FPS: 17310.90 (measured interval: 10 s)
13:33:49 Average server FPS: 17433.50 (measured interval: 10 s)
13:33:56 BattlEye Server: RCon admin #1: (Global) Under Construction Unitl 2.11.24!
13:33:59 Average server FPS: 17486.20 (measured interval: 10 s)
13:34:09 Average server FPS: 17383.90 (measured interval: 10 s)
13:34:19 Average server FPS: 17424.70 (measured interval: 10 s)
13:34:29 Average server FPS: 17382.70 (measured interval: 10 s)
13:34:39 Average server FPS: 17412.50 (measured interval: 10 s)
13:34:49 Average server FPS: 17458.70 (measured interval: 10 s)
13:34:59 Average server FPS: 17248.00 (measured interval: 10 s)
13:35:09 Average server FPS: 16804.20 (measured interval: 10 s)
13:35:19 Average server FPS: 17158.10 (measured interval: 10 s)
13:35:29 Average server FPS: 17153.80 (measured interval: 10 s)
13:35:39 Average server FPS: 17433.70 (measured interval: 10 s)
13:35:49 Average server FPS: 17490.10 (measured interval: 10 s)
13:35:59 Average server FPS: 17441.20 (measured interval: 10 s)
13:36:09 Average server FPS: 17367.90 (measured interval: 10 s)
13:36:19 Average server FPS: 17395.10 (measured interval: 10 s)
13:36:29 Average server FPS: 17347.00 (measured interval: 10 s)
13:36:39 Average server FPS: 17404.40 (measured interval: 10 s)
13:36:49 Average server FPS: 17396.20 (measured interval: 10 s)
13:36:59 Average server FPS: 17351.70 (measured interval: 10 s)
13:37:09 Average server FPS: 17394.70 (measured interval: 10 s)
13:37:19 Average server FPS: 17424.30 (measured interval: 10 s)
13:37:29 Average server FPS: 17388.70 (measured interval: 10 s)
13:37:39 Average server FPS: 17396.90 (measured interval: 10 s)
13:37:49 Average server FPS: 17374.40 (measured interval: 10 s)
13:37:59 Average server FPS: 17408.20 (measured interval: 10 s)
13:38:09 Average server FPS: 17413.20 (measured interval: 10 s)
13:38:19 Average server FPS: 17455.30 (measured interval: 10 s)
13:38:29 Average server FPS: 17497.50 (measured interval: 10 s)
13:38:39 Average server FPS: 17763.30 (measured interval: 10 s)
13:38:49 Average server FPS: 17617.20 (measured interval: 10 s)
13:38:59 Average server FPS: 17604.50 (measured interval: 10 s)
13:39:09 Average server FPS: 17588.00 (measured interval: 10 s)
13:39:19 Average server FPS: 17663.90 (measured interval: 10 s)
13:39:29 Average server FPS: 17650.50 (measured interval: 10 s)
13:39:39 Average server FPS: 17618.30 (measured interval: 10 s)
13:39:49 Average server FPS: 17595.10 (measured interval: 10 s)
13:39:59 Average server FPS: 17721.80 (measured interval: 10 s)
13:40:09 Average server FPS: 17603.50 (measured interval: 10 s)
13:40:19 Average server FPS: 17550.20 (measured interval: 10 s)
13:40:29 Average server FPS: 17541.90 (measured interval: 10 s)
13:40:39 Average server FPS: 17540.40 (measured interval: 10 s)
13:40:49 Average server FPS: 17536.80 (measured interval: 10 s)
13:40:59 Average server FPS: 17264.90 (measured interval: 10 s)
13:41:09 Average server FPS: 16989.60 (measured interval: 10 s)
13:41:19 Average server FPS: 17022.50 (measured interval: 10 s)
13:41:29 Average server FPS: 17101.70 (measured interval: 10 s)
13:41:39 Average server FPS: 17118.40 (measured interval: 10 s)
13:41:49 Average server FPS: 17070.00 (measured interval: 10 s)
13:41:59 Average server FPS: 17068.60 (measured interval: 10 s)
13:42:09 Average server FPS: 17014.80 (measured interval: 10 s)
13:42:19 Average server FPS: 17085.90 (measured interval: 10 s)
13:42:29 Average server FPS: 17059.60 (measured interval: 10 s)
13:42:39 Average server FPS: 17072.10 (measured interval: 10 s)
13:42:49 Average server FPS: 17034.60 (measured interval: 10 s)
13:42:59 Average server FPS: 16899.00 (measured interval: 10 s)
13:43:09 Average server FPS: 16883.50 (measured interval: 10 s)
13:43:19 Average server FPS: 16788.40 (measured interval: 10 s)
13:43:29 Average server FPS: 16832.40 (measured interval: 10 s)
13:43:39 Average server FPS: 16898.40 (measured interval: 10 s)
13:43:49 Average server FPS: 16886.20 (measured interval: 10 s)
13:43:59 Average server FPS: 16853.60 (measured interval: 10 s)
13:44:09 Average server FPS: 16849.10 (measured interval: 10 s)
13:44:19 Average server FPS: 16761.40 (measured interval: 10 s)
13:44:29 Average server FPS: 16740.70 (measured interval: 10 s)
13:44:39 Average server FPS: 16787.50 (measured interval: 10 s)
13:44:49 Average server FPS: 16817.00 (measured interval: 10 s)
13:44:59 Average server FPS: 16732.80 (measured interval: 10 s)
13:45:09 Average server FPS: 16293.20 (measured interval: 10 s)
13:45:19 Average server FPS: 16315.50 (measured interval: 10 s)
13:45:29 Average server FPS: 16324.50 (measured interval: 10 s)
13:45:39 Average server FPS: 16627.50 (measured interval: 10 s)
13:45:49 Average server FPS: 16664.80 (measured interval: 10 s)
13:45:59 Average server FPS: 16653.30 (measured interval: 10 s)
13:46:09 Average server FPS: 16650.90 (measured interval: 10 s)
13:46:19 Average server FPS: 16705.70 (measured interval: 10 s)
13:46:29 Average server FPS: 16626.10 (measured interval: 10 s)
13:46:39 Average server FPS: 16689.40 (measured interval: 10 s)
13:46:49 Average server FPS: 16751.10 (measured interval: 10 s)
13:46:59 Average server FPS: 16614.00 (measured interval: 10 s)
13:47:09 Average server FPS: 16702.20 (measured interval: 10 s)
13:47:19 Average server FPS: 16723.70 (measured interval: 10 s)
13:47:29 Average server FPS: 16803.10 (measured interval: 10 s)
13:47:39 Average server FPS: 16719.60 (measured interval: 10 s)
13:47:49 Average server FPS: 16742.40 (measured interval: 10 s)
13:47:59 Average server FPS: 16789.40 (measured interval: 10 s)
13:48:09 Average server FPS: 16784.70 (measured interval: 10 s)
13:48:19 Average server FPS: 16793.60 (measured interval: 10 s)
13:48:29 Average server FPS: 16746.80 (measured interval: 10 s)
13:48:39 Average server FPS: 16850.70 (measured interval: 10 s)
13:48:49 Average server FPS: 16833.70 (measured interval: 10 s)
13:48:59 Average server FPS: 16813.80 (measured interval: 10 s)
13:49:09 Average server FPS: 16716.30 (measured interval: 10 s)
13:49:19 Average server FPS: 16726.30 (measured interval: 10 s)
13:49:29 Average server FPS: 16761.40 (measured interval: 10 s)
13:49:39 Average server FPS: 16765.60 (measured interval: 10 s)
13:49:49 Average server FPS: 16931.50 (measured interval: 10 s)
13:49:59 Average server FPS: 16877.90 (measured interval: 10 s)
13:50:09 Average server FPS: 16746.80 (measured interval: 10 s)
13:50:19 Average server FPS: 16560.30 (measured interval: 10 s)
13:50:29 Average server FPS: 16675.80 (measured interval: 10 s)
13:50:39 Average server FPS: 16675.30 (measured interval: 10 s)
13:50:49 Average server FPS: 16696.10 (measured interval: 10 s)
13:50:59 Average server FPS: 16733.10 (measured interval: 10 s)
13:51:09 Average server FPS: 16745.60 (measured interval: 10 s)
13:51:19 Average server FPS: 16714.40 (measured interval: 10 s)
13:51:29 Average server FPS: 16723.30 (measured interval: 10 s)
13:51:39 Average server FPS: 16801.80 (measured interval: 10 s)
13:51:49 Average server FPS: 16772.40 (measured interval: 10 s)
13:51:59 Average server FPS: 16843.80 (measured interval: 10 s)
13:52:09 Average server FPS: 16779.70 (measured interval: 10 s)
13:52:19 Average server FPS: 16778.30 (measured interval: 10 s)
13:52:29 Average server FPS: 16793.00 (measured interval: 10 s)
13:52:39 Average server FPS: 16774.80 (measured interval: 10 s)
13:52:49 Average server FPS: 16841.10 (measured interval: 10 s)
13:52:59 Average server FPS: 16752.20 (measured interval: 10 s)
13:53:09 Average server FPS: 16791.00 (measured interval: 10 s)
13:53:19 Average server FPS: 16785.50 (measured interval: 10 s)
13:53:29 Average server FPS: 16809.30 (measured interval: 10 s)
13:53:39 Average server FPS: 16785.40 (measured interval: 10 s)
13:53:49 Average server FPS: 16807.20 (measured interval: 10 s)
13:53:59 Average server FPS: 16798.80 (measured interval: 10 s)
13:54:09 Average server FPS: 16770.50 (measured interval: 10 s)
13:54:19 Average server FPS: 16788.90 (measured interval: 10 s)
13:54:29 Average server FPS: 16739.20 (measured interval: 10 s)
13:54:39 Average server FPS: 16827.80 (measured interval: 10 s)
13:54:49 Average server FPS: 16810.60 (measured interval: 10 s)
13:54:59 Average server FPS: 16823.40 (measured interval: 10 s)
13:55:09 Average server FPS: 16212.10 (measured interval: 10 s)
13:55:19 Average server FPS: 16295.50 (measured interval: 10 s)
13:55:29 Average server FPS: 16434.30 (measured interval: 10 s)
13:55:39 Average server FPS: 16604.40 (measured interval: 10 s)
13:55:49 Average server FPS: 16771.30 (measured interval: 10 s)
13:55:59 Average server FPS: 16762.30 (measured interval: 10 s)
13:56:09 Average server FPS: 16747.20 (measured interval: 10 s)
13:56:19 Average server FPS: 16695.00 (measured interval: 10 s)
13:56:29 Average server FPS: 16678.00 (measured interval: 10 s)
13:56:39 Average server FPS: 16754.80 (measured interval: 10 s)
13:56:49 Average server FPS: 16815.10 (measured interval: 10 s)
13:56:59 Average server FPS: 16812.70 (measured interval: 10 s)
13:57:09 Average server FPS: 16855.80 (measured interval: 10 s)
13:57:19 Average server FPS: 16190.10 (measured interval: 10 s)
13:57:29 Average server FPS: 16794.20 (measured interval: 10 s)
13:57:39 Average server FPS: 16853.90 (measured interval: 10 s)
13:57:49 Average server FPS: 16839.90 (measured interval: 10 s)
13:57:59 Average server FPS: 16786.50 (measured interval: 10 s)
13:58:09 Average server FPS: 16725.70 (measured interval: 10 s)
13:58:19 Average server FPS: 16657.50 (measured interval: 10 s)
13:58:29 Average server FPS: 16716.90 (measured interval: 10 s)
13:58:39 Average server FPS: 16714.10 (measured interval: 10 s)
13:58:49 Average server FPS: 17058.40 (measured interval: 10 s)
13:58:59 Average server FPS: 17138.50 (measured interval: 10 s)
13:59:09 Average server FPS: 17166.30 (measured interval: 10 s)
13:59:19 Average server FPS: 17180.70 (measured interval: 10 s)
13:59:29 Average server FPS: 17182.10 (measured interval: 10 s)
13:59:39 Average server FPS: 17035.50 (measured interval: 10 s)
13:59:49 Average server FPS: 17034.40 (measured interval: 10 s)
13:59:59 Average server FPS: 17047.60 (measured interval: 10 s)
14:00:09 Average server FPS: 16930.60 (measured interval: 10 s)
14:00:19 Average server FPS: 16971.10 (measured interval: 10 s)
14:00:29 Average server FPS: 17055.90 (measured interval: 10 s)
14:00:39 Average server FPS: 17180.60 (measured interval: 10 s)
14:00:49 Average server FPS: 17193.40 (measured interval: 10 s)
14:00:59 Average server FPS: 17199.70 (measured interval: 10 s)
14:01:09 Average server FPS: 17138.50 (measured interval