************************** 2024-01-09T11:00:18+00:00 **************************
2024-01-09T11:00:18+00:00 | [INFO	] GameLabs v1.920 start for server 8cfa0bf0-f136-4471-b86d-4a226a4a57ad
2024-01-09T11:00:23+00:00 | [INFO	] Server up (GameLabs v1.920)
2024-01-09T11:00:23+00:00 | [INFO	] RPC interface initiated and handler registered
2024-01-09T11:00:23+00:00 | [INFO	] Experimental speed check is enabled
2024-01-09T12:00:23+00:00 | [ERROR	] ServerPoll2 errorCode(5)
2024-01-09T12:00:23+00:00 | [ERROR	] GameLabs API error, reauthenticating...
2024-01-09T12:00:24+00:00 | [WARN	] RegisterAsync re-authorized
2024-01-09T12:46:33+00:00 | [ERROR	] ServerPoll2 errorCode(8)
2024-01-09T12:46:38+00:00 | [ERROR	] ServerPoll2 errorCode(8)
2024-01-09T12:46:43+00:00 | [ERROR	] ServerPoll2 errorCode(8)
2024-01-09T12:46:48+00:00 | [ERROR	] ServerPoll2 errorCode(8)
2024-01-09T12:46:53+00:00 | [ERROR	] ServerPoll2 errorCode(8)
2024-01-09T12:46:58+00:00 | [ERROR	] ServerPoll2 errorCode(8)
2024-01-09T12:47:03+00:00 | [ERROR	] ServerPoll2 errorCode(8)
2024-01-09T12:47:08+00:00 | [ERROR	] ServerPoll2 errorCode(8)
2024-01-09T12:47:13+00:00 | [ERROR	] ServerPoll2 errorCode(8)
2024-01-09T12:47:18+00:00 | [ERROR	] ServerPoll2 errorCode(8)
2024-01-09T12:47:23+00:00 | [ERROR	] ServerPoll2 errorCode(8)
2024-01-09T12:47:28+00:00 | [ERROR	] ServerPoll2 errorCode(8)
2024-01-09T12:47:33+00:00 | [ERROR	] ServerPoll2 errorCode(8)
2024-01-09T12:47:38+00:00 | [ERROR	] ServerPoll2 errorCode(8)
2024-01-09T12:47:43+00:00 | [ERROR	] ServerPoll2 errorCode(8)
2024-01-09T12:47:48+00:00 | [ERROR	] ServerPoll2 errorCode(8)
2024-01-09T12:47:53+00:00 | [ERROR	] ServerPoll2 errorCode(8)
2024-01-09T12:47:58+00:00 | [ERROR	] ServerPoll2 errorCode(8)
2024-01-09T12:48:03+00:00 | [ERROR	] ServerPoll2 errorCode(8)
2024-01-09T12:48:08+00:00 | [ERROR	] ServerPoll2 errorCode(8)
2024-01-09T13:00:29+00:00 | [ERROR	] ServerPoll2 errorCode(5)
2024-01-09T13:00:29+00:00 | [ERROR	] GameLabs API error, reauthenticating...
2024-01-09T13:00:29+00:00 | [WARN	] RegisterAsync re-authorized
2024-01-09T14:00:34+00:00 | [ERROR	] ServerPoll2 errorCode(5)
2024-01-09T14:00:34+00:00 | [ERROR	] GameLabs API error, reauthenticating...
2024-01-09T14:00:34+00:00 | [WARN	] RegisterAsync re-authorized
2024-01-09T15:00:39+00:00 | [ERROR	] ServerPoll2 errorCode(5)
2024-01-09T15:00:39+00:00 | [ERROR	] GameLabs API error, reauthenticating...
2024-01-09T15:00:39+00:00 | [WARN	] RegisterAsync re-authorized
